GAS LISTING C:\users\mohammadreza\Temp/ccUyHAXJ.s 			page 1


   1               		.file	"dbgext.c"
   2               	__SREG__ = 0x3f
   3               	__SP_H__ = 0x3e
   4               	__SP_L__ = 0x3d
   5               	__CCP__  = 0x34
   6               	__tmp_reg__ = 0
   7               	__zero_reg__ = 1
   8               		.section	.debug_abbrev,"",@progbits
   9               	.Ldebug_abbrev0:
  10               		.section	.debug_info,"",@progbits
  11               	.Ldebug_info0:
  12               		.section	.debug_line,"",@progbits
  13               	.Ldebug_line0:
  14               		.text
  15               	.Ltext0:
  16               	.global	f_Dbg_User_Cmd
  17               		.type	f_Dbg_User_Cmd, @function
  18               	f_Dbg_User_Cmd:
  19               	.LFB2:
  20               	.LM1:
  21               	/* prologue: function */
  22               	/* frame size = 0 */
  23               	/* epilogue start */
  24               	.LM2:
  25 0000 0895      		ret
  26               	.LFE2:
  27               		.size	f_Dbg_User_Cmd, .-f_Dbg_User_Cmd
  28               	.global	f_DebugFPGAWr
  29               		.type	f_DebugFPGAWr, @function
  30               	f_DebugFPGAWr:
  31               	.LFB3:
  32               	.LM3:
  33               	.LVL0:
  34               	/* prologue: function */
  35               	/* frame size = 0 */
  36               	/* epilogue start */
  37               	.LM4:
  38 0002 0895      		ret
  39               	.LFE3:
  40               		.size	f_DebugFPGAWr, .-f_DebugFPGAWr
  41               	.global	f_DebugFPGARd
  42               		.type	f_DebugFPGARd, @function
  43               	f_DebugFPGARd:
  44               	.LFB4:
  45               	.LM5:
  46               	.LVL1:
  47               	/* prologue: function */
  48               	/* frame size = 0 */
  49               	.LM6:
  50 0004 80E0      		ldi r24,lo8(0)
  51               	.LVL2:
  52               	/* epilogue start */
  53 0006 0895      		ret
  54               	.LFE4:
  55               		.size	f_DebugFPGARd, .-f_DebugFPGARd
  56               	.global	f_DebugLCMWrCmd
  57               		.type	f_DebugLCMWrCmd, @function
GAS LISTING C:\users\mohammadreza\Temp/ccUyHAXJ.s 			page 2


  58               	f_DebugLCMWrCmd:
  59               	.LFB5:
  60               	.LM7:
  61               	.LVL3:
  62               	/* prologue: function */
  63               	/* frame size = 0 */
  64               	/* epilogue start */
  65               	.LM8:
  66 0008 0895      		ret
  67               	.LFE5:
  68               		.size	f_DebugLCMWrCmd, .-f_DebugLCMWrCmd
  69               	.global	f_DebugLCMWrData
  70               		.type	f_DebugLCMWrData, @function
  71               	f_DebugLCMWrData:
  72               	.LFB6:
  73               	.LM9:
  74               	.LVL4:
  75               	/* prologue: function */
  76               	/* frame size = 0 */
  77               	/* epilogue start */
  78               	.LM10:
  79 000a 0895      		ret
  80               	.LFE6:
  81               		.size	f_DebugLCMWrData, .-f_DebugLCMWrData
  82               	.global	f_DebugLCMRd
  83               		.type	f_DebugLCMRd, @function
  84               	f_DebugLCMRd:
  85               	.LFB7:
  86               	.LM11:
  87               	.LVL5:
  88               	/* prologue: function */
  89               	/* frame size = 0 */
  90               	.LM12:
  91 000c 80E0      		ldi r24,lo8(0)
  92               	.LVL6:
  93               	/* epilogue start */
  94 000e 0895      		ret
  95               	.LFE7:
  96               		.size	f_DebugLCMRd, .-f_DebugLCMRd
  97               	.global	f_DebugLPCWr
  98               		.type	f_DebugLPCWr, @function
  99               	f_DebugLPCWr:
 100               	.LFB8:
 101               	.LM13:
 102               	.LVL7:
 103               	/* prologue: function */
 104               	/* frame size = 0 */
 105               	/* epilogue start */
 106               	.LM14:
 107 0010 0895      		ret
 108               	.LFE8:
 109               		.size	f_DebugLPCWr, .-f_DebugLPCWr
 110               	.global	f_DebugSSTWr
 111               		.type	f_DebugSSTWr, @function
 112               	f_DebugSSTWr:
 113               	.LFB9:
 114               	.LM15:
GAS LISTING C:\users\mohammadreza\Temp/ccUyHAXJ.s 			page 3


 115               	.LVL8:
 116               	/* prologue: function */
 117               	/* frame size = 0 */
 118               	/* epilogue start */
 119               	.LM16:
 120 0012 0895      		ret
 121               	.LFE9:
 122               		.size	f_DebugSSTWr, .-f_DebugSSTWr
 123               	.global	f_DebugLPCRd
 124               		.type	f_DebugLPCRd, @function
 125               	f_DebugLPCRd:
 126               	.LFB10:
 127               	.LM17:
 128               	.LVL9:
 129               	/* prologue: function */
 130               	/* frame size = 0 */
 131               	.LM18:
 132 0014 80E0      		ldi r24,lo8(0)
 133               	/* epilogue start */
 134 0016 0895      		ret
 135               	.LFE10:
 136               		.size	f_DebugLPCRd, .-f_DebugLPCRd
 137               		.section	.debug_frame,"",@progbits
 138               	.Lframe0:
 139 0000 0C00 0000 		.long	.LECIE0-.LSCIE0
 140               	.LSCIE0:
 141 0004 FFFF FFFF 		.long	0xffffffff
 142 0008 01        		.byte	0x1
 143 0009 00        		.string	""
 144 000a 01        		.uleb128 0x1
 145 000b 7F        		.sleb128 -1
 146 000c 24        		.byte	0x24
 147 000d 0C        		.byte	0xc
 148 000e 20        		.uleb128 0x20
 149 000f 00        		.uleb128 0x0
 150               		.p2align	2
 151               	.LECIE0:
 152               	.LSFDE0:
 153 0010 0C00 0000 		.long	.LEFDE0-.LASFDE0
 154               	.LASFDE0:
 155 0014 0000 0000 		.long	.Lframe0
 156 0018 0000 0000 		.long	.LFB2
 157 001c 0200 0000 		.long	.LFE2-.LFB2
 158               		.p2align	2
 159               	.LEFDE0:
 160               	.LSFDE2:
 161 0020 0C00 0000 		.long	.LEFDE2-.LASFDE2
 162               	.LASFDE2:
 163 0024 0000 0000 		.long	.Lframe0
 164 0028 0000 0000 		.long	.LFB3
 165 002c 0200 0000 		.long	.LFE3-.LFB3
 166               		.p2align	2
 167               	.LEFDE2:
 168               	.LSFDE4:
 169 0030 0C00 0000 		.long	.LEFDE4-.LASFDE4
 170               	.LASFDE4:
 171 0034 0000 0000 		.long	.Lframe0
GAS LISTING C:\users\mohammadreza\Temp/ccUyHAXJ.s 			page 4


 172 0038 0000 0000 		.long	.LFB4
 173 003c 0400 0000 		.long	.LFE4-.LFB4
 174               		.p2align	2
 175               	.LEFDE4:
 176               	.LSFDE6:
 177 0040 0C00 0000 		.long	.LEFDE6-.LASFDE6
 178               	.LASFDE6:
 179 0044 0000 0000 		.long	.Lframe0
 180 0048 0000 0000 		.long	.LFB5
 181 004c 0200 0000 		.long	.LFE5-.LFB5
 182               		.p2align	2
 183               	.LEFDE6:
 184               	.LSFDE8:
 185 0050 0C00 0000 		.long	.LEFDE8-.LASFDE8
 186               	.LASFDE8:
 187 0054 0000 0000 		.long	.Lframe0
 188 0058 0000 0000 		.long	.LFB6
 189 005c 0200 0000 		.long	.LFE6-.LFB6
 190               		.p2align	2
 191               	.LEFDE8:
 192               	.LSFDE10:
 193 0060 0C00 0000 		.long	.LEFDE10-.LASFDE10
 194               	.LASFDE10:
 195 0064 0000 0000 		.long	.Lframe0
 196 0068 0000 0000 		.long	.LFB7
 197 006c 0400 0000 		.long	.LFE7-.LFB7
 198               		.p2align	2
 199               	.LEFDE10:
 200               	.LSFDE12:
 201 0070 0C00 0000 		.long	.LEFDE12-.LASFDE12
 202               	.LASFDE12:
 203 0074 0000 0000 		.long	.Lframe0
 204 0078 0000 0000 		.long	.LFB8
 205 007c 0200 0000 		.long	.LFE8-.LFB8
 206               		.p2align	2
 207               	.LEFDE12:
 208               	.LSFDE14:
 209 0080 0C00 0000 		.long	.LEFDE14-.LASFDE14
 210               	.LASFDE14:
 211 0084 0000 0000 		.long	.Lframe0
 212 0088 0000 0000 		.long	.LFB9
 213 008c 0200 0000 		.long	.LFE9-.LFB9
 214               		.p2align	2
 215               	.LEFDE14:
 216               	.LSFDE16:
 217 0090 0C00 0000 		.long	.LEFDE16-.LASFDE16
 218               	.LASFDE16:
 219 0094 0000 0000 		.long	.Lframe0
 220 0098 0000 0000 		.long	.LFB10
 221 009c 0400 0000 		.long	.LFE10-.LFB10
 222               		.p2align	2
 223               	.LEFDE16:
 224               		.text
 225               	.Letext0:
 226               		.section	.debug_loc,"",@progbits
 227               	.Ldebug_loc0:
 228               	.LLST3:
GAS LISTING C:\users\mohammadreza\Temp/ccUyHAXJ.s 			page 5


 229 0000 0400 0000 		.long	.LVL1-.Ltext0
 230 0004 0600 0000 		.long	.LVL2-.Ltext0
 231 0008 0100      		.word	0x1
 232 000a 68        		.byte	0x68
 233 000b 0000 0000 		.long	0x0
 234 000f 0000 0000 		.long	0x0
 235               	.LLST7:
 236 0013 0C00 0000 		.long	.LVL5-.Ltext0
 237 0017 0E00 0000 		.long	.LVL6-.Ltext0
 238 001b 0100      		.word	0x1
 239 001d 68        		.byte	0x68
 240 001e 0000 0000 		.long	0x0
 241 0022 0000 0000 		.long	0x0
 242               		.section	.debug_info
 243 0000 FA01 0000 		.long	0x1fa
 244 0004 0200      		.word	0x2
 245 0006 0000 0000 		.long	.Ldebug_abbrev0
 246 000a 04        		.byte	0x4
 247 000b 01        		.uleb128 0x1
 248 000c 0000 0000 		.long	.LASF18
 249 0010 01        		.byte	0x1
 250 0011 0000 0000 		.long	.LASF19
 251 0015 0000 0000 		.long	.LASF20
 252 0019 0000 0000 		.long	.Ltext0
 253 001d 0000 0000 		.long	.Letext0
 254 0021 0000 0000 		.long	.Ldebug_line0
 255 0025 02        		.uleb128 0x2
 256 0026 01        		.byte	0x1
 257 0027 08        		.byte	0x8
 258 0028 0000 0000 		.long	.LASF0
 259 002c 02        		.uleb128 0x2
 260 002d 01        		.byte	0x1
 261 002e 06        		.byte	0x6
 262 002f 0000 0000 		.long	.LASF1
 263 0033 02        		.uleb128 0x2
 264 0034 02        		.byte	0x2
 265 0035 07        		.byte	0x7
 266 0036 0000 0000 		.long	.LASF2
 267 003a 02        		.uleb128 0x2
 268 003b 02        		.byte	0x2
 269 003c 05        		.byte	0x5
 270 003d 0000 0000 		.long	.LASF3
 271 0041 03        		.uleb128 0x3
 272 0042 0000 0000 		.long	.LASF4
 273 0046 02        		.byte	0x2
 274 0047 0D        		.byte	0xd
 275 0048 2500 0000 		.long	0x25
 276 004c 03        		.uleb128 0x3
 277 004d 0000 0000 		.long	.LASF5
 278 0051 02        		.byte	0x2
 279 0052 11        		.byte	0x11
 280 0053 5700 0000 		.long	0x57
 281 0057 02        		.uleb128 0x2
 282 0058 04        		.byte	0x4
 283 0059 07        		.byte	0x7
 284 005a 0000 0000 		.long	.LASF6
 285 005e 02        		.uleb128 0x2
GAS LISTING C:\users\mohammadreza\Temp/ccUyHAXJ.s 			page 6


 286 005f 04        		.byte	0x4
 287 0060 05        		.byte	0x5
 288 0061 0000 0000 		.long	.LASF7
 289 0065 04        		.uleb128 0x4
 290 0066 01        		.byte	0x1
 291 0067 0000 0000 		.long	.LASF21
 292 006b 01        		.byte	0x1
 293 006c 20        		.byte	0x20
 294 006d 01        		.byte	0x1
 295 006e 0000 0000 		.long	.LFB2
 296 0072 0000 0000 		.long	.LFE2
 297 0076 02        		.byte	0x2
 298 0077 90        		.byte	0x90
 299 0078 20        		.uleb128 0x20
 300 0079 05        		.uleb128 0x5
 301 007a 01        		.byte	0x1
 302 007b 0000 0000 		.long	.LASF10
 303 007f 01        		.byte	0x1
 304 0080 2C        		.byte	0x2c
 305 0081 01        		.byte	0x1
 306 0082 0000 0000 		.long	.LFB3
 307 0086 0000 0000 		.long	.LFE3
 308 008a 02        		.byte	0x2
 309 008b 90        		.byte	0x90
 310 008c 20        		.uleb128 0x20
 311 008d AC00 0000 		.long	0xac
 312 0091 06        		.uleb128 0x6
 313 0092 0000 0000 		.long	.LASF8
 314 0096 01        		.byte	0x1
 315 0097 2B        		.byte	0x2b
 316 0098 4100 0000 		.long	0x41
 317 009c 01        		.byte	0x1
 318 009d 68        		.byte	0x68
 319 009e 06        		.uleb128 0x6
 320 009f 0000 0000 		.long	.LASF9
 321 00a3 01        		.byte	0x1
 322 00a4 2B        		.byte	0x2b
 323 00a5 4100 0000 		.long	0x41
 324 00a9 01        		.byte	0x1
 325 00aa 66        		.byte	0x66
 326 00ab 00        		.byte	0x0
 327 00ac 07        		.uleb128 0x7
 328 00ad 01        		.byte	0x1
 329 00ae 0000 0000 		.long	.LASF13
 330 00b2 01        		.byte	0x1
 331 00b3 31        		.byte	0x31
 332 00b4 01        		.byte	0x1
 333 00b5 4100 0000 		.long	0x41
 334 00b9 0000 0000 		.long	.LFB4
 335 00bd 0000 0000 		.long	.LFE4
 336 00c1 02        		.byte	0x2
 337 00c2 90        		.byte	0x90
 338 00c3 20        		.uleb128 0x20
 339 00c4 D800 0000 		.long	0xd8
 340 00c8 08        		.uleb128 0x8
 341 00c9 0000 0000 		.long	.LASF8
 342 00cd 01        		.byte	0x1
GAS LISTING C:\users\mohammadreza\Temp/ccUyHAXJ.s 			page 7


 343 00ce 30        		.byte	0x30
 344 00cf 4100 0000 		.long	0x41
 345 00d3 0000 0000 		.long	.LLST3
 346 00d7 00        		.byte	0x0
 347 00d8 05        		.uleb128 0x5
 348 00d9 01        		.byte	0x1
 349 00da 0000 0000 		.long	.LASF11
 350 00de 01        		.byte	0x1
 351 00df 36        		.byte	0x36
 352 00e0 01        		.byte	0x1
 353 00e1 0000 0000 		.long	.LFB5
 354 00e5 0000 0000 		.long	.LFE5
 355 00e9 02        		.byte	0x2
 356 00ea 90        		.byte	0x90
 357 00eb 20        		.uleb128 0x20
 358 00ec FE00 0000 		.long	0xfe
 359 00f0 06        		.uleb128 0x6
 360 00f1 0000 0000 		.long	.LASF9
 361 00f5 01        		.byte	0x1
 362 00f6 35        		.byte	0x35
 363 00f7 4100 0000 		.long	0x41
 364 00fb 01        		.byte	0x1
 365 00fc 68        		.byte	0x68
 366 00fd 00        		.byte	0x0
 367 00fe 05        		.uleb128 0x5
 368 00ff 01        		.byte	0x1
 369 0100 0000 0000 		.long	.LASF12
 370 0104 01        		.byte	0x1
 371 0105 3D        		.byte	0x3d
 372 0106 01        		.byte	0x1
 373 0107 0000 0000 		.long	.LFB6
 374 010b 0000 0000 		.long	.LFE6
 375 010f 02        		.byte	0x2
 376 0110 90        		.byte	0x90
 377 0111 20        		.uleb128 0x20
 378 0112 2401 0000 		.long	0x124
 379 0116 06        		.uleb128 0x6
 380 0117 0000 0000 		.long	.LASF9
 381 011b 01        		.byte	0x1
 382 011c 3C        		.byte	0x3c
 383 011d 4100 0000 		.long	0x41
 384 0121 01        		.byte	0x1
 385 0122 68        		.byte	0x68
 386 0123 00        		.byte	0x0
 387 0124 07        		.uleb128 0x7
 388 0125 01        		.byte	0x1
 389 0126 0000 0000 		.long	.LASF14
 390 012a 01        		.byte	0x1
 391 012b 44        		.byte	0x44
 392 012c 01        		.byte	0x1
 393 012d 4100 0000 		.long	0x41
 394 0131 0000 0000 		.long	.LFB7
 395 0135 0000 0000 		.long	.LFE7
 396 0139 02        		.byte	0x2
 397 013a 90        		.byte	0x90
 398 013b 20        		.uleb128 0x20
 399 013c 5001 0000 		.long	0x150
GAS LISTING C:\users\mohammadreza\Temp/ccUyHAXJ.s 			page 8


 400 0140 08        		.uleb128 0x8
 401 0141 0000 0000 		.long	.LASF8
 402 0145 01        		.byte	0x1
 403 0146 43        		.byte	0x43
 404 0147 4100 0000 		.long	0x41
 405 014b 0000 0000 		.long	.LLST7
 406 014f 00        		.byte	0x0
 407 0150 05        		.uleb128 0x5
 408 0151 01        		.byte	0x1
 409 0152 0000 0000 		.long	.LASF15
 410 0156 01        		.byte	0x1
 411 0157 4D        		.byte	0x4d
 412 0158 01        		.byte	0x1
 413 0159 0000 0000 		.long	.LFB8
 414 015d 0000 0000 		.long	.LFE8
 415 0161 02        		.byte	0x2
 416 0162 90        		.byte	0x90
 417 0163 20        		.uleb128 0x20
 418 0164 8E01 0000 		.long	0x18e
 419 0168 06        		.uleb128 0x6
 420 0169 0000 0000 		.long	.LASF8
 421 016d 01        		.byte	0x1
 422 016e 4C        		.byte	0x4c
 423 016f 4C00 0000 		.long	0x4c
 424 0173 0C        		.byte	0xc
 425 0174 66        		.byte	0x66
 426 0175 93        		.byte	0x93
 427 0176 01        		.uleb128 0x1
 428 0177 67        		.byte	0x67
 429 0178 93        		.byte	0x93
 430 0179 01        		.uleb128 0x1
 431 017a 68        		.byte	0x68
 432 017b 93        		.byte	0x93
 433 017c 01        		.uleb128 0x1
 434 017d 69        		.byte	0x69
 435 017e 93        		.byte	0x93
 436 017f 01        		.uleb128 0x1
 437 0180 06        		.uleb128 0x6
 438 0181 0000 0000 		.long	.LASF9
 439 0185 01        		.byte	0x1
 440 0186 4C        		.byte	0x4c
 441 0187 4100 0000 		.long	0x41
 442 018b 01        		.byte	0x1
 443 018c 64        		.byte	0x64
 444 018d 00        		.byte	0x0
 445 018e 05        		.uleb128 0x5
 446 018f 01        		.byte	0x1
 447 0190 0000 0000 		.long	.LASF16
 448 0194 01        		.byte	0x1
 449 0195 55        		.byte	0x55
 450 0196 01        		.byte	0x1
 451 0197 0000 0000 		.long	.LFB9
 452 019b 0000 0000 		.long	.LFE9
 453 019f 02        		.byte	0x2
 454 01a0 90        		.byte	0x90
 455 01a1 20        		.uleb128 0x20
 456 01a2 CC01 0000 		.long	0x1cc
GAS LISTING C:\users\mohammadreza\Temp/ccUyHAXJ.s 			page 9


 457 01a6 06        		.uleb128 0x6
 458 01a7 0000 0000 		.long	.LASF8
 459 01ab 01        		.byte	0x1
 460 01ac 54        		.byte	0x54
 461 01ad 4C00 0000 		.long	0x4c
 462 01b1 0C        		.byte	0xc
 463 01b2 66        		.byte	0x66
 464 01b3 93        		.byte	0x93
 465 01b4 01        		.uleb128 0x1
 466 01b5 67        		.byte	0x67
 467 01b6 93        		.byte	0x93
 468 01b7 01        		.uleb128 0x1
 469 01b8 68        		.byte	0x68
 470 01b9 93        		.byte	0x93
 471 01ba 01        		.uleb128 0x1
 472 01bb 69        		.byte	0x69
 473 01bc 93        		.byte	0x93
 474 01bd 01        		.uleb128 0x1
 475 01be 06        		.uleb128 0x6
 476 01bf 0000 0000 		.long	.LASF9
 477 01c3 01        		.byte	0x1
 478 01c4 54        		.byte	0x54
 479 01c5 4100 0000 		.long	0x41
 480 01c9 01        		.byte	0x1
 481 01ca 64        		.byte	0x64
 482 01cb 00        		.byte	0x0
 483 01cc 09        		.uleb128 0x9
 484 01cd 01        		.byte	0x1
 485 01ce 0000 0000 		.long	.LASF17
 486 01d2 01        		.byte	0x1
 487 01d3 5D        		.byte	0x5d
 488 01d4 01        		.byte	0x1
 489 01d5 4100 0000 		.long	0x41
 490 01d9 0000 0000 		.long	.LFB10
 491 01dd 0000 0000 		.long	.LFE10
 492 01e1 02        		.byte	0x2
 493 01e2 90        		.byte	0x90
 494 01e3 20        		.uleb128 0x20
 495 01e4 06        		.uleb128 0x6
 496 01e5 0000 0000 		.long	.LASF8
 497 01e9 01        		.byte	0x1
 498 01ea 5C        		.byte	0x5c
 499 01eb 4C00 0000 		.long	0x4c
 500 01ef 0C        		.byte	0xc
 501 01f0 66        		.byte	0x66
 502 01f1 93        		.byte	0x93
 503 01f2 01        		.uleb128 0x1
 504 01f3 67        		.byte	0x67
 505 01f4 93        		.byte	0x93
 506 01f5 01        		.uleb128 0x1
 507 01f6 68        		.byte	0x68
 508 01f7 93        		.byte	0x93
 509 01f8 01        		.uleb128 0x1
 510 01f9 69        		.byte	0x69
 511 01fa 93        		.byte	0x93
 512 01fb 01        		.uleb128 0x1
 513 01fc 00        		.byte	0x0
GAS LISTING C:\users\mohammadreza\Temp/ccUyHAXJ.s 			page 10


 514 01fd 00        		.byte	0x0
 515               		.section	.debug_abbrev
 516 0000 01        		.uleb128 0x1
 517 0001 11        		.uleb128 0x11
 518 0002 01        		.byte	0x1
 519 0003 25        		.uleb128 0x25
 520 0004 0E        		.uleb128 0xe
 521 0005 13        		.uleb128 0x13
 522 0006 0B        		.uleb128 0xb
 523 0007 03        		.uleb128 0x3
 524 0008 0E        		.uleb128 0xe
 525 0009 1B        		.uleb128 0x1b
 526 000a 0E        		.uleb128 0xe
 527 000b 11        		.uleb128 0x11
 528 000c 01        		.uleb128 0x1
 529 000d 12        		.uleb128 0x12
 530 000e 01        		.uleb128 0x1
 531 000f 10        		.uleb128 0x10
 532 0010 06        		.uleb128 0x6
 533 0011 00        		.byte	0x0
 534 0012 00        		.byte	0x0
 535 0013 02        		.uleb128 0x2
 536 0014 24        		.uleb128 0x24
 537 0015 00        		.byte	0x0
 538 0016 0B        		.uleb128 0xb
 539 0017 0B        		.uleb128 0xb
 540 0018 3E        		.uleb128 0x3e
 541 0019 0B        		.uleb128 0xb
 542 001a 03        		.uleb128 0x3
 543 001b 0E        		.uleb128 0xe
 544 001c 00        		.byte	0x0
 545 001d 00        		.byte	0x0
 546 001e 03        		.uleb128 0x3
 547 001f 16        		.uleb128 0x16
 548 0020 00        		.byte	0x0
 549 0021 03        		.uleb128 0x3
 550 0022 0E        		.uleb128 0xe
 551 0023 3A        		.uleb128 0x3a
 552 0024 0B        		.uleb128 0xb
 553 0025 3B        		.uleb128 0x3b
 554 0026 0B        		.uleb128 0xb
 555 0027 49        		.uleb128 0x49
 556 0028 13        		.uleb128 0x13
 557 0029 00        		.byte	0x0
 558 002a 00        		.byte	0x0
 559 002b 04        		.uleb128 0x4
 560 002c 2E        		.uleb128 0x2e
 561 002d 00        		.byte	0x0
 562 002e 3F        		.uleb128 0x3f
 563 002f 0C        		.uleb128 0xc
 564 0030 03        		.uleb128 0x3
 565 0031 0E        		.uleb128 0xe
 566 0032 3A        		.uleb128 0x3a
 567 0033 0B        		.uleb128 0xb
 568 0034 3B        		.uleb128 0x3b
 569 0035 0B        		.uleb128 0xb
 570 0036 27        		.uleb128 0x27
GAS LISTING C:\users\mohammadreza\Temp/ccUyHAXJ.s 			page 11


 571 0037 0C        		.uleb128 0xc
 572 0038 11        		.uleb128 0x11
 573 0039 01        		.uleb128 0x1
 574 003a 12        		.uleb128 0x12
 575 003b 01        		.uleb128 0x1
 576 003c 40        		.uleb128 0x40
 577 003d 0A        		.uleb128 0xa
 578 003e 00        		.byte	0x0
 579 003f 00        		.byte	0x0
 580 0040 05        		.uleb128 0x5
 581 0041 2E        		.uleb128 0x2e
 582 0042 01        		.byte	0x1
 583 0043 3F        		.uleb128 0x3f
 584 0044 0C        		.uleb128 0xc
 585 0045 03        		.uleb128 0x3
 586 0046 0E        		.uleb128 0xe
 587 0047 3A        		.uleb128 0x3a
 588 0048 0B        		.uleb128 0xb
 589 0049 3B        		.uleb128 0x3b
 590 004a 0B        		.uleb128 0xb
 591 004b 27        		.uleb128 0x27
 592 004c 0C        		.uleb128 0xc
 593 004d 11        		.uleb128 0x11
 594 004e 01        		.uleb128 0x1
 595 004f 12        		.uleb128 0x12
 596 0050 01        		.uleb128 0x1
 597 0051 40        		.uleb128 0x40
 598 0052 0A        		.uleb128 0xa
 599 0053 01        		.uleb128 0x1
 600 0054 13        		.uleb128 0x13
 601 0055 00        		.byte	0x0
 602 0056 00        		.byte	0x0
 603 0057 06        		.uleb128 0x6
 604 0058 05        		.uleb128 0x5
 605 0059 00        		.byte	0x0
 606 005a 03        		.uleb128 0x3
 607 005b 0E        		.uleb128 0xe
 608 005c 3A        		.uleb128 0x3a
 609 005d 0B        		.uleb128 0xb
 610 005e 3B        		.uleb128 0x3b
 611 005f 0B        		.uleb128 0xb
 612 0060 49        		.uleb128 0x49
 613 0061 13        		.uleb128 0x13
 614 0062 02        		.uleb128 0x2
 615 0063 0A        		.uleb128 0xa
 616 0064 00        		.byte	0x0
 617 0065 00        		.byte	0x0
 618 0066 07        		.uleb128 0x7
 619 0067 2E        		.uleb128 0x2e
 620 0068 01        		.byte	0x1
 621 0069 3F        		.uleb128 0x3f
 622 006a 0C        		.uleb128 0xc
 623 006b 03        		.uleb128 0x3
 624 006c 0E        		.uleb128 0xe
 625 006d 3A        		.uleb128 0x3a
 626 006e 0B        		.uleb128 0xb
 627 006f 3B        		.uleb128 0x3b
GAS LISTING C:\users\mohammadreza\Temp/ccUyHAXJ.s 			page 12


 628 0070 0B        		.uleb128 0xb
 629 0071 27        		.uleb128 0x27
 630 0072 0C        		.uleb128 0xc
 631 0073 49        		.uleb128 0x49
 632 0074 13        		.uleb128 0x13
 633 0075 11        		.uleb128 0x11
 634 0076 01        		.uleb128 0x1
 635 0077 12        		.uleb128 0x12
 636 0078 01        		.uleb128 0x1
 637 0079 40        		.uleb128 0x40
 638 007a 0A        		.uleb128 0xa
 639 007b 01        		.uleb128 0x1
 640 007c 13        		.uleb128 0x13
 641 007d 00        		.byte	0x0
 642 007e 00        		.byte	0x0
 643 007f 08        		.uleb128 0x8
 644 0080 05        		.uleb128 0x5
 645 0081 00        		.byte	0x0
 646 0082 03        		.uleb128 0x3
 647 0083 0E        		.uleb128 0xe
 648 0084 3A        		.uleb128 0x3a
 649 0085 0B        		.uleb128 0xb
 650 0086 3B        		.uleb128 0x3b
 651 0087 0B        		.uleb128 0xb
 652 0088 49        		.uleb128 0x49
 653 0089 13        		.uleb128 0x13
 654 008a 02        		.uleb128 0x2
 655 008b 06        		.uleb128 0x6
 656 008c 00        		.byte	0x0
 657 008d 00        		.byte	0x0
 658 008e 09        		.uleb128 0x9
 659 008f 2E        		.uleb128 0x2e
 660 0090 01        		.byte	0x1
 661 0091 3F        		.uleb128 0x3f
 662 0092 0C        		.uleb128 0xc
 663 0093 03        		.uleb128 0x3
 664 0094 0E        		.uleb128 0xe
 665 0095 3A        		.uleb128 0x3a
 666 0096 0B        		.uleb128 0xb
 667 0097 3B        		.uleb128 0x3b
 668 0098 0B        		.uleb128 0xb
 669 0099 27        		.uleb128 0x27
 670 009a 0C        		.uleb128 0xc
 671 009b 49        		.uleb128 0x49
 672 009c 13        		.uleb128 0x13
 673 009d 11        		.uleb128 0x11
 674 009e 01        		.uleb128 0x1
 675 009f 12        		.uleb128 0x12
 676 00a0 01        		.uleb128 0x1
 677 00a1 40        		.uleb128 0x40
 678 00a2 0A        		.uleb128 0xa
 679 00a3 00        		.byte	0x0
 680 00a4 00        		.byte	0x0
 681 00a5 00        		.byte	0x0
 682               		.section	.debug_pubnames,"",@progbits
 683 0000 B200 0000 		.long	0xb2
 684 0004 0200      		.word	0x2
GAS LISTING C:\users\mohammadreza\Temp/ccUyHAXJ.s 			page 13


 685 0006 0000 0000 		.long	.Ldebug_info0
 686 000a FE01 0000 		.long	0x1fe
 687 000e 6500 0000 		.long	0x65
 688 0012 665F 4462 		.string	"f_Dbg_User_Cmd"
 688      675F 5573 
 688      6572 5F43 
 688      6D64 00
 689 0021 7900 0000 		.long	0x79
 690 0025 665F 4465 		.string	"f_DebugFPGAWr"
 690      6275 6746 
 690      5047 4157 
 690      7200 
 691 0033 AC00 0000 		.long	0xac
 692 0037 665F 4465 		.string	"f_DebugFPGARd"
 692      6275 6746 
 692      5047 4152 
 692      6400 
 693 0045 D800 0000 		.long	0xd8
 694 0049 665F 4465 		.string	"f_DebugLCMWrCmd"
 694      6275 674C 
 694      434D 5772 
 694      436D 6400 
 695 0059 FE00 0000 		.long	0xfe
 696 005d 665F 4465 		.string	"f_DebugLCMWrData"
 696      6275 674C 
 696      434D 5772 
 696      4461 7461 
 696      00
 697 006e 2401 0000 		.long	0x124
 698 0072 665F 4465 		.string	"f_DebugLCMRd"
 698      6275 674C 
 698      434D 5264 
 698      00
 699 007f 5001 0000 		.long	0x150
 700 0083 665F 4465 		.string	"f_DebugLPCWr"
 700      6275 674C 
 700      5043 5772 
 700      00
 701 0090 8E01 0000 		.long	0x18e
 702 0094 665F 4465 		.string	"f_DebugSSTWr"
 702      6275 6753 
 702      5354 5772 
 702      00
 703 00a1 CC01 0000 		.long	0x1cc
 704 00a5 665F 4465 		.string	"f_DebugLPCRd"
 704      6275 674C 
 704      5043 5264 
 704      00
 705 00b2 0000 0000 		.long	0x0
 706               		.section	.debug_aranges,"",@progbits
 707 0000 1C00 0000 		.long	0x1c
 708 0004 0200      		.word	0x2
 709 0006 0000 0000 		.long	.Ldebug_info0
 710 000a 04        		.byte	0x4
 711 000b 00        		.byte	0x0
 712 000c 0000      		.word	0x0
 713 000e 0000      		.word	0x0
GAS LISTING C:\users\mohammadreza\Temp/ccUyHAXJ.s 			page 14


 714 0010 0000 0000 		.long	.Ltext0
 715 0014 1800 0000 		.long	.Letext0-.Ltext0
 716 0018 0000 0000 		.long	0x0
 717 001c 0000 0000 		.long	0x0
 718               		.section	.debug_line
 719 0000 F300 0000 		.long	.LELT0-.LSLT0
 720               	.LSLT0:
 721 0004 0200      		.word	0x2
 722 0006 5300 0000 		.long	.LELTP0-.LASLTP0
 723               	.LASLTP0:
 724 000a 01        		.byte	0x1
 725 000b 01        		.byte	0x1
 726 000c F6        		.byte	0xf6
 727 000d F5        		.byte	0xf5
 728 000e 0A        		.byte	0xa
 729 000f 00        		.byte	0x0
 730 0010 01        		.byte	0x1
 731 0011 01        		.byte	0x1
 732 0012 01        		.byte	0x1
 733 0013 01        		.byte	0x1
 734 0014 00        		.byte	0x0
 735 0015 00        		.byte	0x0
 736 0016 00        		.byte	0x0
 737 0017 01        		.byte	0x1
 738 0018 7372 632F 		.ascii	"src/debug"
 738      6465 6275 
 738      67
 739 0021 00        		.byte	0
 740 0022 7372 632F 		.ascii	"src/debug/../includes"
 740      6465 6275 
 740      672F 2E2E 
 740      2F69 6E63 
 740      6C75 6465 
 741 0037 00        		.byte	0
 742 0038 00        		.byte	0x0
 743 0039 6462 6765 		.string	"dbgext.c"
 743      7874 2E63 
 743      00
 744 0042 01        		.uleb128 0x1
 745 0043 00        		.uleb128 0x0
 746 0044 00        		.uleb128 0x0
 747 0045 2E2E 2F69 		.string	"../includes/types.h"
 747      6E63 6C75 
 747      6465 732F 
 747      7479 7065 
 747      732E 6800 
 748 0059 01        		.uleb128 0x1
 749 005a 00        		.uleb128 0x0
 750 005b 00        		.uleb128 0x0
 751 005c 00        		.byte	0x0
 752               	.LELTP0:
 753 005d 00        		.byte	0x0
 754 005e 05        		.uleb128 0x5
 755 005f 02        		.byte	0x2
 756 0060 0000 0000 		.long	.LM1
 757 0064 33        		.byte	0x33
 758 0065 00        		.byte	0x0
GAS LISTING C:\users\mohammadreza\Temp/ccUyHAXJ.s 			page 15


 759 0066 05        		.uleb128 0x5
 760 0067 02        		.byte	0x2
 761 0068 0000 0000 		.long	.LM2
 762 006c 15        		.byte	0x15
 763 006d 00        		.byte	0x0
 764 006e 05        		.uleb128 0x5
 765 006f 02        		.byte	0x2
 766 0070 0000 0000 		.long	.LM3
 767 0074 1F        		.byte	0x1f
 768 0075 00        		.byte	0x0
 769 0076 05        		.uleb128 0x5
 770 0077 02        		.byte	0x2
 771 0078 0000 0000 		.long	.LM4
 772 007c 16        		.byte	0x16
 773 007d 00        		.byte	0x0
 774 007e 05        		.uleb128 0x5
 775 007f 02        		.byte	0x2
 776 0080 0000 0000 		.long	.LM5
 777 0084 17        		.byte	0x17
 778 0085 00        		.byte	0x0
 779 0086 05        		.uleb128 0x5
 780 0087 02        		.byte	0x2
 781 0088 0000 0000 		.long	.LM6
 782 008c 16        		.byte	0x16
 783 008d 00        		.byte	0x0
 784 008e 05        		.uleb128 0x5
 785 008f 02        		.byte	0x2
 786 0090 0000 0000 		.long	.LM7
 787 0094 17        		.byte	0x17
 788 0095 00        		.byte	0x0
 789 0096 05        		.uleb128 0x5
 790 0097 02        		.byte	0x2
 791 0098 0000 0000 		.long	.LM8
 792 009c 18        		.byte	0x18
 793 009d 00        		.byte	0x0
 794 009e 05        		.uleb128 0x5
 795 009f 02        		.byte	0x2
 796 00a0 0000 0000 		.long	.LM9
 797 00a4 17        		.byte	0x17
 798 00a5 00        		.byte	0x0
 799 00a6 05        		.uleb128 0x5
 800 00a7 02        		.byte	0x2
 801 00a8 0000 0000 		.long	.LM10
 802 00ac 18        		.byte	0x18
 803 00ad 00        		.byte	0x0
 804 00ae 05        		.uleb128 0x5
 805 00af 02        		.byte	0x2
 806 00b0 0000 0000 		.long	.LM11
 807 00b4 17        		.byte	0x17
 808 00b5 00        		.byte	0x0
 809 00b6 05        		.uleb128 0x5
 810 00b7 02        		.byte	0x2
 811 00b8 0000 0000 		.long	.LM12
 812 00bc 1A        		.byte	0x1a
 813 00bd 00        		.byte	0x0
 814 00be 05        		.uleb128 0x5
 815 00bf 02        		.byte	0x2
GAS LISTING C:\users\mohammadreza\Temp/ccUyHAXJ.s 			page 16


 816 00c0 0000 0000 		.long	.LM13
 817 00c4 17        		.byte	0x17
 818 00c5 00        		.byte	0x0
 819 00c6 05        		.uleb128 0x5
 820 00c7 02        		.byte	0x2
 821 00c8 0000 0000 		.long	.LM14
 822 00cc 19        		.byte	0x19
 823 00cd 00        		.byte	0x0
 824 00ce 05        		.uleb128 0x5
 825 00cf 02        		.byte	0x2
 826 00d0 0000 0000 		.long	.LM15
 827 00d4 17        		.byte	0x17
 828 00d5 00        		.byte	0x0
 829 00d6 05        		.uleb128 0x5
 830 00d7 02        		.byte	0x2
 831 00d8 0000 0000 		.long	.LM16
 832 00dc 19        		.byte	0x19
 833 00dd 00        		.byte	0x0
 834 00de 05        		.uleb128 0x5
 835 00df 02        		.byte	0x2
 836 00e0 0000 0000 		.long	.LM17
 837 00e4 17        		.byte	0x17
 838 00e5 00        		.byte	0x0
 839 00e6 05        		.uleb128 0x5
 840 00e7 02        		.byte	0x2
 841 00e8 0000 0000 		.long	.LM18
 842 00ec 1A        		.byte	0x1a
 843 00ed 00        		.byte	0x0
 844 00ee 05        		.uleb128 0x5
 845 00ef 02        		.byte	0x2
 846 00f0 0000 0000 		.long	.Letext0
 847 00f4 00        		.byte	0x0
 848 00f5 01        		.uleb128 0x1
 849 00f6 01        		.byte	0x1
 850               	.LELT0:
 851 00f7 1600 0000 		.section	.debug_str,"MS",@progbits,1
 851      0200 1000 
 851      0000 0101 
 851      FB0E 0A00 
 851      0101 0101 
 852               	.LASF11:
 853 0000 665F 4465 		.string	"f_DebugLCMWrCmd"
 853      6275 674C 
 853      434D 5772 
 853      436D 6400 
 854               	.LASF21:
 855 0010 665F 4462 		.string	"f_Dbg_User_Cmd"
 855      675F 5573 
 855      6572 5F43 
 855      6D64 00
 856               	.LASF15:
 857 001f 665F 4465 		.string	"f_DebugLPCWr"
 857      6275 674C 
 857      5043 5772 
 857      00
 858               	.LASF6:
 859 002c 6C6F 6E67 		.string	"long unsigned int"
GAS LISTING C:\users\mohammadreza\Temp/ccUyHAXJ.s 			page 17


 859      2075 6E73 
 859      6967 6E65 
 859      6420 696E 
 859      7400 
 860               	.LASF20:
 861 003e 5A3A 5C68 		.ascii	"Z:\\ho"
 861      6F
 862 0043 6D65 5C6D 		.string	"me\\mohammadreza\\temo\\Simple-AVR-OS-plus-some-improvement-\\avr_os"
 862      6F68 616D 
 862      6D61 6472 
 862      657A 615C 
 862      7465 6D6F 
 863               	.LASF9:
 864 0084 6461 7461 		.string	"data"
 864      00
 865               	.LASF14:
 866 0089 665F 4465 		.string	"f_DebugLCMRd"
 866      6275 674C 
 866      434D 5264 
 866      00
 867               	.LASF8:
 868 0096 6164 6472 		.string	"addr"
 868      00
 869               	.LASF12:
 870 009b 665F 4465 		.string	"f_DebugLCMWrData"
 870      6275 674C 
 870      434D 5772 
 870      4461 7461 
 870      00
 871               	.LASF10:
 872 00ac 665F 4465 		.string	"f_DebugFPGAWr"
 872      6275 6746 
 872      5047 4157 
 872      7200 
 873               	.LASF0:
 874 00ba 756E 7369 		.string	"unsigned char"
 874      676E 6564 
 874      2063 6861 
 874      7200 
 875               	.LASF1:
 876 00c8 6368 6172 		.string	"char"
 876      00
 877               	.LASF7:
 878 00cd 6C6F 6E67 		.string	"long int"
 878      2069 6E74 
 878      00
 879               	.LASF16:
 880 00d6 665F 4465 		.string	"f_DebugSSTWr"
 880      6275 6753 
 880      5354 5772 
 880      00
 881               	.LASF3:
 882 00e3 7368 6F72 		.string	"short int"
 882      7420 696E 
 882      7400 
 883               	.LASF5:
 884 00ed 494E 5433 		.string	"INT32U"
GAS LISTING C:\users\mohammadreza\Temp/ccUyHAXJ.s 			page 18


 884      3255 00
 885               	.LASF13:
 886 00f4 665F 4465 		.string	"f_DebugFPGARd"
 886      6275 6746 
 886      5047 4152 
 886      6400 
 887               	.LASF2:
 888 0102 7368 6F72 		.string	"short unsigned int"
 888      7420 756E 
 888      7369 676E 
 888      6564 2069 
 888      6E74 00
 889               	.LASF17:
 890 0115 665F 4465 		.string	"f_DebugLPCRd"
 890      6275 674C 
 890      5043 5264 
 890      00
 891               	.LASF18:
 892 0122 474E 5520 		.string	"GNU C 4.3.3"
 892      4320 342E 
 892      332E 3300 
 893               	.LASF19:
 894 012e 7372 632F 		.string	"src/debug/dbgext.c"
 894      6465 6275 
 894      672F 6462 
 894      6765 7874 
 894      2E63 00
 895               	.LASF4:
 896 0141 494E 5438 		.string	"INT8U"
 896      5500 
GAS LISTING C:\users\mohammadreza\Temp/ccUyHAXJ.s 			page 19


DEFINED SYMBOLS
                            *ABS*:00000000 dbgext.c
C:\users\mohammadreza\Temp/ccUyHAXJ.s:2      *ABS*:0000003f __SREG__
C:\users\mohammadreza\Temp/ccUyHAXJ.s:3      *ABS*:0000003e __SP_H__
C:\users\mohammadreza\Temp/ccUyHAXJ.s:4      *ABS*:0000003d __SP_L__
C:\users\mohammadreza\Temp/ccUyHAXJ.s:5      *ABS*:00000034 __CCP__
C:\users\mohammadreza\Temp/ccUyHAXJ.s:6      *ABS*:00000000 __tmp_reg__
C:\users\mohammadreza\Temp/ccUyHAXJ.s:7      *ABS*:00000001 __zero_reg__
C:\users\mohammadreza\Temp/ccUyHAXJ.s:18     .text:00000000 f_Dbg_User_Cmd
C:\users\mohammadreza\Temp/ccUyHAXJ.s:30     .text:00000002 f_DebugFPGAWr
C:\users\mohammadreza\Temp/ccUyHAXJ.s:43     .text:00000004 f_DebugFPGARd
C:\users\mohammadreza\Temp/ccUyHAXJ.s:58     .text:00000008 f_DebugLCMWrCmd
C:\users\mohammadreza\Temp/ccUyHAXJ.s:71     .text:0000000a f_DebugLCMWrData
C:\users\mohammadreza\Temp/ccUyHAXJ.s:84     .text:0000000c f_DebugLCMRd
C:\users\mohammadreza\Temp/ccUyHAXJ.s:99     .text:00000010 f_DebugLPCWr
C:\users\mohammadreza\Temp/ccUyHAXJ.s:112    .text:00000012 f_DebugSSTWr
C:\users\mohammadreza\Temp/ccUyHAXJ.s:125    .text:00000014 f_DebugLPCRd

NO UNDEFINED SYMBOLS
