GAS LISTING C:\users\mohammadreza\Temp/ccberRal.s 			page 1


   1               		.file	"Timer0.c"
   2               	__SREG__ = 0x3f
   3               	__SP_H__ = 0x3e
   4               	__SP_L__ = 0x3d
   5               	__CCP__  = 0x34
   6               	__tmp_reg__ = 0
   7               	__zero_reg__ = 1
   8               		.section	.debug_abbrev,"",@progbits
   9               	.Ldebug_abbrev0:
  10               		.section	.debug_info,"",@progbits
  11               	.Ldebug_info0:
  12               		.section	.debug_line,"",@progbits
  13               	.Ldebug_line0:
  14               		.text
  15               	.Ltext0:
  16               	.global	f_InitSysTimer
  17               		.type	f_InitSysTimer, @function
  18               	f_InitSysTimer:
  19               	.LFB2:
  20               	.LM1:
  21               	/* prologue: function */
  22               	/* frame size = 0 */
  23               	.LM2:
  24 0000 13BE      		out 83-32,__zero_reg__
  25               	.LM3:
  26 0002 83E8      		ldi r24,lo8(-125)
  27 0004 82BF      		out 82-32,r24
  28               	.LM4:
  29 0006 88B7      		in r24,88-32
  30 0008 8160      		ori r24,lo8(1)
  31 000a 88BF      		out 88-32,r24
  32               	.LM5:
  33 000c 89B7      		in r24,89-32
  34 000e 8160      		ori r24,lo8(1)
  35 0010 89BF      		out 89-32,r24
  36               	.LM6:
  37 0012 1092 0000 		sts (v_SwTimer_mS)+1,__zero_reg__
  38 0016 1092 0000 		sts v_SwTimer_mS,__zero_reg__
  39 001a 1092 0000 		sts (v_SwTimer_mS+2)+1,__zero_reg__
  40 001e 1092 0000 		sts v_SwTimer_mS+2,__zero_reg__
  41 0022 1092 0000 		sts (v_SwTimer_mS+4)+1,__zero_reg__
  42 0026 1092 0000 		sts v_SwTimer_mS+4,__zero_reg__
  43 002a 1092 0000 		sts (v_SwTimer_mS+6)+1,__zero_reg__
  44 002e 1092 0000 		sts v_SwTimer_mS+6,__zero_reg__
  45               	.LM7:
  46 0032 1092 0000 		sts (v_SysTimer)+1,__zero_reg__
  47 0036 1092 0000 		sts v_SysTimer,__zero_reg__
  48               	.LM8:
  49 003a 80E0      		ldi r24,lo8(256)
  50 003c 91E0      		ldi r25,hi8(256)
  51 003e 9093 0000 		sts (v_ErrLevel)+1,r25
  52 0042 8093 0000 		sts v_ErrLevel,r24
  53               	.LM9:
  54 0046 83E0      		ldi r24,lo8(3)
  55 0048 83BF      		out 83-32,r24
  56               	.LM10:
  57 004a BC9A      		sbi 55-32,4
GAS LISTING C:\users\mohammadreza\Temp/ccberRal.s 			page 2


  58               	.LM11:
  59 004c C49A      		sbi 56-32,4
  60               	/* epilogue start */
  61               	.LM12:
  62 004e 0895      		ret
  63               	.LFE2:
  64               		.size	f_InitSysTimer, .-f_InitSysTimer
  65               	.global	f_flashled
  66               		.type	f_flashled, @function
  67               	f_flashled:
  68               	.LFB4:
  69               	.LM13:
  70               	/* prologue: function */
  71               	/* frame size = 0 */
  72               	.LM14:
  73 0050 88B3      		in r24,56-32
  74               	.LVL0:
  75               	.LM15:
  76 0052 90E1      		ldi r25,lo8(16)
  77 0054 8927      		eor r24,r25
  78               	.LM16:
  79 0056 88BB      		out 56-32,r24
  80               	/* epilogue start */
  81               	.LM17:
  82 0058 0895      		ret
  83               	.LFE4:
  84               		.size	f_flashled, .-f_flashled
  85               	.global	f_SwTimerKey
  86               		.type	f_SwTimerKey, @function
  87               	f_SwTimerKey:
  88               	.LFB5:
  89               	.LM18:
  90               	/* prologue: function */
  91               	/* frame size = 0 */
  92               	/* epilogue start */
  93               	.LM19:
  94 005a 0895      		ret
  95               	.LFE5:
  96               		.size	f_SwTimerKey, .-f_SwTimerKey
  97               	.global	f_SwTimerLCM
  98               		.type	f_SwTimerLCM, @function
  99               	f_SwTimerLCM:
 100               	.LFB6:
 101               	.LM20:
 102               	/* prologue: function */
 103               	/* frame size = 0 */
 104               	/* epilogue start */
 105               	.LM21:
 106 005c 0895      		ret
 107               	.LFE6:
 108               		.size	f_SwTimerLCM, .-f_SwTimerLCM
 109               	.global	f_SystickSetErrLevel
 110               		.type	f_SystickSetErrLevel, @function
 111               	f_SystickSetErrLevel:
 112               	.LFB7:
 113               	.LM22:
 114               	.LVL1:
GAS LISTING C:\users\mohammadreza\Temp/ccberRal.s 			page 3


 115               	/* prologue: function */
 116               	/* frame size = 0 */
 117               	.LM23:
 118 005e 9093 0000 		sts (v_ErrLevel)+1,r25
 119 0062 8093 0000 		sts v_ErrLevel,r24
 120               	/* epilogue start */
 121               	.LM24:
 122 0066 0895      		ret
 123               	.LFE7:
 124               		.size	f_SystickSetErrLevel, .-f_SystickSetErrLevel
 125               	.global	__vector_9
 126               		.type	__vector_9, @function
 127               	__vector_9:
 128               	.LFB8:
 129               	.LM25:
 130 0068 1F92      		push __zero_reg__
 131 006a 0F92      		push r0
 132 006c 0FB6      		in r0,__SREG__
 133 006e 0F92      		push r0
 134 0070 1124      		clr __zero_reg__
 135 0072 8F93      		push r24
 136               	/* prologue: Signal */
 137               	/* frame size = 0 */
 138               	.LM26:
 139 0074 8091 0000 		lds r24,v_SysStat
 140 0078 8160      		ori r24,lo8(1)
 141 007a 8093 0000 		sts v_SysStat,r24
 142               	.LM27:
 143 007e 83E8      		ldi r24,lo8(-125)
 144 0080 82BF      		out 82-32,r24
 145               	/* epilogue start */
 146               	.LM28:
 147 0082 8F91      		pop r24
 148 0084 0F90      		pop r0
 149 0086 0FBE      		out __SREG__,r0
 150 0088 0F90      		pop r0
 151 008a 1F90      		pop __zero_reg__
 152 008c 1895      		reti
 153               	.LFE8:
 154               		.size	__vector_9, .-__vector_9
 155               		.data
 156               	.LC0:
 157 0000 0A63 6F64 		.string	"\ncode 140t\n"
 157      6520 3134 
 157      3074 0A00 
 158               	.LC1:
 159 000c 0A63 6F64 		.string	"\ncode 145t\n"
 159      6520 3134 
 159      3574 0A00 
 160               		.text
 161               	.global	f_SysTick
 162               		.type	f_SysTick, @function
 163               	f_SysTick:
 164               	.LFB3:
 165               	.LM29:
 166               	/* prologue: function */
 167               	/* frame size = 0 */
GAS LISTING C:\users\mohammadreza\Temp/ccberRal.s 			page 4


 168               	.LM30:
 169 008e 80E0      		ldi r24,lo8(.LC0)
 170 0090 90E0      		ldi r25,hi8(.LC0)
 171 0092 0E94 0000 		call f_Uart_PutStr
 172               	.LM31:
 173 0096 8091 0000 		lds r24,v_SysStat
 174 009a 80FF      		sbrs r24,0
 175 009c 0895      		ret
 176               	.L26:
 177               	.LM32:
 178 009e 80E0      		ldi r24,lo8(.LC1)
 179 00a0 90E0      		ldi r25,hi8(.LC1)
 180 00a2 0E94 0000 		call f_Uart_PutStr
 181               	.LM33:
 182 00a6 2091 0000 		lds r18,v_SysStat
 183               	.LVL2:
 184 00aa 2E7F      		andi r18,lo8(-2)
 185 00ac 2093 0000 		sts v_SysStat,r18
 186               	.LM34:
 187 00b0 8091 0000 		lds r24,v_SysTimer
 188 00b4 9091 0000 		lds r25,(v_SysTimer)+1
 189 00b8 0196      		adiw r24,1
 190 00ba 9093 0000 		sts (v_SysTimer)+1,r25
 191 00be 8093 0000 		sts v_SysTimer,r24
 192               	.LM35:
 193 00c2 8091 0000 		lds r24,v_SysTimer
 194 00c6 9091 0000 		lds r25,(v_SysTimer)+1
 195 00ca 845F      		subi r24,lo8(500)
 196 00cc 9140      		sbci r25,hi8(500)
 197 00ce 01F4      		brne .+2
 198 00d0 00C0      		rjmp .L27
 199               	.L15:
 200               	.LM36:
 201 00d2 8091 0000 		lds r24,v_SysTimer
 202 00d6 9091 0000 		lds r25,(v_SysTimer)+1
 203 00da 6091 0000 		lds r22,v_ErrLevel
 204 00de 7091 0000 		lds r23,(v_ErrLevel)+1
 205 00e2 0E94 0000 		call __udivmodhi4
 206 00e6 892B      		or r24,r25
 207 00e8 01F4      		brne .L16
 208               	.LBB4:
 209               	.LBB5:
 210               	.LM37:
 211 00ea 88B3      		in r24,56-32
 212               	.LVL3:
 213               	.LM38:
 214 00ec 90E1      		ldi r25,lo8(16)
 215 00ee 8927      		eor r24,r25
 216               	.LM39:
 217 00f0 88BB      		out 56-32,r24
 218               	.L16:
 219               	.LBE5:
 220               	.LBE4:
 221               	.LM40:
 222 00f2 8091 0000 		lds r24,v_SysTimer
 223 00f6 9091 0000 		lds r25,(v_SysTimer)+1
 224               	.LVL4:
GAS LISTING C:\users\mohammadreza\Temp/ccberRal.s 			page 5


 225 00fa 6FEF      		ldi r22,lo8(255)
 226 00fc 70E0      		ldi r23,hi8(255)
 227 00fe 0E94 0000 		call __udivmodhi4
 228 0102 892B      		or r24,r25
 229 0104 01F4      		brne .L17
 230               	.LM41:
 231 0106 2460      		ori r18,lo8(4)
 232 0108 2093 0000 		sts v_SysStat,r18
 233               	.L17:
 234               	.LM42:
 235 010c 8091 0000 		lds r24,v_SysTimer
 236 0110 9091 0000 		lds r25,(v_SysTimer)+1
 237 0114 6FEF      		ldi r22,lo8(255)
 238 0116 70E0      		ldi r23,hi8(255)
 239 0118 0E94 0000 		call __udivmodhi4
 240 011c 892B      		or r24,r25
 241 011e 01F0      		breq .L18
 242               	.L24:
 243               	.LM43:
 244 0120 20E0      		ldi r18,lo8(0)
 245 0122 30E0      		ldi r19,hi8(0)
 246               	.LVL5:
 247               	.L22:
 248               	.LM44:
 249 0124 F901      		movw r30,r18
 250 0126 EE0F      		lsl r30
 251 0128 FF1F      		rol r31
 252 012a E050      		subi r30,lo8(-(v_SwTimer_mS))
 253 012c F040      		sbci r31,hi8(-(v_SwTimer_mS))
 254 012e 8081      		ld r24,Z
 255 0130 9181      		ldd r25,Z+1
 256 0132 892B      		or r24,r25
 257 0134 01F0      		breq .L20
 258               	.LM45:
 259 0136 8081      		ld r24,Z
 260 0138 9181      		ldd r25,Z+1
 261 013a 0197      		sbiw r24,1
 262 013c 9183      		std Z+1,r25
 263 013e 8083      		st Z,r24
 264               	.L20:
 265 0140 2F5F      		subi r18,lo8(-(1))
 266 0142 3F4F      		sbci r19,hi8(-(1))
 267               	.LM46:
 268 0144 2430      		cpi r18,4
 269 0146 3105      		cpc r19,__zero_reg__
 270 0148 01F4      		brne .L22
 271 014a 0895      		ret
 272               	.LVL6:
 273               	.L18:
 274               	.LM47:
 275 014c 8091 0000 		lds r24,v_SysStat
 276               	.LVL7:
 277 0150 8860      		ori r24,lo8(8)
 278 0152 8093 0000 		sts v_SysStat,r24
 279 0156 00C0      		rjmp .L24
 280               	.LVL8:
 281               	.L27:
GAS LISTING C:\users\mohammadreza\Temp/ccberRal.s 			page 6


 282               	.LM48:
 283 0158 1092 0000 		sts (v_SysTimer)+1,__zero_reg__
 284 015c 1092 0000 		sts v_SysTimer,__zero_reg__
 285 0160 00C0      		rjmp .L15
 286               	.LFE3:
 287               		.size	f_SysTick, .-f_SysTick
 288               		.comm v_SysTimer,2,1
 289               		.comm v_ErrLevel,2,1
 290               		.comm v_SwTimer_mS,8,1
 291               		.section	.debug_frame,"",@progbits
 292               	.Lframe0:
 293 0000 0C00 0000 		.long	.LECIE0-.LSCIE0
 294               	.LSCIE0:
 295 0004 FFFF FFFF 		.long	0xffffffff
 296 0008 01        		.byte	0x1
 297 0009 00        		.string	""
 298 000a 01        		.uleb128 0x1
 299 000b 7F        		.sleb128 -1
 300 000c 24        		.byte	0x24
 301 000d 0C        		.byte	0xc
 302 000e 20        		.uleb128 0x20
 303 000f 00        		.uleb128 0x0
 304               		.p2align	2
 305               	.LECIE0:
 306               	.LSFDE0:
 307 0010 0C00 0000 		.long	.LEFDE0-.LASFDE0
 308               	.LASFDE0:
 309 0014 0000 0000 		.long	.Lframe0
 310 0018 0000 0000 		.long	.LFB2
 311 001c 5000 0000 		.long	.LFE2-.LFB2
 312               		.p2align	2
 313               	.LEFDE0:
 314               	.LSFDE2:
 315 0020 0C00 0000 		.long	.LEFDE2-.LASFDE2
 316               	.LASFDE2:
 317 0024 0000 0000 		.long	.Lframe0
 318 0028 0000 0000 		.long	.LFB4
 319 002c 0A00 0000 		.long	.LFE4-.LFB4
 320               		.p2align	2
 321               	.LEFDE2:
 322               	.LSFDE4:
 323 0030 0C00 0000 		.long	.LEFDE4-.LASFDE4
 324               	.LASFDE4:
 325 0034 0000 0000 		.long	.Lframe0
 326 0038 0000 0000 		.long	.LFB5
 327 003c 0200 0000 		.long	.LFE5-.LFB5
 328               		.p2align	2
 329               	.LEFDE4:
 330               	.LSFDE6:
 331 0040 0C00 0000 		.long	.LEFDE6-.LASFDE6
 332               	.LASFDE6:
 333 0044 0000 0000 		.long	.Lframe0
 334 0048 0000 0000 		.long	.LFB6
 335 004c 0200 0000 		.long	.LFE6-.LFB6
 336               		.p2align	2
 337               	.LEFDE6:
 338               	.LSFDE8:
GAS LISTING C:\users\mohammadreza\Temp/ccberRal.s 			page 7


 339 0050 0C00 0000 		.long	.LEFDE8-.LASFDE8
 340               	.LASFDE8:
 341 0054 0000 0000 		.long	.Lframe0
 342 0058 0000 0000 		.long	.LFB7
 343 005c 0A00 0000 		.long	.LFE7-.LFB7
 344               		.p2align	2
 345               	.LEFDE8:
 346               	.LSFDE10:
 347 0060 0C00 0000 		.long	.LEFDE10-.LASFDE10
 348               	.LASFDE10:
 349 0064 0000 0000 		.long	.Lframe0
 350 0068 0000 0000 		.long	.LFB8
 351 006c 2600 0000 		.long	.LFE8-.LFB8
 352               		.p2align	2
 353               	.LEFDE10:
 354               	.LSFDE12:
 355 0070 0C00 0000 		.long	.LEFDE12-.LASFDE12
 356               	.LASFDE12:
 357 0074 0000 0000 		.long	.Lframe0
 358 0078 0000 0000 		.long	.LFB3
 359 007c D400 0000 		.long	.LFE3-.LFB3
 360               		.p2align	2
 361               	.LEFDE12:
 362               		.text
 363               	.Letext0:
 364               		.section	.debug_loc,"",@progbits
 365               	.Ldebug_loc0:
 366               	.LLST7:
 367 0000 EC00 0000 		.long	.LVL3-.Ltext0
 368 0004 FA00 0000 		.long	.LVL4-.Ltext0
 369 0008 0100      		.word	0x1
 370 000a 68        		.byte	0x68
 371 000b 0000 0000 		.long	0x0
 372 000f 0000 0000 		.long	0x0
 373               		.section	.debug_info
 374 0000 ED01 0000 		.long	0x1ed
 375 0004 0200      		.word	0x2
 376 0006 0000 0000 		.long	.Ldebug_abbrev0
 377 000a 04        		.byte	0x4
 378 000b 01        		.uleb128 0x1
 379 000c 0000 0000 		.long	.LASF24
 380 0010 01        		.byte	0x1
 381 0011 0000 0000 		.long	.LASF25
 382 0015 0000 0000 		.long	.LASF26
 383 0019 0000 0000 		.long	.Ltext0
 384 001d 0000 0000 		.long	.Letext0
 385 0021 0000 0000 		.long	.Ldebug_line0
 386 0025 02        		.uleb128 0x2
 387 0026 01        		.byte	0x1
 388 0027 06        		.byte	0x6
 389 0028 0000 0000 		.long	.LASF0
 390 002c 02        		.uleb128 0x2
 391 002d 01        		.byte	0x1
 392 002e 08        		.byte	0x8
 393 002f 0000 0000 		.long	.LASF1
 394 0033 03        		.uleb128 0x3
 395 0034 02        		.byte	0x2
GAS LISTING C:\users\mohammadreza\Temp/ccberRal.s 			page 8


 396 0035 05        		.byte	0x5
 397 0036 696E 7400 		.string	"int"
 398 003a 02        		.uleb128 0x2
 399 003b 02        		.byte	0x2
 400 003c 07        		.byte	0x7
 401 003d 0000 0000 		.long	.LASF2
 402 0041 02        		.uleb128 0x2
 403 0042 04        		.byte	0x4
 404 0043 05        		.byte	0x5
 405 0044 0000 0000 		.long	.LASF3
 406 0048 02        		.uleb128 0x2
 407 0049 04        		.byte	0x4
 408 004a 07        		.byte	0x7
 409 004b 0000 0000 		.long	.LASF4
 410 004f 02        		.uleb128 0x2
 411 0050 08        		.byte	0x8
 412 0051 05        		.byte	0x5
 413 0052 0000 0000 		.long	.LASF5
 414 0056 02        		.uleb128 0x2
 415 0057 08        		.byte	0x8
 416 0058 07        		.byte	0x7
 417 0059 0000 0000 		.long	.LASF6
 418 005d 02        		.uleb128 0x2
 419 005e 01        		.byte	0x1
 420 005f 06        		.byte	0x6
 421 0060 0000 0000 		.long	.LASF7
 422 0064 02        		.uleb128 0x2
 423 0065 02        		.byte	0x2
 424 0066 07        		.byte	0x7
 425 0067 0000 0000 		.long	.LASF8
 426 006b 02        		.uleb128 0x2
 427 006c 02        		.byte	0x2
 428 006d 05        		.byte	0x5
 429 006e 0000 0000 		.long	.LASF9
 430 0072 04        		.uleb128 0x4
 431 0073 0000 0000 		.long	.LASF10
 432 0077 02        		.byte	0x2
 433 0078 0D        		.byte	0xd
 434 0079 2C00 0000 		.long	0x2c
 435 007d 04        		.uleb128 0x4
 436 007e 0000 0000 		.long	.LASF11
 437 0082 02        		.byte	0x2
 438 0083 0F        		.byte	0xf
 439 0084 6400 0000 		.long	0x64
 440 0088 05        		.uleb128 0x5
 441 0089 01        		.byte	0x1
 442 008a 0000 0000 		.long	.LASF27
 443 008e 01        		.byte	0x1
 444 008f C0        		.byte	0xc0
 445 0090 01        		.byte	0x1
 446 0091 00        		.byte	0x0
 447 0092 A200 0000 		.long	0xa2
 448 0096 06        		.uleb128 0x6
 449 0097 0000 0000 		.long	.LASF12
 450 009b 01        		.byte	0x1
 451 009c C1        		.byte	0xc1
 452 009d 7200 0000 		.long	0x72
GAS LISTING C:\users\mohammadreza\Temp/ccberRal.s 			page 9


 453 00a1 00        		.byte	0x0
 454 00a2 07        		.uleb128 0x7
 455 00a3 01        		.byte	0x1
 456 00a4 0000 0000 		.long	.LASF15
 457 00a8 01        		.byte	0x1
 458 00a9 42        		.byte	0x42
 459 00aa 01        		.byte	0x1
 460 00ab 0000 0000 		.long	.LFB2
 461 00af 0000 0000 		.long	.LFE2
 462 00b3 02        		.byte	0x2
 463 00b4 90        		.byte	0x90
 464 00b5 20        		.uleb128 0x20
 465 00b6 C600 0000 		.long	0xc6
 466 00ba 06        		.uleb128 0x6
 467 00bb 0000 0000 		.long	.LASF12
 468 00bf 01        		.byte	0x1
 469 00c0 43        		.byte	0x43
 470 00c1 7200 0000 		.long	0x72
 471 00c5 00        		.byte	0x0
 472 00c6 08        		.uleb128 0x8
 473 00c7 8800 0000 		.long	0x88
 474 00cb 0000 0000 		.long	.LFB4
 475 00cf 0000 0000 		.long	.LFE4
 476 00d3 02        		.byte	0x2
 477 00d4 90        		.byte	0x90
 478 00d5 20        		.uleb128 0x20
 479 00d6 E200 0000 		.long	0xe2
 480 00da 09        		.uleb128 0x9
 481 00db 9600 0000 		.long	0x96
 482 00df 01        		.byte	0x1
 483 00e0 68        		.byte	0x68
 484 00e1 00        		.byte	0x0
 485 00e2 0A        		.uleb128 0xa
 486 00e3 01        		.byte	0x1
 487 00e4 0000 0000 		.long	.LASF13
 488 00e8 01        		.byte	0x1
 489 00e9 C9        		.byte	0xc9
 490 00ea 01        		.byte	0x1
 491 00eb 0000 0000 		.long	.LFB5
 492 00ef 0000 0000 		.long	.LFE5
 493 00f3 02        		.byte	0x2
 494 00f4 90        		.byte	0x90
 495 00f5 20        		.uleb128 0x20
 496 00f6 0A        		.uleb128 0xa
 497 00f7 01        		.byte	0x1
 498 00f8 0000 0000 		.long	.LASF14
 499 00fc 01        		.byte	0x1
 500 00fd D2        		.byte	0xd2
 501 00fe 01        		.byte	0x1
 502 00ff 0000 0000 		.long	.LFB6
 503 0103 0000 0000 		.long	.LFE6
 504 0107 02        		.byte	0x2
 505 0108 90        		.byte	0x90
 506 0109 20        		.uleb128 0x20
 507 010a 07        		.uleb128 0x7
 508 010b 01        		.byte	0x1
 509 010c 0000 0000 		.long	.LASF16
GAS LISTING C:\users\mohammadreza\Temp/ccberRal.s 			page 10


 510 0110 01        		.byte	0x1
 511 0111 DD        		.byte	0xdd
 512 0112 01        		.byte	0x1
 513 0113 0000 0000 		.long	.LFB7
 514 0117 0000 0000 		.long	.LFE7
 515 011b 02        		.byte	0x2
 516 011c 90        		.byte	0x90
 517 011d 20        		.uleb128 0x20
 518 011e 3501 0000 		.long	0x135
 519 0122 0B        		.uleb128 0xb
 520 0123 0000 0000 		.long	.LASF28
 521 0127 01        		.byte	0x1
 522 0128 DC        		.byte	0xdc
 523 0129 7D00 0000 		.long	0x7d
 524 012d 06        		.byte	0x6
 525 012e 68        		.byte	0x68
 526 012f 93        		.byte	0x93
 527 0130 01        		.uleb128 0x1
 528 0131 69        		.byte	0x69
 529 0132 93        		.byte	0x93
 530 0133 01        		.uleb128 0x1
 531 0134 00        		.byte	0x0
 532 0135 0A        		.uleb128 0xa
 533 0136 01        		.byte	0x1
 534 0137 0000 0000 		.long	.LASF17
 535 013b 01        		.byte	0x1
 536 013c E3        		.byte	0xe3
 537 013d 01        		.byte	0x1
 538 013e 0000 0000 		.long	.LFB8
 539 0142 0000 0000 		.long	.LFE8
 540 0146 02        		.byte	0x2
 541 0147 90        		.byte	0x90
 542 0148 20        		.uleb128 0x20
 543 0149 07        		.uleb128 0x7
 544 014a 01        		.byte	0x1
 545 014b 0000 0000 		.long	.LASF18
 546 014f 01        		.byte	0x1
 547 0150 8B        		.byte	0x8b
 548 0151 01        		.byte	0x1
 549 0152 0000 0000 		.long	.LFB3
 550 0156 0000 0000 		.long	.LFE3
 551 015a 02        		.byte	0x2
 552 015b 90        		.byte	0x90
 553 015c 20        		.uleb128 0x20
 554 015d 9001 0000 		.long	0x190
 555 0161 06        		.uleb128 0x6
 556 0162 0000 0000 		.long	.LASF19
 557 0166 01        		.byte	0x1
 558 0167 8D        		.byte	0x8d
 559 0168 7200 0000 		.long	0x72
 560 016c 0C        		.uleb128 0xc
 561 016d 8800 0000 		.long	0x88
 562 0171 0000 0000 		.long	.LBB4
 563 0175 0000 0000 		.long	.LBE4
 564 0179 01        		.byte	0x1
 565 017a 9C        		.byte	0x9c
 566 017b 0D        		.uleb128 0xd
GAS LISTING C:\users\mohammadreza\Temp/ccberRal.s 			page 11


 567 017c 0000 0000 		.long	.LBB5
 568 0180 0000 0000 		.long	.LBE5
 569 0184 0E        		.uleb128 0xe
 570 0185 9600 0000 		.long	0x96
 571 0189 0000 0000 		.long	.LLST7
 572 018d 00        		.byte	0x0
 573 018e 00        		.byte	0x0
 574 018f 00        		.byte	0x0
 575 0190 0F        		.uleb128 0xf
 576 0191 0000 0000 		.long	.LASF20
 577 0195 01        		.byte	0x1
 578 0196 34        		.byte	0x34
 579 0197 A201 0000 		.long	0x1a2
 580 019b 01        		.byte	0x1
 581 019c 05        		.byte	0x5
 582 019d 03        		.byte	0x3
 583 019e 0000 0000 		.long	v_SysTimer
 584 01a2 10        		.uleb128 0x10
 585 01a3 7D00 0000 		.long	0x7d
 586 01a7 0F        		.uleb128 0xf
 587 01a8 0000 0000 		.long	.LASF21
 588 01ac 01        		.byte	0x1
 589 01ad 35        		.byte	0x35
 590 01ae A201 0000 		.long	0x1a2
 591 01b2 01        		.byte	0x1
 592 01b3 05        		.byte	0x5
 593 01b4 03        		.byte	0x3
 594 01b5 0000 0000 		.long	v_ErrLevel
 595 01b9 11        		.uleb128 0x11
 596 01ba 7D00 0000 		.long	0x7d
 597 01be C901 0000 		.long	0x1c9
 598 01c2 12        		.uleb128 0x12
 599 01c3 C901 0000 		.long	0x1c9
 600 01c7 03        		.byte	0x3
 601 01c8 00        		.byte	0x0
 602 01c9 13        		.uleb128 0x13
 603 01ca 02        		.byte	0x2
 604 01cb 07        		.byte	0x7
 605 01cc 0F        		.uleb128 0xf
 606 01cd 0000 0000 		.long	.LASF22
 607 01d1 01        		.byte	0x1
 608 01d2 36        		.byte	0x36
 609 01d3 DE01 0000 		.long	0x1de
 610 01d7 01        		.byte	0x1
 611 01d8 05        		.byte	0x5
 612 01d9 03        		.byte	0x3
 613 01da 0000 0000 		.long	v_SwTimer_mS
 614 01de 10        		.uleb128 0x10
 615 01df B901 0000 		.long	0x1b9
 616 01e3 14        		.uleb128 0x14
 617 01e4 0000 0000 		.long	.LASF23
 618 01e8 01        		.byte	0x1
 619 01e9 38        		.byte	0x38
 620 01ea 7200 0000 		.long	0x72
 621 01ee 01        		.byte	0x1
 622 01ef 01        		.byte	0x1
 623 01f0 00        		.byte	0x0
GAS LISTING C:\users\mohammadreza\Temp/ccberRal.s 			page 12


 624               		.section	.debug_abbrev
 625 0000 01        		.uleb128 0x1
 626 0001 11        		.uleb128 0x11
 627 0002 01        		.byte	0x1
 628 0003 25        		.uleb128 0x25
 629 0004 0E        		.uleb128 0xe
 630 0005 13        		.uleb128 0x13
 631 0006 0B        		.uleb128 0xb
 632 0007 03        		.uleb128 0x3
 633 0008 0E        		.uleb128 0xe
 634 0009 1B        		.uleb128 0x1b
 635 000a 0E        		.uleb128 0xe
 636 000b 11        		.uleb128 0x11
 637 000c 01        		.uleb128 0x1
 638 000d 12        		.uleb128 0x12
 639 000e 01        		.uleb128 0x1
 640 000f 10        		.uleb128 0x10
 641 0010 06        		.uleb128 0x6
 642 0011 00        		.byte	0x0
 643 0012 00        		.byte	0x0
 644 0013 02        		.uleb128 0x2
 645 0014 24        		.uleb128 0x24
 646 0015 00        		.byte	0x0
 647 0016 0B        		.uleb128 0xb
 648 0017 0B        		.uleb128 0xb
 649 0018 3E        		.uleb128 0x3e
 650 0019 0B        		.uleb128 0xb
 651 001a 03        		.uleb128 0x3
 652 001b 0E        		.uleb128 0xe
 653 001c 00        		.byte	0x0
 654 001d 00        		.byte	0x0
 655 001e 03        		.uleb128 0x3
 656 001f 24        		.uleb128 0x24
 657 0020 00        		.byte	0x0
 658 0021 0B        		.uleb128 0xb
 659 0022 0B        		.uleb128 0xb
 660 0023 3E        		.uleb128 0x3e
 661 0024 0B        		.uleb128 0xb
 662 0025 03        		.uleb128 0x3
 663 0026 08        		.uleb128 0x8
 664 0027 00        		.byte	0x0
 665 0028 00        		.byte	0x0
 666 0029 04        		.uleb128 0x4
 667 002a 16        		.uleb128 0x16
 668 002b 00        		.byte	0x0
 669 002c 03        		.uleb128 0x3
 670 002d 0E        		.uleb128 0xe
 671 002e 3A        		.uleb128 0x3a
 672 002f 0B        		.uleb128 0xb
 673 0030 3B        		.uleb128 0x3b
 674 0031 0B        		.uleb128 0xb
 675 0032 49        		.uleb128 0x49
 676 0033 13        		.uleb128 0x13
 677 0034 00        		.byte	0x0
 678 0035 00        		.byte	0x0
 679 0036 05        		.uleb128 0x5
 680 0037 2E        		.uleb128 0x2e
GAS LISTING C:\users\mohammadreza\Temp/ccberRal.s 			page 13


 681 0038 01        		.byte	0x1
 682 0039 3F        		.uleb128 0x3f
 683 003a 0C        		.uleb128 0xc
 684 003b 03        		.uleb128 0x3
 685 003c 0E        		.uleb128 0xe
 686 003d 3A        		.uleb128 0x3a
 687 003e 0B        		.uleb128 0xb
 688 003f 3B        		.uleb128 0x3b
 689 0040 0B        		.uleb128 0xb
 690 0041 27        		.uleb128 0x27
 691 0042 0C        		.uleb128 0xc
 692 0043 20        		.uleb128 0x20
 693 0044 0B        		.uleb128 0xb
 694 0045 01        		.uleb128 0x1
 695 0046 13        		.uleb128 0x13
 696 0047 00        		.byte	0x0
 697 0048 00        		.byte	0x0
 698 0049 06        		.uleb128 0x6
 699 004a 34        		.uleb128 0x34
 700 004b 00        		.byte	0x0
 701 004c 03        		.uleb128 0x3
 702 004d 0E        		.uleb128 0xe
 703 004e 3A        		.uleb128 0x3a
 704 004f 0B        		.uleb128 0xb
 705 0050 3B        		.uleb128 0x3b
 706 0051 0B        		.uleb128 0xb
 707 0052 49        		.uleb128 0x49
 708 0053 13        		.uleb128 0x13
 709 0054 00        		.byte	0x0
 710 0055 00        		.byte	0x0
 711 0056 07        		.uleb128 0x7
 712 0057 2E        		.uleb128 0x2e
 713 0058 01        		.byte	0x1
 714 0059 3F        		.uleb128 0x3f
 715 005a 0C        		.uleb128 0xc
 716 005b 03        		.uleb128 0x3
 717 005c 0E        		.uleb128 0xe
 718 005d 3A        		.uleb128 0x3a
 719 005e 0B        		.uleb128 0xb
 720 005f 3B        		.uleb128 0x3b
 721 0060 0B        		.uleb128 0xb
 722 0061 27        		.uleb128 0x27
 723 0062 0C        		.uleb128 0xc
 724 0063 11        		.uleb128 0x11
 725 0064 01        		.uleb128 0x1
 726 0065 12        		.uleb128 0x12
 727 0066 01        		.uleb128 0x1
 728 0067 40        		.uleb128 0x40
 729 0068 0A        		.uleb128 0xa
 730 0069 01        		.uleb128 0x1
 731 006a 13        		.uleb128 0x13
 732 006b 00        		.byte	0x0
 733 006c 00        		.byte	0x0
 734 006d 08        		.uleb128 0x8
 735 006e 2E        		.uleb128 0x2e
 736 006f 01        		.byte	0x1
 737 0070 31        		.uleb128 0x31
GAS LISTING C:\users\mohammadreza\Temp/ccberRal.s 			page 14


 738 0071 13        		.uleb128 0x13
 739 0072 11        		.uleb128 0x11
 740 0073 01        		.uleb128 0x1
 741 0074 12        		.uleb128 0x12
 742 0075 01        		.uleb128 0x1
 743 0076 40        		.uleb128 0x40
 744 0077 0A        		.uleb128 0xa
 745 0078 01        		.uleb128 0x1
 746 0079 13        		.uleb128 0x13
 747 007a 00        		.byte	0x0
 748 007b 00        		.byte	0x0
 749 007c 09        		.uleb128 0x9
 750 007d 34        		.uleb128 0x34
 751 007e 00        		.byte	0x0
 752 007f 31        		.uleb128 0x31
 753 0080 13        		.uleb128 0x13
 754 0081 02        		.uleb128 0x2
 755 0082 0A        		.uleb128 0xa
 756 0083 00        		.byte	0x0
 757 0084 00        		.byte	0x0
 758 0085 0A        		.uleb128 0xa
 759 0086 2E        		.uleb128 0x2e
 760 0087 00        		.byte	0x0
 761 0088 3F        		.uleb128 0x3f
 762 0089 0C        		.uleb128 0xc
 763 008a 03        		.uleb128 0x3
 764 008b 0E        		.uleb128 0xe
 765 008c 3A        		.uleb128 0x3a
 766 008d 0B        		.uleb128 0xb
 767 008e 3B        		.uleb128 0x3b
 768 008f 0B        		.uleb128 0xb
 769 0090 27        		.uleb128 0x27
 770 0091 0C        		.uleb128 0xc
 771 0092 11        		.uleb128 0x11
 772 0093 01        		.uleb128 0x1
 773 0094 12        		.uleb128 0x12
 774 0095 01        		.uleb128 0x1
 775 0096 40        		.uleb128 0x40
 776 0097 0A        		.uleb128 0xa
 777 0098 00        		.byte	0x0
 778 0099 00        		.byte	0x0
 779 009a 0B        		.uleb128 0xb
 780 009b 05        		.uleb128 0x5
 781 009c 00        		.byte	0x0
 782 009d 03        		.uleb128 0x3
 783 009e 0E        		.uleb128 0xe
 784 009f 3A        		.uleb128 0x3a
 785 00a0 0B        		.uleb128 0xb
 786 00a1 3B        		.uleb128 0x3b
 787 00a2 0B        		.uleb128 0xb
 788 00a3 49        		.uleb128 0x49
 789 00a4 13        		.uleb128 0x13
 790 00a5 02        		.uleb128 0x2
 791 00a6 0A        		.uleb128 0xa
 792 00a7 00        		.byte	0x0
 793 00a8 00        		.byte	0x0
 794 00a9 0C        		.uleb128 0xc
GAS LISTING C:\users\mohammadreza\Temp/ccberRal.s 			page 15


 795 00aa 1D        		.uleb128 0x1d
 796 00ab 01        		.byte	0x1
 797 00ac 31        		.uleb128 0x31
 798 00ad 13        		.uleb128 0x13
 799 00ae 11        		.uleb128 0x11
 800 00af 01        		.uleb128 0x1
 801 00b0 12        		.uleb128 0x12
 802 00b1 01        		.uleb128 0x1
 803 00b2 58        		.uleb128 0x58
 804 00b3 0B        		.uleb128 0xb
 805 00b4 59        		.uleb128 0x59
 806 00b5 0B        		.uleb128 0xb
 807 00b6 00        		.byte	0x0
 808 00b7 00        		.byte	0x0
 809 00b8 0D        		.uleb128 0xd
 810 00b9 0B        		.uleb128 0xb
 811 00ba 01        		.byte	0x1
 812 00bb 11        		.uleb128 0x11
 813 00bc 01        		.uleb128 0x1
 814 00bd 12        		.uleb128 0x12
 815 00be 01        		.uleb128 0x1
 816 00bf 00        		.byte	0x0
 817 00c0 00        		.byte	0x0
 818 00c1 0E        		.uleb128 0xe
 819 00c2 34        		.uleb128 0x34
 820 00c3 00        		.byte	0x0
 821 00c4 31        		.uleb128 0x31
 822 00c5 13        		.uleb128 0x13
 823 00c6 02        		.uleb128 0x2
 824 00c7 06        		.uleb128 0x6
 825 00c8 00        		.byte	0x0
 826 00c9 00        		.byte	0x0
 827 00ca 0F        		.uleb128 0xf
 828 00cb 34        		.uleb128 0x34
 829 00cc 00        		.byte	0x0
 830 00cd 03        		.uleb128 0x3
 831 00ce 0E        		.uleb128 0xe
 832 00cf 3A        		.uleb128 0x3a
 833 00d0 0B        		.uleb128 0xb
 834 00d1 3B        		.uleb128 0x3b
 835 00d2 0B        		.uleb128 0xb
 836 00d3 49        		.uleb128 0x49
 837 00d4 13        		.uleb128 0x13
 838 00d5 3F        		.uleb128 0x3f
 839 00d6 0C        		.uleb128 0xc
 840 00d7 02        		.uleb128 0x2
 841 00d8 0A        		.uleb128 0xa
 842 00d9 00        		.byte	0x0
 843 00da 00        		.byte	0x0
 844 00db 10        		.uleb128 0x10
 845 00dc 35        		.uleb128 0x35
 846 00dd 00        		.byte	0x0
 847 00de 49        		.uleb128 0x49
 848 00df 13        		.uleb128 0x13
 849 00e0 00        		.byte	0x0
 850 00e1 00        		.byte	0x0
 851 00e2 11        		.uleb128 0x11
GAS LISTING C:\users\mohammadreza\Temp/ccberRal.s 			page 16


 852 00e3 01        		.uleb128 0x1
 853 00e4 01        		.byte	0x1
 854 00e5 49        		.uleb128 0x49
 855 00e6 13        		.uleb128 0x13
 856 00e7 01        		.uleb128 0x1
 857 00e8 13        		.uleb128 0x13
 858 00e9 00        		.byte	0x0
 859 00ea 00        		.byte	0x0
 860 00eb 12        		.uleb128 0x12
 861 00ec 21        		.uleb128 0x21
 862 00ed 00        		.byte	0x0
 863 00ee 49        		.uleb128 0x49
 864 00ef 13        		.uleb128 0x13
 865 00f0 2F        		.uleb128 0x2f
 866 00f1 0B        		.uleb128 0xb
 867 00f2 00        		.byte	0x0
 868 00f3 00        		.byte	0x0
 869 00f4 13        		.uleb128 0x13
 870 00f5 24        		.uleb128 0x24
 871 00f6 00        		.byte	0x0
 872 00f7 0B        		.uleb128 0xb
 873 00f8 0B        		.uleb128 0xb
 874 00f9 3E        		.uleb128 0x3e
 875 00fa 0B        		.uleb128 0xb
 876 00fb 00        		.byte	0x0
 877 00fc 00        		.byte	0x0
 878 00fd 14        		.uleb128 0x14
 879 00fe 34        		.uleb128 0x34
 880 00ff 00        		.byte	0x0
 881 0100 03        		.uleb128 0x3
 882 0101 0E        		.uleb128 0xe
 883 0102 3A        		.uleb128 0x3a
 884 0103 0B        		.uleb128 0xb
 885 0104 3B        		.uleb128 0x3b
 886 0105 0B        		.uleb128 0xb
 887 0106 49        		.uleb128 0x49
 888 0107 13        		.uleb128 0x13
 889 0108 3F        		.uleb128 0x3f
 890 0109 0C        		.uleb128 0xc
 891 010a 3C        		.uleb128 0x3c
 892 010b 0C        		.uleb128 0xc
 893 010c 00        		.byte	0x0
 894 010d 00        		.byte	0x0
 895 010e 00        		.byte	0x0
 896               		.section	.debug_pubnames,"",@progbits
 897 0000 B700 0000 		.long	0xb7
 898 0004 0200      		.word	0x2
 899 0006 0000 0000 		.long	.Ldebug_info0
 900 000a F101 0000 		.long	0x1f1
 901 000e A200 0000 		.long	0xa2
 902 0012 665F 496E 		.string	"f_InitSysTimer"
 902      6974 5379 
 902      7354 696D 
 902      6572 00
 903 0021 C600 0000 		.long	0xc6
 904 0025 665F 666C 		.string	"f_flashled"
 904      6173 686C 
GAS LISTING C:\users\mohammadreza\Temp/ccberRal.s 			page 17


 904      6564 00
 905 0030 E200 0000 		.long	0xe2
 906 0034 665F 5377 		.string	"f_SwTimerKey"
 906      5469 6D65 
 906      724B 6579 
 906      00
 907 0041 F600 0000 		.long	0xf6
 908 0045 665F 5377 		.string	"f_SwTimerLCM"
 908      5469 6D65 
 908      724C 434D 
 908      00
 909 0052 0A01 0000 		.long	0x10a
 910 0056 665F 5379 		.string	"f_SystickSetErrLevel"
 910      7374 6963 
 910      6B53 6574 
 910      4572 724C 
 910      6576 656C 
 911 006b 3501 0000 		.long	0x135
 912 006f 5F5F 7665 		.string	"__vector_9"
 912      6374 6F72 
 912      5F39 00
 913 007a 4901 0000 		.long	0x149
 914 007e 665F 5379 		.string	"f_SysTick"
 914      7354 6963 
 914      6B00 
 915 0088 9001 0000 		.long	0x190
 916 008c 765F 5379 		.string	"v_SysTimer"
 916      7354 696D 
 916      6572 00
 917 0097 A701 0000 		.long	0x1a7
 918 009b 765F 4572 		.string	"v_ErrLevel"
 918      724C 6576 
 918      656C 00
 919 00a6 CC01 0000 		.long	0x1cc
 920 00aa 765F 5377 		.string	"v_SwTimer_mS"
 920      5469 6D65 
 920      725F 6D53 
 920      00
 921 00b7 0000 0000 		.long	0x0
 922               		.section	.debug_aranges,"",@progbits
 923 0000 1C00 0000 		.long	0x1c
 924 0004 0200      		.word	0x2
 925 0006 0000 0000 		.long	.Ldebug_info0
 926 000a 04        		.byte	0x4
 927 000b 00        		.byte	0x0
 928 000c 0000      		.word	0x0
 929 000e 0000      		.word	0x0
 930 0010 0000 0000 		.long	.Ltext0
 931 0014 6201 0000 		.long	.Letext0-.Ltext0
 932 0018 0000 0000 		.long	0x0
 933 001c 0000 0000 		.long	0x0
 934               		.section	.debug_line
 935 0000 F201 0000 		.long	.LELT0-.LSLT0
 936               	.LSLT0:
 937 0004 0200      		.word	0x2
 938 0006 5B00 0000 		.long	.LELTP0-.LASLTP0
 939               	.LASLTP0:
GAS LISTING C:\users\mohammadreza\Temp/ccberRal.s 			page 18


 940 000a 01        		.byte	0x1
 941 000b 01        		.byte	0x1
 942 000c F6        		.byte	0xf6
 943 000d F5        		.byte	0xf5
 944 000e 0A        		.byte	0xa
 945 000f 00        		.byte	0x0
 946 0010 01        		.byte	0x1
 947 0011 01        		.byte	0x1
 948 0012 01        		.byte	0x1
 949 0013 01        		.byte	0x1
 950 0014 00        		.byte	0x0
 951 0015 00        		.byte	0x0
 952 0016 00        		.byte	0x0
 953 0017 01        		.byte	0x1
 954 0018 7372 632F 		.ascii	"src/periphint"
 954      7065 7269 
 954      7068 696E 
 954      74
 955 0025 00        		.byte	0
 956 0026 7372 632F 		.ascii	"src/periphint/../includes"
 956      7065 7269 
 956      7068 696E 
 956      742F 2E2E 
 956      2F69 6E63 
 957 003f 00        		.byte	0
 958 0040 00        		.byte	0x0
 959 0041 5469 6D65 		.string	"Timer0.c"
 959      7230 2E63 
 959      00
 960 004a 01        		.uleb128 0x1
 961 004b 00        		.uleb128 0x0
 962 004c 00        		.uleb128 0x0
 963 004d 2E2E 2F69 		.string	"../includes/types.h"
 963      6E63 6C75 
 963      6465 732F 
 963      7479 7065 
 963      732E 6800 
 964 0061 01        		.uleb128 0x1
 965 0062 00        		.uleb128 0x0
 966 0063 00        		.uleb128 0x0
 967 0064 00        		.byte	0x0
 968               	.LELTP0:
 969 0065 00        		.byte	0x0
 970 0066 05        		.uleb128 0x5
 971 0067 02        		.byte	0x2
 972 0068 0000 0000 		.long	.LM1
 973 006c 55        		.byte	0x55
 974 006d 00        		.byte	0x0
 975 006e 05        		.uleb128 0x5
 976 006f 02        		.byte	0x2
 977 0070 0000 0000 		.long	.LM2
 978 0074 19        		.byte	0x19
 979 0075 00        		.byte	0x0
 980 0076 05        		.uleb128 0x5
 981 0077 02        		.byte	0x2
 982 0078 0000 0000 		.long	.LM3
 983 007c 15        		.byte	0x15
GAS LISTING C:\users\mohammadreza\Temp/ccberRal.s 			page 19


 984 007d 00        		.byte	0x0
 985 007e 05        		.uleb128 0x5
 986 007f 02        		.byte	0x2
 987 0080 0000 0000 		.long	.LM4
 988 0084 15        		.byte	0x15
 989 0085 00        		.byte	0x0
 990 0086 05        		.uleb128 0x5
 991 0087 02        		.byte	0x2
 992 0088 0000 0000 		.long	.LM5
 993 008c 15        		.byte	0x15
 994 008d 00        		.byte	0x0
 995 008e 05        		.uleb128 0x5
 996 008f 02        		.byte	0x2
 997 0090 0000 0000 		.long	.LM6
 998 0094 1F        		.byte	0x1f
 999 0095 00        		.byte	0x0
 1000 0096 05        		.uleb128 0x5
 1001 0097 02        		.byte	0x2
 1002 0098 0000 0000 		.long	.LM7
 1003 009c 16        		.byte	0x16
 1004 009d 00        		.byte	0x0
 1005 009e 05        		.uleb128 0x5
 1006 009f 02        		.byte	0x2
 1007 00a0 0000 0000 		.long	.LM8
 1008 00a4 15        		.byte	0x15
 1009 00a5 00        		.byte	0x0
 1010 00a6 05        		.uleb128 0x5
 1011 00a7 02        		.byte	0x2
 1012 00a8 0000 0000 		.long	.LM9
 1013 00ac 21        		.byte	0x21
 1014 00ad 00        		.byte	0x0
 1015 00ae 05        		.uleb128 0x5
 1016 00af 02        		.byte	0x2
 1017 00b0 0000 0000 		.long	.LM10
 1018 00b4 19        		.byte	0x19
 1019 00b5 00        		.byte	0x0
 1020 00b6 05        		.uleb128 0x5
 1021 00b7 02        		.byte	0x2
 1022 00b8 0000 0000 		.long	.LM11
 1023 00bc 18        		.byte	0x18
 1024 00bd 00        		.byte	0x0
 1025 00be 05        		.uleb128 0x5
 1026 00bf 02        		.byte	0x2
 1027 00c0 0000 0000 		.long	.LM12
 1028 00c4 16        		.byte	0x16
 1029 00c5 00        		.byte	0x0
 1030 00c6 05        		.uleb128 0x5
 1031 00c7 02        		.byte	0x2
 1032 00c8 0000 0000 		.long	.LM13
 1033 00cc 64        		.byte	0x64
 1034 00cd 00        		.byte	0x0
 1035 00ce 05        		.uleb128 0x5
 1036 00cf 02        		.byte	0x2
 1037 00d0 0000 0000 		.long	.LM14
 1038 00d4 16        		.byte	0x16
 1039 00d5 00        		.byte	0x0
 1040 00d6 05        		.uleb128 0x5
GAS LISTING C:\users\mohammadreza\Temp/ccberRal.s 			page 20


 1041 00d7 02        		.byte	0x2
 1042 00d8 0000 0000 		.long	.LM15
 1043 00dc 15        		.byte	0x15
 1044 00dd 00        		.byte	0x0
 1045 00de 05        		.uleb128 0x5
 1046 00df 02        		.byte	0x2
 1047 00e0 0000 0000 		.long	.LM16
 1048 00e4 15        		.byte	0x15
 1049 00e5 00        		.byte	0x0
 1050 00e6 05        		.uleb128 0x5
 1051 00e7 02        		.byte	0x2
 1052 00e8 0000 0000 		.long	.LM17
 1053 00ec 15        		.byte	0x15
 1054 00ed 00        		.byte	0x0
 1055 00ee 05        		.uleb128 0x5
 1056 00ef 02        		.byte	0x2
 1057 00f0 0000 0000 		.long	.LM18
 1058 00f4 18        		.byte	0x18
 1059 00f5 00        		.byte	0x0
 1060 00f6 05        		.uleb128 0x5
 1061 00f7 02        		.byte	0x2
 1062 00f8 0000 0000 		.long	.LM19
 1063 00fc 18        		.byte	0x18
 1064 00fd 00        		.byte	0x0
 1065 00fe 05        		.uleb128 0x5
 1066 00ff 02        		.byte	0x2
 1067 0100 0000 0000 		.long	.LM20
 1068 0104 19        		.byte	0x19
 1069 0105 00        		.byte	0x0
 1070 0106 05        		.uleb128 0x5
 1071 0107 02        		.byte	0x2
 1072 0108 0000 0000 		.long	.LM21
 1073 010c 1C        		.byte	0x1c
 1074 010d 00        		.byte	0x0
 1075 010e 05        		.uleb128 0x5
 1076 010f 02        		.byte	0x2
 1077 0110 0000 0000 		.long	.LM22
 1078 0114 17        		.byte	0x17
 1079 0115 00        		.byte	0x0
 1080 0116 05        		.uleb128 0x5
 1081 0117 02        		.byte	0x2
 1082 0118 0000 0000 		.long	.LM23
 1083 011c 15        		.byte	0x15
 1084 011d 00        		.byte	0x0
 1085 011e 05        		.uleb128 0x5
 1086 011f 02        		.byte	0x2
 1087 0120 0000 0000 		.long	.LM24
 1088 0124 15        		.byte	0x15
 1089 0125 00        		.byte	0x0
 1090 0126 05        		.uleb128 0x5
 1091 0127 02        		.byte	0x2
 1092 0128 0000 0000 		.long	.LM25
 1093 012c 18        		.byte	0x18
 1094 012d 00        		.byte	0x0
 1095 012e 05        		.uleb128 0x5
 1096 012f 02        		.byte	0x2
 1097 0130 0000 0000 		.long	.LM26
GAS LISTING C:\users\mohammadreza\Temp/ccberRal.s 			page 21


 1098 0134 15        		.byte	0x15
 1099 0135 00        		.byte	0x0
 1100 0136 05        		.uleb128 0x5
 1101 0137 02        		.byte	0x2
 1102 0138 0000 0000 		.long	.LM27
 1103 013c 16        		.byte	0x16
 1104 013d 00        		.byte	0x0
 1105 013e 05        		.uleb128 0x5
 1106 013f 02        		.byte	0x2
 1107 0140 0000 0000 		.long	.LM28
 1108 0144 16        		.byte	0x16
 1109 0145 00        		.byte	0x0
 1110 0146 05        		.uleb128 0x5
 1111 0147 02        		.byte	0x2
 1112 0148 0000 0000 		.long	.LM29
 1113 014c 03        		.byte	0x3
 1114 014d A37F      		.sleb128 -93
 1115 014f 01        		.byte	0x1
 1116 0150 00        		.byte	0x0
 1117 0151 05        		.uleb128 0x5
 1118 0152 02        		.byte	0x2
 1119 0153 0000 0000 		.long	.LM30
 1120 0157 15        		.byte	0x15
 1121 0158 00        		.byte	0x0
 1122 0159 05        		.uleb128 0x5
 1123 015a 02        		.byte	0x2
 1124 015b 0000 0000 		.long	.LM31
 1125 015f 17        		.byte	0x17
 1126 0160 00        		.byte	0x0
 1127 0161 05        		.uleb128 0x5
 1128 0162 02        		.byte	0x2
 1129 0163 0000 0000 		.long	.LM32
 1130 0167 16        		.byte	0x16
 1131 0168 00        		.byte	0x0
 1132 0169 05        		.uleb128 0x5
 1133 016a 02        		.byte	0x2
 1134 016b 0000 0000 		.long	.LM33
 1135 016f 15        		.byte	0x15
 1136 0170 00        		.byte	0x0
 1137 0171 05        		.uleb128 0x5
 1138 0172 02        		.byte	0x2
 1139 0173 0000 0000 		.long	.LM34
 1140 0177 15        		.byte	0x15
 1141 0178 00        		.byte	0x0
 1142 0179 05        		.uleb128 0x5
 1143 017a 02        		.byte	0x2
 1144 017b 0000 0000 		.long	.LM35
 1145 017f 18        		.byte	0x18
 1146 0180 00        		.byte	0x0
 1147 0181 05        		.uleb128 0x5
 1148 0182 02        		.byte	0x2
 1149 0183 0000 0000 		.long	.LM36
 1150 0187 17        		.byte	0x17
 1151 0188 00        		.byte	0x0
 1152 0189 05        		.uleb128 0x5
 1153 018a 02        		.byte	0x2
 1154 018b 0000 0000 		.long	.LM37
GAS LISTING C:\users\mohammadreza\Temp/ccberRal.s 			page 22


 1155 018f 3C        		.byte	0x3c
 1156 0190 00        		.byte	0x0
 1157 0191 05        		.uleb128 0x5
 1158 0192 02        		.byte	0x2
 1159 0193 0000 0000 		.long	.LM38
 1160 0197 15        		.byte	0x15
 1161 0198 00        		.byte	0x0
 1162 0199 05        		.uleb128 0x5
 1163 019a 02        		.byte	0x2
 1164 019b 0000 0000 		.long	.LM39
 1165 019f 15        		.byte	0x15
 1166 01a0 00        		.byte	0x0
 1167 01a1 05        		.uleb128 0x5
 1168 01a2 02        		.byte	0x2
 1169 01a3 0000 0000 		.long	.LM40
 1170 01a7 03        		.byte	0x3
 1171 01a8 5B        		.sleb128 -37
 1172 01a9 01        		.byte	0x1
 1173 01aa 00        		.byte	0x0
 1174 01ab 05        		.uleb128 0x5
 1175 01ac 02        		.byte	0x2
 1176 01ad 0000 0000 		.long	.LM41
 1177 01b1 16        		.byte	0x16
 1178 01b2 00        		.byte	0x0
 1179 01b3 05        		.uleb128 0x5
 1180 01b4 02        		.byte	0x2
 1181 01b5 0000 0000 		.long	.LM42
 1182 01b9 17        		.byte	0x17
 1183 01ba 00        		.byte	0x0
 1184 01bb 05        		.uleb128 0x5
 1185 01bc 02        		.byte	0x2
 1186 01bd 0000 0000 		.long	.LM43
 1187 01c1 16        		.byte	0x16
 1188 01c2 00        		.byte	0x0
 1189 01c3 05        		.uleb128 0x5
 1190 01c4 02        		.byte	0x2
 1191 01c5 0000 0000 		.long	.LM44
 1192 01c9 19        		.byte	0x19
 1193 01ca 00        		.byte	0x0
 1194 01cb 05        		.uleb128 0x5
 1195 01cc 02        		.byte	0x2
 1196 01cd 0000 0000 		.long	.LM45
 1197 01d1 16        		.byte	0x16
 1198 01d2 00        		.byte	0x0
 1199 01d3 05        		.uleb128 0x5
 1200 01d4 02        		.byte	0x2
 1201 01d5 0000 0000 		.long	.LM46
 1202 01d9 10        		.byte	0x10
 1203 01da 00        		.byte	0x0
 1204 01db 05        		.uleb128 0x5
 1205 01dc 02        		.byte	0x2
 1206 01dd 0000 0000 		.long	.LM47
 1207 01e1 11        		.byte	0x11
 1208 01e2 00        		.byte	0x0
 1209 01e3 05        		.uleb128 0x5
 1210 01e4 02        		.byte	0x2
 1211 01e5 0000 0000 		.long	.LM48
GAS LISTING C:\users\mohammadreza\Temp/ccberRal.s 			page 23


 1212 01e9 03        		.byte	0x3
 1213 01ea 71        		.sleb128 -15
 1214 01eb 01        		.byte	0x1
 1215 01ec 00        		.byte	0x0
 1216 01ed 05        		.uleb128 0x5
 1217 01ee 02        		.byte	0x2
 1218 01ef 0000 0000 		.long	.Letext0
 1219 01f3 00        		.byte	0x0
 1220 01f4 01        		.uleb128 0x1
 1221 01f5 01        		.byte	0x1
 1222               	.LELT0:
 1223 01f6 1600 0000 		.section	.debug_str,"MS",@progbits,1
 1223      0200 1000 
 1223      0000 0101 
 1223      FB0E 0A00 
 1223      0101 0101 
 1224               	.LASF23:
 1225 0000 765F 5379 		.string	"v_SysStat"
 1225      7353 7461 
 1225      7400 
 1226               	.LASF28:
 1227 000a 765F 6572 		.string	"v_errorlevel"
 1227      726F 726C 
 1227      6576 656C 
 1227      00
 1228               	.LASF11:
 1229 0017 494E 5431 		.string	"INT16U"
 1229      3655 00
 1230               	.LASF18:
 1231 001e 665F 5379 		.string	"f_SysTick"
 1231      7354 6963 
 1231      6B00 
 1232               	.LASF1:
 1233 0028 756E 7369 		.string	"unsigned char"
 1233      676E 6564 
 1233      2063 6861 
 1233      7200 
 1234               	.LASF26:
 1235 0036 5A3A 5C68 		.ascii	"Z:\\ho"
 1235      6F
 1236 003b 6D65 5C6D 		.string	"me\\mohammadreza\\temo\\Simple-AVR-OS-plus-some-improvement-\\avr_os"
 1236      6F68 616D 
 1236      6D61 6472 
 1236      657A 615C 
 1236      7465 6D6F 
 1237               	.LASF4:
 1238 007c 6C6F 6E67 		.string	"long unsigned int"
 1238      2075 6E73 
 1238      6967 6E65 
 1238      6420 696E 
 1238      7400 
 1239               	.LASF8:
 1240 008e 7368 6F72 		.string	"short unsigned int"
 1240      7420 756E 
 1240      7369 676E 
 1240      6564 2069 
 1240      6E74 00
GAS LISTING C:\users\mohammadreza\Temp/ccberRal.s 			page 24


 1241               	.LASF24:
 1242 00a1 474E 5520 		.string	"GNU C 4.3.3"
 1242      4320 342E 
 1242      332E 3300 
 1243               	.LASF13:
 1244 00ad 665F 5377 		.string	"f_SwTimerKey"
 1244      5469 6D65 
 1244      724B 6579 
 1244      00
 1245               	.LASF22:
 1246 00ba 765F 5377 		.string	"v_SwTimer_mS"
 1246      5469 6D65 
 1246      725F 6D53 
 1246      00
 1247               	.LASF2:
 1248 00c7 756E 7369 		.string	"unsigned int"
 1248      676E 6564 
 1248      2069 6E74 
 1248      00
 1249               	.LASF10:
 1250 00d4 494E 5438 		.string	"INT8U"
 1250      5500 
 1251               	.LASF6:
 1252 00da 6C6F 6E67 		.string	"long long unsigned int"
 1252      206C 6F6E 
 1252      6720 756E 
 1252      7369 676E 
 1252      6564 2069 
 1253               	.LASF12:
 1254 00f1 765F 7465 		.string	"v_temp"
 1254      6D70 00
 1255               	.LASF27:
 1256 00f8 665F 666C 		.string	"f_flashled"
 1256      6173 686C 
 1256      6564 00
 1257               	.LASF16:
 1258 0103 665F 5379 		.string	"f_SystickSetErrLevel"
 1258      7374 6963 
 1258      6B53 6574 
 1258      4572 724C 
 1258      6576 656C 
 1259               	.LASF14:
 1260 0118 665F 5377 		.string	"f_SwTimerLCM"
 1260      5469 6D65 
 1260      724C 434D 
 1260      00
 1261               	.LASF5:
 1262 0125 6C6F 6E67 		.string	"long long int"
 1262      206C 6F6E 
 1262      6720 696E 
 1262      7400 
 1263               	.LASF7:
 1264 0133 6368 6172 		.string	"char"
 1264      00
 1265               	.LASF9:
 1266 0138 7368 6F72 		.string	"short int"
 1266      7420 696E 
GAS LISTING C:\users\mohammadreza\Temp/ccberRal.s 			page 25


 1266      7400 
 1267               	.LASF19:
 1268 0142 765F 6964 		.string	"v_idx"
 1268      7800 
 1269               	.LASF25:
 1270 0148 7372 632F 		.string	"src/periphint/Timer0.c"
 1270      7065 7269 
 1270      7068 696E 
 1270      742F 5469 
 1270      6D65 7230 
 1271               	.LASF15:
 1272 015f 665F 496E 		.string	"f_InitSysTimer"
 1272      6974 5379 
 1272      7354 696D 
 1272      6572 00
 1273               	.LASF20:
 1274 016e 765F 5379 		.string	"v_SysTimer"
 1274      7354 696D 
 1274      6572 00
 1275               	.LASF3:
 1276 0179 6C6F 6E67 		.string	"long int"
 1276      2069 6E74 
 1276      00
 1277               	.LASF17:
 1278 0182 5F5F 7665 		.string	"__vector_9"
 1278      6374 6F72 
 1278      5F39 00
 1279               	.LASF21:
 1280 018d 765F 4572 		.string	"v_ErrLevel"
 1280      724C 6576 
 1280      656C 00
 1281               	.LASF0:
 1282 0198 7369 676E 		.string	"signed char"
 1282      6564 2063 
 1282      6861 7200 
 1283               	.global __do_copy_data
 1284               	.global __do_clear_bss
GAS LISTING C:\users\mohammadreza\Temp/ccberRal.s 			page 26


DEFINED SYMBOLS
                            *ABS*:00000000 Timer0.c
C:\users\mohammadreza\Temp/ccberRal.s:2      *ABS*:0000003f __SREG__
C:\users\mohammadreza\Temp/ccberRal.s:3      *ABS*:0000003e __SP_H__
C:\users\mohammadreza\Temp/ccberRal.s:4      *ABS*:0000003d __SP_L__
C:\users\mohammadreza\Temp/ccberRal.s:5      *ABS*:00000034 __CCP__
C:\users\mohammadreza\Temp/ccberRal.s:6      *ABS*:00000000 __tmp_reg__
C:\users\mohammadreza\Temp/ccberRal.s:7      *ABS*:00000001 __zero_reg__
C:\users\mohammadreza\Temp/ccberRal.s:18     .text:00000000 f_InitSysTimer
                            *COM*:00000008 v_SwTimer_mS
                            *COM*:00000002 v_SysTimer
                            *COM*:00000002 v_ErrLevel
C:\users\mohammadreza\Temp/ccberRal.s:67     .text:00000050 f_flashled
C:\users\mohammadreza\Temp/ccberRal.s:87     .text:0000005a f_SwTimerKey
C:\users\mohammadreza\Temp/ccberRal.s:99     .text:0000005c f_SwTimerLCM
C:\users\mohammadreza\Temp/ccberRal.s:111    .text:0000005e f_SystickSetErrLevel
C:\users\mohammadreza\Temp/ccberRal.s:127    .text:00000068 __vector_9
C:\users\mohammadreza\Temp/ccberRal.s:163    .text:0000008e f_SysTick

UNDEFINED SYMBOLS
v_SysStat
f_Uart_PutStr
__udivmodhi4
__do_copy_data
__do_clear_bss
