GAS LISTING C:\users\mohammadreza\Temp/ccmoIXVC.s 			page 1


   1               		.file	"applic.c"
   2               	__SREG__ = 0x3f
   3               	__SP_H__ = 0x3e
   4               	__SP_L__ = 0x3d
   5               	__CCP__  = 0x34
   6               	__tmp_reg__ = 0
   7               	__zero_reg__ = 1
   8               		.section	.debug_abbrev,"",@progbits
   9               	.Ldebug_abbrev0:
  10               		.section	.debug_info,"",@progbits
  11               	.Ldebug_info0:
  12               		.section	.debug_line,"",@progbits
  13               	.Ldebug_line0:
  14               		.text
  15               	.Ltext0:
  16               	.global	applications_reducer
  17               		.type	applications_reducer, @function
  18               	applications_reducer:
  19               	.LFB2:
  20               	.LM1:
  21               	.LVL0:
  22               	/* prologue: function */
  23               	/* frame size = 0 */
  24               	.LM2:
  25 0000 E82F      		mov r30,r24
  26 0002 F0E0      		ldi r31,lo8(0)
  27 0004 8091 0000 		lds r24,app_subscription
  28               	.LVL1:
  29 0008 90E0      		ldi r25,lo8(0)
  30 000a 0E2E      		mov r0,r30
  31 000c 00C0      		rjmp 2f
  32 000e 9595      	1:	asr r25
  33 0010 8795      		ror r24
  34 0012 0A94      	2:	dec r0
  35 0014 02F4      		brpl 1b
  36 0016 80FF      		sbrs r24,0
  37 0018 0895      		ret
  38               	.L5:
  39               	.LM3:
  40 001a EE0F      		lsl r30
  41 001c FF1F      		rol r31
  42 001e E050      		subi r30,lo8(-(f_Applic_function))
  43 0020 F040      		sbci r31,hi8(-(f_Applic_function))
  44 0022 0190      		ld __tmp_reg__,Z+
  45 0024 F081      		ld r31,Z
  46 0026 E02D      		mov r30,__tmp_reg__
  47 0028 0995      		icall
  48 002a 0895      		ret
  49               	.LFE2:
  50               		.size	applications_reducer, .-applications_reducer
  51               	.global	my_Applic3
  52               		.type	my_Applic3, @function
  53               	my_Applic3:
  54               	.LFB6:
  55               	.LM4:
  56               	/* prologue: function */
  57               	/* frame size = 0 */
GAS LISTING C:\users\mohammadreza\Temp/ccmoIXVC.s 			page 2


  58               	/* epilogue start */
  59               	.LM5:
  60 002c 0895      		ret
  61               	.LFE6:
  62               		.size	my_Applic3, .-my_Applic3
  63               	.global	my_Applic4
  64               		.type	my_Applic4, @function
  65               	my_Applic4:
  66               	.LFB7:
  67               	.LM6:
  68               	/* prologue: function */
  69               	/* frame size = 0 */
  70               	/* epilogue start */
  71               	.LM7:
  72 002e 0895      		ret
  73               	.LFE7:
  74               		.size	my_Applic4, .-my_Applic4
  75               	.global	my_Applic5
  76               		.type	my_Applic5, @function
  77               	my_Applic5:
  78               	.LFB8:
  79               	.LM8:
  80               	/* prologue: function */
  81               	/* frame size = 0 */
  82               	/* epilogue start */
  83               	.LM9:
  84 0030 0895      		ret
  85               	.LFE8:
  86               		.size	my_Applic5, .-my_Applic5
  87               	.global	my_Applic6
  88               		.type	my_Applic6, @function
  89               	my_Applic6:
  90               	.LFB9:
  91               	.LM10:
  92               	/* prologue: function */
  93               	/* frame size = 0 */
  94               	/* epilogue start */
  95               	.LM11:
  96 0032 0895      		ret
  97               	.LFE9:
  98               		.size	my_Applic6, .-my_Applic6
  99               	.global	my_Applic7
 100               		.type	my_Applic7, @function
 101               	my_Applic7:
 102               	.LFB10:
 103               	.LM12:
 104               	/* prologue: function */
 105               	/* frame size = 0 */
 106               	/* epilogue start */
 107               	.LM13:
 108 0034 0895      		ret
 109               	.LFE10:
 110               		.size	my_Applic7, .-my_Applic7
 111               		.data
 112               	.LC0:
 113 0000 0A55 6E6C 		.string	"\nUnlock\n"
 113      6F63 6B0A 
GAS LISTING C:\users\mohammadreza\Temp/ccmoIXVC.s 			page 3


 113      00
 114               		.text
 115               	.global	f_LockUnLock
 116               		.type	f_LockUnLock, @function
 117               	f_LockUnLock:
 118               	.LFB14:
 119               	.LM14:
 120               	/* prologue: function */
 121               	/* frame size = 0 */
 122               	.LM15:
 123 0036 80E0      		ldi r24,lo8(0)
 124 0038 0E94 0000 		call f_PWM1Enable
 125               	.LM16:
 126 003c 6091 0000 		lds r22,v_ServoUnLock
 127 0040 80E0      		ldi r24,lo8(0)
 128 0042 0E94 0000 		call f_PWM1Set
 129               	.LM17:
 130 0046 80E0      		ldi r24,lo8(.LC0)
 131 0048 90E0      		ldi r25,hi8(.LC0)
 132 004a 0E94 0000 		call f_Uart_PutStr
 133               	/* epilogue start */
 134               	.LM18:
 135 004e 0895      		ret
 136               	.LFE14:
 137               		.size	f_LockUnLock, .-f_LockUnLock
 138               		.data
 139               	.LC1:
 140 0009 0A4C 6F63 		.string	"\nLock Idle\n"
 140      6B20 4964 
 140      6C65 0A00 
 141               		.text
 142               	.global	f_LockIdle
 143               		.type	f_LockIdle, @function
 144               	f_LockIdle:
 145               	.LFB13:
 146               	.LM19:
 147               	/* prologue: function */
 148               	/* frame size = 0 */
 149               	.LM20:
 150 0050 80E0      		ldi r24,lo8(.LC1)
 151 0052 90E0      		ldi r25,hi8(.LC1)
 152 0054 0E94 0000 		call f_Uart_PutStr
 153               	/* epilogue start */
 154               	.LM21:
 155 0058 0895      		ret
 156               	.LFE13:
 157               		.size	f_LockIdle, .-f_LockIdle
 158               		.data
 159               	.LC2:
 160 0015 0A4C 6F63 		.string	"\nLock\n"
 160      6B0A 00
 161               		.text
 162               	.global	f_LockLock
 163               		.type	f_LockLock, @function
 164               	f_LockLock:
 165               	.LFB12:
 166               	.LM22:
GAS LISTING C:\users\mohammadreza\Temp/ccmoIXVC.s 			page 4


 167               	/* prologue: function */
 168               	/* frame size = 0 */
 169               	.LM23:
 170 005a 80E0      		ldi r24,lo8(0)
 171 005c 0E94 0000 		call f_PWM1Enable
 172               	.LM24:
 173 0060 6091 0000 		lds r22,v_ServoLock
 174 0064 80E0      		ldi r24,lo8(0)
 175 0066 0E94 0000 		call f_PWM1Set
 176               	.LM25:
 177 006a 80E0      		ldi r24,lo8(.LC2)
 178 006c 90E0      		ldi r25,hi8(.LC2)
 179 006e 0E94 0000 		call f_Uart_PutStr
 180               	/* epilogue start */
 181               	.LM26:
 182 0072 0895      		ret
 183               	.LFE12:
 184               		.size	f_LockLock, .-f_LockLock
 185               	.global	f_LockFSM
 186               		.type	f_LockFSM, @function
 187               	f_LockFSM:
 188               	.LFB15:
 189               	.LM27:
 190               	/* prologue: function */
 191               	/* frame size = 0 */
 192               	.LM28:
 193 0074 8091 0000 		lds r24,state_Lock
 194 0078 9091 0000 		lds r25,(state_Lock)+1
 195 007c 8130      		cpi r24,1
 196 007e 9105      		cpc r25,__zero_reg__
 197 0080 01F0      		breq .L25
 198 0082 8130      		cpi r24,1
 199 0084 9105      		cpc r25,__zero_reg__
 200 0086 00F0      		brlo .L24
 201 0088 8230      		cpi r24,2
 202 008a 9105      		cpc r25,__zero_reg__
 203 008c 01F0      		breq .L26
 204 008e 0397      		sbiw r24,3
 205 0090 01F0      		breq .L31
 206               	.LM29:
 207 0092 1092 0000 		sts (state_Lock)+1,__zero_reg__
 208 0096 1092 0000 		sts state_Lock,__zero_reg__
 209               	.L29:
 210 009a 0895      		ret
 211               	.L24:
 212               	.LM30:
 213 009c 0E94 0000 		call f_SCard_CheckCardIn
 214               	.LM31:
 215 00a0 8230      		cpi r24,lo8(2)
 216 00a2 01F4      		brne .L29
 217               	.LM32:
 218 00a4 81E0      		ldi r24,lo8(1)
 219 00a6 90E0      		ldi r25,hi8(1)
 220 00a8 9093 0000 		sts (state_Lock)+1,r25
 221 00ac 8093 0000 		sts state_Lock,r24
 222               	.LM33:
 223 00b0 0E94 0000 		call f_LockLock
GAS LISTING C:\users\mohammadreza\Temp/ccmoIXVC.s 			page 5


 224               	.LM34:
 225 00b4 88EB      		ldi r24,lo8(3000)
 226 00b6 9BE0      		ldi r25,hi8(3000)
 227 00b8 9093 0000 		sts (v_SwTimer_mS)+1,r25
 228 00bc 8093 0000 		sts v_SwTimer_mS,r24
 229 00c0 0895      		ret
 230               	.L31:
 231               	.LM35:
 232 00c2 8091 0000 		lds r24,v_SwTimer_mS
 233 00c6 9091 0000 		lds r25,(v_SwTimer_mS)+1
 234 00ca 892B      		or r24,r25
 235 00cc 01F4      		brne .L29
 236               	.LM36:
 237 00ce 1092 0000 		sts (state_Lock)+1,__zero_reg__
 238 00d2 1092 0000 		sts state_Lock,__zero_reg__
 239               	.LBB6:
 240               	.LBB7:
 241               	.LM37:
 242 00d6 80E0      		ldi r24,lo8(.LC1)
 243 00d8 90E0      		ldi r25,hi8(.LC1)
 244 00da 0E94 0000 		call f_Uart_PutStr
 245 00de 0895      		ret
 246               	.L25:
 247               	.LBE7:
 248               	.LBE6:
 249               	.LM38:
 250 00e0 8091 0000 		lds r24,v_SwTimer_mS
 251 00e4 9091 0000 		lds r25,(v_SwTimer_mS)+1
 252 00e8 892B      		or r24,r25
 253 00ea 01F4      		brne .L29
 254               	.LM39:
 255 00ec 82E0      		ldi r24,lo8(2)
 256 00ee 90E0      		ldi r25,hi8(2)
 257 00f0 9093 0000 		sts (state_Lock)+1,r25
 258 00f4 8093 0000 		sts state_Lock,r24
 259               	.LBB8:
 260               	.LBB9:
 261               	.LM40:
 262 00f8 80E0      		ldi r24,lo8(.LC1)
 263 00fa 90E0      		ldi r25,hi8(.LC1)
 264 00fc 0E94 0000 		call f_Uart_PutStr
 265 0100 0895      		ret
 266               	.L26:
 267               	.LBE9:
 268               	.LBE8:
 269               	.LM41:
 270 0102 0E94 0000 		call f_SCard_CheckCardIn
 271               	.LM42:
 272 0106 8230      		cpi r24,lo8(2)
 273 0108 01F4      		brne .L29
 274               	.LM43:
 275 010a 83E0      		ldi r24,lo8(3)
 276 010c 90E0      		ldi r25,hi8(3)
 277 010e 9093 0000 		sts (state_Lock)+1,r25
 278 0112 8093 0000 		sts state_Lock,r24
 279               	.LM44:
 280 0116 0E94 0000 		call f_LockUnLock
GAS LISTING C:\users\mohammadreza\Temp/ccmoIXVC.s 			page 6


 281               	.LM45:
 282 011a 88EB      		ldi r24,lo8(3000)
 283 011c 9BE0      		ldi r25,hi8(3000)
 284 011e 9093 0000 		sts (v_SwTimer_mS)+1,r25
 285 0122 8093 0000 		sts v_SwTimer_mS,r24
 286 0126 0895      		ret
 287               	.LFE15:
 288               		.size	f_LockFSM, .-f_LockFSM
 289               	.global	f_Applic
 290               		.type	f_Applic, @function
 291               	f_Applic:
 292               	.LFB3:
 293               	.LM46:
 294               	/* prologue: function */
 295               	/* frame size = 0 */
 296               	.LM47:
 297 0128 0E94 0000 		call f_LockFSM
 298               	/* epilogue start */
 299               	.LM48:
 300 012c 0895      		ret
 301               	.LFE3:
 302               		.size	f_Applic, .-f_Applic
 303               	.global	f_Init_Applic
 304               		.type	f_Init_Applic, @function
 305               	f_Init_Applic:
 306               	.LFB11:
 307               	.LM49:
 308               	/* prologue: function */
 309               	/* frame size = 0 */
 310               	.LM50:
 311 012e 1092 0000 		sts (state_Lock)+1,__zero_reg__
 312 0132 1092 0000 		sts state_Lock,__zero_reg__
 313               	.LM51:
 314 0136 1092 0000 		sts (v_SwTimer_mS)+1,__zero_reg__
 315 013a 1092 0000 		sts v_SwTimer_mS,__zero_reg__
 316               	.LM52:
 317 013e 0E94 0000 		call f_InitPWM1
 318               	.LM53:
 319 0142 82E3      		ldi r24,lo8(50)
 320 0144 8093 0000 		sts v_ServoLock,r24
 321               	.LM54:
 322 0148 8EE1      		ldi r24,lo8(30)
 323 014a 8093 0000 		sts v_ServoUnLock,r24
 324               	/* epilogue start */
 325               	.LM55:
 326 014e 0895      		ret
 327               	.LFE11:
 328               		.size	f_Init_Applic, .-f_Init_Applic
 329               		.data
 330               	.LC3:
 331 001c 0A63 6F64 		.string	"\ncode 113a\n"
 331      6520 3131 
 331      3361 0A00 
 332               		.text
 333               	.global	my_Applic2
 334               		.type	my_Applic2, @function
 335               	my_Applic2:
GAS LISTING C:\users\mohammadreza\Temp/ccmoIXVC.s 			page 7


 336               	.LFB5:
 337               	.LM56:
 338               	/* prologue: function */
 339               	/* frame size = 0 */
 340               	.LM57:
 341 0150 8091 0000 		lds r24,i2
 342 0154 E091 0000 		lds r30,start2
 343 0158 F091 0000 		lds r31,(start2)+1
 344 015c E80F      		add r30,r24
 345 015e F11D      		adc r31,__zero_reg__
 346 0160 8081      		ld r24,Z
 347 0162 0E94 0000 		call f_debug_port
 348               	.LM58:
 349 0166 2091 0000 		lds r18,i2
 350 016a 2F5F      		subi r18,lo8(-(1))
 351 016c 2093 0000 		sts i2,r18
 352               	.LM59:
 353 0170 8091 0000 		lds r24,start2
 354 0174 9091 0000 		lds r25,(start2)+1
 355 0178 820F      		add r24,r18
 356 017a 911D      		adc r25,__zero_reg__
 357 017c 2091 0000 		lds r18,end2
 358 0180 3091 0000 		lds r19,(end2)+1
 359 0184 8217      		cp r24,r18
 360 0186 9307      		cpc r25,r19
 361 0188 01F0      		breq .L39
 362 018a 0895      		ret
 363               	.L39:
 364               	.LM60:
 365 018c 1092 0000 		sts i2,__zero_reg__
 366               	.LM61:
 367 0190 80E0      		ldi r24,lo8(.LC3)
 368 0192 90E0      		ldi r25,hi8(.LC3)
 369 0194 0E94 0000 		call f_Uart_PutStr
 370 0198 0895      		ret
 371               	.LFE5:
 372               		.size	my_Applic2, .-my_Applic2
 373               	.global	my_Applic
 374               		.type	my_Applic, @function
 375               	my_Applic:
 376               	.LFB4:
 377               	.LM62:
 378               	/* prologue: function */
 379               	/* frame size = 0 */
 380               	.LM63:
 381 019a 8091 0000 		lds r24,c
 382 019e 8F5F      		subi r24,lo8(-(1))
 383 01a0 8093 0000 		sts c,r24
 384               	.LM64:
 385 01a4 84E6      		ldi r24,lo8(100)
 386 01a6 0E94 0000 		call f_Delay_ms
 387               	.LM65:
 388 01aa 8091 0000 		lds r24,c
 389 01ae 8BBB      		out 59-32,r24
 390               	/* epilogue start */
 391               	.LM66:
 392 01b0 0895      		ret
GAS LISTING C:\users\mohammadreza\Temp/ccmoIXVC.s 			page 8


 393               	.LFE4:
 394               		.size	my_Applic, .-my_Applic
 395               	.global	f_Applic_function
 396               		.data
 397               		.type	f_Applic_function, @object
 398               		.size	f_Applic_function, 16
 399               	f_Applic_function:
 400 0028 0000      		.word	gs(f_Applic)
 401 002a 0000      		.word	gs(my_Applic)
 402 002c 0000      		.word	gs(my_Applic2)
 403 002e 0000      		.word	gs(my_Applic3)
 404 0030 0000      		.word	gs(my_Applic4)
 405 0032 0000      		.word	gs(my_Applic5)
 406 0034 0000      		.word	gs(my_Applic6)
 407 0036 0000      		.word	gs(my_Applic7)
 408               	.global	c
 409               	.global	c
 410               		.section .bss
 411               		.type	c, @object
 412               		.size	c, 1
 413               	c:
 414 0000 00        		.skip 1,0
 415               	.global	start2
 416               		.data
 417               		.type	start2, @object
 418               		.size	start2, 2
 419               	start2:
 420 0038 7101      		.word	369
 421               	.global	end2
 422               		.type	end2, @object
 423               		.size	end2, 2
 424               	end2:
 425 003a 7901      		.word	377
 426               	.global	i2
 427               	.global	i2
 428               		.section .bss
 429               		.type	i2, @object
 430               		.size	i2, 1
 431               	i2:
 432 0001 00        		.skip 1,0
 433               		.comm state_Lock,2,1
 434               		.comm v_ServoLock,1,1
 435               		.comm v_ServoUnLock,1,1
 436               		.comm app_subscription,1,1
 437               		.section	.debug_frame,"",@progbits
 438               	.Lframe0:
 439 0000 0C00 0000 		.long	.LECIE0-.LSCIE0
 440               	.LSCIE0:
 441 0004 FFFF FFFF 		.long	0xffffffff
 442 0008 01        		.byte	0x1
 443 0009 00        		.string	""
 444 000a 01        		.uleb128 0x1
 445 000b 7F        		.sleb128 -1
 446 000c 24        		.byte	0x24
 447 000d 0C        		.byte	0xc
 448 000e 20        		.uleb128 0x20
 449 000f 00        		.uleb128 0x0
GAS LISTING C:\users\mohammadreza\Temp/ccmoIXVC.s 			page 9


 450               		.p2align	2
 451               	.LECIE0:
 452               	.LSFDE0:
 453 0010 0C00 0000 		.long	.LEFDE0-.LASFDE0
 454               	.LASFDE0:
 455 0014 0000 0000 		.long	.Lframe0
 456 0018 0000 0000 		.long	.LFB2
 457 001c 2C00 0000 		.long	.LFE2-.LFB2
 458               		.p2align	2
 459               	.LEFDE0:
 460               	.LSFDE2:
 461 0020 0C00 0000 		.long	.LEFDE2-.LASFDE2
 462               	.LASFDE2:
 463 0024 0000 0000 		.long	.Lframe0
 464 0028 0000 0000 		.long	.LFB6
 465 002c 0200 0000 		.long	.LFE6-.LFB6
 466               		.p2align	2
 467               	.LEFDE2:
 468               	.LSFDE4:
 469 0030 0C00 0000 		.long	.LEFDE4-.LASFDE4
 470               	.LASFDE4:
 471 0034 0000 0000 		.long	.Lframe0
 472 0038 0000 0000 		.long	.LFB7
 473 003c 0200 0000 		.long	.LFE7-.LFB7
 474               		.p2align	2
 475               	.LEFDE4:
 476               	.LSFDE6:
 477 0040 0C00 0000 		.long	.LEFDE6-.LASFDE6
 478               	.LASFDE6:
 479 0044 0000 0000 		.long	.Lframe0
 480 0048 0000 0000 		.long	.LFB8
 481 004c 0200 0000 		.long	.LFE8-.LFB8
 482               		.p2align	2
 483               	.LEFDE6:
 484               	.LSFDE8:
 485 0050 0C00 0000 		.long	.LEFDE8-.LASFDE8
 486               	.LASFDE8:
 487 0054 0000 0000 		.long	.Lframe0
 488 0058 0000 0000 		.long	.LFB9
 489 005c 0200 0000 		.long	.LFE9-.LFB9
 490               		.p2align	2
 491               	.LEFDE8:
 492               	.LSFDE10:
 493 0060 0C00 0000 		.long	.LEFDE10-.LASFDE10
 494               	.LASFDE10:
 495 0064 0000 0000 		.long	.Lframe0
 496 0068 0000 0000 		.long	.LFB10
 497 006c 0200 0000 		.long	.LFE10-.LFB10
 498               		.p2align	2
 499               	.LEFDE10:
 500               	.LSFDE12:
 501 0070 0C00 0000 		.long	.LEFDE12-.LASFDE12
 502               	.LASFDE12:
 503 0074 0000 0000 		.long	.Lframe0
 504 0078 0000 0000 		.long	.LFB14
 505 007c 1A00 0000 		.long	.LFE14-.LFB14
 506               		.p2align	2
GAS LISTING C:\users\mohammadreza\Temp/ccmoIXVC.s 			page 10


 507               	.LEFDE12:
 508               	.LSFDE14:
 509 0080 0C00 0000 		.long	.LEFDE14-.LASFDE14
 510               	.LASFDE14:
 511 0084 0000 0000 		.long	.Lframe0
 512 0088 0000 0000 		.long	.LFB13
 513 008c 0A00 0000 		.long	.LFE13-.LFB13
 514               		.p2align	2
 515               	.LEFDE14:
 516               	.LSFDE16:
 517 0090 0C00 0000 		.long	.LEFDE16-.LASFDE16
 518               	.LASFDE16:
 519 0094 0000 0000 		.long	.Lframe0
 520 0098 0000 0000 		.long	.LFB12
 521 009c 1A00 0000 		.long	.LFE12-.LFB12
 522               		.p2align	2
 523               	.LEFDE16:
 524               	.LSFDE18:
 525 00a0 0C00 0000 		.long	.LEFDE18-.LASFDE18
 526               	.LASFDE18:
 527 00a4 0000 0000 		.long	.Lframe0
 528 00a8 0000 0000 		.long	.LFB15
 529 00ac B400 0000 		.long	.LFE15-.LFB15
 530               		.p2align	2
 531               	.LEFDE18:
 532               	.LSFDE20:
 533 00b0 0C00 0000 		.long	.LEFDE20-.LASFDE20
 534               	.LASFDE20:
 535 00b4 0000 0000 		.long	.Lframe0
 536 00b8 0000 0000 		.long	.LFB3
 537 00bc 0600 0000 		.long	.LFE3-.LFB3
 538               		.p2align	2
 539               	.LEFDE20:
 540               	.LSFDE22:
 541 00c0 0C00 0000 		.long	.LEFDE22-.LASFDE22
 542               	.LASFDE22:
 543 00c4 0000 0000 		.long	.Lframe0
 544 00c8 0000 0000 		.long	.LFB11
 545 00cc 2200 0000 		.long	.LFE11-.LFB11
 546               		.p2align	2
 547               	.LEFDE22:
 548               	.LSFDE24:
 549 00d0 0C00 0000 		.long	.LEFDE24-.LASFDE24
 550               	.LASFDE24:
 551 00d4 0000 0000 		.long	.Lframe0
 552 00d8 0000 0000 		.long	.LFB5
 553 00dc 4A00 0000 		.long	.LFE5-.LFB5
 554               		.p2align	2
 555               	.LEFDE24:
 556               	.LSFDE26:
 557 00e0 0C00 0000 		.long	.LEFDE26-.LASFDE26
 558               	.LASFDE26:
 559 00e4 0000 0000 		.long	.Lframe0
 560 00e8 0000 0000 		.long	.LFB4
 561 00ec 1800 0000 		.long	.LFE4-.LFB4
 562               		.p2align	2
 563               	.LEFDE26:
GAS LISTING C:\users\mohammadreza\Temp/ccmoIXVC.s 			page 11


 564               		.text
 565               	.Letext0:
 566               		.section	.debug_loc,"",@progbits
 567               	.Ldebug_loc0:
 568               	.LLST1:
 569 0000 0000 0000 		.long	.LVL0-.Ltext0
 570 0004 0800 0000 		.long	.LVL1-.Ltext0
 571 0008 0100      		.word	0x1
 572 000a 68        		.byte	0x68
 573 000b 0000 0000 		.long	0x0
 574 000f 0000 0000 		.long	0x0
 575               		.section	.debug_info
 576 0000 0203 0000 		.long	0x302
 577 0004 0200      		.word	0x2
 578 0006 0000 0000 		.long	.Ldebug_abbrev0
 579 000a 04        		.byte	0x4
 580 000b 01        		.uleb128 0x1
 581 000c 0000 0000 		.long	.LASF40
 582 0010 01        		.byte	0x1
 583 0011 0000 0000 		.long	.LASF41
 584 0015 0000 0000 		.long	.LASF42
 585 0019 0000 0000 		.long	.Ltext0
 586 001d 0000 0000 		.long	.Letext0
 587 0021 0000 0000 		.long	.Ldebug_line0
 588 0025 02        		.uleb128 0x2
 589 0026 01        		.byte	0x1
 590 0027 06        		.byte	0x6
 591 0028 0000 0000 		.long	.LASF0
 592 002c 02        		.uleb128 0x2
 593 002d 01        		.byte	0x1
 594 002e 08        		.byte	0x8
 595 002f 0000 0000 		.long	.LASF1
 596 0033 03        		.uleb128 0x3
 597 0034 02        		.byte	0x2
 598 0035 05        		.byte	0x5
 599 0036 696E 7400 		.string	"int"
 600 003a 02        		.uleb128 0x2
 601 003b 02        		.byte	0x2
 602 003c 07        		.byte	0x7
 603 003d 0000 0000 		.long	.LASF2
 604 0041 02        		.uleb128 0x2
 605 0042 04        		.byte	0x4
 606 0043 05        		.byte	0x5
 607 0044 0000 0000 		.long	.LASF3
 608 0048 02        		.uleb128 0x2
 609 0049 04        		.byte	0x4
 610 004a 07        		.byte	0x7
 611 004b 0000 0000 		.long	.LASF4
 612 004f 02        		.uleb128 0x2
 613 0050 08        		.byte	0x8
 614 0051 05        		.byte	0x5
 615 0052 0000 0000 		.long	.LASF5
 616 0056 02        		.uleb128 0x2
 617 0057 08        		.byte	0x8
 618 0058 07        		.byte	0x7
 619 0059 0000 0000 		.long	.LASF6
 620 005d 02        		.uleb128 0x2
GAS LISTING C:\users\mohammadreza\Temp/ccmoIXVC.s 			page 12


 621 005e 01        		.byte	0x1
 622 005f 06        		.byte	0x6
 623 0060 0000 0000 		.long	.LASF7
 624 0064 02        		.uleb128 0x2
 625 0065 02        		.byte	0x2
 626 0066 07        		.byte	0x7
 627 0067 0000 0000 		.long	.LASF8
 628 006b 02        		.uleb128 0x2
 629 006c 02        		.byte	0x2
 630 006d 05        		.byte	0x5
 631 006e 0000 0000 		.long	.LASF9
 632 0072 04        		.uleb128 0x4
 633 0073 0000 0000 		.long	.LASF10
 634 0077 02        		.byte	0x2
 635 0078 0D        		.byte	0xd
 636 0079 2C00 0000 		.long	0x2c
 637 007d 04        		.uleb128 0x4
 638 007e 0000 0000 		.long	.LASF11
 639 0082 02        		.byte	0x2
 640 0083 0F        		.byte	0xf
 641 0084 6400 0000 		.long	0x64
 642 0088 05        		.uleb128 0x5
 643 0089 02        		.byte	0x2
 644 008a 01        		.byte	0x1
 645 008b 29        		.byte	0x29
 646 008c A900 0000 		.long	0xa9
 647 0090 06        		.uleb128 0x6
 648 0091 0000 0000 		.long	.LASF12
 649 0095 00        		.sleb128 0
 650 0096 06        		.uleb128 0x6
 651 0097 0000 0000 		.long	.LASF13
 652 009b 01        		.sleb128 1
 653 009c 06        		.uleb128 0x6
 654 009d 0000 0000 		.long	.LASF14
 655 00a1 02        		.sleb128 2
 656 00a2 06        		.uleb128 0x6
 657 00a3 0000 0000 		.long	.LASF15
 658 00a7 03        		.sleb128 3
 659 00a8 00        		.byte	0x0
 660 00a9 04        		.uleb128 0x4
 661 00aa 0000 0000 		.long	.LASF16
 662 00ae 01        		.byte	0x1
 663 00af 2B        		.byte	0x2b
 664 00b0 8800 0000 		.long	0x88
 665 00b4 07        		.uleb128 0x7
 666 00b5 01        		.byte	0x1
 667 00b6 0000 0000 		.long	.LASF43
 668 00ba 01        		.byte	0x1
 669 00bb A8        		.byte	0xa8
 670 00bc 01        		.byte	0x1
 671 00bd 00        		.byte	0x0
 672 00be 08        		.uleb128 0x8
 673 00bf 01        		.byte	0x1
 674 00c0 0000 0000 		.long	.LASF24
 675 00c4 01        		.byte	0x1
 676 00c5 58        		.byte	0x58
 677 00c6 01        		.byte	0x1
GAS LISTING C:\users\mohammadreza\Temp/ccmoIXVC.s 			page 13


 678 00c7 0000 0000 		.long	.LFB2
 679 00cb 0000 0000 		.long	.LFE2
 680 00cf 02        		.byte	0x2
 681 00d0 90        		.byte	0x90
 682 00d1 20        		.uleb128 0x20
 683 00d2 E600 0000 		.long	0xe6
 684 00d6 09        		.uleb128 0x9
 685 00d7 6E75 6D00 		.string	"num"
 686 00db 01        		.byte	0x1
 687 00dc 58        		.byte	0x58
 688 00dd 7200 0000 		.long	0x72
 689 00e1 0000 0000 		.long	.LLST1
 690 00e5 00        		.byte	0x0
 691 00e6 0A        		.uleb128 0xa
 692 00e7 01        		.byte	0x1
 693 00e8 0000 0000 		.long	.LASF17
 694 00ec 01        		.byte	0x1
 695 00ed 77        		.byte	0x77
 696 00ee 01        		.byte	0x1
 697 00ef 0000 0000 		.long	.LFB6
 698 00f3 0000 0000 		.long	.LFE6
 699 00f7 02        		.byte	0x2
 700 00f8 90        		.byte	0x90
 701 00f9 20        		.uleb128 0x20
 702 00fa 0A        		.uleb128 0xa
 703 00fb 01        		.byte	0x1
 704 00fc 0000 0000 		.long	.LASF18
 705 0100 01        		.byte	0x1
 706 0101 7B        		.byte	0x7b
 707 0102 01        		.byte	0x1
 708 0103 0000 0000 		.long	.LFB7
 709 0107 0000 0000 		.long	.LFE7
 710 010b 02        		.byte	0x2
 711 010c 90        		.byte	0x90
 712 010d 20        		.uleb128 0x20
 713 010e 0A        		.uleb128 0xa
 714 010f 01        		.byte	0x1
 715 0110 0000 0000 		.long	.LASF19
 716 0114 01        		.byte	0x1
 717 0115 7F        		.byte	0x7f
 718 0116 01        		.byte	0x1
 719 0117 0000 0000 		.long	.LFB8
 720 011b 0000 0000 		.long	.LFE8
 721 011f 02        		.byte	0x2
 722 0120 90        		.byte	0x90
 723 0121 20        		.uleb128 0x20
 724 0122 0A        		.uleb128 0xa
 725 0123 01        		.byte	0x1
 726 0124 0000 0000 		.long	.LASF20
 727 0128 01        		.byte	0x1
 728 0129 83        		.byte	0x83
 729 012a 01        		.byte	0x1
 730 012b 0000 0000 		.long	.LFB9
 731 012f 0000 0000 		.long	.LFE9
 732 0133 02        		.byte	0x2
 733 0134 90        		.byte	0x90
 734 0135 20        		.uleb128 0x20
GAS LISTING C:\users\mohammadreza\Temp/ccmoIXVC.s 			page 14


 735 0136 0A        		.uleb128 0xa
 736 0137 01        		.byte	0x1
 737 0138 0000 0000 		.long	.LASF21
 738 013c 01        		.byte	0x1
 739 013d 87        		.byte	0x87
 740 013e 01        		.byte	0x1
 741 013f 0000 0000 		.long	.LFB10
 742 0143 0000 0000 		.long	.LFE10
 743 0147 02        		.byte	0x2
 744 0148 90        		.byte	0x90
 745 0149 20        		.uleb128 0x20
 746 014a 0A        		.uleb128 0xa
 747 014b 01        		.byte	0x1
 748 014c 0000 0000 		.long	.LASF22
 749 0150 01        		.byte	0x1
 750 0151 B2        		.byte	0xb2
 751 0152 01        		.byte	0x1
 752 0153 0000 0000 		.long	.LFB14
 753 0157 0000 0000 		.long	.LFE14
 754 015b 02        		.byte	0x2
 755 015c 90        		.byte	0x90
 756 015d 20        		.uleb128 0x20
 757 015e 0B        		.uleb128 0xb
 758 015f B400 0000 		.long	0xb4
 759 0163 0000 0000 		.long	.LFB13
 760 0167 0000 0000 		.long	.LFE13
 761 016b 02        		.byte	0x2
 762 016c 90        		.byte	0x90
 763 016d 20        		.uleb128 0x20
 764 016e 0A        		.uleb128 0xa
 765 016f 01        		.byte	0x1
 766 0170 0000 0000 		.long	.LASF23
 767 0174 01        		.byte	0x1
 768 0175 A1        		.byte	0xa1
 769 0176 01        		.byte	0x1
 770 0177 0000 0000 		.long	.LFB12
 771 017b 0000 0000 		.long	.LFE12
 772 017f 02        		.byte	0x2
 773 0180 90        		.byte	0x90
 774 0181 20        		.uleb128 0x20
 775 0182 08        		.uleb128 0x8
 776 0183 01        		.byte	0x1
 777 0184 0000 0000 		.long	.LASF25
 778 0188 01        		.byte	0x1
 779 0189 BA        		.byte	0xba
 780 018a 01        		.byte	0x1
 781 018b 0000 0000 		.long	.LFB15
 782 018f 0000 0000 		.long	.LFE15
 783 0193 02        		.byte	0x2
 784 0194 90        		.byte	0x90
 785 0195 20        		.uleb128 0x20
 786 0196 C401 0000 		.long	0x1c4
 787 019a 0C        		.uleb128 0xc
 788 019b 0000 0000 		.long	.LASF29
 789 019f 01        		.byte	0x1
 790 01a0 BB        		.byte	0xbb
 791 01a1 7200 0000 		.long	0x72
GAS LISTING C:\users\mohammadreza\Temp/ccmoIXVC.s 			page 15


 792 01a5 0D        		.uleb128 0xd
 793 01a6 B400 0000 		.long	0xb4
 794 01aa 0000 0000 		.long	.LBB6
 795 01ae 0000 0000 		.long	.LBE6
 796 01b2 01        		.byte	0x1
 797 01b3 E4        		.byte	0xe4
 798 01b4 0D        		.uleb128 0xd
 799 01b5 B400 0000 		.long	0xb4
 800 01b9 0000 0000 		.long	.LBB8
 801 01bd 0000 0000 		.long	.LBE8
 802 01c1 01        		.byte	0x1
 803 01c2 CF        		.byte	0xcf
 804 01c3 00        		.byte	0x0
 805 01c4 0A        		.uleb128 0xa
 806 01c5 01        		.byte	0x1
 807 01c6 0000 0000 		.long	.LASF26
 808 01ca 01        		.byte	0x1
 809 01cb 5E        		.byte	0x5e
 810 01cc 01        		.byte	0x1
 811 01cd 0000 0000 		.long	.LFB3
 812 01d1 0000 0000 		.long	.LFE3
 813 01d5 02        		.byte	0x2
 814 01d6 90        		.byte	0x90
 815 01d7 20        		.uleb128 0x20
 816 01d8 0A        		.uleb128 0xa
 817 01d9 01        		.byte	0x1
 818 01da 0000 0000 		.long	.LASF27
 819 01de 01        		.byte	0x1
 820 01df 8C        		.byte	0x8c
 821 01e0 01        		.byte	0x1
 822 01e1 0000 0000 		.long	.LFB11
 823 01e5 0000 0000 		.long	.LFE11
 824 01e9 02        		.byte	0x2
 825 01ea 90        		.byte	0x90
 826 01eb 20        		.uleb128 0x20
 827 01ec 08        		.uleb128 0x8
 828 01ed 01        		.byte	0x1
 829 01ee 0000 0000 		.long	.LASF28
 830 01f2 01        		.byte	0x1
 831 01f3 6C        		.byte	0x6c
 832 01f4 01        		.byte	0x1
 833 01f5 0000 0000 		.long	.LFB5
 834 01f9 0000 0000 		.long	.LFE5
 835 01fd 02        		.byte	0x2
 836 01fe 90        		.byte	0x90
 837 01ff 20        		.uleb128 0x20
 838 0200 1002 0000 		.long	0x210
 839 0204 0C        		.uleb128 0xc
 840 0205 0000 0000 		.long	.LASF30
 841 0209 01        		.byte	0x1
 842 020a 6D        		.byte	0x6d
 843 020b 7200 0000 		.long	0x72
 844 020f 00        		.byte	0x0
 845 0210 0A        		.uleb128 0xa
 846 0211 01        		.byte	0x1
 847 0212 0000 0000 		.long	.LASF31
 848 0216 01        		.byte	0x1
GAS LISTING C:\users\mohammadreza\Temp/ccmoIXVC.s 			page 16


 849 0217 64        		.byte	0x64
 850 0218 01        		.byte	0x1
 851 0219 0000 0000 		.long	.LFB4
 852 021d 0000 0000 		.long	.LFE4
 853 0221 02        		.byte	0x2
 854 0222 90        		.byte	0x90
 855 0223 20        		.uleb128 0x20
 856 0224 0E        		.uleb128 0xe
 857 0225 7D00 0000 		.long	0x7d
 858 0229 3402 0000 		.long	0x234
 859 022d 0F        		.uleb128 0xf
 860 022e 3402 0000 		.long	0x234
 861 0232 03        		.byte	0x3
 862 0233 00        		.byte	0x0
 863 0234 10        		.uleb128 0x10
 864 0235 02        		.byte	0x2
 865 0236 07        		.byte	0x7
 866 0237 11        		.uleb128 0x11
 867 0238 0000 0000 		.long	.LASF32
 868 023c 03        		.byte	0x3
 869 023d 0C        		.byte	0xc
 870 023e 2402 0000 		.long	0x224
 871 0242 01        		.byte	0x1
 872 0243 01        		.byte	0x1
 873 0244 12        		.uleb128 0x12
 874 0245 0000 0000 		.long	.LASF33
 875 0249 01        		.byte	0x1
 876 024a 2E        		.byte	0x2e
 877 024b 5602 0000 		.long	0x256
 878 024f 01        		.byte	0x1
 879 0250 05        		.byte	0x5
 880 0251 03        		.byte	0x3
 881 0252 0000 0000 		.long	state_Lock
 882 0256 13        		.uleb128 0x13
 883 0257 A900 0000 		.long	0xa9
 884 025b 12        		.uleb128 0x12
 885 025c 0000 0000 		.long	.LASF34
 886 0260 01        		.byte	0x1
 887 0261 4D        		.byte	0x4d
 888 0262 6D02 0000 		.long	0x26d
 889 0266 01        		.byte	0x1
 890 0267 05        		.byte	0x5
 891 0268 03        		.byte	0x3
 892 0269 0000 0000 		.long	v_ServoLock
 893 026d 13        		.uleb128 0x13
 894 026e 7200 0000 		.long	0x72
 895 0272 12        		.uleb128 0x12
 896 0273 0000 0000 		.long	.LASF35
 897 0277 01        		.byte	0x1
 898 0278 4E        		.byte	0x4e
 899 0279 6D02 0000 		.long	0x26d
 900 027d 01        		.byte	0x1
 901 027e 05        		.byte	0x5
 902 027f 03        		.byte	0x3
 903 0280 0000 0000 		.long	v_ServoUnLock
 904 0284 12        		.uleb128 0x12
 905 0285 0000 0000 		.long	.LASF36
GAS LISTING C:\users\mohammadreza\Temp/ccmoIXVC.s 			page 17


 906 0289 01        		.byte	0x1
 907 028a 4F        		.byte	0x4f
 908 028b 7200 0000 		.long	0x72
 909 028f 01        		.byte	0x1
 910 0290 05        		.byte	0x5
 911 0291 03        		.byte	0x3
 912 0292 0000 0000 		.long	app_subscription
 913 0296 0E        		.uleb128 0xe
 914 0297 A802 0000 		.long	0x2a8
 915 029b A602 0000 		.long	0x2a6
 916 029f 0F        		.uleb128 0xf
 917 02a0 3402 0000 		.long	0x234
 918 02a4 07        		.byte	0x7
 919 02a5 00        		.byte	0x0
 920 02a6 14        		.uleb128 0x14
 921 02a7 01        		.byte	0x1
 922 02a8 15        		.uleb128 0x15
 923 02a9 02        		.byte	0x2
 924 02aa A602 0000 		.long	0x2a6
 925 02ae 12        		.uleb128 0x12
 926 02af 0000 0000 		.long	.LASF37
 927 02b3 01        		.byte	0x1
 928 02b4 54        		.byte	0x54
 929 02b5 9602 0000 		.long	0x296
 930 02b9 01        		.byte	0x1
 931 02ba 05        		.byte	0x5
 932 02bb 03        		.byte	0x3
 933 02bc 0000 0000 		.long	f_Applic_function
 934 02c0 16        		.uleb128 0x16
 935 02c1 6300      		.string	"c"
 936 02c3 01        		.byte	0x1
 937 02c4 63        		.byte	0x63
 938 02c5 7200 0000 		.long	0x72
 939 02c9 01        		.byte	0x1
 940 02ca 05        		.byte	0x5
 941 02cb 03        		.byte	0x3
 942 02cc 0000 0000 		.long	c
 943 02d0 12        		.uleb128 0x12
 944 02d1 0000 0000 		.long	.LASF38
 945 02d5 01        		.byte	0x1
 946 02d6 69        		.byte	0x69
 947 02d7 7D00 0000 		.long	0x7d
 948 02db 01        		.byte	0x1
 949 02dc 05        		.byte	0x5
 950 02dd 03        		.byte	0x3
 951 02de 0000 0000 		.long	start2
 952 02e2 12        		.uleb128 0x12
 953 02e3 0000 0000 		.long	.LASF39
 954 02e7 01        		.byte	0x1
 955 02e8 6A        		.byte	0x6a
 956 02e9 7D00 0000 		.long	0x7d
 957 02ed 01        		.byte	0x1
 958 02ee 05        		.byte	0x5
 959 02ef 03        		.byte	0x3
 960 02f0 0000 0000 		.long	end2
 961 02f4 16        		.uleb128 0x16
 962 02f5 6932 00   		.string	"i2"
GAS LISTING C:\users\mohammadreza\Temp/ccmoIXVC.s 			page 18


 963 02f8 01        		.byte	0x1
 964 02f9 6B        		.byte	0x6b
 965 02fa 7200 0000 		.long	0x72
 966 02fe 01        		.byte	0x1
 967 02ff 05        		.byte	0x5
 968 0300 03        		.byte	0x3
 969 0301 0000 0000 		.long	i2
 970 0305 00        		.byte	0x0
 971               		.section	.debug_abbrev
 972 0000 01        		.uleb128 0x1
 973 0001 11        		.uleb128 0x11
 974 0002 01        		.byte	0x1
 975 0003 25        		.uleb128 0x25
 976 0004 0E        		.uleb128 0xe
 977 0005 13        		.uleb128 0x13
 978 0006 0B        		.uleb128 0xb
 979 0007 03        		.uleb128 0x3
 980 0008 0E        		.uleb128 0xe
 981 0009 1B        		.uleb128 0x1b
 982 000a 0E        		.uleb128 0xe
 983 000b 11        		.uleb128 0x11
 984 000c 01        		.uleb128 0x1
 985 000d 12        		.uleb128 0x12
 986 000e 01        		.uleb128 0x1
 987 000f 10        		.uleb128 0x10
 988 0010 06        		.uleb128 0x6
 989 0011 00        		.byte	0x0
 990 0012 00        		.byte	0x0
 991 0013 02        		.uleb128 0x2
 992 0014 24        		.uleb128 0x24
 993 0015 00        		.byte	0x0
 994 0016 0B        		.uleb128 0xb
 995 0017 0B        		.uleb128 0xb
 996 0018 3E        		.uleb128 0x3e
 997 0019 0B        		.uleb128 0xb
 998 001a 03        		.uleb128 0x3
 999 001b 0E        		.uleb128 0xe
 1000 001c 00        		.byte	0x0
 1001 001d 00        		.byte	0x0
 1002 001e 03        		.uleb128 0x3
 1003 001f 24        		.uleb128 0x24
 1004 0020 00        		.byte	0x0
 1005 0021 0B        		.uleb128 0xb
 1006 0022 0B        		.uleb128 0xb
 1007 0023 3E        		.uleb128 0x3e
 1008 0024 0B        		.uleb128 0xb
 1009 0025 03        		.uleb128 0x3
 1010 0026 08        		.uleb128 0x8
 1011 0027 00        		.byte	0x0
 1012 0028 00        		.byte	0x0
 1013 0029 04        		.uleb128 0x4
 1014 002a 16        		.uleb128 0x16
 1015 002b 00        		.byte	0x0
 1016 002c 03        		.uleb128 0x3
 1017 002d 0E        		.uleb128 0xe
 1018 002e 3A        		.uleb128 0x3a
 1019 002f 0B        		.uleb128 0xb
GAS LISTING C:\users\mohammadreza\Temp/ccmoIXVC.s 			page 19


 1020 0030 3B        		.uleb128 0x3b
 1021 0031 0B        		.uleb128 0xb
 1022 0032 49        		.uleb128 0x49
 1023 0033 13        		.uleb128 0x13
 1024 0034 00        		.byte	0x0
 1025 0035 00        		.byte	0x0
 1026 0036 05        		.uleb128 0x5
 1027 0037 04        		.uleb128 0x4
 1028 0038 01        		.byte	0x1
 1029 0039 0B        		.uleb128 0xb
 1030 003a 0B        		.uleb128 0xb
 1031 003b 3A        		.uleb128 0x3a
 1032 003c 0B        		.uleb128 0xb
 1033 003d 3B        		.uleb128 0x3b
 1034 003e 0B        		.uleb128 0xb
 1035 003f 01        		.uleb128 0x1
 1036 0040 13        		.uleb128 0x13
 1037 0041 00        		.byte	0x0
 1038 0042 00        		.byte	0x0
 1039 0043 06        		.uleb128 0x6
 1040 0044 28        		.uleb128 0x28
 1041 0045 00        		.byte	0x0
 1042 0046 03        		.uleb128 0x3
 1043 0047 0E        		.uleb128 0xe
 1044 0048 1C        		.uleb128 0x1c
 1045 0049 0D        		.uleb128 0xd
 1046 004a 00        		.byte	0x0
 1047 004b 00        		.byte	0x0
 1048 004c 07        		.uleb128 0x7
 1049 004d 2E        		.uleb128 0x2e
 1050 004e 00        		.byte	0x0
 1051 004f 3F        		.uleb128 0x3f
 1052 0050 0C        		.uleb128 0xc
 1053 0051 03        		.uleb128 0x3
 1054 0052 0E        		.uleb128 0xe
 1055 0053 3A        		.uleb128 0x3a
 1056 0054 0B        		.uleb128 0xb
 1057 0055 3B        		.uleb128 0x3b
 1058 0056 0B        		.uleb128 0xb
 1059 0057 27        		.uleb128 0x27
 1060 0058 0C        		.uleb128 0xc
 1061 0059 20        		.uleb128 0x20
 1062 005a 0B        		.uleb128 0xb
 1063 005b 00        		.byte	0x0
 1064 005c 00        		.byte	0x0
 1065 005d 08        		.uleb128 0x8
 1066 005e 2E        		.uleb128 0x2e
 1067 005f 01        		.byte	0x1
 1068 0060 3F        		.uleb128 0x3f
 1069 0061 0C        		.uleb128 0xc
 1070 0062 03        		.uleb128 0x3
 1071 0063 0E        		.uleb128 0xe
 1072 0064 3A        		.uleb128 0x3a
 1073 0065 0B        		.uleb128 0xb
 1074 0066 3B        		.uleb128 0x3b
 1075 0067 0B        		.uleb128 0xb
 1076 0068 27        		.uleb128 0x27
GAS LISTING C:\users\mohammadreza\Temp/ccmoIXVC.s 			page 20


 1077 0069 0C        		.uleb128 0xc
 1078 006a 11        		.uleb128 0x11
 1079 006b 01        		.uleb128 0x1
 1080 006c 12        		.uleb128 0x12
 1081 006d 01        		.uleb128 0x1
 1082 006e 40        		.uleb128 0x40
 1083 006f 0A        		.uleb128 0xa
 1084 0070 01        		.uleb128 0x1
 1085 0071 13        		.uleb128 0x13
 1086 0072 00        		.byte	0x0
 1087 0073 00        		.byte	0x0
 1088 0074 09        		.uleb128 0x9
 1089 0075 05        		.uleb128 0x5
 1090 0076 00        		.byte	0x0
 1091 0077 03        		.uleb128 0x3
 1092 0078 08        		.uleb128 0x8
 1093 0079 3A        		.uleb128 0x3a
 1094 007a 0B        		.uleb128 0xb
 1095 007b 3B        		.uleb128 0x3b
 1096 007c 0B        		.uleb128 0xb
 1097 007d 49        		.uleb128 0x49
 1098 007e 13        		.uleb128 0x13
 1099 007f 02        		.uleb128 0x2
 1100 0080 06        		.uleb128 0x6
 1101 0081 00        		.byte	0x0
 1102 0082 00        		.byte	0x0
 1103 0083 0A        		.uleb128 0xa
 1104 0084 2E        		.uleb128 0x2e
 1105 0085 00        		.byte	0x0
 1106 0086 3F        		.uleb128 0x3f
 1107 0087 0C        		.uleb128 0xc
 1108 0088 03        		.uleb128 0x3
 1109 0089 0E        		.uleb128 0xe
 1110 008a 3A        		.uleb128 0x3a
 1111 008b 0B        		.uleb128 0xb
 1112 008c 3B        		.uleb128 0x3b
 1113 008d 0B        		.uleb128 0xb
 1114 008e 27        		.uleb128 0x27
 1115 008f 0C        		.uleb128 0xc
 1116 0090 11        		.uleb128 0x11
 1117 0091 01        		.uleb128 0x1
 1118 0092 12        		.uleb128 0x12
 1119 0093 01        		.uleb128 0x1
 1120 0094 40        		.uleb128 0x40
 1121 0095 0A        		.uleb128 0xa
 1122 0096 00        		.byte	0x0
 1123 0097 00        		.byte	0x0
 1124 0098 0B        		.uleb128 0xb
 1125 0099 2E        		.uleb128 0x2e
 1126 009a 00        		.byte	0x0
 1127 009b 31        		.uleb128 0x31
 1128 009c 13        		.uleb128 0x13
 1129 009d 11        		.uleb128 0x11
 1130 009e 01        		.uleb128 0x1
 1131 009f 12        		.uleb128 0x12
 1132 00a0 01        		.uleb128 0x1
 1133 00a1 40        		.uleb128 0x40
GAS LISTING C:\users\mohammadreza\Temp/ccmoIXVC.s 			page 21


 1134 00a2 0A        		.uleb128 0xa
 1135 00a3 00        		.byte	0x0
 1136 00a4 00        		.byte	0x0
 1137 00a5 0C        		.uleb128 0xc
 1138 00a6 34        		.uleb128 0x34
 1139 00a7 00        		.byte	0x0
 1140 00a8 03        		.uleb128 0x3
 1141 00a9 0E        		.uleb128 0xe
 1142 00aa 3A        		.uleb128 0x3a
 1143 00ab 0B        		.uleb128 0xb
 1144 00ac 3B        		.uleb128 0x3b
 1145 00ad 0B        		.uleb128 0xb
 1146 00ae 49        		.uleb128 0x49
 1147 00af 13        		.uleb128 0x13
 1148 00b0 00        		.byte	0x0
 1149 00b1 00        		.byte	0x0
 1150 00b2 0D        		.uleb128 0xd
 1151 00b3 1D        		.uleb128 0x1d
 1152 00b4 00        		.byte	0x0
 1153 00b5 31        		.uleb128 0x31
 1154 00b6 13        		.uleb128 0x13
 1155 00b7 11        		.uleb128 0x11
 1156 00b8 01        		.uleb128 0x1
 1157 00b9 12        		.uleb128 0x12
 1158 00ba 01        		.uleb128 0x1
 1159 00bb 58        		.uleb128 0x58
 1160 00bc 0B        		.uleb128 0xb
 1161 00bd 59        		.uleb128 0x59
 1162 00be 0B        		.uleb128 0xb
 1163 00bf 00        		.byte	0x0
 1164 00c0 00        		.byte	0x0
 1165 00c1 0E        		.uleb128 0xe
 1166 00c2 01        		.uleb128 0x1
 1167 00c3 01        		.byte	0x1
 1168 00c4 49        		.uleb128 0x49
 1169 00c5 13        		.uleb128 0x13
 1170 00c6 01        		.uleb128 0x1
 1171 00c7 13        		.uleb128 0x13
 1172 00c8 00        		.byte	0x0
 1173 00c9 00        		.byte	0x0
 1174 00ca 0F        		.uleb128 0xf
 1175 00cb 21        		.uleb128 0x21
 1176 00cc 00        		.byte	0x0
 1177 00cd 49        		.uleb128 0x49
 1178 00ce 13        		.uleb128 0x13
 1179 00cf 2F        		.uleb128 0x2f
 1180 00d0 0B        		.uleb128 0xb
 1181 00d1 00        		.byte	0x0
 1182 00d2 00        		.byte	0x0
 1183 00d3 10        		.uleb128 0x10
 1184 00d4 24        		.uleb128 0x24
 1185 00d5 00        		.byte	0x0
 1186 00d6 0B        		.uleb128 0xb
 1187 00d7 0B        		.uleb128 0xb
 1188 00d8 3E        		.uleb128 0x3e
 1189 00d9 0B        		.uleb128 0xb
 1190 00da 00        		.byte	0x0
GAS LISTING C:\users\mohammadreza\Temp/ccmoIXVC.s 			page 22


 1191 00db 00        		.byte	0x0
 1192 00dc 11        		.uleb128 0x11
 1193 00dd 34        		.uleb128 0x34
 1194 00de 00        		.byte	0x0
 1195 00df 03        		.uleb128 0x3
 1196 00e0 0E        		.uleb128 0xe
 1197 00e1 3A        		.uleb128 0x3a
 1198 00e2 0B        		.uleb128 0xb
 1199 00e3 3B        		.uleb128 0x3b
 1200 00e4 0B        		.uleb128 0xb
 1201 00e5 49        		.uleb128 0x49
 1202 00e6 13        		.uleb128 0x13
 1203 00e7 3F        		.uleb128 0x3f
 1204 00e8 0C        		.uleb128 0xc
 1205 00e9 3C        		.uleb128 0x3c
 1206 00ea 0C        		.uleb128 0xc
 1207 00eb 00        		.byte	0x0
 1208 00ec 00        		.byte	0x0
 1209 00ed 12        		.uleb128 0x12
 1210 00ee 34        		.uleb128 0x34
 1211 00ef 00        		.byte	0x0
 1212 00f0 03        		.uleb128 0x3
 1213 00f1 0E        		.uleb128 0xe
 1214 00f2 3A        		.uleb128 0x3a
 1215 00f3 0B        		.uleb128 0xb
 1216 00f4 3B        		.uleb128 0x3b
 1217 00f5 0B        		.uleb128 0xb
 1218 00f6 49        		.uleb128 0x49
 1219 00f7 13        		.uleb128 0x13
 1220 00f8 3F        		.uleb128 0x3f
 1221 00f9 0C        		.uleb128 0xc
 1222 00fa 02        		.uleb128 0x2
 1223 00fb 0A        		.uleb128 0xa
 1224 00fc 00        		.byte	0x0
 1225 00fd 00        		.byte	0x0
 1226 00fe 13        		.uleb128 0x13
 1227 00ff 35        		.uleb128 0x35
 1228 0100 00        		.byte	0x0
 1229 0101 49        		.uleb128 0x49
 1230 0102 13        		.uleb128 0x13
 1231 0103 00        		.byte	0x0
 1232 0104 00        		.byte	0x0
 1233 0105 14        		.uleb128 0x14
 1234 0106 15        		.uleb128 0x15
 1235 0107 00        		.byte	0x0
 1236 0108 27        		.uleb128 0x27
 1237 0109 0C        		.uleb128 0xc
 1238 010a 00        		.byte	0x0
 1239 010b 00        		.byte	0x0
 1240 010c 15        		.uleb128 0x15
 1241 010d 0F        		.uleb128 0xf
 1242 010e 00        		.byte	0x0
 1243 010f 0B        		.uleb128 0xb
 1244 0110 0B        		.uleb128 0xb
 1245 0111 49        		.uleb128 0x49
 1246 0112 13        		.uleb128 0x13
 1247 0113 00        		.byte	0x0
GAS LISTING C:\users\mohammadreza\Temp/ccmoIXVC.s 			page 23


 1248 0114 00        		.byte	0x0
 1249 0115 16        		.uleb128 0x16
 1250 0116 34        		.uleb128 0x34
 1251 0117 00        		.byte	0x0
 1252 0118 03        		.uleb128 0x3
 1253 0119 08        		.uleb128 0x8
 1254 011a 3A        		.uleb128 0x3a
 1255 011b 0B        		.uleb128 0xb
 1256 011c 3B        		.uleb128 0x3b
 1257 011d 0B        		.uleb128 0xb
 1258 011e 49        		.uleb128 0x49
 1259 011f 13        		.uleb128 0x13
 1260 0120 3F        		.uleb128 0x3f
 1261 0121 0C        		.uleb128 0xc
 1262 0122 02        		.uleb128 0x2
 1263 0123 0A        		.uleb128 0xa
 1264 0124 00        		.byte	0x0
 1265 0125 00        		.byte	0x0
 1266 0126 00        		.byte	0x0
 1267               		.section	.debug_pubnames,"",@progbits
 1268 0000 6801 0000 		.long	0x168
 1269 0004 0200      		.word	0x2
 1270 0006 0000 0000 		.long	.Ldebug_info0
 1271 000a 0603 0000 		.long	0x306
 1272 000e BE00 0000 		.long	0xbe
 1273 0012 6170 706C 		.string	"applications_reducer"
 1273      6963 6174 
 1273      696F 6E73 
 1273      5F72 6564 
 1273      7563 6572 
 1274 0027 E600 0000 		.long	0xe6
 1275 002b 6D79 5F41 		.string	"my_Applic3"
 1275      7070 6C69 
 1275      6333 00
 1276 0036 FA00 0000 		.long	0xfa
 1277 003a 6D79 5F41 		.string	"my_Applic4"
 1277      7070 6C69 
 1277      6334 00
 1278 0045 0E01 0000 		.long	0x10e
 1279 0049 6D79 5F41 		.string	"my_Applic5"
 1279      7070 6C69 
 1279      6335 00
 1280 0054 2201 0000 		.long	0x122
 1281 0058 6D79 5F41 		.string	"my_Applic6"
 1281      7070 6C69 
 1281      6336 00
 1282 0063 3601 0000 		.long	0x136
 1283 0067 6D79 5F41 		.string	"my_Applic7"
 1283      7070 6C69 
 1283      6337 00
 1284 0072 4A01 0000 		.long	0x14a
 1285 0076 665F 4C6F 		.string	"f_LockUnLock"
 1285      636B 556E 
 1285      4C6F 636B 
 1285      00
 1286 0083 5E01 0000 		.long	0x15e
 1287 0087 665F 4C6F 		.string	"f_LockIdle"
GAS LISTING C:\users\mohammadreza\Temp/ccmoIXVC.s 			page 24


 1287      636B 4964 
 1287      6C65 00
 1288 0092 6E01 0000 		.long	0x16e
 1289 0096 665F 4C6F 		.string	"f_LockLock"
 1289      636B 4C6F 
 1289      636B 00
 1290 00a1 8201 0000 		.long	0x182
 1291 00a5 665F 4C6F 		.string	"f_LockFSM"
 1291      636B 4653 
 1291      4D00 
 1292 00af C401 0000 		.long	0x1c4
 1293 00b3 665F 4170 		.string	"f_Applic"
 1293      706C 6963 
 1293      00
 1294 00bc D801 0000 		.long	0x1d8
 1295 00c0 665F 496E 		.string	"f_Init_Applic"
 1295      6974 5F41 
 1295      7070 6C69 
 1295      6300 
 1296 00ce EC01 0000 		.long	0x1ec
 1297 00d2 6D79 5F41 		.string	"my_Applic2"
 1297      7070 6C69 
 1297      6332 00
 1298 00dd 1002 0000 		.long	0x210
 1299 00e1 6D79 5F41 		.string	"my_Applic"
 1299      7070 6C69 
 1299      6300 
 1300 00eb 4402 0000 		.long	0x244
 1301 00ef 7374 6174 		.string	"state_Lock"
 1301      655F 4C6F 
 1301      636B 00
 1302 00fa 5B02 0000 		.long	0x25b
 1303 00fe 765F 5365 		.string	"v_ServoLock"
 1303      7276 6F4C 
 1303      6F63 6B00 
 1304 010a 7202 0000 		.long	0x272
 1305 010e 765F 5365 		.string	"v_ServoUnLock"
 1305      7276 6F55 
 1305      6E4C 6F63 
 1305      6B00 
 1306 011c 8402 0000 		.long	0x284
 1307 0120 6170 705F 		.string	"app_subscription"
 1307      7375 6273 
 1307      6372 6970 
 1307      7469 6F6E 
 1307      00
 1308 0131 AE02 0000 		.long	0x2ae
 1309 0135 665F 4170 		.string	"f_Applic_function"
 1309      706C 6963 
 1309      5F66 756E 
 1309      6374 696F 
 1309      6E00 
 1310 0147 C002 0000 		.long	0x2c0
 1311 014b 6300      		.string	"c"
 1312 014d D002 0000 		.long	0x2d0
 1313 0151 7374 6172 		.string	"start2"
 1313      7432 00
GAS LISTING C:\users\mohammadreza\Temp/ccmoIXVC.s 			page 25


 1314 0158 E202 0000 		.long	0x2e2
 1315 015c 656E 6432 		.string	"end2"
 1315      00
 1316 0161 F402 0000 		.long	0x2f4
 1317 0165 6932 00   		.string	"i2"
 1318 0168 0000 0000 		.long	0x0
 1319               		.section	.debug_aranges,"",@progbits
 1320 0000 1C00 0000 		.long	0x1c
 1321 0004 0200      		.word	0x2
 1322 0006 0000 0000 		.long	.Ldebug_info0
 1323 000a 04        		.byte	0x4
 1324 000b 00        		.byte	0x0
 1325 000c 0000      		.word	0x0
 1326 000e 0000      		.word	0x0
 1327 0010 0000 0000 		.long	.Ltext0
 1328 0014 B201 0000 		.long	.Letext0-.Ltext0
 1329 0018 0000 0000 		.long	0x0
 1330 001c 0000 0000 		.long	0x0
 1331               		.section	.debug_line
 1332 0000 B702 0000 		.long	.LELT0-.LSLT0
 1333               	.LSLT0:
 1334 0004 0200      		.word	0x2
 1335 0006 8600 0000 		.long	.LELTP0-.LASLTP0
 1336               	.LASLTP0:
 1337 000a 01        		.byte	0x1
 1338 000b 01        		.byte	0x1
 1339 000c F6        		.byte	0xf6
 1340 000d F5        		.byte	0xf5
 1341 000e 0A        		.byte	0xa
 1342 000f 00        		.byte	0x0
 1343 0010 01        		.byte	0x1
 1344 0011 01        		.byte	0x1
 1345 0012 01        		.byte	0x1
 1346 0013 01        		.byte	0x1
 1347 0014 00        		.byte	0x0
 1348 0015 00        		.byte	0x0
 1349 0016 00        		.byte	0x0
 1350 0017 01        		.byte	0x1
 1351 0018 7372 632F 		.ascii	"src/applic"
 1351      6170 706C 
 1351      6963 
 1352 0022 00        		.byte	0
 1353 0023 7372 632F 		.ascii	"src/applic/../includes"
 1353      6170 706C 
 1353      6963 2F2E 
 1353      2E2F 696E 
 1353      636C 7564 
 1354 0039 00        		.byte	0
 1355 003a 7372 632F 		.ascii	"src/applic/../periphint"
 1355      6170 706C 
 1355      6963 2F2E 
 1355      2E2F 7065 
 1355      7269 7068 
 1356 0051 00        		.byte	0
 1357 0052 00        		.byte	0x0
 1358 0053 6170 706C 		.string	"applic.c"
 1358      6963 2E63 
GAS LISTING C:\users\mohammadreza\Temp/ccmoIXVC.s 			page 26


 1358      00
 1359 005c 01        		.uleb128 0x1
 1360 005d 00        		.uleb128 0x0
 1361 005e 00        		.uleb128 0x0
 1362 005f 2E2E 2F69 		.string	"../includes/types.h"
 1362      6E63 6C75 
 1362      6465 732F 
 1362      7479 7065 
 1362      732E 6800 
 1363 0073 01        		.uleb128 0x1
 1364 0074 00        		.uleb128 0x0
 1365 0075 00        		.uleb128 0x0
 1366 0076 2E2E 2F70 		.string	"../periphint/Timer0.h"
 1366      6572 6970 
 1366      6869 6E74 
 1366      2F54 696D 
 1366      6572 302E 
 1367 008c 01        		.uleb128 0x1
 1368 008d 00        		.uleb128 0x0
 1369 008e 00        		.uleb128 0x0
 1370 008f 00        		.byte	0x0
 1371               	.LELTP0:
 1372 0090 00        		.byte	0x0
 1373 0091 05        		.uleb128 0x5
 1374 0092 02        		.byte	0x2
 1375 0093 0000 0000 		.long	.LM1
 1376 0097 6B        		.byte	0x6b
 1377 0098 00        		.byte	0x0
 1378 0099 05        		.uleb128 0x5
 1379 009a 02        		.byte	0x2
 1380 009b 0000 0000 		.long	.LM2
 1381 009f 15        		.byte	0x15
 1382 00a0 00        		.byte	0x0
 1383 00a1 05        		.uleb128 0x5
 1384 00a2 02        		.byte	0x2
 1385 00a3 0000 0000 		.long	.LM3
 1386 00a7 15        		.byte	0x15
 1387 00a8 00        		.byte	0x0
 1388 00a9 05        		.uleb128 0x5
 1389 00aa 02        		.byte	0x2
 1390 00ab 0000 0000 		.long	.LM4
 1391 00af 31        		.byte	0x31
 1392 00b0 00        		.byte	0x0
 1393 00b1 05        		.uleb128 0x5
 1394 00b2 02        		.byte	0x2
 1395 00b3 0000 0000 		.long	.LM5
 1396 00b7 16        		.byte	0x16
 1397 00b8 00        		.byte	0x0
 1398 00b9 05        		.uleb128 0x5
 1399 00ba 02        		.byte	0x2
 1400 00bb 0000 0000 		.long	.LM6
 1401 00bf 16        		.byte	0x16
 1402 00c0 00        		.byte	0x0
 1403 00c1 05        		.uleb128 0x5
 1404 00c2 02        		.byte	0x2
 1405 00c3 0000 0000 		.long	.LM7
 1406 00c7 16        		.byte	0x16
GAS LISTING C:\users\mohammadreza\Temp/ccmoIXVC.s 			page 27


 1407 00c8 00        		.byte	0x0
 1408 00c9 05        		.uleb128 0x5
 1409 00ca 02        		.byte	0x2
 1410 00cb 0000 0000 		.long	.LM8
 1411 00cf 16        		.byte	0x16
 1412 00d0 00        		.byte	0x0
 1413 00d1 05        		.uleb128 0x5
 1414 00d2 02        		.byte	0x2
 1415 00d3 0000 0000 		.long	.LM9
 1416 00d7 16        		.byte	0x16
 1417 00d8 00        		.byte	0x0
 1418 00d9 05        		.uleb128 0x5
 1419 00da 02        		.byte	0x2
 1420 00db 0000 0000 		.long	.LM10
 1421 00df 16        		.byte	0x16
 1422 00e0 00        		.byte	0x0
 1423 00e1 05        		.uleb128 0x5
 1424 00e2 02        		.byte	0x2
 1425 00e3 0000 0000 		.long	.LM11
 1426 00e7 16        		.byte	0x16
 1427 00e8 00        		.byte	0x0
 1428 00e9 05        		.uleb128 0x5
 1429 00ea 02        		.byte	0x2
 1430 00eb 0000 0000 		.long	.LM12
 1431 00ef 16        		.byte	0x16
 1432 00f0 00        		.byte	0x0
 1433 00f1 05        		.uleb128 0x5
 1434 00f2 02        		.byte	0x2
 1435 00f3 0000 0000 		.long	.LM13
 1436 00f7 15        		.byte	0x15
 1437 00f8 00        		.byte	0x0
 1438 00f9 05        		.uleb128 0x5
 1439 00fa 02        		.byte	0x2
 1440 00fb 0000 0000 		.long	.LM14
 1441 00ff 3E        		.byte	0x3e
 1442 0100 00        		.byte	0x0
 1443 0101 05        		.uleb128 0x5
 1444 0102 02        		.byte	0x2
 1445 0103 0000 0000 		.long	.LM15
 1446 0107 15        		.byte	0x15
 1447 0108 00        		.byte	0x0
 1448 0109 05        		.uleb128 0x5
 1449 010a 02        		.byte	0x2
 1450 010b 0000 0000 		.long	.LM16
 1451 010f 15        		.byte	0x15
 1452 0110 00        		.byte	0x0
 1453 0111 05        		.uleb128 0x5
 1454 0112 02        		.byte	0x2
 1455 0113 0000 0000 		.long	.LM17
 1456 0117 16        		.byte	0x16
 1457 0118 00        		.byte	0x0
 1458 0119 05        		.uleb128 0x5
 1459 011a 02        		.byte	0x2
 1460 011b 0000 0000 		.long	.LM18
 1461 011f 15        		.byte	0x15
 1462 0120 00        		.byte	0x0
 1463 0121 05        		.uleb128 0x5
GAS LISTING C:\users\mohammadreza\Temp/ccmoIXVC.s 			page 28


 1464 0122 02        		.byte	0x2
 1465 0123 0000 0000 		.long	.LM19
 1466 0127 03        		.byte	0x3
 1467 0128 71        		.sleb128 -15
 1468 0129 01        		.byte	0x1
 1469 012a 00        		.byte	0x0
 1470 012b 05        		.uleb128 0x5
 1471 012c 02        		.byte	0x2
 1472 012d 0000 0000 		.long	.LM20
 1473 0131 1B        		.byte	0x1b
 1474 0132 00        		.byte	0x0
 1475 0133 05        		.uleb128 0x5
 1476 0134 02        		.byte	0x2
 1477 0135 0000 0000 		.long	.LM21
 1478 0139 15        		.byte	0x15
 1479 013a 00        		.byte	0x0
 1480 013b 05        		.uleb128 0x5
 1481 013c 02        		.byte	0x2
 1482 013d 0000 0000 		.long	.LM22
 1483 0141 03        		.byte	0x3
 1484 0142 71        		.sleb128 -15
 1485 0143 01        		.byte	0x1
 1486 0144 00        		.byte	0x0
 1487 0145 05        		.uleb128 0x5
 1488 0146 02        		.byte	0x2
 1489 0147 0000 0000 		.long	.LM23
 1490 014b 15        		.byte	0x15
 1491 014c 00        		.byte	0x0
 1492 014d 05        		.uleb128 0x5
 1493 014e 02        		.byte	0x2
 1494 014f 0000 0000 		.long	.LM24
 1495 0153 15        		.byte	0x15
 1496 0154 00        		.byte	0x0
 1497 0155 05        		.uleb128 0x5
 1498 0156 02        		.byte	0x2
 1499 0157 0000 0000 		.long	.LM25
 1500 015b 16        		.byte	0x16
 1501 015c 00        		.byte	0x0
 1502 015d 05        		.uleb128 0x5
 1503 015e 02        		.byte	0x2
 1504 015f 0000 0000 		.long	.LM26
 1505 0163 15        		.byte	0x15
 1506 0164 00        		.byte	0x0
 1507 0165 05        		.uleb128 0x5
 1508 0166 02        		.byte	0x2
 1509 0167 0000 0000 		.long	.LM27
 1510 016b 28        		.byte	0x28
 1511 016c 00        		.byte	0x0
 1512 016d 05        		.uleb128 0x5
 1513 016e 02        		.byte	0x2
 1514 016f 0000 0000 		.long	.LM28
 1515 0173 17        		.byte	0x17
 1516 0174 00        		.byte	0x0
 1517 0175 05        		.uleb128 0x5
 1518 0176 02        		.byte	0x2
 1519 0177 0000 0000 		.long	.LM29
 1520 017b 41        		.byte	0x41
GAS LISTING C:\users\mohammadreza\Temp/ccmoIXVC.s 			page 29


 1521 017c 00        		.byte	0x0
 1522 017d 05        		.uleb128 0x5
 1523 017e 02        		.byte	0x2
 1524 017f 0000 0000 		.long	.LM30
 1525 0183 03        		.byte	0x3
 1526 0184 56        		.sleb128 -42
 1527 0185 01        		.byte	0x1
 1528 0186 00        		.byte	0x0
 1529 0187 05        		.uleb128 0x5
 1530 0188 02        		.byte	0x2
 1531 0189 0000 0000 		.long	.LM31
 1532 018d 15        		.byte	0x15
 1533 018e 00        		.byte	0x0
 1534 018f 05        		.uleb128 0x5
 1535 0190 02        		.byte	0x2
 1536 0191 0000 0000 		.long	.LM32
 1537 0195 16        		.byte	0x16
 1538 0196 00        		.byte	0x0
 1539 0197 05        		.uleb128 0x5
 1540 0198 02        		.byte	0x2
 1541 0199 0000 0000 		.long	.LM33
 1542 019d 16        		.byte	0x16
 1543 019e 00        		.byte	0x0
 1544 019f 05        		.uleb128 0x5
 1545 01a0 02        		.byte	0x2
 1546 01a1 0000 0000 		.long	.LM34
 1547 01a5 16        		.byte	0x16
 1548 01a6 00        		.byte	0x0
 1549 01a7 05        		.uleb128 0x5
 1550 01a8 02        		.byte	0x2
 1551 01a9 0000 0000 		.long	.LM35
 1552 01ad 2E        		.byte	0x2e
 1553 01ae 00        		.byte	0x0
 1554 01af 05        		.uleb128 0x5
 1555 01b0 02        		.byte	0x2
 1556 01b1 0000 0000 		.long	.LM36
 1557 01b5 16        		.byte	0x16
 1558 01b6 00        		.byte	0x0
 1559 01b7 05        		.uleb128 0x5
 1560 01b8 02        		.byte	0x2
 1561 01b9 0000 0000 		.long	.LM37
 1562 01bd 03        		.byte	0x3
 1563 01be 4C        		.sleb128 -52
 1564 01bf 01        		.byte	0x1
 1565 01c0 00        		.byte	0x0
 1566 01c1 05        		.uleb128 0x5
 1567 01c2 02        		.byte	0x2
 1568 01c3 0000 0000 		.long	.LM38
 1569 01c7 31        		.byte	0x31
 1570 01c8 00        		.byte	0x0
 1571 01c9 05        		.uleb128 0x5
 1572 01ca 02        		.byte	0x2
 1573 01cb 0000 0000 		.long	.LM39
 1574 01cf 15        		.byte	0x15
 1575 01d0 00        		.byte	0x0
 1576 01d1 05        		.uleb128 0x5
 1577 01d2 02        		.byte	0x2
GAS LISTING C:\users\mohammadreza\Temp/ccmoIXVC.s 			page 30


 1578 01d3 0000 0000 		.long	.LM40
 1579 01d7 03        		.byte	0x3
 1580 01d8 62        		.sleb128 -30
 1581 01d9 01        		.byte	0x1
 1582 01da 00        		.byte	0x0
 1583 01db 05        		.uleb128 0x5
 1584 01dc 02        		.byte	0x2
 1585 01dd 0000 0000 		.long	.LM41
 1586 01e1 3A        		.byte	0x3a
 1587 01e2 00        		.byte	0x0
 1588 01e3 05        		.uleb128 0x5
 1589 01e4 02        		.byte	0x2
 1590 01e5 0000 0000 		.long	.LM42
 1591 01e9 15        		.byte	0x15
 1592 01ea 00        		.byte	0x0
 1593 01eb 05        		.uleb128 0x5
 1594 01ec 02        		.byte	0x2
 1595 01ed 0000 0000 		.long	.LM43
 1596 01f1 16        		.byte	0x16
 1597 01f2 00        		.byte	0x0
 1598 01f3 05        		.uleb128 0x5
 1599 01f4 02        		.byte	0x2
 1600 01f5 0000 0000 		.long	.LM44
 1601 01f9 16        		.byte	0x16
 1602 01fa 00        		.byte	0x0
 1603 01fb 05        		.uleb128 0x5
 1604 01fc 02        		.byte	0x2
 1605 01fd 0000 0000 		.long	.LM45
 1606 0201 16        		.byte	0x16
 1607 0202 00        		.byte	0x0
 1608 0203 05        		.uleb128 0x5
 1609 0204 02        		.byte	0x2
 1610 0205 0000 0000 		.long	.LM46
 1611 0209 03        		.byte	0x3
 1612 020a 827F      		.sleb128 -126
 1613 020c 01        		.byte	0x1
 1614 020d 00        		.byte	0x0
 1615 020e 05        		.uleb128 0x5
 1616 020f 02        		.byte	0x2
 1617 0210 0000 0000 		.long	.LM47
 1618 0214 16        		.byte	0x16
 1619 0215 00        		.byte	0x0
 1620 0216 05        		.uleb128 0x5
 1621 0217 02        		.byte	0x2
 1622 0218 0000 0000 		.long	.LM48
 1623 021c 15        		.byte	0x15
 1624 021d 00        		.byte	0x0
 1625 021e 05        		.uleb128 0x5
 1626 021f 02        		.byte	0x2
 1627 0220 0000 0000 		.long	.LM49
 1628 0224 3F        		.byte	0x3f
 1629 0225 00        		.byte	0x0
 1630 0226 05        		.uleb128 0x5
 1631 0227 02        		.byte	0x2
 1632 0228 0000 0000 		.long	.LM50
 1633 022c 16        		.byte	0x16
 1634 022d 00        		.byte	0x0
GAS LISTING C:\users\mohammadreza\Temp/ccmoIXVC.s 			page 31


 1635 022e 05        		.uleb128 0x5
 1636 022f 02        		.byte	0x2
 1637 0230 0000 0000 		.long	.LM51
 1638 0234 16        		.byte	0x16
 1639 0235 00        		.byte	0x0
 1640 0236 05        		.uleb128 0x5
 1641 0237 02        		.byte	0x2
 1642 0238 0000 0000 		.long	.LM52
 1643 023c 17        		.byte	0x17
 1644 023d 00        		.byte	0x0
 1645 023e 05        		.uleb128 0x5
 1646 023f 02        		.byte	0x2
 1647 0240 0000 0000 		.long	.LM53
 1648 0244 17        		.byte	0x17
 1649 0245 00        		.byte	0x0
 1650 0246 05        		.uleb128 0x5
 1651 0247 02        		.byte	0x2
 1652 0248 0000 0000 		.long	.LM54
 1653 024c 15        		.byte	0x15
 1654 024d 00        		.byte	0x0
 1655 024e 05        		.uleb128 0x5
 1656 024f 02        		.byte	0x2
 1657 0250 0000 0000 		.long	.LM55
 1658 0254 16        		.byte	0x16
 1659 0255 00        		.byte	0x0
 1660 0256 05        		.uleb128 0x5
 1661 0257 02        		.byte	0x2
 1662 0258 0000 0000 		.long	.LM56
 1663 025c 03        		.byte	0x3
 1664 025d 53        		.sleb128 -45
 1665 025e 01        		.byte	0x1
 1666 025f 00        		.byte	0x0
 1667 0260 05        		.uleb128 0x5
 1668 0261 02        		.byte	0x2
 1669 0262 0000 0000 		.long	.LM57
 1670 0266 17        		.byte	0x17
 1671 0267 00        		.byte	0x0
 1672 0268 05        		.uleb128 0x5
 1673 0269 02        		.byte	0x2
 1674 026a 0000 0000 		.long	.LM58
 1675 026e 15        		.byte	0x15
 1676 026f 00        		.byte	0x0
 1677 0270 05        		.uleb128 0x5
 1678 0271 02        		.byte	0x2
 1679 0272 0000 0000 		.long	.LM59
 1680 0276 15        		.byte	0x15
 1681 0277 00        		.byte	0x0
 1682 0278 05        		.uleb128 0x5
 1683 0279 02        		.byte	0x2
 1684 027a 0000 0000 		.long	.LM60
 1685 027e 15        		.byte	0x15
 1686 027f 00        		.byte	0x0
 1687 0280 05        		.uleb128 0x5
 1688 0281 02        		.byte	0x2
 1689 0282 0000 0000 		.long	.LM61
 1690 0286 15        		.byte	0x15
 1691 0287 00        		.byte	0x0
GAS LISTING C:\users\mohammadreza\Temp/ccmoIXVC.s 			page 32


 1692 0288 05        		.uleb128 0x5
 1693 0289 02        		.byte	0x2
 1694 028a 0000 0000 		.long	.LM62
 1695 028e 03        		.byte	0x3
 1696 028f 71        		.sleb128 -15
 1697 0290 01        		.byte	0x1
 1698 0291 00        		.byte	0x0
 1699 0292 05        		.uleb128 0x5
 1700 0293 02        		.byte	0x2
 1701 0294 0000 0000 		.long	.LM63
 1702 0298 15        		.byte	0x15
 1703 0299 00        		.byte	0x0
 1704 029a 05        		.uleb128 0x5
 1705 029b 02        		.byte	0x2
 1706 029c 0000 0000 		.long	.LM64
 1707 02a0 15        		.byte	0x15
 1708 02a1 00        		.byte	0x0
 1709 02a2 05        		.uleb128 0x5
 1710 02a3 02        		.byte	0x2
 1711 02a4 0000 0000 		.long	.LM65
 1712 02a8 15        		.byte	0x15
 1713 02a9 00        		.byte	0x0
 1714 02aa 05        		.uleb128 0x5
 1715 02ab 02        		.byte	0x2
 1716 02ac 0000 0000 		.long	.LM66
 1717 02b0 15        		.byte	0x15
 1718 02b1 00        		.byte	0x0
 1719 02b2 05        		.uleb128 0x5
 1720 02b3 02        		.byte	0x2
 1721 02b4 0000 0000 		.long	.Letext0
 1722 02b8 00        		.byte	0x0
 1723 02b9 01        		.uleb128 0x1
 1724 02ba 01        		.byte	0x1
 1725               	.LELT0:
 1726 02bb 1600 0000 		.section	.debug_str,"MS",@progbits,1
 1726      0200 1000 
 1726      0000 0101 
 1726      FB0E 0A00 
 1726      0101 0101 
 1727               	.LASF16:
 1728 0000 7479 7065 		.string	"type_Lock_state"
 1728      5F4C 6F63 
 1728      6B5F 7374 
 1728      6174 6500 
 1729               	.LASF12:
 1730 0010 7374 6174 		.string	"state_IDLE"
 1730      655F 4944 
 1730      4C45 00
 1731               	.LASF25:
 1732 001b 665F 4C6F 		.string	"f_LockFSM"
 1732      636B 4653 
 1732      4D00 
 1733               	.LASF35:
 1734 0025 765F 5365 		.string	"v_ServoUnLock"
 1734      7276 6F55 
 1734      6E4C 6F63 
 1734      6B00 
GAS LISTING C:\users\mohammadreza\Temp/ccmoIXVC.s 			page 33


 1735               	.LASF15:
 1736 0033 7374 6174 		.string	"state_WaitTO2UnLock"
 1736      655F 5761 
 1736      6974 544F 
 1736      3255 6E4C 
 1736      6F63 6B00 
 1737               	.LASF39:
 1738 0047 656E 6432 		.string	"end2"
 1738      00
 1739               	.LASF11:
 1740 004c 494E 5431 		.string	"INT16U"
 1740      3655 00
 1741               	.LASF1:
 1742 0053 756E 7369 		.string	"unsigned char"
 1742      676E 6564 
 1742      2063 6861 
 1742      7200 
 1743               	.LASF37:
 1744 0061 665F 4170 		.string	"f_Applic_function"
 1744      706C 6963 
 1744      5F66 756E 
 1744      6374 696F 
 1744      6E00 
 1745               	.LASF42:
 1746 0073 5A3A 5C68 		.string	"Z:\\home\\mohammadreza\\temo\\Simple-AVR-OS-plus-some-improvement-"
 1746      6F6D 655C 
 1746      6D6F 6861 
 1746      6D6D 6164 
 1746      7265 7A61 
 1747               	.LASF4:
 1748 00b2 6C6F 6E67 		.string	"long unsigned int"
 1748      2075 6E73 
 1748      6967 6E65 
 1748      6420 696E 
 1748      7400 
 1749               	.LASF8:
 1750 00c4 7368 6F72 		.string	"short unsigned int"
 1750      7420 756E 
 1750      7369 676E 
 1750      6564 2069 
 1750      6E74 00
 1751               	.LASF40:
 1752 00d7 474E 5520 		.string	"GNU C 4.3.3"
 1752      4320 342E 
 1752      332E 3300 
 1753               	.LASF30:
 1754 00e3 765F 6461 		.string	"v_data"
 1754      7461 00
 1755               	.LASF22:
 1756 00ea 665F 4C6F 		.string	"f_LockUnLock"
 1756      636B 556E 
 1756      4C6F 636B 
 1756      00
 1757               	.LASF38:
 1758 00f7 7374 6172 		.string	"start2"
 1758      7432 00
 1759               	.LASF17:
GAS LISTING C:\users\mohammadreza\Temp/ccmoIXVC.s 			page 34


 1760 00fe 6D79 5F41 		.string	"my_Applic3"
 1760      7070 6C69 
 1760      6333 00
 1761               	.LASF27:
 1762 0109 665F 496E 		.string	"f_Init_Applic"
 1762      6974 5F41 
 1762      7070 6C69 
 1762      6300 
 1763               	.LASF32:
 1764 0117 765F 5377 		.string	"v_SwTimer_mS"
 1764      5469 6D65 
 1764      725F 6D53 
 1764      00
 1765               	.LASF13:
 1766 0124 7374 6174 		.string	"state_WaitTO2Lock"
 1766      655F 5761 
 1766      6974 544F 
 1766      324C 6F63 
 1766      6B00 
 1767               	.LASF2:
 1768 0136 756E 7369 		.string	"unsigned int"
 1768      676E 6564 
 1768      2069 6E74 
 1768      00
 1769               	.LASF10:
 1770 0143 494E 5438 		.string	"INT8U"
 1770      5500 
 1771               	.LASF6:
 1772 0149 6C6F 6E67 		.string	"long long unsigned int"
 1772      206C 6F6E 
 1772      6720 756E 
 1772      7369 676E 
 1772      6564 2069 
 1773               	.LASF33:
 1774 0160 7374 6174 		.string	"state_Lock"
 1774      655F 4C6F 
 1774      636B 00
 1775               	.LASF23:
 1776 016b 665F 4C6F 		.string	"f_LockLock"
 1776      636B 4C6F 
 1776      636B 00
 1777               	.LASF20:
 1778 0176 6D79 5F41 		.string	"my_Applic6"
 1778      7070 6C69 
 1778      6336 00
 1779               	.LASF41:
 1780 0181 7372 632F 		.string	"src/applic/applic.c"
 1780      6170 706C 
 1780      6963 2F61 
 1780      7070 6C69 
 1780      632E 6300 
 1781               	.LASF28:
 1782 0195 6D79 5F41 		.string	"my_Applic2"
 1782      7070 6C69 
 1782      6332 00
 1783               	.LASF5:
 1784 01a0 6C6F 6E67 		.string	"long long int"
GAS LISTING C:\users\mohammadreza\Temp/ccmoIXVC.s 			page 35


 1784      206C 6F6E 
 1784      6720 696E 
 1784      7400 
 1785               	.LASF18:
 1786 01ae 6D79 5F41 		.string	"my_Applic4"
 1786      7070 6C69 
 1786      6334 00
 1787               	.LASF19:
 1788 01b9 6D79 5F41 		.string	"my_Applic5"
 1788      7070 6C69 
 1788      6335 00
 1789               	.LASF7:
 1790 01c4 6368 6172 		.string	"char"
 1790      00
 1791               	.LASF21:
 1792 01c9 6D79 5F41 		.string	"my_Applic7"
 1792      7070 6C69 
 1792      6337 00
 1793               	.LASF36:
 1794 01d4 6170 705F 		.string	"app_subscription"
 1794      7375 6273 
 1794      6372 6970 
 1794      7469 6F6E 
 1794      00
 1795               	.LASF14:
 1796 01e5 7374 6174 		.string	"state_ARM"
 1796      655F 4152 
 1796      4D00 
 1797               	.LASF9:
 1798 01ef 7368 6F72 		.string	"short int"
 1798      7420 696E 
 1798      7400 
 1799               	.LASF24:
 1800 01f9 6170 706C 		.string	"applications_reducer"
 1800      6963 6174 
 1800      696F 6E73 
 1800      5F72 6564 
 1800      7563 6572 
 1801               	.LASF31:
 1802 020e 6D79 5F41 		.string	"my_Applic"
 1802      7070 6C69 
 1802      6300 
 1803               	.LASF34:
 1804 0218 765F 5365 		.string	"v_ServoLock"
 1804      7276 6F4C 
 1804      6F63 6B00 
 1805               	.LASF3:
 1806 0224 6C6F 6E67 		.string	"long int"
 1806      2069 6E74 
 1806      00
 1807               	.LASF43:
 1808 022d 665F 4C6F 		.string	"f_LockIdle"
 1808      636B 4964 
 1808      6C65 00
 1809               	.LASF0:
 1810 0238 7369 676E 		.string	"signed char"
 1810      6564 2063 
GAS LISTING C:\users\mohammadreza\Temp/ccmoIXVC.s 			page 36


 1810      6861 7200 
 1811               	.LASF29:
 1812 0244 765F 7374 		.string	"v_status"
 1812      6174 7573 
 1812      00
 1813               	.LASF26:
 1814 024d 665F 4170 		.string	"f_Applic"
 1814      706C 6963 
 1814      00
 1815               	.global __do_copy_data
 1816               	.global __do_clear_bss
GAS LISTING C:\users\mohammadreza\Temp/ccmoIXVC.s 			page 37


DEFINED SYMBOLS
                            *ABS*:00000000 applic.c
C:\users\mohammadreza\Temp/ccmoIXVC.s:2      *ABS*:0000003f __SREG__
C:\users\mohammadreza\Temp/ccmoIXVC.s:3      *ABS*:0000003e __SP_H__
C:\users\mohammadreza\Temp/ccmoIXVC.s:4      *ABS*:0000003d __SP_L__
C:\users\mohammadreza\Temp/ccmoIXVC.s:5      *ABS*:00000034 __CCP__
C:\users\mohammadreza\Temp/ccmoIXVC.s:6      *ABS*:00000000 __tmp_reg__
C:\users\mohammadreza\Temp/ccmoIXVC.s:7      *ABS*:00000001 __zero_reg__
C:\users\mohammadreza\Temp/ccmoIXVC.s:18     .text:00000000 applications_reducer
                            *COM*:00000001 app_subscription
C:\users\mohammadreza\Temp/ccmoIXVC.s:399    .data:00000028 f_Applic_function
C:\users\mohammadreza\Temp/ccmoIXVC.s:53     .text:0000002c my_Applic3
C:\users\mohammadreza\Temp/ccmoIXVC.s:65     .text:0000002e my_Applic4
C:\users\mohammadreza\Temp/ccmoIXVC.s:77     .text:00000030 my_Applic5
C:\users\mohammadreza\Temp/ccmoIXVC.s:89     .text:00000032 my_Applic6
C:\users\mohammadreza\Temp/ccmoIXVC.s:101    .text:00000034 my_Applic7
C:\users\mohammadreza\Temp/ccmoIXVC.s:117    .text:00000036 f_LockUnLock
                            *COM*:00000001 v_ServoUnLock
C:\users\mohammadreza\Temp/ccmoIXVC.s:144    .text:00000050 f_LockIdle
C:\users\mohammadreza\Temp/ccmoIXVC.s:164    .text:0000005a f_LockLock
                            *COM*:00000001 v_ServoLock
C:\users\mohammadreza\Temp/ccmoIXVC.s:187    .text:00000074 f_LockFSM
                            *COM*:00000002 state_Lock
C:\users\mohammadreza\Temp/ccmoIXVC.s:291    .text:00000128 f_Applic
C:\users\mohammadreza\Temp/ccmoIXVC.s:305    .text:0000012e f_Init_Applic
C:\users\mohammadreza\Temp/ccmoIXVC.s:335    .text:00000150 my_Applic2
C:\users\mohammadreza\Temp/ccmoIXVC.s:431    .bss:00000001 i2
C:\users\mohammadreza\Temp/ccmoIXVC.s:419    .data:00000038 start2
C:\users\mohammadreza\Temp/ccmoIXVC.s:424    .data:0000003a end2
C:\users\mohammadreza\Temp/ccmoIXVC.s:375    .text:0000019a my_Applic
C:\users\mohammadreza\Temp/ccmoIXVC.s:413    .bss:00000000 c

UNDEFINED SYMBOLS
f_PWM1Enable
f_PWM1Set
f_Uart_PutStr
f_SCard_CheckCardIn
v_SwTimer_mS
f_InitPWM1
f_debug_port
f_Delay_ms
__do_copy_data
__do_clear_bss
