GAS LISTING C:\users\mohammadreza\Temp/cc7KyrMr.s 			page 1


   1               		.file	"eeprom.c"
   2               	__SREG__ = 0x3f
   3               	__SP_H__ = 0x3e
   4               	__SP_L__ = 0x3d
   5               	__CCP__  = 0x34
   6               	__tmp_reg__ = 0
   7               	__zero_reg__ = 1
   8               		.section	.debug_abbrev,"",@progbits
   9               	.Ldebug_abbrev0:
  10               		.section	.debug_info,"",@progbits
  11               	.Ldebug_info0:
  12               		.section	.debug_line,"",@progbits
  13               	.Ldebug_line0:
  14               		.text
  15               	.Ltext0:
  16               	.global	f_EEWrite
  17               		.type	f_EEWrite, @function
  18               	f_EEWrite:
  19               	.LFB3:
  20               	.LM1:
  21               	.LVL0:
  22               	/* prologue: function */
  23               	/* frame size = 0 */
  24               	.LM2:
  25 0000 90E0      		ldi r25,lo8(0)
  26 0002 0E94 0000 		call __eewr_byte_m16
  27               	.LVL1:
  28               	/* epilogue start */
  29               	.LM3:
  30 0006 0895      		ret
  31               	.LFE3:
  32               		.size	f_EEWrite, .-f_EEWrite
  33               	.global	f_EERead
  34               		.type	f_EERead, @function
  35               	f_EERead:
  36               	.LFB2:
  37               	.LM4:
  38               	.LVL2:
  39               	/* prologue: function */
  40               	/* frame size = 0 */
  41               	.LM5:
  42 0008 90E0      		ldi r25,lo8(0)
  43 000a 0E94 0000 		call __eerd_byte_m16
  44               	.LVL3:
  45               	/* epilogue start */
  46               	.LM6:
  47 000e 0895      		ret
  48               	.LFE2:
  49               		.size	f_EERead, .-f_EERead
  50               		.section	.debug_frame,"",@progbits
  51               	.Lframe0:
  52 0000 0C00 0000 		.long	.LECIE0-.LSCIE0
  53               	.LSCIE0:
  54 0004 FFFF FFFF 		.long	0xffffffff
  55 0008 01        		.byte	0x1
  56 0009 00        		.string	""
  57 000a 01        		.uleb128 0x1
GAS LISTING C:\users\mohammadreza\Temp/cc7KyrMr.s 			page 2


  58 000b 7F        		.sleb128 -1
  59 000c 24        		.byte	0x24
  60 000d 0C        		.byte	0xc
  61 000e 20        		.uleb128 0x20
  62 000f 00        		.uleb128 0x0
  63               		.p2align	2
  64               	.LECIE0:
  65               	.LSFDE0:
  66 0010 0C00 0000 		.long	.LEFDE0-.LASFDE0
  67               	.LASFDE0:
  68 0014 0000 0000 		.long	.Lframe0
  69 0018 0000 0000 		.long	.LFB3
  70 001c 0800 0000 		.long	.LFE3-.LFB3
  71               		.p2align	2
  72               	.LEFDE0:
  73               	.LSFDE2:
  74 0020 0C00 0000 		.long	.LEFDE2-.LASFDE2
  75               	.LASFDE2:
  76 0024 0000 0000 		.long	.Lframe0
  77 0028 0000 0000 		.long	.LFB2
  78 002c 0800 0000 		.long	.LFE2-.LFB2
  79               		.p2align	2
  80               	.LEFDE2:
  81               		.text
  82               	.Letext0:
  83               		.section	.debug_loc,"",@progbits
  84               	.Ldebug_loc0:
  85               	.LLST1:
  86 0000 0000 0000 		.long	.LVL0-.Ltext0
  87 0004 0600 0000 		.long	.LVL1-.Ltext0
  88 0008 0100      		.word	0x1
  89 000a 68        		.byte	0x68
  90 000b 0000 0000 		.long	0x0
  91 000f 0000 0000 		.long	0x0
  92               	.LLST2:
  93 0013 0000 0000 		.long	.LVL0-.Ltext0
  94 0017 0600 0000 		.long	.LVL1-.Ltext0
  95 001b 0100      		.word	0x1
  96 001d 66        		.byte	0x66
  97 001e 0000 0000 		.long	0x0
  98 0022 0000 0000 		.long	0x0
  99               	.LLST4:
 100 0026 0800 0000 		.long	.LVL2-.Ltext0
 101 002a 0E00 0000 		.long	.LVL3-.Ltext0
 102 002e 0100      		.word	0x1
 103 0030 68        		.byte	0x68
 104 0031 0000 0000 		.long	0x0
 105 0035 0000 0000 		.long	0x0
 106               		.section	.debug_info
 107 0000 E400 0000 		.long	0xe4
 108 0004 0200      		.word	0x2
 109 0006 0000 0000 		.long	.Ldebug_abbrev0
 110 000a 04        		.byte	0x4
 111 000b 01        		.uleb128 0x1
 112 000c 0000 0000 		.long	.LASF14
 113 0010 01        		.byte	0x1
 114 0011 0000 0000 		.long	.LASF15
GAS LISTING C:\users\mohammadreza\Temp/cc7KyrMr.s 			page 3


 115 0015 0000 0000 		.long	.LASF16
 116 0019 0000 0000 		.long	.Ltext0
 117 001d 0000 0000 		.long	.Letext0
 118 0021 0000 0000 		.long	.Ldebug_line0
 119 0025 02        		.uleb128 0x2
 120 0026 01        		.byte	0x1
 121 0027 08        		.byte	0x8
 122 0028 0000 0000 		.long	.LASF0
 123 002c 02        		.uleb128 0x2
 124 002d 01        		.byte	0x1
 125 002e 06        		.byte	0x6
 126 002f 0000 0000 		.long	.LASF1
 127 0033 02        		.uleb128 0x2
 128 0034 02        		.byte	0x2
 129 0035 07        		.byte	0x7
 130 0036 0000 0000 		.long	.LASF2
 131 003a 02        		.uleb128 0x2
 132 003b 02        		.byte	0x2
 133 003c 05        		.byte	0x5
 134 003d 0000 0000 		.long	.LASF3
 135 0041 03        		.uleb128 0x3
 136 0042 0000 0000 		.long	.LASF17
 137 0046 02        		.byte	0x2
 138 0047 0D        		.byte	0xd
 139 0048 2500 0000 		.long	0x25
 140 004c 02        		.uleb128 0x2
 141 004d 04        		.byte	0x4
 142 004e 07        		.byte	0x7
 143 004f 0000 0000 		.long	.LASF4
 144 0053 02        		.uleb128 0x2
 145 0054 04        		.byte	0x4
 146 0055 05        		.byte	0x5
 147 0056 0000 0000 		.long	.LASF5
 148 005a 02        		.uleb128 0x2
 149 005b 01        		.byte	0x1
 150 005c 06        		.byte	0x6
 151 005d 0000 0000 		.long	.LASF6
 152 0061 04        		.uleb128 0x4
 153 0062 02        		.byte	0x2
 154 0063 05        		.byte	0x5
 155 0064 696E 7400 		.string	"int"
 156 0068 02        		.uleb128 0x2
 157 0069 02        		.byte	0x2
 158 006a 07        		.byte	0x7
 159 006b 0000 0000 		.long	.LASF7
 160 006f 02        		.uleb128 0x2
 161 0070 08        		.byte	0x8
 162 0071 05        		.byte	0x5
 163 0072 0000 0000 		.long	.LASF8
 164 0076 02        		.uleb128 0x2
 165 0077 08        		.byte	0x8
 166 0078 07        		.byte	0x7
 167 0079 0000 0000 		.long	.LASF9
 168 007d 05        		.uleb128 0x5
 169 007e 01        		.byte	0x1
 170 007f 0000 0000 		.long	.LASF12
 171 0083 01        		.byte	0x1
GAS LISTING C:\users\mohammadreza\Temp/cc7KyrMr.s 			page 4


 172 0084 28        		.byte	0x28
 173 0085 01        		.byte	0x1
 174 0086 0000 0000 		.long	.LFB3
 175 008a 0000 0000 		.long	.LFE3
 176 008e 02        		.byte	0x2
 177 008f 90        		.byte	0x90
 178 0090 20        		.uleb128 0x20
 179 0091 B400 0000 		.long	0xb4
 180 0095 06        		.uleb128 0x6
 181 0096 0000 0000 		.long	.LASF10
 182 009a 01        		.byte	0x1
 183 009b 27        		.byte	0x27
 184 009c 4100 0000 		.long	0x41
 185 00a0 0000 0000 		.long	.LLST1
 186 00a4 06        		.uleb128 0x6
 187 00a5 0000 0000 		.long	.LASF11
 188 00a9 01        		.byte	0x1
 189 00aa 27        		.byte	0x27
 190 00ab 4100 0000 		.long	0x41
 191 00af 0000 0000 		.long	.LLST2
 192 00b3 00        		.byte	0x0
 193 00b4 07        		.uleb128 0x7
 194 00b5 01        		.byte	0x1
 195 00b6 0000 0000 		.long	.LASF13
 196 00ba 01        		.byte	0x1
 197 00bb 20        		.byte	0x20
 198 00bc 01        		.byte	0x1
 199 00bd 4100 0000 		.long	0x41
 200 00c1 0000 0000 		.long	.LFB2
 201 00c5 0000 0000 		.long	.LFE2
 202 00c9 02        		.byte	0x2
 203 00ca 90        		.byte	0x90
 204 00cb 20        		.uleb128 0x20
 205 00cc 06        		.uleb128 0x6
 206 00cd 0000 0000 		.long	.LASF10
 207 00d1 01        		.byte	0x1
 208 00d2 1F        		.byte	0x1f
 209 00d3 4100 0000 		.long	0x41
 210 00d7 0000 0000 		.long	.LLST4
 211 00db 08        		.uleb128 0x8
 212 00dc 0000 0000 		.long	.LASF11
 213 00e0 01        		.byte	0x1
 214 00e1 21        		.byte	0x21
 215 00e2 4100 0000 		.long	0x41
 216 00e6 00        		.byte	0x0
 217 00e7 00        		.byte	0x0
 218               		.section	.debug_abbrev
 219 0000 01        		.uleb128 0x1
 220 0001 11        		.uleb128 0x11
 221 0002 01        		.byte	0x1
 222 0003 25        		.uleb128 0x25
 223 0004 0E        		.uleb128 0xe
 224 0005 13        		.uleb128 0x13
 225 0006 0B        		.uleb128 0xb
 226 0007 03        		.uleb128 0x3
 227 0008 0E        		.uleb128 0xe
 228 0009 1B        		.uleb128 0x1b
GAS LISTING C:\users\mohammadreza\Temp/cc7KyrMr.s 			page 5


 229 000a 0E        		.uleb128 0xe
 230 000b 11        		.uleb128 0x11
 231 000c 01        		.uleb128 0x1
 232 000d 12        		.uleb128 0x12
 233 000e 01        		.uleb128 0x1
 234 000f 10        		.uleb128 0x10
 235 0010 06        		.uleb128 0x6
 236 0011 00        		.byte	0x0
 237 0012 00        		.byte	0x0
 238 0013 02        		.uleb128 0x2
 239 0014 24        		.uleb128 0x24
 240 0015 00        		.byte	0x0
 241 0016 0B        		.uleb128 0xb
 242 0017 0B        		.uleb128 0xb
 243 0018 3E        		.uleb128 0x3e
 244 0019 0B        		.uleb128 0xb
 245 001a 03        		.uleb128 0x3
 246 001b 0E        		.uleb128 0xe
 247 001c 00        		.byte	0x0
 248 001d 00        		.byte	0x0
 249 001e 03        		.uleb128 0x3
 250 001f 16        		.uleb128 0x16
 251 0020 00        		.byte	0x0
 252 0021 03        		.uleb128 0x3
 253 0022 0E        		.uleb128 0xe
 254 0023 3A        		.uleb128 0x3a
 255 0024 0B        		.uleb128 0xb
 256 0025 3B        		.uleb128 0x3b
 257 0026 0B        		.uleb128 0xb
 258 0027 49        		.uleb128 0x49
 259 0028 13        		.uleb128 0x13
 260 0029 00        		.byte	0x0
 261 002a 00        		.byte	0x0
 262 002b 04        		.uleb128 0x4
 263 002c 24        		.uleb128 0x24
 264 002d 00        		.byte	0x0
 265 002e 0B        		.uleb128 0xb
 266 002f 0B        		.uleb128 0xb
 267 0030 3E        		.uleb128 0x3e
 268 0031 0B        		.uleb128 0xb
 269 0032 03        		.uleb128 0x3
 270 0033 08        		.uleb128 0x8
 271 0034 00        		.byte	0x0
 272 0035 00        		.byte	0x0
 273 0036 05        		.uleb128 0x5
 274 0037 2E        		.uleb128 0x2e
 275 0038 01        		.byte	0x1
 276 0039 3F        		.uleb128 0x3f
 277 003a 0C        		.uleb128 0xc
 278 003b 03        		.uleb128 0x3
 279 003c 0E        		.uleb128 0xe
 280 003d 3A        		.uleb128 0x3a
 281 003e 0B        		.uleb128 0xb
 282 003f 3B        		.uleb128 0x3b
 283 0040 0B        		.uleb128 0xb
 284 0041 27        		.uleb128 0x27
 285 0042 0C        		.uleb128 0xc
GAS LISTING C:\users\mohammadreza\Temp/cc7KyrMr.s 			page 6


 286 0043 11        		.uleb128 0x11
 287 0044 01        		.uleb128 0x1
 288 0045 12        		.uleb128 0x12
 289 0046 01        		.uleb128 0x1
 290 0047 40        		.uleb128 0x40
 291 0048 0A        		.uleb128 0xa
 292 0049 01        		.uleb128 0x1
 293 004a 13        		.uleb128 0x13
 294 004b 00        		.byte	0x0
 295 004c 00        		.byte	0x0
 296 004d 06        		.uleb128 0x6
 297 004e 05        		.uleb128 0x5
 298 004f 00        		.byte	0x0
 299 0050 03        		.uleb128 0x3
 300 0051 0E        		.uleb128 0xe
 301 0052 3A        		.uleb128 0x3a
 302 0053 0B        		.uleb128 0xb
 303 0054 3B        		.uleb128 0x3b
 304 0055 0B        		.uleb128 0xb
 305 0056 49        		.uleb128 0x49
 306 0057 13        		.uleb128 0x13
 307 0058 02        		.uleb128 0x2
 308 0059 06        		.uleb128 0x6
 309 005a 00        		.byte	0x0
 310 005b 00        		.byte	0x0
 311 005c 07        		.uleb128 0x7
 312 005d 2E        		.uleb128 0x2e
 313 005e 01        		.byte	0x1
 314 005f 3F        		.uleb128 0x3f
 315 0060 0C        		.uleb128 0xc
 316 0061 03        		.uleb128 0x3
 317 0062 0E        		.uleb128 0xe
 318 0063 3A        		.uleb128 0x3a
 319 0064 0B        		.uleb128 0xb
 320 0065 3B        		.uleb128 0x3b
 321 0066 0B        		.uleb128 0xb
 322 0067 27        		.uleb128 0x27
 323 0068 0C        		.uleb128 0xc
 324 0069 49        		.uleb128 0x49
 325 006a 13        		.uleb128 0x13
 326 006b 11        		.uleb128 0x11
 327 006c 01        		.uleb128 0x1
 328 006d 12        		.uleb128 0x12
 329 006e 01        		.uleb128 0x1
 330 006f 40        		.uleb128 0x40
 331 0070 0A        		.uleb128 0xa
 332 0071 00        		.byte	0x0
 333 0072 00        		.byte	0x0
 334 0073 08        		.uleb128 0x8
 335 0074 34        		.uleb128 0x34
 336 0075 00        		.byte	0x0
 337 0076 03        		.uleb128 0x3
 338 0077 0E        		.uleb128 0xe
 339 0078 3A        		.uleb128 0x3a
 340 0079 0B        		.uleb128 0xb
 341 007a 3B        		.uleb128 0x3b
 342 007b 0B        		.uleb128 0xb
GAS LISTING C:\users\mohammadreza\Temp/cc7KyrMr.s 			page 7


 343 007c 49        		.uleb128 0x49
 344 007d 13        		.uleb128 0x13
 345 007e 00        		.byte	0x0
 346 007f 00        		.byte	0x0
 347 0080 00        		.byte	0x0
 348               		.section	.debug_pubnames,"",@progbits
 349 0000 2900 0000 		.long	0x29
 350 0004 0200      		.word	0x2
 351 0006 0000 0000 		.long	.Ldebug_info0
 352 000a E800 0000 		.long	0xe8
 353 000e 7D00 0000 		.long	0x7d
 354 0012 665F 4545 		.string	"f_EEWrite"
 354      5772 6974 
 354      6500 
 355 001c B400 0000 		.long	0xb4
 356 0020 665F 4545 		.string	"f_EERead"
 356      5265 6164 
 356      00
 357 0029 0000 0000 		.long	0x0
 358               		.section	.debug_aranges,"",@progbits
 359 0000 1C00 0000 		.long	0x1c
 360 0004 0200      		.word	0x2
 361 0006 0000 0000 		.long	.Ldebug_info0
 362 000a 04        		.byte	0x4
 363 000b 00        		.byte	0x0
 364 000c 0000      		.word	0x0
 365 000e 0000      		.word	0x0
 366 0010 0000 0000 		.long	.Ltext0
 367 0014 1000 0000 		.long	.Letext0-.Ltext0
 368 0018 0000 0000 		.long	0x0
 369 001c 0000 0000 		.long	0x0
 370               		.section	.debug_line
 371 0000 9B00 0000 		.long	.LELT0-.LSLT0
 372               	.LSLT0:
 373 0004 0200      		.word	0x2
 374 0006 5B00 0000 		.long	.LELTP0-.LASLTP0
 375               	.LASLTP0:
 376 000a 01        		.byte	0x1
 377 000b 01        		.byte	0x1
 378 000c F6        		.byte	0xf6
 379 000d F5        		.byte	0xf5
 380 000e 0A        		.byte	0xa
 381 000f 00        		.byte	0x0
 382 0010 01        		.byte	0x1
 383 0011 01        		.byte	0x1
 384 0012 01        		.byte	0x1
 385 0013 01        		.byte	0x1
 386 0014 00        		.byte	0x0
 387 0015 00        		.byte	0x0
 388 0016 00        		.byte	0x0
 389 0017 01        		.byte	0x1
 390 0018 7372 632F 		.ascii	"src/periphint"
 390      7065 7269 
 390      7068 696E 
 390      74
 391 0025 00        		.byte	0
 392 0026 7372 632F 		.ascii	"src/periphint/../includes"
GAS LISTING C:\users\mohammadreza\Temp/cc7KyrMr.s 			page 8


 392      7065 7269 
 392      7068 696E 
 392      742F 2E2E 
 392      2F69 6E63 
 393 003f 00        		.byte	0
 394 0040 00        		.byte	0x0
 395 0041 6565 7072 		.string	"eeprom.c"
 395      6F6D 2E63 
 395      00
 396 004a 01        		.uleb128 0x1
 397 004b 00        		.uleb128 0x0
 398 004c 00        		.uleb128 0x0
 399 004d 2E2E 2F69 		.string	"../includes/types.h"
 399      6E63 6C75 
 399      6465 732F 
 399      7479 7065 
 399      732E 6800 
 400 0061 01        		.uleb128 0x1
 401 0062 00        		.uleb128 0x0
 402 0063 00        		.uleb128 0x0
 403 0064 00        		.byte	0x0
 404               	.LELTP0:
 405 0065 00        		.byte	0x0
 406 0066 05        		.uleb128 0x5
 407 0067 02        		.byte	0x2
 408 0068 0000 0000 		.long	.LM1
 409 006c 3B        		.byte	0x3b
 410 006d 00        		.byte	0x0
 411 006e 05        		.uleb128 0x5
 412 006f 02        		.byte	0x2
 413 0070 0000 0000 		.long	.LM2
 414 0074 15        		.byte	0x15
 415 0075 00        		.byte	0x0
 416 0076 05        		.uleb128 0x5
 417 0077 02        		.byte	0x2
 418 0078 0000 0000 		.long	.LM3
 419 007c 15        		.byte	0x15
 420 007d 00        		.byte	0x0
 421 007e 05        		.uleb128 0x5
 422 007f 02        		.byte	0x2
 423 0080 0000 0000 		.long	.LM4
 424 0084 0A        		.byte	0xa
 425 0085 00        		.byte	0x0
 426 0086 05        		.uleb128 0x5
 427 0087 02        		.byte	0x2
 428 0088 0000 0000 		.long	.LM5
 429 008c 17        		.byte	0x17
 430 008d 00        		.byte	0x0
 431 008e 05        		.uleb128 0x5
 432 008f 02        		.byte	0x2
 433 0090 0000 0000 		.long	.LM6
 434 0094 16        		.byte	0x16
 435 0095 00        		.byte	0x0
 436 0096 05        		.uleb128 0x5
 437 0097 02        		.byte	0x2
 438 0098 0000 0000 		.long	.Letext0
 439 009c 00        		.byte	0x0
GAS LISTING C:\users\mohammadreza\Temp/cc7KyrMr.s 			page 9


 440 009d 01        		.uleb128 0x1
 441 009e 01        		.byte	0x1
 442               	.LELT0:
 443 009f 1600 0000 		.section	.debug_str,"MS",@progbits,1
 443      0200 1000 
 443      0000 0101 
 443      FB0E 0A00 
 443      0101 0101 
 444               	.LASF12:
 445 0000 665F 4545 		.string	"f_EEWrite"
 445      5772 6974 
 445      6500 
 446               	.LASF9:
 447 000a 6C6F 6E67 		.string	"long long unsigned int"
 447      206C 6F6E 
 447      6720 756E 
 447      7369 676E 
 447      6564 2069 
 448               	.LASF0:
 449 0021 756E 7369 		.string	"unsigned char"
 449      676E 6564 
 449      2063 6861 
 449      7200 
 450               	.LASF16:
 451 002f 5A3A 5C68 		.string	"Z:\\home\\mohammadreza\\temo\\Simple-AVR-OS-plus-some-improvement-"
 451      6F6D 655C 
 451      6D6F 6861 
 451      6D6D 6164 
 451      7265 7A61 
 452               	.LASF4:
 453 006e 6C6F 6E67 		.string	"long unsigned int"
 453      2075 6E73 
 453      6967 6E65 
 453      6420 696E 
 453      7400 
 454               	.LASF2:
 455 0080 7368 6F72 		.string	"short unsigned int"
 455      7420 756E 
 455      7369 676E 
 455      6564 2069 
 455      6E74 00
 456               	.LASF14:
 457 0093 474E 5520 		.string	"GNU C 4.3.3"
 457      4320 342E 
 457      332E 3300 
 458               	.LASF11:
 459 009f 765F 6461 		.string	"v_data"
 459      7461 00
 460               	.LASF10:
 461 00a6 765F 6164 		.string	"v_addr"
 461      6472 00
 462               	.LASF7:
 463 00ad 756E 7369 		.string	"unsigned int"
 463      676E 6564 
 463      2069 6E74 
 463      00
 464               	.LASF17:
GAS LISTING C:\users\mohammadreza\Temp/cc7KyrMr.s 			page 10


 465 00ba 494E 5438 		.string	"INT8U"
 465      5500 
 466               	.LASF1:
 467 00c0 6368 6172 		.string	"char"
 467      00
 468               	.LASF8:
 469 00c5 6C6F 6E67 		.string	"long long int"
 469      206C 6F6E 
 469      6720 696E 
 469      7400 
 470               	.LASF13:
 471 00d3 665F 4545 		.string	"f_EERead"
 471      5265 6164 
 471      00
 472               	.LASF3:
 473 00dc 7368 6F72 		.string	"short int"
 473      7420 696E 
 473      7400 
 474               	.LASF15:
 475 00e6 7372 632F 		.string	"src/periphint/eeprom.c"
 475      7065 7269 
 475      7068 696E 
 475      742F 6565 
 475      7072 6F6D 
 476               	.LASF5:
 477 00fd 6C6F 6E67 		.string	"long int"
 477      2069 6E74 
 477      00
 478               	.LASF6:
 479 0106 7369 676E 		.string	"signed char"
 479      6564 2063 
 479      6861 7200 
GAS LISTING C:\users\mohammadreza\Temp/cc7KyrMr.s 			page 11


DEFINED SYMBOLS
                            *ABS*:00000000 eeprom.c
C:\users\mohammadreza\Temp/cc7KyrMr.s:2      *ABS*:0000003f __SREG__
C:\users\mohammadreza\Temp/cc7KyrMr.s:3      *ABS*:0000003e __SP_H__
C:\users\mohammadreza\Temp/cc7KyrMr.s:4      *ABS*:0000003d __SP_L__
C:\users\mohammadreza\Temp/cc7KyrMr.s:5      *ABS*:00000034 __CCP__
C:\users\mohammadreza\Temp/cc7KyrMr.s:6      *ABS*:00000000 __tmp_reg__
C:\users\mohammadreza\Temp/cc7KyrMr.s:7      *ABS*:00000001 __zero_reg__
C:\users\mohammadreza\Temp/cc7KyrMr.s:18     .text:00000000 f_EEWrite
C:\users\mohammadreza\Temp/cc7KyrMr.s:35     .text:00000008 f_EERead

UNDEFINED SYMBOLS
__eewr_byte_m16
__eerd_byte_m16
