GAS LISTING C:\users\mohammadreza\Temp/ccZSMcPi.s 			page 1


   1               		.file	"kernel.c"
   2               	__SREG__ = 0x3f
   3               	__SP_H__ = 0x3e
   4               	__SP_L__ = 0x3d
   5               	__CCP__  = 0x34
   6               	__tmp_reg__ = 0
   7               	__zero_reg__ = 1
   8               		.section	.debug_abbrev,"",@progbits
   9               	.Ldebug_abbrev0:
  10               		.section	.debug_info,"",@progbits
  11               	.Ldebug_info0:
  12               		.section	.debug_line,"",@progbits
  13               	.Ldebug_line0:
  14               		.text
  15               	.Ltext0:
  16               		.data
  17               	.LC0:
  18 0000 7B4E 4F54 		.ascii	"{NOTICE!} [Hi this "
  18      4943 4521 
  18      7D20 5B48 
  18      6920 7468 
  18      6973 20
  19 0013 6973 206D 		.string	"is my compiled version of AVRILOS]\n \n AVRILOS V1.00 started...\r\n"
  19      7920 636F 
  19      6D70 696C 
  19      6564 2076 
  19      6572 7369 
  20               	.LC1:
  21 0054 6D6F 6861 		.string	"mohammadreza salehi APP Version V0.00\r\n "
  21      6D6D 6164 
  21      7265 7A61 
  21      2073 616C 
  21      6568 6920 
  22               	.LC2:
  23 007d 0A73 616C 		.string	"\nsalam type a command please\n"
  23      616D 2074 
  23      7970 6520 
  23      6120 636F 
  23      6D6D 616E 
  24               	.LC3:
  25 009b 0A00      		.string	"\n"
  26               		.text
  27               	.global	main
  28               		.type	main, @function
  29               	main:
  30               	.LFB6:
  31               	.LM1:
  32 0000 1F93      		push r17
  33               	/* prologue: function */
  34               	/* frame size = 0 */
  35               	.LM2:
  36 0002 1092 0000 		sts v_SysStat,__zero_reg__
  37               	.LM3:
  38 0006 0E94 0000 		call f_InitSysTimer
  39               	.LM4:
  40 000a 0E94 0000 		call f_ConfigSerial
  41               	.LM5:
GAS LISTING C:\users\mohammadreza\Temp/ccZSMcPi.s 			page 2


  42 000e 0E94 0000 		call f_ConfigADC
  43               	.LM6:
  44 0012 0E94 0000 		call f_InitDebug
  45               	.LM7:
  46 0016 0E94 0000 		call f_InitPWM1
  47               	.LM8:
  48 001a 0E94 0000 		call f_Init_SCard
  49               	.LM9:
  50 001e 0E94 0000 		call f_InitSerApp
  51               	.LM10:
  52               	/* #APP */
  53               	 ;  125 "src/applic/kernel.c" 1
  54 0022 7894      		sei
  55               	 ;  0 "" 2
  56               	.LM11:
  57               	/* #NOAPP */
  58 0024 0E94 0000 		call f_Uart_ClrScr
  59               	.LM12:
  60 0028 80E0      		ldi r24,lo8(.LC0)
  61 002a 90E0      		ldi r25,hi8(.LC0)
  62 002c 0E94 0000 		call f_Uart_PutStr
  63               	.LM13:
  64 0030 80E0      		ldi r24,lo8(.LC1)
  65 0032 90E0      		ldi r25,hi8(.LC1)
  66 0034 0E94 0000 		call f_Uart_PutStr
  67               	.LM14:
  68 0038 80E0      		ldi r24,lo8(.LC2)
  69 003a 90E0      		ldi r25,hi8(.LC2)
  70 003c 0E94 0000 		call f_Uart_PutStr
  71               	.LM15:
  72 0040 80E0      		ldi r24,lo8(.LC3)
  73 0042 90E0      		ldi r25,hi8(.LC3)
  74 0044 0E94 0000 		call f_Uart_PutStr
  75               	.LVL0:
  76               	.L8:
  77               	.LM16:
  78 0048 0E94 0000 		call f_SysTick
  79               	.LM17:
  80 004c 0E94 0000 		call f_SysADC
  81               	.LM18:
  82 0050 0E94 0000 		call f_TaskDebugger
  83               	.LM19:
  84 0054 0E94 0000 		call f_SerApp
  85               	.LM20:
  86 0058 8091 0000 		lds r24,v_SysStat
  87 005c 82FF      		sbrs r24,2
  88 005e 00C0      		rjmp .L8
  89               	.LBB2:
  90               	.LM21:
  91 0060 8091 0000 		lds r24,v_SysStat
  92 0064 8B7F      		andi r24,lo8(-5)
  93 0066 8093 0000 		sts v_SysStat,r24
  94 006a 10E0      		ldi r17,lo8(0)
  95               	.L3:
  96               	.LM22:
  97 006c 812F      		mov r24,r17
  98 006e 0E94 0000 		call applications_reducer
GAS LISTING C:\users\mohammadreza\Temp/ccZSMcPi.s 			page 3


  99               	.LM23:
 100 0072 1F5F      		subi r17,lo8(-(1))
 101 0074 1830      		cpi r17,lo8(8)
 102 0076 01F4      		brne .L3
 103 0078 00C0      		rjmp .L8
 104               	.LBE2:
 105               	.LFE6:
 106               		.size	main, .-main
 107               		.comm v_SysStat,1,1
 108               		.comm v_StatReg,1,1
 109               		.section	.debug_frame,"",@progbits
 110               	.Lframe0:
 111 0000 0C00 0000 		.long	.LECIE0-.LSCIE0
 112               	.LSCIE0:
 113 0004 FFFF FFFF 		.long	0xffffffff
 114 0008 01        		.byte	0x1
 115 0009 00        		.string	""
 116 000a 01        		.uleb128 0x1
 117 000b 7F        		.sleb128 -1
 118 000c 24        		.byte	0x24
 119 000d 0C        		.byte	0xc
 120 000e 20        		.uleb128 0x20
 121 000f 00        		.uleb128 0x0
 122               		.p2align	2
 123               	.LECIE0:
 124               	.LSFDE0:
 125 0010 0C00 0000 		.long	.LEFDE0-.LASFDE0
 126               	.LASFDE0:
 127 0014 0000 0000 		.long	.Lframe0
 128 0018 0000 0000 		.long	.LFB6
 129 001c 7A00 0000 		.long	.LFE6-.LFB6
 130               		.p2align	2
 131               	.LEFDE0:
 132               		.text
 133               	.Letext0:
 134               		.section	.debug_info
 135 0000 0F01 0000 		.long	0x10f
 136 0004 0200      		.word	0x2
 137 0006 0000 0000 		.long	.Ldebug_abbrev0
 138 000a 04        		.byte	0x4
 139 000b 01        		.uleb128 0x1
 140 000c 0000 0000 		.long	.LASF15
 141 0010 01        		.byte	0x1
 142 0011 0000 0000 		.long	.LASF16
 143 0015 0000 0000 		.long	.LASF17
 144 0019 0000 0000 		.long	.Ltext0
 145 001d 0000 0000 		.long	.Letext0
 146 0021 0000 0000 		.long	.Ldebug_line0
 147 0025 02        		.uleb128 0x2
 148 0026 01        		.byte	0x1
 149 0027 06        		.byte	0x6
 150 0028 0000 0000 		.long	.LASF0
 151 002c 02        		.uleb128 0x2
 152 002d 01        		.byte	0x1
 153 002e 08        		.byte	0x8
 154 002f 0000 0000 		.long	.LASF1
 155 0033 03        		.uleb128 0x3
GAS LISTING C:\users\mohammadreza\Temp/ccZSMcPi.s 			page 4


 156 0034 02        		.byte	0x2
 157 0035 05        		.byte	0x5
 158 0036 696E 7400 		.string	"int"
 159 003a 02        		.uleb128 0x2
 160 003b 02        		.byte	0x2
 161 003c 07        		.byte	0x7
 162 003d 0000 0000 		.long	.LASF2
 163 0041 02        		.uleb128 0x2
 164 0042 04        		.byte	0x4
 165 0043 05        		.byte	0x5
 166 0044 0000 0000 		.long	.LASF3
 167 0048 02        		.uleb128 0x2
 168 0049 04        		.byte	0x4
 169 004a 07        		.byte	0x7
 170 004b 0000 0000 		.long	.LASF4
 171 004f 02        		.uleb128 0x2
 172 0050 08        		.byte	0x8
 173 0051 05        		.byte	0x5
 174 0052 0000 0000 		.long	.LASF5
 175 0056 02        		.uleb128 0x2
 176 0057 08        		.byte	0x8
 177 0058 07        		.byte	0x7
 178 0059 0000 0000 		.long	.LASF6
 179 005d 04        		.uleb128 0x4
 180 005e 01        		.byte	0x1
 181 005f 06        		.byte	0x6
 182 0060 04        		.uleb128 0x4
 183 0061 01        		.byte	0x1
 184 0062 08        		.byte	0x8
 185 0063 02        		.uleb128 0x2
 186 0064 01        		.byte	0x1
 187 0065 06        		.byte	0x6
 188 0066 0000 0000 		.long	.LASF7
 189 006a 02        		.uleb128 0x2
 190 006b 02        		.byte	0x2
 191 006c 07        		.byte	0x7
 192 006d 0000 0000 		.long	.LASF8
 193 0071 02        		.uleb128 0x2
 194 0072 02        		.byte	0x2
 195 0073 05        		.byte	0x5
 196 0074 0000 0000 		.long	.LASF9
 197 0078 05        		.uleb128 0x5
 198 0079 0000 0000 		.long	.LASF18
 199 007d 02        		.byte	0x2
 200 007e 0D        		.byte	0xd
 201 007f 2C00 0000 		.long	0x2c
 202 0083 06        		.uleb128 0x6
 203 0084 01        		.byte	0x1
 204 0085 0000 0000 		.long	.LASF19
 205 0089 01        		.byte	0x1
 206 008a 43        		.byte	0x43
 207 008b 01        		.byte	0x1
 208 008c 3300 0000 		.long	0x33
 209 0090 0000 0000 		.long	.LFB6
 210 0094 0000 0000 		.long	.LFE6
 211 0098 02        		.byte	0x2
 212 0099 90        		.byte	0x90
GAS LISTING C:\users\mohammadreza\Temp/ccZSMcPi.s 			page 5


 213 009a 20        		.uleb128 0x20
 214 009b D600 0000 		.long	0xd6
 215 009f 07        		.uleb128 0x7
 216 00a0 0000 0000 		.long	.LASF10
 217 00a4 01        		.byte	0x1
 218 00a5 45        		.byte	0x45
 219 00a6 7800 0000 		.long	0x78
 220 00aa 07        		.uleb128 0x7
 221 00ab 0000 0000 		.long	.LASF11
 222 00af 01        		.byte	0x1
 223 00b0 46        		.byte	0x46
 224 00b1 7800 0000 		.long	0x78
 225 00b5 07        		.uleb128 0x7
 226 00b6 0000 0000 		.long	.LASF12
 227 00ba 01        		.byte	0x1
 228 00bb 47        		.byte	0x47
 229 00bc D600 0000 		.long	0xd6
 230 00c0 08        		.uleb128 0x8
 231 00c1 0000 0000 		.long	.LBB2
 232 00c5 0000 0000 		.long	.LBE2
 233 00c9 09        		.uleb128 0x9
 234 00ca 6900      		.string	"i"
 235 00cc 01        		.byte	0x1
 236 00cd AC        		.byte	0xac
 237 00ce 7800 0000 		.long	0x78
 238 00d2 01        		.byte	0x1
 239 00d3 61        		.byte	0x61
 240 00d4 00        		.byte	0x0
 241 00d5 00        		.byte	0x0
 242 00d6 0A        		.uleb128 0xa
 243 00d7 7800 0000 		.long	0x78
 244 00db E600 0000 		.long	0xe6
 245 00df 0B        		.uleb128 0xb
 246 00e0 E600 0000 		.long	0xe6
 247 00e4 08        		.byte	0x8
 248 00e5 00        		.byte	0x0
 249 00e6 04        		.uleb128 0x4
 250 00e7 02        		.byte	0x2
 251 00e8 07        		.byte	0x7
 252 00e9 0C        		.uleb128 0xc
 253 00ea 0000 0000 		.long	.LASF13
 254 00ee 01        		.byte	0x1
 255 00ef 3D        		.byte	0x3d
 256 00f0 FB00 0000 		.long	0xfb
 257 00f4 01        		.byte	0x1
 258 00f5 05        		.byte	0x5
 259 00f6 03        		.byte	0x3
 260 00f7 0000 0000 		.long	v_SysStat
 261 00fb 0D        		.uleb128 0xd
 262 00fc 7800 0000 		.long	0x78
 263 0100 0C        		.uleb128 0xc
 264 0101 0000 0000 		.long	.LASF14
 265 0105 01        		.byte	0x1
 266 0106 3E        		.byte	0x3e
 267 0107 FB00 0000 		.long	0xfb
 268 010b 01        		.byte	0x1
 269 010c 05        		.byte	0x5
GAS LISTING C:\users\mohammadreza\Temp/ccZSMcPi.s 			page 6


 270 010d 03        		.byte	0x3
 271 010e 0000 0000 		.long	v_StatReg
 272 0112 00        		.byte	0x0
 273               		.section	.debug_abbrev
 274 0000 01        		.uleb128 0x1
 275 0001 11        		.uleb128 0x11
 276 0002 01        		.byte	0x1
 277 0003 25        		.uleb128 0x25
 278 0004 0E        		.uleb128 0xe
 279 0005 13        		.uleb128 0x13
 280 0006 0B        		.uleb128 0xb
 281 0007 03        		.uleb128 0x3
 282 0008 0E        		.uleb128 0xe
 283 0009 1B        		.uleb128 0x1b
 284 000a 0E        		.uleb128 0xe
 285 000b 11        		.uleb128 0x11
 286 000c 01        		.uleb128 0x1
 287 000d 12        		.uleb128 0x12
 288 000e 01        		.uleb128 0x1
 289 000f 10        		.uleb128 0x10
 290 0010 06        		.uleb128 0x6
 291 0011 00        		.byte	0x0
 292 0012 00        		.byte	0x0
 293 0013 02        		.uleb128 0x2
 294 0014 24        		.uleb128 0x24
 295 0015 00        		.byte	0x0
 296 0016 0B        		.uleb128 0xb
 297 0017 0B        		.uleb128 0xb
 298 0018 3E        		.uleb128 0x3e
 299 0019 0B        		.uleb128 0xb
 300 001a 03        		.uleb128 0x3
 301 001b 0E        		.uleb128 0xe
 302 001c 00        		.byte	0x0
 303 001d 00        		.byte	0x0
 304 001e 03        		.uleb128 0x3
 305 001f 24        		.uleb128 0x24
 306 0020 00        		.byte	0x0
 307 0021 0B        		.uleb128 0xb
 308 0022 0B        		.uleb128 0xb
 309 0023 3E        		.uleb128 0x3e
 310 0024 0B        		.uleb128 0xb
 311 0025 03        		.uleb128 0x3
 312 0026 08        		.uleb128 0x8
 313 0027 00        		.byte	0x0
 314 0028 00        		.byte	0x0
 315 0029 04        		.uleb128 0x4
 316 002a 24        		.uleb128 0x24
 317 002b 00        		.byte	0x0
 318 002c 0B        		.uleb128 0xb
 319 002d 0B        		.uleb128 0xb
 320 002e 3E        		.uleb128 0x3e
 321 002f 0B        		.uleb128 0xb
 322 0030 00        		.byte	0x0
 323 0031 00        		.byte	0x0
 324 0032 05        		.uleb128 0x5
 325 0033 16        		.uleb128 0x16
 326 0034 00        		.byte	0x0
GAS LISTING C:\users\mohammadreza\Temp/ccZSMcPi.s 			page 7


 327 0035 03        		.uleb128 0x3
 328 0036 0E        		.uleb128 0xe
 329 0037 3A        		.uleb128 0x3a
 330 0038 0B        		.uleb128 0xb
 331 0039 3B        		.uleb128 0x3b
 332 003a 0B        		.uleb128 0xb
 333 003b 49        		.uleb128 0x49
 334 003c 13        		.uleb128 0x13
 335 003d 00        		.byte	0x0
 336 003e 00        		.byte	0x0
 337 003f 06        		.uleb128 0x6
 338 0040 2E        		.uleb128 0x2e
 339 0041 01        		.byte	0x1
 340 0042 3F        		.uleb128 0x3f
 341 0043 0C        		.uleb128 0xc
 342 0044 03        		.uleb128 0x3
 343 0045 0E        		.uleb128 0xe
 344 0046 3A        		.uleb128 0x3a
 345 0047 0B        		.uleb128 0xb
 346 0048 3B        		.uleb128 0x3b
 347 0049 0B        		.uleb128 0xb
 348 004a 27        		.uleb128 0x27
 349 004b 0C        		.uleb128 0xc
 350 004c 49        		.uleb128 0x49
 351 004d 13        		.uleb128 0x13
 352 004e 11        		.uleb128 0x11
 353 004f 01        		.uleb128 0x1
 354 0050 12        		.uleb128 0x12
 355 0051 01        		.uleb128 0x1
 356 0052 40        		.uleb128 0x40
 357 0053 0A        		.uleb128 0xa
 358 0054 01        		.uleb128 0x1
 359 0055 13        		.uleb128 0x13
 360 0056 00        		.byte	0x0
 361 0057 00        		.byte	0x0
 362 0058 07        		.uleb128 0x7
 363 0059 34        		.uleb128 0x34
 364 005a 00        		.byte	0x0
 365 005b 03        		.uleb128 0x3
 366 005c 0E        		.uleb128 0xe
 367 005d 3A        		.uleb128 0x3a
 368 005e 0B        		.uleb128 0xb
 369 005f 3B        		.uleb128 0x3b
 370 0060 0B        		.uleb128 0xb
 371 0061 49        		.uleb128 0x49
 372 0062 13        		.uleb128 0x13
 373 0063 00        		.byte	0x0
 374 0064 00        		.byte	0x0
 375 0065 08        		.uleb128 0x8
 376 0066 0B        		.uleb128 0xb
 377 0067 01        		.byte	0x1
 378 0068 11        		.uleb128 0x11
 379 0069 01        		.uleb128 0x1
 380 006a 12        		.uleb128 0x12
 381 006b 01        		.uleb128 0x1
 382 006c 00        		.byte	0x0
 383 006d 00        		.byte	0x0
GAS LISTING C:\users\mohammadreza\Temp/ccZSMcPi.s 			page 8


 384 006e 09        		.uleb128 0x9
 385 006f 34        		.uleb128 0x34
 386 0070 00        		.byte	0x0
 387 0071 03        		.uleb128 0x3
 388 0072 08        		.uleb128 0x8
 389 0073 3A        		.uleb128 0x3a
 390 0074 0B        		.uleb128 0xb
 391 0075 3B        		.uleb128 0x3b
 392 0076 0B        		.uleb128 0xb
 393 0077 49        		.uleb128 0x49
 394 0078 13        		.uleb128 0x13
 395 0079 02        		.uleb128 0x2
 396 007a 0A        		.uleb128 0xa
 397 007b 00        		.byte	0x0
 398 007c 00        		.byte	0x0
 399 007d 0A        		.uleb128 0xa
 400 007e 01        		.uleb128 0x1
 401 007f 01        		.byte	0x1
 402 0080 49        		.uleb128 0x49
 403 0081 13        		.uleb128 0x13
 404 0082 01        		.uleb128 0x1
 405 0083 13        		.uleb128 0x13
 406 0084 00        		.byte	0x0
 407 0085 00        		.byte	0x0
 408 0086 0B        		.uleb128 0xb
 409 0087 21        		.uleb128 0x21
 410 0088 00        		.byte	0x0
 411 0089 49        		.uleb128 0x49
 412 008a 13        		.uleb128 0x13
 413 008b 2F        		.uleb128 0x2f
 414 008c 0B        		.uleb128 0xb
 415 008d 00        		.byte	0x0
 416 008e 00        		.byte	0x0
 417 008f 0C        		.uleb128 0xc
 418 0090 34        		.uleb128 0x34
 419 0091 00        		.byte	0x0
 420 0092 03        		.uleb128 0x3
 421 0093 0E        		.uleb128 0xe
 422 0094 3A        		.uleb128 0x3a
 423 0095 0B        		.uleb128 0xb
 424 0096 3B        		.uleb128 0x3b
 425 0097 0B        		.uleb128 0xb
 426 0098 49        		.uleb128 0x49
 427 0099 13        		.uleb128 0x13
 428 009a 3F        		.uleb128 0x3f
 429 009b 0C        		.uleb128 0xc
 430 009c 02        		.uleb128 0x2
 431 009d 0A        		.uleb128 0xa
 432 009e 00        		.byte	0x0
 433 009f 00        		.byte	0x0
 434 00a0 0D        		.uleb128 0xd
 435 00a1 35        		.uleb128 0x35
 436 00a2 00        		.byte	0x0
 437 00a3 49        		.uleb128 0x49
 438 00a4 13        		.uleb128 0x13
 439 00a5 00        		.byte	0x0
 440 00a6 00        		.byte	0x0
GAS LISTING C:\users\mohammadreza\Temp/ccZSMcPi.s 			page 9


 441 00a7 00        		.byte	0x0
 442               		.section	.debug_pubnames,"",@progbits
 443 0000 3300 0000 		.long	0x33
 444 0004 0200      		.word	0x2
 445 0006 0000 0000 		.long	.Ldebug_info0
 446 000a 1301 0000 		.long	0x113
 447 000e 8300 0000 		.long	0x83
 448 0012 6D61 696E 		.string	"main"
 448      00
 449 0017 E900 0000 		.long	0xe9
 450 001b 765F 5379 		.string	"v_SysStat"
 450      7353 7461 
 450      7400 
 451 0025 0001 0000 		.long	0x100
 452 0029 765F 5374 		.string	"v_StatReg"
 452      6174 5265 
 452      6700 
 453 0033 0000 0000 		.long	0x0
 454               		.section	.debug_aranges,"",@progbits
 455 0000 1C00 0000 		.long	0x1c
 456 0004 0200      		.word	0x2
 457 0006 0000 0000 		.long	.Ldebug_info0
 458 000a 04        		.byte	0x4
 459 000b 00        		.byte	0x0
 460 000c 0000      		.word	0x0
 461 000e 0000      		.word	0x0
 462 0010 0000 0000 		.long	.Ltext0
 463 0014 7A00 0000 		.long	.Letext0-.Ltext0
 464 0018 0000 0000 		.long	0x0
 465 001c 0000 0000 		.long	0x0
 466               		.section	.debug_line
 467 0000 1D01 0000 		.long	.LELT0-.LSLT0
 468               	.LSLT0:
 469 0004 0200      		.word	0x2
 470 0006 5500 0000 		.long	.LELTP0-.LASLTP0
 471               	.LASLTP0:
 472 000a 01        		.byte	0x1
 473 000b 01        		.byte	0x1
 474 000c F6        		.byte	0xf6
 475 000d F5        		.byte	0xf5
 476 000e 0A        		.byte	0xa
 477 000f 00        		.byte	0x0
 478 0010 01        		.byte	0x1
 479 0011 01        		.byte	0x1
 480 0012 01        		.byte	0x1
 481 0013 01        		.byte	0x1
 482 0014 00        		.byte	0x0
 483 0015 00        		.byte	0x0
 484 0016 00        		.byte	0x0
 485 0017 01        		.byte	0x1
 486 0018 7372 632F 		.ascii	"src/applic"
 486      6170 706C 
 486      6963 
 487 0022 00        		.byte	0
 488 0023 7372 632F 		.ascii	"src/applic/../includes"
 488      6170 706C 
 488      6963 2F2E 
GAS LISTING C:\users\mohammadreza\Temp/ccZSMcPi.s 			page 10


 488      2E2F 696E 
 488      636C 7564 
 489 0039 00        		.byte	0
 490 003a 00        		.byte	0x0
 491 003b 6B65 726E 		.string	"kernel.c"
 491      656C 2E63 
 491      00
 492 0044 01        		.uleb128 0x1
 493 0045 00        		.uleb128 0x0
 494 0046 00        		.uleb128 0x0
 495 0047 2E2E 2F69 		.string	"../includes/types.h"
 495      6E63 6C75 
 495      6465 732F 
 495      7479 7065 
 495      732E 6800 
 496 005b 01        		.uleb128 0x1
 497 005c 00        		.uleb128 0x0
 498 005d 00        		.uleb128 0x0
 499 005e 00        		.byte	0x0
 500               	.LELTP0:
 501 005f 00        		.byte	0x0
 502 0060 05        		.uleb128 0x5
 503 0061 02        		.byte	0x2
 504 0062 0000 0000 		.long	.LM1
 505 0066 56        		.byte	0x56
 506 0067 00        		.byte	0x0
 507 0068 05        		.uleb128 0x5
 508 0069 02        		.byte	0x2
 509 006a 0000 0000 		.long	.LM2
 510 006e 15        		.byte	0x15
 511 006f 00        		.byte	0x0
 512 0070 05        		.uleb128 0x5
 513 0071 02        		.byte	0x2
 514 0072 0000 0000 		.long	.LM3
 515 0076 19        		.byte	0x19
 516 0077 00        		.byte	0x0
 517 0078 05        		.uleb128 0x5
 518 0079 02        		.byte	0x2
 519 007a 0000 0000 		.long	.LM4
 520 007e 17        		.byte	0x17
 521 007f 00        		.byte	0x0
 522 0080 05        		.uleb128 0x5
 523 0081 02        		.byte	0x2
 524 0082 0000 0000 		.long	.LM5
 525 0086 1A        		.byte	0x1a
 526 0087 00        		.byte	0x0
 527 0088 05        		.uleb128 0x5
 528 0089 02        		.byte	0x2
 529 008a 0000 0000 		.long	.LM6
 530 008e 18        		.byte	0x18
 531 008f 00        		.byte	0x0
 532 0090 05        		.uleb128 0x5
 533 0091 02        		.byte	0x2
 534 0092 0000 0000 		.long	.LM7
 535 0096 28        		.byte	0x28
 536 0097 00        		.byte	0x0
 537 0098 05        		.uleb128 0x5
GAS LISTING C:\users\mohammadreza\Temp/ccZSMcPi.s 			page 11


 538 0099 02        		.byte	0x2
 539 009a 0000 0000 		.long	.LM8
 540 009e 18        		.byte	0x18
 541 009f 00        		.byte	0x0
 542 00a0 05        		.uleb128 0x5
 543 00a1 02        		.byte	0x2
 544 00a2 0000 0000 		.long	.LM9
 545 00a6 19        		.byte	0x19
 546 00a7 00        		.byte	0x0
 547 00a8 05        		.uleb128 0x5
 548 00a9 02        		.byte	0x2
 549 00aa 0000 0000 		.long	.LM10
 550 00ae 1E        		.byte	0x1e
 551 00af 00        		.byte	0x0
 552 00b0 05        		.uleb128 0x5
 553 00b1 02        		.byte	0x2
 554 00b2 0000 0000 		.long	.LM11
 555 00b6 15        		.byte	0x15
 556 00b7 00        		.byte	0x0
 557 00b8 05        		.uleb128 0x5
 558 00b9 02        		.byte	0x2
 559 00ba 0000 0000 		.long	.LM12
 560 00be 15        		.byte	0x15
 561 00bf 00        		.byte	0x0
 562 00c0 05        		.uleb128 0x5
 563 00c1 02        		.byte	0x2
 564 00c2 0000 0000 		.long	.LM13
 565 00c6 15        		.byte	0x15
 566 00c7 00        		.byte	0x0
 567 00c8 05        		.uleb128 0x5
 568 00c9 02        		.byte	0x2
 569 00ca 0000 0000 		.long	.LM14
 570 00ce 15        		.byte	0x15
 571 00cf 00        		.byte	0x0
 572 00d0 05        		.uleb128 0x5
 573 00d1 02        		.byte	0x2
 574 00d2 0000 0000 		.long	.LM15
 575 00d6 15        		.byte	0x15
 576 00d7 00        		.byte	0x0
 577 00d8 05        		.uleb128 0x5
 578 00d9 02        		.byte	0x2
 579 00da 0000 0000 		.long	.LM16
 580 00de 21        		.byte	0x21
 581 00df 00        		.byte	0x0
 582 00e0 05        		.uleb128 0x5
 583 00e1 02        		.byte	0x2
 584 00e2 0000 0000 		.long	.LM17
 585 00e6 16        		.byte	0x16
 586 00e7 00        		.byte	0x0
 587 00e8 05        		.uleb128 0x5
 588 00e9 02        		.byte	0x2
 589 00ea 0000 0000 		.long	.LM18
 590 00ee 18        		.byte	0x18
 591 00ef 00        		.byte	0x0
 592 00f0 05        		.uleb128 0x5
 593 00f1 02        		.byte	0x2
 594 00f2 0000 0000 		.long	.LM19
GAS LISTING C:\users\mohammadreza\Temp/ccZSMcPi.s 			page 12


 595 00f6 17        		.byte	0x17
 596 00f7 00        		.byte	0x0
 597 00f8 05        		.uleb128 0x5
 598 00f9 02        		.byte	0x2
 599 00fa 0000 0000 		.long	.LM20
 600 00fe 24        		.byte	0x24
 601 00ff 00        		.byte	0x0
 602 0100 05        		.uleb128 0x5
 603 0101 02        		.byte	0x2
 604 0102 0000 0000 		.long	.LM21
 605 0106 15        		.byte	0x15
 606 0107 00        		.byte	0x0
 607 0108 05        		.uleb128 0x5
 608 0109 02        		.byte	0x2
 609 010a 0000 0000 		.long	.LM22
 610 010e 19        		.byte	0x19
 611 010f 00        		.byte	0x0
 612 0110 05        		.uleb128 0x5
 613 0111 02        		.byte	0x2
 614 0112 0000 0000 		.long	.LM23
 615 0116 13        		.byte	0x13
 616 0117 00        		.byte	0x0
 617 0118 05        		.uleb128 0x5
 618 0119 02        		.byte	0x2
 619 011a 0000 0000 		.long	.Letext0
 620 011e 00        		.byte	0x0
 621 011f 01        		.uleb128 0x1
 622 0120 01        		.byte	0x1
 623               	.LELT0:
 624 0121 1600 0000 		.section	.debug_str,"MS",@progbits,1
 624      0200 1000 
 624      0000 0101 
 624      FB0E 0A00 
 624      0101 0101 
 625               	.LASF13:
 626 0000 765F 5379 		.string	"v_SysStat"
 626      7353 7461 
 626      7400 
 627               	.LASF11:
 628 000a 765F 6B65 		.string	"v_key"
 628      7900 
 629               	.LASF10:
 630 0010 765F 6C65 		.string	"v_led"
 630      6400 
 631               	.LASF16:
 632 0016 7372 632F 		.string	"src/applic/kernel.c"
 632      6170 706C 
 632      6963 2F6B 
 632      6572 6E65 
 632      6C2E 6300 
 633               	.LASF1:
 634 002a 756E 7369 		.string	"unsigned char"
 634      676E 6564 
 634      2063 6861 
 634      7200 
 635               	.LASF17:
 636 0038 5A3A 5C68 		.string	"Z:\\home\\mohammadreza\\temo\\Simple-AVR-OS-plus-some-improvement-"
GAS LISTING C:\users\mohammadreza\Temp/ccZSMcPi.s 			page 13


 636      6F6D 655C 
 636      6D6F 6861 
 636      6D6D 6164 
 636      7265 7A61 
 637               	.LASF4:
 638 0077 6C6F 6E67 		.string	"long unsigned int"
 638      2075 6E73 
 638      6967 6E65 
 638      6420 696E 
 638      7400 
 639               	.LASF14:
 640 0089 765F 5374 		.string	"v_StatReg"
 640      6174 5265 
 640      6700 
 641               	.LASF8:
 642 0093 7368 6F72 		.string	"short unsigned int"
 642      7420 756E 
 642      7369 676E 
 642      6564 2069 
 642      6E74 00
 643               	.LASF15:
 644 00a6 474E 5520 		.string	"GNU C 4.3.3"
 644      4320 342E 
 644      332E 3300 
 645               	.LASF19:
 646 00b2 6D61 696E 		.string	"main"
 646      00
 647               	.LASF2:
 648 00b7 756E 7369 		.string	"unsigned int"
 648      676E 6564 
 648      2069 6E74 
 648      00
 649               	.LASF18:
 650 00c4 494E 5438 		.string	"INT8U"
 650      5500 
 651               	.LASF6:
 652 00ca 6C6F 6E67 		.string	"long long unsigned int"
 652      206C 6F6E 
 652      6720 756E 
 652      7369 676E 
 652      6564 2069 
 653               	.LASF5:
 654 00e1 6C6F 6E67 		.string	"long long int"
 654      206C 6F6E 
 654      6720 696E 
 654      7400 
 655               	.LASF7:
 656 00ef 6368 6172 		.string	"char"
 656      00
 657               	.LASF9:
 658 00f4 7368 6F72 		.string	"short int"
 658      7420 696E 
 658      7400 
 659               	.LASF3:
 660 00fe 6C6F 6E67 		.string	"long int"
 660      2069 6E74 
 660      00
GAS LISTING C:\users\mohammadreza\Temp/ccZSMcPi.s 			page 14


 661               	.LASF0:
 662 0107 7369 676E 		.string	"signed char"
 662      6564 2063 
 662      6861 7200 
 663               	.LASF12:
 664 0113 6275 665F 		.string	"buf_g"
 664      6700 
 665               	.global __do_copy_data
 666               	.global __do_clear_bss
GAS LISTING C:\users\mohammadreza\Temp/ccZSMcPi.s 			page 15


DEFINED SYMBOLS
                            *ABS*:00000000 kernel.c
C:\users\mohammadreza\Temp/ccZSMcPi.s:2      *ABS*:0000003f __SREG__
C:\users\mohammadreza\Temp/ccZSMcPi.s:3      *ABS*:0000003e __SP_H__
C:\users\mohammadreza\Temp/ccZSMcPi.s:4      *ABS*:0000003d __SP_L__
C:\users\mohammadreza\Temp/ccZSMcPi.s:5      *ABS*:00000034 __CCP__
C:\users\mohammadreza\Temp/ccZSMcPi.s:6      *ABS*:00000000 __tmp_reg__
C:\users\mohammadreza\Temp/ccZSMcPi.s:7      *ABS*:00000001 __zero_reg__
C:\users\mohammadreza\Temp/ccZSMcPi.s:29     .text:00000000 main
                            *COM*:00000001 v_SysStat
                            *COM*:00000001 v_StatReg

UNDEFINED SYMBOLS
f_InitSysTimer
f_ConfigSerial
f_ConfigADC
f_InitDebug
f_InitPWM1
f_Init_SCard
f_InitSerApp
f_Uart_ClrScr
f_Uart_PutStr
f_SysTick
f_SysADC
f_TaskDebugger
f_SerApp
applications_reducer
__do_copy_data
__do_clear_bss
