GAS LISTING C:\users\mohammadreza\Temp/ccJZKoYb.s 			page 1


   1               		.file	"scard.c"
   2               	__SREG__ = 0x3f
   3               	__SP_H__ = 0x3e
   4               	__SP_L__ = 0x3d
   5               	__CCP__  = 0x34
   6               	__tmp_reg__ = 0
   7               	__zero_reg__ = 1
   8               		.section	.debug_abbrev,"",@progbits
   9               	.Ldebug_abbrev0:
  10               		.section	.debug_info,"",@progbits
  11               	.Ldebug_info0:
  12               		.section	.debug_line,"",@progbits
  13               	.Ldebug_line0:
  14               		.text
  15               	.Ltext0:
  16               	.global	f_Init_SCard
  17               		.type	f_Init_SCard, @function
  18               	f_Init_SCard:
  19               	.LFB2:
  20               	.LM1:
  21               	/* prologue: function */
  22               	/* frame size = 0 */
  23               	.LM2:
  24 0000 84B3      		in r24,52-32
  25 0002 8360      		ori r24,lo8(3)
  26 0004 84BB      		out 52-32,r24
  27               	.LM3:
  28 0006 84B3      		in r24,52-32
  29 0008 837F      		andi r24,lo8(-13)
  30 000a 84BB      		out 52-32,r24
  31               	.LM4:
  32 000c AB9A      		sbi 53-32,3
  33               	.LM5:
  34 000e AA9A      		sbi 53-32,2
  35               	.LM6:
  36 0010 85E0      		ldi r24,lo8(5)
  37 0012 8093 0000 		sts v_CardStatus,r24
  38               	/* epilogue start */
  39               	.LM7:
  40 0016 0895      		ret
  41               	.LFE2:
  42               		.size	f_Init_SCard, .-f_Init_SCard
  43               	.global	f_SCard_CCLK
  44               		.type	f_SCard_CCLK, @function
  45               	f_SCard_CCLK:
  46               	.LFB5:
  47               	.LM8:
  48               	/* prologue: function */
  49               	/* frame size = 0 */
  50               	.LM9:
  51 0018 A99A      		sbi 53-32,1
  52               	.LM10:
  53 001a 88E2      		ldi r24,lo8(40)
  54 001c 0E94 0000 		call f_Delay_us
  55               	.LM11:
  56 0020 A998      		cbi 53-32,1
  57               	.LM12:
GAS LISTING C:\users\mohammadreza\Temp/ccJZKoYb.s 			page 2


  58 0022 88E2      		ldi r24,lo8(40)
  59 0024 0E94 0000 		call f_Delay_us
  60               	/* epilogue start */
  61               	.LM13:
  62 0028 0895      		ret
  63               	.LFE5:
  64               		.size	f_SCard_CCLK, .-f_SCard_CCLK
  65               	.global	f_SCard_RstCard
  66               		.type	f_SCard_RstCard, @function
  67               	f_SCard_RstCard:
  68               	.LFB6:
  69               	.LM14:
  70               	/* prologue: function */
  71               	/* frame size = 0 */
  72               	.LM15:
  73 002a A89A      		sbi 53-32,0
  74               	.LM16:
  75 002c 88EC      		ldi r24,lo8(-56)
  76 002e 0E94 0000 		call f_Delay_us
  77               	.LM17:
  78 0032 0E94 0000 		call f_SCard_CCLK
  79               	.LM18:
  80 0036 A898      		cbi 53-32,0
  81               	/* epilogue start */
  82               	.LM19:
  83 0038 0895      		ret
  84               	.LFE6:
  85               		.size	f_SCard_RstCard, .-f_SCard_RstCard
  86               	.global	f_SCard_Read
  87               		.type	f_SCard_Read, @function
  88               	f_SCard_Read:
  89               	.LFB7:
  90               	.LM20:
  91               	.LVL0:
  92 003a AF92      		push r10
  93 003c BF92      		push r11
  94 003e CF92      		push r12
  95 0040 DF92      		push r13
  96 0042 EF92      		push r14
  97 0044 FF92      		push r15
  98 0046 0F93      		push r16
  99 0048 1F93      		push r17
 100 004a DF93      		push r29
 101 004c CF93      		push r28
 102 004e 00D0      		rcall .
 103 0050 0F92      		push __tmp_reg__
 104 0052 CDB7      		in r28,__SP_L__
 105 0054 DEB7      		in r29,__SP_H__
 106               	/* prologue: function */
 107               	/* frame size = 3 */
 108 0056 5C01      		movw r10,r24
 109               	.LM21:
 110 0058 1B82      		std Y+3,__zero_reg__
 111               	.LM22:
 112 005a 0E94 0000 		call f_SCard_RstCard
 113               	.LVL1:
 114 005e EE24      		clr r14
GAS LISTING C:\users\mohammadreza\Temp/ccJZKoYb.s 			page 3


 115 0060 FF24      		clr r15
 116 0062 6E01      		movw r12,r28
 117 0064 0894      		sec
 118 0066 C11C      		adc r12,__zero_reg__
 119 0068 D11C      		adc r13,__zero_reg__
 120               	.LVL2:
 121               	.L8:
 122               	.LM23:
 123 006a 10E0      		ldi r17,lo8(0)
 124 006c 00E0      		ldi r16,lo8(0)
 125               	.L10:
 126               	.LM24:
 127 006e 9A99      		sbic 51-32,2
 128 0070 0160      		ori r16,lo8(1)
 129               	.L9:
 130               	.LM25:
 131 0072 000F      		lsl r16
 132               	.LM26:
 133 0074 0E94 0000 		call f_SCard_CCLK
 134               	.LM27:
 135 0078 1F5F      		subi r17,lo8(-(1))
 136 007a 1830      		cpi r17,lo8(8)
 137 007c 01F4      		brne .L10
 138               	.LM28:
 139 007e F501      		movw r30,r10
 140 0080 EE0D      		add r30,r14
 141 0082 FF1D      		adc r31,r15
 142 0084 0083      		st Z,r16
 143               	.LM29:
 144 0086 802F      		mov r24,r16
 145 0088 B601      		movw r22,r12
 146 008a 0E94 0000 		call f_BinHex
 147               	.LM30:
 148 008e C601      		movw r24,r12
 149 0090 0E94 0000 		call f_Uart_PutStr
 150 0094 0894      		sec
 151 0096 E11C      		adc r14,__zero_reg__
 152 0098 F11C      		adc r15,__zero_reg__
 153               	.LM31:
 154 009a 80E1      		ldi r24,lo8(16)
 155 009c E816      		cp r14,r24
 156 009e F104      		cpc r15,__zero_reg__
 157 00a0 01F4      		brne .L8
 158               	/* epilogue start */
 159               	.LM32:
 160 00a2 0F90      		pop __tmp_reg__
 161 00a4 0F90      		pop __tmp_reg__
 162 00a6 0F90      		pop __tmp_reg__
 163 00a8 CF91      		pop r28
 164 00aa DF91      		pop r29
 165 00ac 1F91      		pop r17
 166               	.LVL3:
 167 00ae 0F91      		pop r16
 168               	.LVL4:
 169 00b0 FF90      		pop r15
 170 00b2 EF90      		pop r14
 171 00b4 DF90      		pop r13
GAS LISTING C:\users\mohammadreza\Temp/ccJZKoYb.s 			page 4


 172 00b6 CF90      		pop r12
 173 00b8 BF90      		pop r11
 174 00ba AF90      		pop r10
 175               	.LVL5:
 176 00bc 0895      		ret
 177               	.LFE7:
 178               		.size	f_SCard_Read, .-f_SCard_Read
 179               		.data
 180               	.LC0:
 181 0000 0A00      		.string	"\n"
 182               		.text
 183               	.global	f_SCard_MatchID
 184               		.type	f_SCard_MatchID, @function
 185               	f_SCard_MatchID:
 186               	.LFB4:
 187               	.LM33:
 188 00be DF92      		push r13
 189 00c0 EF92      		push r14
 190 00c2 FF92      		push r15
 191 00c4 0F93      		push r16
 192 00c6 1F93      		push r17
 193 00c8 DF93      		push r29
 194 00ca CF93      		push r28
 195 00cc CDB7      		in r28,__SP_L__
 196 00ce DEB7      		in r29,__SP_H__
 197 00d0 6097      		sbiw r28,16
 198 00d2 0FB6      		in __tmp_reg__,__SREG__
 199 00d4 F894      		cli
 200 00d6 DEBF      		out __SP_H__,r29
 201 00d8 0FBE      		out __SREG__,__tmp_reg__
 202 00da CDBF      		out __SP_L__,r28
 203               	/* prologue: function */
 204               	/* frame size = 16 */
 205               	.LM34:
 206 00dc 7E01      		movw r14,r28
 207 00de 0894      		sec
 208 00e0 E11C      		adc r14,__zero_reg__
 209 00e2 F11C      		adc r15,__zero_reg__
 210 00e4 C701      		movw r24,r14
 211 00e6 0E94 0000 		call f_SCard_Read
 212 00ea 00E0      		ldi r16,lo8(lut_SCARDID)
 213 00ec 10E0      		ldi r17,hi8(lut_SCARDID)
 214 00ee DD24      		clr r13
 215 00f0 D394      		inc r13
 216               	.LVL6:
 217               	.L16:
 218               	.LM35:
 219 00f2 D701      		movw r26,r14
 220 00f4 F801      		movw r30,r16
 221 00f6 20E0      		ldi r18,lo8(0)
 222               	.LVL7:
 223               	.L18:
 224               	.LBB2:
 225               	.LM36:
 226               	/* #APP */
 227               	 ;  126 "src/periphext/scard.c" 1
 228 00f8 9491      		lpm r25, Z
GAS LISTING C:\users\mohammadreza\Temp/ccJZKoYb.s 			page 5


 229               		
 230               	 ;  0 "" 2
 231               	/* #NOAPP */
 232               	.LBE2:
 233               	.LM37:
 234 00fa 8C91      		ld r24,X
 235 00fc 9817      		cp r25,r24
 236 00fe 01F4      		brne .L17
 237               	.LM38:
 238 0100 2F5F      		subi r18,lo8(-(1))
 239 0102 3196      		adiw r30,1
 240 0104 1196      		adiw r26,1
 241 0106 2031      		cpi r18,lo8(16)
 242 0108 01F4      		brne .L18
 243               	.LM39:
 244 010a 80E0      		ldi r24,lo8(.LC0)
 245 010c 90E0      		ldi r25,hi8(.LC0)
 246 010e 0E94 0000 		call f_Uart_PutStr
 247               	.LVL8:
 248 0112 82E0      		ldi r24,lo8(2)
 249 0114 D82E      		mov r13,r24
 250               	.L20:
 251 0116 005F      		subi r16,lo8(-(16))
 252 0118 1F4F      		sbci r17,hi8(-(16))
 253               	.LM40:
 254 011a 80E0      		ldi r24,hi8(lut_SCARDID+32)
 255 011c 0030      		cpi r16,lo8(lut_SCARDID+32)
 256 011e 1807      		cpc r17,r24
 257 0120 01F4      		brne .L16
 258               	.LM41:
 259 0122 8D2D      		mov r24,r13
 260               	/* epilogue start */
 261 0124 6096      		adiw r28,16
 262 0126 0FB6      		in __tmp_reg__,__SREG__
 263 0128 F894      		cli
 264 012a DEBF      		out __SP_H__,r29
 265 012c 0FBE      		out __SREG__,__tmp_reg__
 266 012e CDBF      		out __SP_L__,r28
 267 0130 CF91      		pop r28
 268 0132 DF91      		pop r29
 269 0134 1F91      		pop r17
 270 0136 0F91      		pop r16
 271 0138 FF90      		pop r15
 272 013a EF90      		pop r14
 273 013c DF90      		pop r13
 274               	.LVL9:
 275 013e 0895      		ret
 276               	.LVL10:
 277               	.L17:
 278               	.LM42:
 279 0140 80E0      		ldi r24,lo8(.LC0)
 280 0142 90E0      		ldi r25,hi8(.LC0)
 281 0144 0E94 0000 		call f_Uart_PutStr
 282               	.LVL11:
 283 0148 00C0      		rjmp .L20
 284               	.LFE4:
 285               		.size	f_SCard_MatchID, .-f_SCard_MatchID
GAS LISTING C:\users\mohammadreza\Temp/ccJZKoYb.s 			page 6


 286               	.global	f_SCard_CheckCardIn
 287               		.type	f_SCard_CheckCardIn, @function
 288               	f_SCard_CheckCardIn:
 289               	.LFB3:
 290               	.LM43:
 291               	/* prologue: function */
 292               	/* frame size = 0 */
 293               	.LM44:
 294 014a 9B99      		sbic 51-32,3
 295 014c 00C0      		rjmp .L24
 296               	.LM45:
 297 014e 8091 0000 		lds r24,v_CardStatus
 298 0152 8130      		cpi r24,lo8(1)
 299 0154 01F0      		breq .L29
 300               	.LM46:
 301 0156 8091 0000 		lds r24,v_CardStatus
 302 015a 8823      		tst r24
 303 015c 01F4      		brne .L27
 304               	.LM47:
 305 015e 1092 0000 		sts v_CardStatus,__zero_reg__
 306 0162 83E0      		ldi r24,lo8(3)
 307               	.LVL12:
 308 0164 0895      		ret
 309               	.LVL13:
 310               	.L24:
 311               	.LM48:
 312 0166 85E0      		ldi r24,lo8(5)
 313 0168 8093 0000 		sts v_CardStatus,r24
 314 016c 80E0      		ldi r24,lo8(0)
 315               	.LVL14:
 316               	.LVL15:
 317               	.LM49:
 318 016e 0895      		ret
 319               	.L27:
 320               	.LM50:
 321 0170 8091 0000 		lds r24,v_CardStatus
 322 0174 8150      		subi r24,lo8(-(-1))
 323 0176 8093 0000 		sts v_CardStatus,r24
 324 017a 84E0      		ldi r24,lo8(4)
 325               	.LVL16:
 326 017c 0895      		ret
 327               	.LVL17:
 328               	.L29:
 329               	.LM51:
 330 017e 0E94 0000 		call f_SCard_MatchID
 331               	.LM52:
 332 0182 1092 0000 		sts v_CardStatus,__zero_reg__
 333 0186 0895      		ret
 334               	.LFE3:
 335               		.size	f_SCard_CheckCardIn, .-f_SCard_CheckCardIn
 336               	.global	lut_SCARDID
 337               		.section	.progmem.data,"a",@progbits
 338               		.type	lut_SCARDID, @object
 339               		.size	lut_SCARDID, 32
 340               	lut_SCARDID:
 341 0000 28        		.byte	40
 342 0001 76        		.byte	118
GAS LISTING C:\users\mohammadreza\Temp/ccJZKoYb.s 			page 7


 343 0002 FE        		.byte	-2
 344 0003 F5        		.byte	-11
 345 0004 0E        		.byte	14
 346 0005 3D        		.byte	61
 347 0006 FE        		.byte	-2
 348 0007 C1        		.byte	-63
 349 0008 00        		.byte	0
 350 0009 00        		.byte	0
 351 000a 00        		.byte	0
 352 000b 00        		.byte	0
 353 000c FE        		.byte	-2
 354 000d FE        		.byte	-2
 355 000e FE        		.byte	-2
 356 000f FE        		.byte	-2
 357 0010 D7        		.byte	-41
 358 0011 85        		.byte	-123
 359 0012 FE        		.byte	-2
 360 0013 F6        		.byte	-10
 361 0014 12        		.byte	18
 362 0015 B2        		.byte	-78
 363 0016 01        		.byte	1
 364 0017 4A        		.byte	74
 365 0018 00        		.byte	0
 366 0019 00        		.byte	0
 367 001a 00        		.byte	0
 368 001b 1E        		.byte	30
 369 001c FE        		.byte	-2
 370 001d FE        		.byte	-2
 371 001e FE        		.byte	-2
 372 001f FE        		.byte	-2
 373               		.comm v_CardStatus,1,1
 374               		.section	.debug_frame,"",@progbits
 375               	.Lframe0:
 376 0000 0C00 0000 		.long	.LECIE0-.LSCIE0
 377               	.LSCIE0:
 378 0004 FFFF FFFF 		.long	0xffffffff
 379 0008 01        		.byte	0x1
 380 0009 00        		.string	""
 381 000a 01        		.uleb128 0x1
 382 000b 7F        		.sleb128 -1
 383 000c 24        		.byte	0x24
 384 000d 0C        		.byte	0xc
 385 000e 20        		.uleb128 0x20
 386 000f 00        		.uleb128 0x0
 387               		.p2align	2
 388               	.LECIE0:
 389               	.LSFDE0:
 390 0010 0C00 0000 		.long	.LEFDE0-.LASFDE0
 391               	.LASFDE0:
 392 0014 0000 0000 		.long	.Lframe0
 393 0018 0000 0000 		.long	.LFB2
 394 001c 1800 0000 		.long	.LFE2-.LFB2
 395               		.p2align	2
 396               	.LEFDE0:
 397               	.LSFDE2:
 398 0020 0C00 0000 		.long	.LEFDE2-.LASFDE2
 399               	.LASFDE2:
GAS LISTING C:\users\mohammadreza\Temp/ccJZKoYb.s 			page 8


 400 0024 0000 0000 		.long	.Lframe0
 401 0028 0000 0000 		.long	.LFB5
 402 002c 1200 0000 		.long	.LFE5-.LFB5
 403               		.p2align	2
 404               	.LEFDE2:
 405               	.LSFDE4:
 406 0030 0C00 0000 		.long	.LEFDE4-.LASFDE4
 407               	.LASFDE4:
 408 0034 0000 0000 		.long	.Lframe0
 409 0038 0000 0000 		.long	.LFB6
 410 003c 1000 0000 		.long	.LFE6-.LFB6
 411               		.p2align	2
 412               	.LEFDE4:
 413               	.LSFDE6:
 414 0040 0C00 0000 		.long	.LEFDE6-.LASFDE6
 415               	.LASFDE6:
 416 0044 0000 0000 		.long	.Lframe0
 417 0048 0000 0000 		.long	.LFB7
 418 004c 8400 0000 		.long	.LFE7-.LFB7
 419               		.p2align	2
 420               	.LEFDE6:
 421               	.LSFDE8:
 422 0050 0C00 0000 		.long	.LEFDE8-.LASFDE8
 423               	.LASFDE8:
 424 0054 0000 0000 		.long	.Lframe0
 425 0058 0000 0000 		.long	.LFB4
 426 005c 8C00 0000 		.long	.LFE4-.LFB4
 427               		.p2align	2
 428               	.LEFDE8:
 429               	.LSFDE10:
 430 0060 0C00 0000 		.long	.LEFDE10-.LASFDE10
 431               	.LASFDE10:
 432 0064 0000 0000 		.long	.Lframe0
 433 0068 0000 0000 		.long	.LFB3
 434 006c 3E00 0000 		.long	.LFE3-.LFB3
 435               		.p2align	2
 436               	.LEFDE10:
 437               		.text
 438               	.Letext0:
 439               		.section	.debug_loc,"",@progbits
 440               	.Ldebug_loc0:
 441               	.LLST4:
 442 0000 3A00 0000 		.long	.LVL0-.Ltext0
 443 0004 5E00 0000 		.long	.LVL1-.Ltext0
 444 0008 0600      		.word	0x6
 445 000a 68        		.byte	0x68
 446 000b 93        		.byte	0x93
 447 000c 01        		.uleb128 0x1
 448 000d 69        		.byte	0x69
 449 000e 93        		.byte	0x93
 450 000f 01        		.uleb128 0x1
 451 0010 5E00 0000 		.long	.LVL1-.Ltext0
 452 0014 BC00 0000 		.long	.LVL5-.Ltext0
 453 0018 0600      		.word	0x6
 454 001a 5A        		.byte	0x5a
 455 001b 93        		.byte	0x93
 456 001c 01        		.uleb128 0x1
GAS LISTING C:\users\mohammadreza\Temp/ccJZKoYb.s 			page 9


 457 001d 5B        		.byte	0x5b
 458 001e 93        		.byte	0x93
 459 001f 01        		.uleb128 0x1
 460 0020 0000 0000 		.long	0x0
 461 0024 0000 0000 		.long	0x0
 462               	.LLST5:
 463 0028 6A00 0000 		.long	.LVL2-.Ltext0
 464 002c AE00 0000 		.long	.LVL3-.Ltext0
 465 0030 0100      		.word	0x1
 466 0032 61        		.byte	0x61
 467 0033 0000 0000 		.long	0x0
 468 0037 0000 0000 		.long	0x0
 469               	.LLST6:
 470 003b 6A00 0000 		.long	.LVL2-.Ltext0
 471 003f B000 0000 		.long	.LVL4-.Ltext0
 472 0043 0100      		.word	0x1
 473 0045 60        		.byte	0x60
 474 0046 0000 0000 		.long	0x0
 475 004a 0000 0000 		.long	0x0
 476               	.LLST8:
 477 004e F200 0000 		.long	.LVL6-.Ltext0
 478 0052 3E01 0000 		.long	.LVL9-.Ltext0
 479 0056 0100      		.word	0x1
 480 0058 5D        		.byte	0x5d
 481 0059 4001 0000 		.long	.LVL10-.Ltext0
 482 005d 4A01 0000 		.long	.LFE4-.Ltext0
 483 0061 0100      		.word	0x1
 484 0063 5D        		.byte	0x5d
 485 0064 0000 0000 		.long	0x0
 486 0068 0000 0000 		.long	0x0
 487               	.LLST9:
 488 006c F800 0000 		.long	.LVL7-.Ltext0
 489 0070 1201 0000 		.long	.LVL8-.Ltext0
 490 0074 0100      		.word	0x1
 491 0076 62        		.byte	0x62
 492 0077 4001 0000 		.long	.LVL10-.Ltext0
 493 007b 4801 0000 		.long	.LVL11-.Ltext0
 494 007f 0100      		.word	0x1
 495 0081 62        		.byte	0x62
 496 0082 0000 0000 		.long	0x0
 497 0086 0000 0000 		.long	0x0
 498               	.LLST10:
 499 008a F800 0000 		.long	.LVL7-.Ltext0
 500 008e 1201 0000 		.long	.LVL8-.Ltext0
 501 0092 0100      		.word	0x1
 502 0094 69        		.byte	0x69
 503 0095 4001 0000 		.long	.LVL10-.Ltext0
 504 0099 4801 0000 		.long	.LVL11-.Ltext0
 505 009d 0100      		.word	0x1
 506 009f 69        		.byte	0x69
 507 00a0 0000 0000 		.long	0x0
 508 00a4 0000 0000 		.long	0x0
 509               	.LLST12:
 510 00a8 6401 0000 		.long	.LVL12-.Ltext0
 511 00ac 6601 0000 		.long	.LVL13-.Ltext0
 512 00b0 0100      		.word	0x1
 513 00b2 68        		.byte	0x68
GAS LISTING C:\users\mohammadreza\Temp/ccJZKoYb.s 			page 10


 514 00b3 6E01 0000 		.long	.LVL14-.Ltext0
 515 00b7 6E01 0000 		.long	.LVL15-.Ltext0
 516 00bb 0100      		.word	0x1
 517 00bd 68        		.byte	0x68
 518 00be 7C01 0000 		.long	.LVL16-.Ltext0
 519 00c2 7E01 0000 		.long	.LVL17-.Ltext0
 520 00c6 0100      		.word	0x1
 521 00c8 68        		.byte	0x68
 522 00c9 0000 0000 		.long	0x0
 523 00cd 0000 0000 		.long	0x0
 524               		.section	.debug_info
 525 0000 5D02 0000 		.long	0x25d
 526 0004 0200      		.word	0x2
 527 0006 0000 0000 		.long	.Ldebug_abbrev0
 528 000a 04        		.byte	0x4
 529 000b 01        		.uleb128 0x1
 530 000c 0000 0000 		.long	.LASF33
 531 0010 01        		.byte	0x1
 532 0011 0000 0000 		.long	.LASF34
 533 0015 0000 0000 		.long	.LASF35
 534 0019 0000 0000 		.long	.Ltext0
 535 001d 0000 0000 		.long	.Letext0
 536 0021 0000 0000 		.long	.Ldebug_line0
 537 0025 02        		.uleb128 0x2
 538 0026 01        		.byte	0x1
 539 0027 06        		.byte	0x6
 540 0028 0000 0000 		.long	.LASF0
 541 002c 03        		.uleb128 0x3
 542 002d 0000 0000 		.long	.LASF2
 543 0031 02        		.byte	0x2
 544 0032 7A        		.byte	0x7a
 545 0033 3700 0000 		.long	0x37
 546 0037 02        		.uleb128 0x2
 547 0038 01        		.byte	0x1
 548 0039 08        		.byte	0x8
 549 003a 0000 0000 		.long	.LASF1
 550 003e 04        		.uleb128 0x4
 551 003f 02        		.byte	0x2
 552 0040 05        		.byte	0x5
 553 0041 696E 7400 		.string	"int"
 554 0045 03        		.uleb128 0x3
 555 0046 0000 0000 		.long	.LASF3
 556 004a 02        		.byte	0x2
 557 004b 7C        		.byte	0x7c
 558 004c 5000 0000 		.long	0x50
 559 0050 02        		.uleb128 0x2
 560 0051 02        		.byte	0x2
 561 0052 07        		.byte	0x7
 562 0053 0000 0000 		.long	.LASF4
 563 0057 02        		.uleb128 0x2
 564 0058 04        		.byte	0x4
 565 0059 05        		.byte	0x5
 566 005a 0000 0000 		.long	.LASF5
 567 005e 02        		.uleb128 0x2
 568 005f 04        		.byte	0x4
 569 0060 07        		.byte	0x7
 570 0061 0000 0000 		.long	.LASF6
GAS LISTING C:\users\mohammadreza\Temp/ccJZKoYb.s 			page 11


 571 0065 02        		.uleb128 0x2
 572 0066 08        		.byte	0x8
 573 0067 05        		.byte	0x5
 574 0068 0000 0000 		.long	.LASF7
 575 006c 02        		.uleb128 0x2
 576 006d 08        		.byte	0x8
 577 006e 07        		.byte	0x7
 578 006f 0000 0000 		.long	.LASF8
 579 0073 05        		.uleb128 0x5
 580 0074 01        		.byte	0x1
 581 0075 06        		.byte	0x6
 582 0076 05        		.uleb128 0x5
 583 0077 01        		.byte	0x1
 584 0078 08        		.byte	0x8
 585 0079 02        		.uleb128 0x2
 586 007a 01        		.byte	0x1
 587 007b 06        		.byte	0x6
 588 007c 0000 0000 		.long	.LASF9
 589 0080 02        		.uleb128 0x2
 590 0081 02        		.byte	0x2
 591 0082 07        		.byte	0x7
 592 0083 0000 0000 		.long	.LASF10
 593 0087 02        		.uleb128 0x2
 594 0088 02        		.byte	0x2
 595 0089 05        		.byte	0x5
 596 008a 0000 0000 		.long	.LASF11
 597 008e 03        		.uleb128 0x3
 598 008f 0000 0000 		.long	.LASF12
 599 0093 03        		.byte	0x3
 600 0094 0D        		.byte	0xd
 601 0095 3700 0000 		.long	0x37
 602 0099 03        		.uleb128 0x3
 603 009a 0000 0000 		.long	.LASF13
 604 009e 03        		.byte	0x3
 605 009f 0E        		.byte	0xe
 606 00a0 7900 0000 		.long	0x79
 607 00a4 06        		.uleb128 0x6
 608 00a5 01        		.byte	0x1
 609 00a6 0000 0000 		.long	.LASF14
 610 00aa 01        		.byte	0x1
 611 00ab 3B        		.byte	0x3b
 612 00ac 01        		.byte	0x1
 613 00ad 0000 0000 		.long	.LFB2
 614 00b1 0000 0000 		.long	.LFE2
 615 00b5 02        		.byte	0x2
 616 00b6 90        		.byte	0x90
 617 00b7 20        		.uleb128 0x20
 618 00b8 06        		.uleb128 0x6
 619 00b9 01        		.byte	0x1
 620 00ba 0000 0000 		.long	.LASF15
 621 00be 01        		.byte	0x1
 622 00bf 8A        		.byte	0x8a
 623 00c0 01        		.byte	0x1
 624 00c1 0000 0000 		.long	.LFB5
 625 00c5 0000 0000 		.long	.LFE5
 626 00c9 02        		.byte	0x2
 627 00ca 90        		.byte	0x90
GAS LISTING C:\users\mohammadreza\Temp/ccJZKoYb.s 			page 12


 628 00cb 20        		.uleb128 0x20
 629 00cc 06        		.uleb128 0x6
 630 00cd 01        		.byte	0x1
 631 00ce 0000 0000 		.long	.LASF16
 632 00d2 01        		.byte	0x1
 633 00d3 92        		.byte	0x92
 634 00d4 01        		.byte	0x1
 635 00d5 0000 0000 		.long	.LFB6
 636 00d9 0000 0000 		.long	.LFE6
 637 00dd 02        		.byte	0x2
 638 00de 90        		.byte	0x90
 639 00df 20        		.uleb128 0x20
 640 00e0 07        		.uleb128 0x7
 641 00e1 01        		.byte	0x1
 642 00e2 0000 0000 		.long	.LASF36
 643 00e6 01        		.byte	0x1
 644 00e7 9B        		.byte	0x9b
 645 00e8 01        		.byte	0x1
 646 00e9 0000 0000 		.long	.LFB7
 647 00ed 0000 0000 		.long	.LFE7
 648 00f1 02        		.byte	0x2
 649 00f2 90        		.byte	0x90
 650 00f3 20        		.uleb128 0x20
 651 00f4 3F01 0000 		.long	0x13f
 652 00f8 08        		.uleb128 0x8
 653 00f9 0000 0000 		.long	.LASF25
 654 00fd 01        		.byte	0x1
 655 00fe 9A        		.byte	0x9a
 656 00ff 3F01 0000 		.long	0x13f
 657 0103 0000 0000 		.long	.LLST4
 658 0107 09        		.uleb128 0x9
 659 0108 0000 0000 		.long	.LASF23
 660 010c 01        		.byte	0x1
 661 010d 9C        		.byte	0x9c
 662 010e 8E00 0000 		.long	0x8e
 663 0112 0A        		.uleb128 0xa
 664 0113 0000 0000 		.long	.LASF17
 665 0117 01        		.byte	0x1
 666 0118 9C        		.byte	0x9c
 667 0119 8E00 0000 		.long	0x8e
 668 011d 0000 0000 		.long	.LLST5
 669 0121 0A        		.uleb128 0xa
 670 0122 0000 0000 		.long	.LASF18
 671 0126 01        		.byte	0x1
 672 0127 9D        		.byte	0x9d
 673 0128 8E00 0000 		.long	0x8e
 674 012c 0000 0000 		.long	.LLST6
 675 0130 0B        		.uleb128 0xb
 676 0131 0000 0000 		.long	.LASF19
 677 0135 01        		.byte	0x1
 678 0136 9E        		.byte	0x9e
 679 0137 4501 0000 		.long	0x145
 680 013b 02        		.byte	0x2
 681 013c 8C        		.byte	0x8c
 682 013d 01        		.sleb128 1
 683 013e 00        		.byte	0x0
 684 013f 0C        		.uleb128 0xc
GAS LISTING C:\users\mohammadreza\Temp/ccJZKoYb.s 			page 13


 685 0140 02        		.byte	0x2
 686 0141 8E00 0000 		.long	0x8e
 687 0145 0D        		.uleb128 0xd
 688 0146 9900 0000 		.long	0x99
 689 014a 5501 0000 		.long	0x155
 690 014e 0E        		.uleb128 0xe
 691 014f 5501 0000 		.long	0x155
 692 0153 02        		.byte	0x2
 693 0154 00        		.byte	0x0
 694 0155 05        		.uleb128 0x5
 695 0156 02        		.byte	0x2
 696 0157 07        		.byte	0x7
 697 0158 0F        		.uleb128 0xf
 698 0159 01        		.byte	0x1
 699 015a 0000 0000 		.long	.LASF29
 700 015e 01        		.byte	0x1
 701 015f 6B        		.byte	0x6b
 702 0160 01        		.byte	0x1
 703 0161 8E00 0000 		.long	0x8e
 704 0165 0000 0000 		.long	.LFB4
 705 0169 0000 0000 		.long	.LFE4
 706 016d 02        		.byte	0x2
 707 016e 90        		.byte	0x90
 708 016f 20        		.uleb128 0x20
 709 0170 E601 0000 		.long	0x1e6
 710 0174 0B        		.uleb128 0xb
 711 0175 0000 0000 		.long	.LASF20
 712 0179 01        		.byte	0x1
 713 017a 6C        		.byte	0x6c
 714 017b E601 0000 		.long	0x1e6
 715 017f 02        		.byte	0x2
 716 0180 8C        		.byte	0x8c
 717 0181 01        		.sleb128 1
 718 0182 0A        		.uleb128 0xa
 719 0183 0000 0000 		.long	.LASF21
 720 0187 01        		.byte	0x1
 721 0188 6D        		.byte	0x6d
 722 0189 8E00 0000 		.long	0x8e
 723 018d 0000 0000 		.long	.LLST8
 724 0191 0A        		.uleb128 0xa
 725 0192 0000 0000 		.long	.LASF22
 726 0196 01        		.byte	0x1
 727 0197 6E        		.byte	0x6e
 728 0198 8E00 0000 		.long	0x8e
 729 019c 0000 0000 		.long	.LLST9
 730 01a0 09        		.uleb128 0x9
 731 01a1 0000 0000 		.long	.LASF24
 732 01a5 01        		.byte	0x1
 733 01a6 6E        		.byte	0x6e
 734 01a7 8E00 0000 		.long	0x8e
 735 01ab 09        		.uleb128 0x9
 736 01ac 0000 0000 		.long	.LASF25
 737 01b0 01        		.byte	0x1
 738 01b1 6F        		.byte	0x6f
 739 01b2 3F01 0000 		.long	0x13f
 740 01b6 09        		.uleb128 0x9
 741 01b7 0000 0000 		.long	.LASF26
GAS LISTING C:\users\mohammadreza\Temp/ccJZKoYb.s 			page 14


 742 01bb 01        		.byte	0x1
 743 01bc 70        		.byte	0x70
 744 01bd 8E00 0000 		.long	0x8e
 745 01c1 10        		.uleb128 0x10
 746 01c2 0000 0000 		.long	.LBB2
 747 01c6 0000 0000 		.long	.LBE2
 748 01ca 09        		.uleb128 0x9
 749 01cb 0000 0000 		.long	.LASF27
 750 01cf 01        		.byte	0x1
 751 01d0 7E        		.byte	0x7e
 752 01d1 4500 0000 		.long	0x45
 753 01d5 0A        		.uleb128 0xa
 754 01d6 0000 0000 		.long	.LASF28
 755 01da 01        		.byte	0x1
 756 01db 7E        		.byte	0x7e
 757 01dc 2C00 0000 		.long	0x2c
 758 01e0 0000 0000 		.long	.LLST10
 759 01e4 00        		.byte	0x0
 760 01e5 00        		.byte	0x0
 761 01e6 0D        		.uleb128 0xd
 762 01e7 8E00 0000 		.long	0x8e
 763 01eb F601 0000 		.long	0x1f6
 764 01ef 0E        		.uleb128 0xe
 765 01f0 5501 0000 		.long	0x155
 766 01f4 0F        		.byte	0xf
 767 01f5 00        		.byte	0x0
 768 01f6 0F        		.uleb128 0xf
 769 01f7 01        		.byte	0x1
 770 01f8 0000 0000 		.long	.LASF30
 771 01fc 01        		.byte	0x1
 772 01fd 48        		.byte	0x48
 773 01fe 01        		.byte	0x1
 774 01ff 8E00 0000 		.long	0x8e
 775 0203 0000 0000 		.long	.LFB3
 776 0207 0000 0000 		.long	.LFE3
 777 020b 02        		.byte	0x2
 778 020c 90        		.byte	0x90
 779 020d 20        		.uleb128 0x20
 780 020e 2202 0000 		.long	0x222
 781 0212 0A        		.uleb128 0xa
 782 0213 0000 0000 		.long	.LASF21
 783 0217 01        		.byte	0x1
 784 0218 49        		.byte	0x49
 785 0219 8E00 0000 		.long	0x8e
 786 021d 0000 0000 		.long	.LLST12
 787 0221 00        		.byte	0x0
 788 0222 0D        		.uleb128 0xd
 789 0223 8E00 0000 		.long	0x8e
 790 0227 3202 0000 		.long	0x232
 791 022b 0E        		.uleb128 0xe
 792 022c 5501 0000 		.long	0x155
 793 0230 1F        		.byte	0x1f
 794 0231 00        		.byte	0x0
 795 0232 11        		.uleb128 0x11
 796 0233 0000 0000 		.long	.LASF31
 797 0237 01        		.byte	0x1
 798 0238 31        		.byte	0x31
GAS LISTING C:\users\mohammadreza\Temp/ccJZKoYb.s 			page 15


 799 0239 4402 0000 		.long	0x244
 800 023d 01        		.byte	0x1
 801 023e 05        		.byte	0x5
 802 023f 03        		.byte	0x3
 803 0240 0000 0000 		.long	lut_SCARDID
 804 0244 12        		.uleb128 0x12
 805 0245 2202 0000 		.long	0x222
 806 0249 11        		.uleb128 0x11
 807 024a 0000 0000 		.long	.LASF32
 808 024e 01        		.byte	0x1
 809 024f 36        		.byte	0x36
 810 0250 5B02 0000 		.long	0x25b
 811 0254 01        		.byte	0x1
 812 0255 05        		.byte	0x5
 813 0256 03        		.byte	0x3
 814 0257 0000 0000 		.long	v_CardStatus
 815 025b 13        		.uleb128 0x13
 816 025c 8E00 0000 		.long	0x8e
 817 0260 00        		.byte	0x0
 818               		.section	.debug_abbrev
 819 0000 01        		.uleb128 0x1
 820 0001 11        		.uleb128 0x11
 821 0002 01        		.byte	0x1
 822 0003 25        		.uleb128 0x25
 823 0004 0E        		.uleb128 0xe
 824 0005 13        		.uleb128 0x13
 825 0006 0B        		.uleb128 0xb
 826 0007 03        		.uleb128 0x3
 827 0008 0E        		.uleb128 0xe
 828 0009 1B        		.uleb128 0x1b
 829 000a 0E        		.uleb128 0xe
 830 000b 11        		.uleb128 0x11
 831 000c 01        		.uleb128 0x1
 832 000d 12        		.uleb128 0x12
 833 000e 01        		.uleb128 0x1
 834 000f 10        		.uleb128 0x10
 835 0010 06        		.uleb128 0x6
 836 0011 00        		.byte	0x0
 837 0012 00        		.byte	0x0
 838 0013 02        		.uleb128 0x2
 839 0014 24        		.uleb128 0x24
 840 0015 00        		.byte	0x0
 841 0016 0B        		.uleb128 0xb
 842 0017 0B        		.uleb128 0xb
 843 0018 3E        		.uleb128 0x3e
 844 0019 0B        		.uleb128 0xb
 845 001a 03        		.uleb128 0x3
 846 001b 0E        		.uleb128 0xe
 847 001c 00        		.byte	0x0
 848 001d 00        		.byte	0x0
 849 001e 03        		.uleb128 0x3
 850 001f 16        		.uleb128 0x16
 851 0020 00        		.byte	0x0
 852 0021 03        		.uleb128 0x3
 853 0022 0E        		.uleb128 0xe
 854 0023 3A        		.uleb128 0x3a
 855 0024 0B        		.uleb128 0xb
GAS LISTING C:\users\mohammadreza\Temp/ccJZKoYb.s 			page 16


 856 0025 3B        		.uleb128 0x3b
 857 0026 0B        		.uleb128 0xb
 858 0027 49        		.uleb128 0x49
 859 0028 13        		.uleb128 0x13
 860 0029 00        		.byte	0x0
 861 002a 00        		.byte	0x0
 862 002b 04        		.uleb128 0x4
 863 002c 24        		.uleb128 0x24
 864 002d 00        		.byte	0x0
 865 002e 0B        		.uleb128 0xb
 866 002f 0B        		.uleb128 0xb
 867 0030 3E        		.uleb128 0x3e
 868 0031 0B        		.uleb128 0xb
 869 0032 03        		.uleb128 0x3
 870 0033 08        		.uleb128 0x8
 871 0034 00        		.byte	0x0
 872 0035 00        		.byte	0x0
 873 0036 05        		.uleb128 0x5
 874 0037 24        		.uleb128 0x24
 875 0038 00        		.byte	0x0
 876 0039 0B        		.uleb128 0xb
 877 003a 0B        		.uleb128 0xb
 878 003b 3E        		.uleb128 0x3e
 879 003c 0B        		.uleb128 0xb
 880 003d 00        		.byte	0x0
 881 003e 00        		.byte	0x0
 882 003f 06        		.uleb128 0x6
 883 0040 2E        		.uleb128 0x2e
 884 0041 00        		.byte	0x0
 885 0042 3F        		.uleb128 0x3f
 886 0043 0C        		.uleb128 0xc
 887 0044 03        		.uleb128 0x3
 888 0045 0E        		.uleb128 0xe
 889 0046 3A        		.uleb128 0x3a
 890 0047 0B        		.uleb128 0xb
 891 0048 3B        		.uleb128 0x3b
 892 0049 0B        		.uleb128 0xb
 893 004a 27        		.uleb128 0x27
 894 004b 0C        		.uleb128 0xc
 895 004c 11        		.uleb128 0x11
 896 004d 01        		.uleb128 0x1
 897 004e 12        		.uleb128 0x12
 898 004f 01        		.uleb128 0x1
 899 0050 40        		.uleb128 0x40
 900 0051 0A        		.uleb128 0xa
 901 0052 00        		.byte	0x0
 902 0053 00        		.byte	0x0
 903 0054 07        		.uleb128 0x7
 904 0055 2E        		.uleb128 0x2e
 905 0056 01        		.byte	0x1
 906 0057 3F        		.uleb128 0x3f
 907 0058 0C        		.uleb128 0xc
 908 0059 03        		.uleb128 0x3
 909 005a 0E        		.uleb128 0xe
 910 005b 3A        		.uleb128 0x3a
 911 005c 0B        		.uleb128 0xb
 912 005d 3B        		.uleb128 0x3b
GAS LISTING C:\users\mohammadreza\Temp/ccJZKoYb.s 			page 17


 913 005e 0B        		.uleb128 0xb
 914 005f 27        		.uleb128 0x27
 915 0060 0C        		.uleb128 0xc
 916 0061 11        		.uleb128 0x11
 917 0062 01        		.uleb128 0x1
 918 0063 12        		.uleb128 0x12
 919 0064 01        		.uleb128 0x1
 920 0065 40        		.uleb128 0x40
 921 0066 0A        		.uleb128 0xa
 922 0067 01        		.uleb128 0x1
 923 0068 13        		.uleb128 0x13
 924 0069 00        		.byte	0x0
 925 006a 00        		.byte	0x0
 926 006b 08        		.uleb128 0x8
 927 006c 05        		.uleb128 0x5
 928 006d 00        		.byte	0x0
 929 006e 03        		.uleb128 0x3
 930 006f 0E        		.uleb128 0xe
 931 0070 3A        		.uleb128 0x3a
 932 0071 0B        		.uleb128 0xb
 933 0072 3B        		.uleb128 0x3b
 934 0073 0B        		.uleb128 0xb
 935 0074 49        		.uleb128 0x49
 936 0075 13        		.uleb128 0x13
 937 0076 02        		.uleb128 0x2
 938 0077 06        		.uleb128 0x6
 939 0078 00        		.byte	0x0
 940 0079 00        		.byte	0x0
 941 007a 09        		.uleb128 0x9
 942 007b 34        		.uleb128 0x34
 943 007c 00        		.byte	0x0
 944 007d 03        		.uleb128 0x3
 945 007e 0E        		.uleb128 0xe
 946 007f 3A        		.uleb128 0x3a
 947 0080 0B        		.uleb128 0xb
 948 0081 3B        		.uleb128 0x3b
 949 0082 0B        		.uleb128 0xb
 950 0083 49        		.uleb128 0x49
 951 0084 13        		.uleb128 0x13
 952 0085 00        		.byte	0x0
 953 0086 00        		.byte	0x0
 954 0087 0A        		.uleb128 0xa
 955 0088 34        		.uleb128 0x34
 956 0089 00        		.byte	0x0
 957 008a 03        		.uleb128 0x3
 958 008b 0E        		.uleb128 0xe
 959 008c 3A        		.uleb128 0x3a
 960 008d 0B        		.uleb128 0xb
 961 008e 3B        		.uleb128 0x3b
 962 008f 0B        		.uleb128 0xb
 963 0090 49        		.uleb128 0x49
 964 0091 13        		.uleb128 0x13
 965 0092 02        		.uleb128 0x2
 966 0093 06        		.uleb128 0x6
 967 0094 00        		.byte	0x0
 968 0095 00        		.byte	0x0
 969 0096 0B        		.uleb128 0xb
GAS LISTING C:\users\mohammadreza\Temp/ccJZKoYb.s 			page 18


 970 0097 34        		.uleb128 0x34
 971 0098 00        		.byte	0x0
 972 0099 03        		.uleb128 0x3
 973 009a 0E        		.uleb128 0xe
 974 009b 3A        		.uleb128 0x3a
 975 009c 0B        		.uleb128 0xb
 976 009d 3B        		.uleb128 0x3b
 977 009e 0B        		.uleb128 0xb
 978 009f 49        		.uleb128 0x49
 979 00a0 13        		.uleb128 0x13
 980 00a1 02        		.uleb128 0x2
 981 00a2 0A        		.uleb128 0xa
 982 00a3 00        		.byte	0x0
 983 00a4 00        		.byte	0x0
 984 00a5 0C        		.uleb128 0xc
 985 00a6 0F        		.uleb128 0xf
 986 00a7 00        		.byte	0x0
 987 00a8 0B        		.uleb128 0xb
 988 00a9 0B        		.uleb128 0xb
 989 00aa 49        		.uleb128 0x49
 990 00ab 13        		.uleb128 0x13
 991 00ac 00        		.byte	0x0
 992 00ad 00        		.byte	0x0
 993 00ae 0D        		.uleb128 0xd
 994 00af 01        		.uleb128 0x1
 995 00b0 01        		.byte	0x1
 996 00b1 49        		.uleb128 0x49
 997 00b2 13        		.uleb128 0x13
 998 00b3 01        		.uleb128 0x1
 999 00b4 13        		.uleb128 0x13
 1000 00b5 00        		.byte	0x0
 1001 00b6 00        		.byte	0x0
 1002 00b7 0E        		.uleb128 0xe
 1003 00b8 21        		.uleb128 0x21
 1004 00b9 00        		.byte	0x0
 1005 00ba 49        		.uleb128 0x49
 1006 00bb 13        		.uleb128 0x13
 1007 00bc 2F        		.uleb128 0x2f
 1008 00bd 0B        		.uleb128 0xb
 1009 00be 00        		.byte	0x0
 1010 00bf 00        		.byte	0x0
 1011 00c0 0F        		.uleb128 0xf
 1012 00c1 2E        		.uleb128 0x2e
 1013 00c2 01        		.byte	0x1
 1014 00c3 3F        		.uleb128 0x3f
 1015 00c4 0C        		.uleb128 0xc
 1016 00c5 03        		.uleb128 0x3
 1017 00c6 0E        		.uleb128 0xe
 1018 00c7 3A        		.uleb128 0x3a
 1019 00c8 0B        		.uleb128 0xb
 1020 00c9 3B        		.uleb128 0x3b
 1021 00ca 0B        		.uleb128 0xb
 1022 00cb 27        		.uleb128 0x27
 1023 00cc 0C        		.uleb128 0xc
 1024 00cd 49        		.uleb128 0x49
 1025 00ce 13        		.uleb128 0x13
 1026 00cf 11        		.uleb128 0x11
GAS LISTING C:\users\mohammadreza\Temp/ccJZKoYb.s 			page 19


 1027 00d0 01        		.uleb128 0x1
 1028 00d1 12        		.uleb128 0x12
 1029 00d2 01        		.uleb128 0x1
 1030 00d3 40        		.uleb128 0x40
 1031 00d4 0A        		.uleb128 0xa
 1032 00d5 01        		.uleb128 0x1
 1033 00d6 13        		.uleb128 0x13
 1034 00d7 00        		.byte	0x0
 1035 00d8 00        		.byte	0x0
 1036 00d9 10        		.uleb128 0x10
 1037 00da 0B        		.uleb128 0xb
 1038 00db 01        		.byte	0x1
 1039 00dc 11        		.uleb128 0x11
 1040 00dd 01        		.uleb128 0x1
 1041 00de 12        		.uleb128 0x12
 1042 00df 01        		.uleb128 0x1
 1043 00e0 00        		.byte	0x0
 1044 00e1 00        		.byte	0x0
 1045 00e2 11        		.uleb128 0x11
 1046 00e3 34        		.uleb128 0x34
 1047 00e4 00        		.byte	0x0
 1048 00e5 03        		.uleb128 0x3
 1049 00e6 0E        		.uleb128 0xe
 1050 00e7 3A        		.uleb128 0x3a
 1051 00e8 0B        		.uleb128 0xb
 1052 00e9 3B        		.uleb128 0x3b
 1053 00ea 0B        		.uleb128 0xb
 1054 00eb 49        		.uleb128 0x49
 1055 00ec 13        		.uleb128 0x13
 1056 00ed 3F        		.uleb128 0x3f
 1057 00ee 0C        		.uleb128 0xc
 1058 00ef 02        		.uleb128 0x2
 1059 00f0 0A        		.uleb128 0xa
 1060 00f1 00        		.byte	0x0
 1061 00f2 00        		.byte	0x0
 1062 00f3 12        		.uleb128 0x12
 1063 00f4 26        		.uleb128 0x26
 1064 00f5 00        		.byte	0x0
 1065 00f6 49        		.uleb128 0x49
 1066 00f7 13        		.uleb128 0x13
 1067 00f8 00        		.byte	0x0
 1068 00f9 00        		.byte	0x0
 1069 00fa 13        		.uleb128 0x13
 1070 00fb 35        		.uleb128 0x35
 1071 00fc 00        		.byte	0x0
 1072 00fd 49        		.uleb128 0x49
 1073 00fe 13        		.uleb128 0x13
 1074 00ff 00        		.byte	0x0
 1075 0100 00        		.byte	0x0
 1076 0101 00        		.byte	0x0
 1077               		.section	.debug_pubnames,"",@progbits
 1078 0000 A200 0000 		.long	0xa2
 1079 0004 0200      		.word	0x2
 1080 0006 0000 0000 		.long	.Ldebug_info0
 1081 000a 6102 0000 		.long	0x261
 1082 000e A400 0000 		.long	0xa4
 1083 0012 665F 496E 		.string	"f_Init_SCard"
GAS LISTING C:\users\mohammadreza\Temp/ccJZKoYb.s 			page 20


 1083      6974 5F53 
 1083      4361 7264 
 1083      00
 1084 001f B800 0000 		.long	0xb8
 1085 0023 665F 5343 		.string	"f_SCard_CCLK"
 1085      6172 645F 
 1085      4343 4C4B 
 1085      00
 1086 0030 CC00 0000 		.long	0xcc
 1087 0034 665F 5343 		.string	"f_SCard_RstCard"
 1087      6172 645F 
 1087      5273 7443 
 1087      6172 6400 
 1088 0044 E000 0000 		.long	0xe0
 1089 0048 665F 5343 		.string	"f_SCard_Read"
 1089      6172 645F 
 1089      5265 6164 
 1089      00
 1090 0055 5801 0000 		.long	0x158
 1091 0059 665F 5343 		.string	"f_SCard_MatchID"
 1091      6172 645F 
 1091      4D61 7463 
 1091      6849 4400 
 1092 0069 F601 0000 		.long	0x1f6
 1093 006d 665F 5343 		.string	"f_SCard_CheckCardIn"
 1093      6172 645F 
 1093      4368 6563 
 1093      6B43 6172 
 1093      6449 6E00 
 1094 0081 3202 0000 		.long	0x232
 1095 0085 6C75 745F 		.string	"lut_SCARDID"
 1095      5343 4152 
 1095      4449 4400 
 1096 0091 4902 0000 		.long	0x249
 1097 0095 765F 4361 		.string	"v_CardStatus"
 1097      7264 5374 
 1097      6174 7573 
 1097      00
 1098 00a2 0000 0000 		.long	0x0
 1099               		.section	.debug_aranges,"",@progbits
 1100 0000 1C00 0000 		.long	0x1c
 1101 0004 0200      		.word	0x2
 1102 0006 0000 0000 		.long	.Ldebug_info0
 1103 000a 04        		.byte	0x4
 1104 000b 00        		.byte	0x0
 1105 000c 0000      		.word	0x0
 1106 000e 0000      		.word	0x0
 1107 0010 0000 0000 		.long	.Ltext0
 1108 0014 8801 0000 		.long	.Letext0-.Ltext0
 1109 0018 0000 0000 		.long	0x0
 1110 001c 0000 0000 		.long	0x0
 1111               		.section	.debug_line
 1112 0000 4C02 0000 		.long	.LELT0-.LSLT0
 1113               	.LSLT0:
 1114 0004 0200      		.word	0x2
 1115 0006 9300 0000 		.long	.LELTP0-.LASLTP0
 1116               	.LASLTP0:
GAS LISTING C:\users\mohammadreza\Temp/ccJZKoYb.s 			page 21


 1117 000a 01        		.byte	0x1
 1118 000b 01        		.byte	0x1
 1119 000c F6        		.byte	0xf6
 1120 000d F5        		.byte	0xf5
 1121 000e 0A        		.byte	0xa
 1122 000f 00        		.byte	0x0
 1123 0010 01        		.byte	0x1
 1124 0011 01        		.byte	0x1
 1125 0012 01        		.byte	0x1
 1126 0013 01        		.byte	0x1
 1127 0014 00        		.byte	0x0
 1128 0015 00        		.byte	0x0
 1129 0016 00        		.byte	0x0
 1130 0017 01        		.byte	0x1
 1131 0018 633A 2F77 		.ascii	"c:/winavr-20100110/lib/gcc/../../avr/include"
 1131      696E 6176 
 1131      722D 3230 
 1131      3130 3031 
 1131      3130 2F6C 
 1132 0044 00        		.byte	0
 1133 0045 7372 632F 		.ascii	"src/periphext"
 1133      7065 7269 
 1133      7068 6578 
 1133      74
 1134 0052 00        		.byte	0
 1135 0053 7372 632F 		.ascii	"src/periphext/../includes"
 1135      7065 7269 
 1135      7068 6578 
 1135      742F 2E2E 
 1135      2F69 6E63 
 1136 006c 00        		.byte	0
 1137 006d 00        		.byte	0x0
 1138 006e 7363 6172 		.string	"scard.c"
 1138      642E 6300 
 1139 0076 02        		.uleb128 0x2
 1140 0077 00        		.uleb128 0x0
 1141 0078 00        		.uleb128 0x0
 1142 0079 7374 6469 		.string	"stdint.h"
 1142      6E74 2E68 
 1142      00
 1143 0082 01        		.uleb128 0x1
 1144 0083 00        		.uleb128 0x0
 1145 0084 00        		.uleb128 0x0
 1146 0085 2E2E 2F69 		.string	"../includes/types.h"
 1146      6E63 6C75 
 1146      6465 732F 
 1146      7479 7065 
 1146      732E 6800 
 1147 0099 02        		.uleb128 0x2
 1148 009a 00        		.uleb128 0x0
 1149 009b 00        		.uleb128 0x0
 1150 009c 00        		.byte	0x0
 1151               	.LELTP0:
 1152 009d 00        		.byte	0x0
 1153 009e 05        		.uleb128 0x5
 1154 009f 02        		.byte	0x2
 1155 00a0 0000 0000 		.long	.LM1
GAS LISTING C:\users\mohammadreza\Temp/ccJZKoYb.s 			page 22


 1156 00a4 4E        		.byte	0x4e
 1157 00a5 00        		.byte	0x0
 1158 00a6 05        		.uleb128 0x5
 1159 00a7 02        		.byte	0x2
 1160 00a8 0000 0000 		.long	.LM2
 1161 00ac 18        		.byte	0x18
 1162 00ad 00        		.byte	0x0
 1163 00ae 05        		.uleb128 0x5
 1164 00af 02        		.byte	0x2
 1165 00b0 0000 0000 		.long	.LM3
 1166 00b4 15        		.byte	0x15
 1167 00b5 00        		.byte	0x0
 1168 00b6 05        		.uleb128 0x5
 1169 00b7 02        		.byte	0x2
 1170 00b8 0000 0000 		.long	.LM4
 1171 00bc 15        		.byte	0x15
 1172 00bd 00        		.byte	0x0
 1173 00be 05        		.uleb128 0x5
 1174 00bf 02        		.byte	0x2
 1175 00c0 0000 0000 		.long	.LM5
 1176 00c4 15        		.byte	0x15
 1177 00c5 00        		.byte	0x0
 1178 00c6 05        		.uleb128 0x5
 1179 00c7 02        		.byte	0x2
 1180 00c8 0000 0000 		.long	.LM6
 1181 00cc 15        		.byte	0x15
 1182 00cd 00        		.byte	0x0
 1183 00ce 05        		.uleb128 0x5
 1184 00cf 02        		.byte	0x2
 1185 00d0 0000 0000 		.long	.LM7
 1186 00d4 15        		.byte	0x15
 1187 00d5 00        		.byte	0x0
 1188 00d6 05        		.uleb128 0x5
 1189 00d7 02        		.byte	0x2
 1190 00d8 0000 0000 		.long	.LM8
 1191 00dc 5A        		.byte	0x5a
 1192 00dd 00        		.byte	0x0
 1193 00de 05        		.uleb128 0x5
 1194 00df 02        		.byte	0x2
 1195 00e0 0000 0000 		.long	.LM9
 1196 00e4 15        		.byte	0x15
 1197 00e5 00        		.byte	0x0
 1198 00e6 05        		.uleb128 0x5
 1199 00e7 02        		.byte	0x2
 1200 00e8 0000 0000 		.long	.LM10
 1201 00ec 15        		.byte	0x15
 1202 00ed 00        		.byte	0x0
 1203 00ee 05        		.uleb128 0x5
 1204 00ef 02        		.byte	0x2
 1205 00f0 0000 0000 		.long	.LM11
 1206 00f4 15        		.byte	0x15
 1207 00f5 00        		.byte	0x0
 1208 00f6 05        		.uleb128 0x5
 1209 00f7 02        		.byte	0x2
 1210 00f8 0000 0000 		.long	.LM12
 1211 00fc 15        		.byte	0x15
 1212 00fd 00        		.byte	0x0
GAS LISTING C:\users\mohammadreza\Temp/ccJZKoYb.s 			page 23


 1213 00fe 05        		.uleb128 0x5
 1214 00ff 02        		.byte	0x2
 1215 0100 0000 0000 		.long	.LM13
 1216 0104 15        		.byte	0x15
 1217 0105 00        		.byte	0x0
 1218 0106 05        		.uleb128 0x5
 1219 0107 02        		.byte	0x2
 1220 0108 0000 0000 		.long	.LM14
 1221 010c 17        		.byte	0x17
 1222 010d 00        		.byte	0x0
 1223 010e 05        		.uleb128 0x5
 1224 010f 02        		.byte	0x2
 1225 0110 0000 0000 		.long	.LM15
 1226 0114 15        		.byte	0x15
 1227 0115 00        		.byte	0x0
 1228 0116 05        		.uleb128 0x5
 1229 0117 02        		.byte	0x2
 1230 0118 0000 0000 		.long	.LM16
 1231 011c 15        		.byte	0x15
 1232 011d 00        		.byte	0x0
 1233 011e 05        		.uleb128 0x5
 1234 011f 02        		.byte	0x2
 1235 0120 0000 0000 		.long	.LM17
 1236 0124 15        		.byte	0x15
 1237 0125 00        		.byte	0x0
 1238 0126 05        		.uleb128 0x5
 1239 0127 02        		.byte	0x2
 1240 0128 0000 0000 		.long	.LM18
 1241 012c 15        		.byte	0x15
 1242 012d 00        		.byte	0x0
 1243 012e 05        		.uleb128 0x5
 1244 012f 02        		.byte	0x2
 1245 0130 0000 0000 		.long	.LM19
 1246 0134 16        		.byte	0x16
 1247 0135 00        		.byte	0x0
 1248 0136 05        		.uleb128 0x5
 1249 0137 02        		.byte	0x2
 1250 0138 0000 0000 		.long	.LM20
 1251 013c 17        		.byte	0x17
 1252 013d 00        		.byte	0x0
 1253 013e 05        		.uleb128 0x5
 1254 013f 02        		.byte	0x2
 1255 0140 0000 0000 		.long	.LM21
 1256 0144 19        		.byte	0x19
 1257 0145 00        		.byte	0x0
 1258 0146 05        		.uleb128 0x5
 1259 0147 02        		.byte	0x2
 1260 0148 0000 0000 		.long	.LM22
 1261 014c 16        		.byte	0x16
 1262 014d 00        		.byte	0x0
 1263 014e 05        		.uleb128 0x5
 1264 014f 02        		.byte	0x2
 1265 0150 0000 0000 		.long	.LM23
 1266 0154 15        		.byte	0x15
 1267 0155 00        		.byte	0x0
 1268 0156 05        		.uleb128 0x5
 1269 0157 02        		.byte	0x2
GAS LISTING C:\users\mohammadreza\Temp/ccJZKoYb.s 			page 24


 1270 0158 0000 0000 		.long	.LM24
 1271 015c 19        		.byte	0x19
 1272 015d 00        		.byte	0x0
 1273 015e 05        		.uleb128 0x5
 1274 015f 02        		.byte	0x2
 1275 0160 0000 0000 		.long	.LM25
 1276 0164 15        		.byte	0x15
 1277 0165 00        		.byte	0x0
 1278 0166 05        		.uleb128 0x5
 1279 0167 02        		.byte	0x2
 1280 0168 0000 0000 		.long	.LM26
 1281 016c 15        		.byte	0x15
 1282 016d 00        		.byte	0x0
 1283 016e 05        		.uleb128 0x5
 1284 016f 02        		.byte	0x2
 1285 0170 0000 0000 		.long	.LM27
 1286 0174 10        		.byte	0x10
 1287 0175 00        		.byte	0x0
 1288 0176 05        		.uleb128 0x5
 1289 0177 02        		.byte	0x2
 1290 0178 0000 0000 		.long	.LM28
 1291 017c 1A        		.byte	0x1a
 1292 017d 00        		.byte	0x0
 1293 017e 05        		.uleb128 0x5
 1294 017f 02        		.byte	0x2
 1295 0180 0000 0000 		.long	.LM29
 1296 0184 15        		.byte	0x15
 1297 0185 00        		.byte	0x0
 1298 0186 05        		.uleb128 0x5
 1299 0187 02        		.byte	0x2
 1300 0188 0000 0000 		.long	.LM30
 1301 018c 15        		.byte	0x15
 1302 018d 00        		.byte	0x0
 1303 018e 05        		.uleb128 0x5
 1304 018f 02        		.byte	0x2
 1305 0190 0000 0000 		.long	.LM31
 1306 0194 03        		.byte	0x3
 1307 0195 75        		.sleb128 -11
 1308 0196 01        		.byte	0x1
 1309 0197 00        		.byte	0x0
 1310 0198 05        		.uleb128 0x5
 1311 0199 02        		.byte	0x2
 1312 019a 0000 0000 		.long	.LM32
 1313 019e 22        		.byte	0x22
 1314 019f 00        		.byte	0x0
 1315 01a0 05        		.uleb128 0x5
 1316 01a1 02        		.byte	0x2
 1317 01a2 0000 0000 		.long	.LM33
 1318 01a6 03        		.byte	0x3
 1319 01a7 BA7F      		.sleb128 -70
 1320 01a9 01        		.byte	0x1
 1321 01aa 00        		.byte	0x0
 1322 01ab 05        		.uleb128 0x5
 1323 01ac 02        		.byte	0x2
 1324 01ad 0000 0000 		.long	.LM34
 1325 01b1 1E        		.byte	0x1e
 1326 01b2 00        		.byte	0x0
GAS LISTING C:\users\mohammadreza\Temp/ccJZKoYb.s 			page 25


 1327 01b3 05        		.uleb128 0x5
 1328 01b4 02        		.byte	0x2
 1329 01b5 0000 0000 		.long	.LM35
 1330 01b9 19        		.byte	0x19
 1331 01ba 00        		.byte	0x0
 1332 01bb 05        		.uleb128 0x5
 1333 01bc 02        		.byte	0x2
 1334 01bd 0000 0000 		.long	.LM36
 1335 01c1 18        		.byte	0x18
 1336 01c2 00        		.byte	0x0
 1337 01c3 05        		.uleb128 0x5
 1338 01c4 02        		.byte	0x2
 1339 01c5 0000 0000 		.long	.LM37
 1340 01c9 15        		.byte	0x15
 1341 01ca 00        		.byte	0x0
 1342 01cb 05        		.uleb128 0x5
 1343 01cc 02        		.byte	0x2
 1344 01cd 0000 0000 		.long	.LM38
 1345 01d1 11        		.byte	0x11
 1346 01d2 00        		.byte	0x0
 1347 01d3 05        		.uleb128 0x5
 1348 01d4 02        		.byte	0x2
 1349 01d5 0000 0000 		.long	.LM39
 1350 01d9 19        		.byte	0x19
 1351 01da 00        		.byte	0x0
 1352 01db 05        		.uleb128 0x5
 1353 01dc 02        		.byte	0x2
 1354 01dd 0000 0000 		.long	.LM40
 1355 01e1 0D        		.byte	0xd
 1356 01e2 00        		.byte	0x0
 1357 01e3 05        		.uleb128 0x5
 1358 01e4 02        		.byte	0x2
 1359 01e5 0000 0000 		.long	.LM41
 1360 01e9 21        		.byte	0x21
 1361 01ea 00        		.byte	0x0
 1362 01eb 05        		.uleb128 0x5
 1363 01ec 02        		.byte	0x2
 1364 01ed 0000 0000 		.long	.LM42
 1365 01f1 0E        		.byte	0xe
 1366 01f2 00        		.byte	0x0
 1367 01f3 05        		.uleb128 0x5
 1368 01f4 02        		.byte	0x2
 1369 01f5 0000 0000 		.long	.LM43
 1370 01f9 03        		.byte	0x3
 1371 01fa 47        		.sleb128 -57
 1372 01fb 01        		.byte	0x1
 1373 01fc 00        		.byte	0x0
 1374 01fd 05        		.uleb128 0x5
 1375 01fe 02        		.byte	0x2
 1376 01ff 0000 0000 		.long	.LM44
 1377 0203 19        		.byte	0x19
 1378 0204 00        		.byte	0x0
 1379 0205 05        		.uleb128 0x5
 1380 0206 02        		.byte	0x2
 1381 0207 0000 0000 		.long	.LM45
 1382 020b 16        		.byte	0x16
 1383 020c 00        		.byte	0x0
GAS LISTING C:\users\mohammadreza\Temp/ccJZKoYb.s 			page 26


 1384 020d 05        		.uleb128 0x5
 1385 020e 02        		.byte	0x2
 1386 020f 0000 0000 		.long	.LM46
 1387 0213 1A        		.byte	0x1a
 1388 0214 00        		.byte	0x0
 1389 0215 05        		.uleb128 0x5
 1390 0216 02        		.byte	0x2
 1391 0217 0000 0000 		.long	.LM47
 1392 021b 16        		.byte	0x16
 1393 021c 00        		.byte	0x0
 1394 021d 05        		.uleb128 0x5
 1395 021e 02        		.byte	0x2
 1396 021f 0000 0000 		.long	.LM48
 1397 0223 20        		.byte	0x20
 1398 0224 00        		.byte	0x0
 1399 0225 05        		.uleb128 0x5
 1400 0226 02        		.byte	0x2
 1401 0227 0000 0000 		.long	.LM49
 1402 022b 18        		.byte	0x18
 1403 022c 00        		.byte	0x0
 1404 022d 05        		.uleb128 0x5
 1405 022e 02        		.byte	0x2
 1406 022f 0000 0000 		.long	.LM50
 1407 0233 03        		.byte	0x3
 1408 0234 75        		.sleb128 -11
 1409 0235 01        		.byte	0x1
 1410 0236 00        		.byte	0x0
 1411 0237 05        		.uleb128 0x5
 1412 0238 02        		.byte	0x2
 1413 0239 0000 0000 		.long	.LM51
 1414 023d 0A        		.byte	0xa
 1415 023e 00        		.byte	0x0
 1416 023f 05        		.uleb128 0x5
 1417 0240 02        		.byte	0x2
 1418 0241 0000 0000 		.long	.LM52
 1419 0245 15        		.byte	0x15
 1420 0246 00        		.byte	0x0
 1421 0247 05        		.uleb128 0x5
 1422 0248 02        		.byte	0x2
 1423 0249 0000 0000 		.long	.Letext0
 1424 024d 00        		.byte	0x0
 1425 024e 01        		.uleb128 0x1
 1426 024f 01        		.byte	0x1
 1427               	.LELT0:
 1428 0250 1600 0000 		.section	.debug_str,"MS",@progbits,1
 1428      0200 1000 
 1428      0000 0101 
 1428      FB0E 0A00 
 1428      0101 0101 
 1429               	.LASF14:
 1430 0000 665F 496E 		.string	"f_Init_SCard"
 1430      6974 5F53 
 1430      4361 7264 
 1430      00
 1431               	.LASF18:
 1432 000d 765F 6375 		.string	"v_currbyte"
 1432      7272 6279 
GAS LISTING C:\users\mohammadreza\Temp/ccJZKoYb.s 			page 27


 1432      7465 00
 1433               	.LASF27:
 1434 0018 5F5F 6164 		.string	"__addr16"
 1434      6472 3136 
 1434      00
 1435               	.LASF31:
 1436 0021 6C75 745F 		.string	"lut_SCARDID"
 1436      5343 4152 
 1436      4449 4400 
 1437               	.LASF15:
 1438 002d 665F 5343 		.string	"f_SCard_CCLK"
 1438      6172 645F 
 1438      4343 4C4B 
 1438      00
 1439               	.LASF32:
 1440 003a 765F 4361 		.string	"v_CardStatus"
 1440      7264 5374 
 1440      6174 7573 
 1440      00
 1441               	.LASF1:
 1442 0047 756E 7369 		.string	"unsigned char"
 1442      676E 6564 
 1442      2063 6861 
 1442      7200 
 1443               	.LASF35:
 1444 0055 5A3A 5C68 		.string	"Z:\\home\\mohammadreza\\temo\\Simple-AVR-OS-plus-some-improvement-"
 1444      6F6D 655C 
 1444      6D6F 6861 
 1444      6D6D 6164 
 1444      7265 7A61 
 1445               	.LASF26:
 1446 0094 765F 6361 		.string	"v_card_data"
 1446      7264 5F64 
 1446      6174 6100 
 1447               	.LASF6:
 1448 00a0 6C6F 6E67 		.string	"long unsigned int"
 1448      2075 6E73 
 1448      6967 6E65 
 1448      6420 696E 
 1448      7400 
 1449               	.LASF10:
 1450 00b2 7368 6F72 		.string	"short unsigned int"
 1450      7420 756E 
 1450      7369 676E 
 1450      6564 2069 
 1450      6E74 00
 1451               	.LASF33:
 1452 00c5 474E 5520 		.string	"GNU C 4.3.3"
 1452      4320 342E 
 1452      332E 3300 
 1453               	.LASF28:
 1454 00d1 5F5F 7265 		.string	"__result"
 1454      7375 6C74 
 1454      00
 1455               	.LASF36:
 1456 00da 665F 5343 		.string	"f_SCard_Read"
 1456      6172 645F 
GAS LISTING C:\users\mohammadreza\Temp/ccJZKoYb.s 			page 28


 1456      5265 6164 
 1456      00
 1457               	.LASF21:
 1458 00e7 765F 7265 		.string	"v_result"
 1458      7375 6C74 
 1458      00
 1459               	.LASF16:
 1460 00f0 665F 5343 		.string	"f_SCard_RstCard"
 1460      6172 645F 
 1460      5273 7443 
 1460      6172 6400 
 1461               	.LASF19:
 1462 0100 6275 665F 		.string	"buf_byte"
 1462      6279 7465 
 1462      00
 1463               	.LASF25:
 1464 0109 705F 6461 		.string	"p_data"
 1464      7461 00
 1465               	.LASF4:
 1466 0110 756E 7369 		.string	"unsigned int"
 1466      676E 6564 
 1466      2069 6E74 
 1466      00
 1467               	.LASF34:
 1468 011d 7372 632F 		.string	"src/periphext/scard.c"
 1468      7065 7269 
 1468      7068 6578 
 1468      742F 7363 
 1468      6172 642E 
 1469               	.LASF12:
 1470 0133 494E 5438 		.string	"INT8U"
 1470      5500 
 1471               	.LASF20:
 1472 0139 6275 665F 		.string	"buf_data"
 1472      6461 7461 
 1472      00
 1473               	.LASF8:
 1474 0142 6C6F 6E67 		.string	"long long unsigned int"
 1474      206C 6F6E 
 1474      6720 756E 
 1474      7369 676E 
 1474      6564 2069 
 1475               	.LASF2:
 1476 0159 7569 6E74 		.string	"uint8_t"
 1476      385F 7400 
 1477               	.LASF23:
 1478 0161 765F 6279 		.string	"v_bytes"
 1478      7465 7300 
 1479               	.LASF30:
 1480 0169 665F 5343 		.string	"f_SCard_CheckCardIn"
 1480      6172 645F 
 1480      4368 6563 
 1480      6B43 6172 
 1480      6449 6E00 
 1481               	.LASF7:
 1482 017d 6C6F 6E67 		.string	"long long int"
 1482      206C 6F6E 
GAS LISTING C:\users\mohammadreza\Temp/ccJZKoYb.s 			page 29


 1482      6720 696E 
 1482      7400 
 1483               	.LASF24:
 1484 018b 765F 7363 		.string	"v_scards"
 1484      6172 6473 
 1484      00
 1485               	.LASF9:
 1486 0194 6368 6172 		.string	"char"
 1486      00
 1487               	.LASF13:
 1488 0199 494E 5438 		.string	"INT8"
 1488      00
 1489               	.LASF11:
 1490 019e 7368 6F72 		.string	"short int"
 1490      7420 696E 
 1490      7400 
 1491               	.LASF22:
 1492 01a8 765F 6964 		.string	"v_idx"
 1492      7800 
 1493               	.LASF3:
 1494 01ae 7569 6E74 		.string	"uint16_t"
 1494      3136 5F74 
 1494      00
 1495               	.LASF5:
 1496 01b7 6C6F 6E67 		.string	"long int"
 1496      2069 6E74 
 1496      00
 1497               	.LASF17:
 1498 01c0 765F 6269 		.string	"v_bits"
 1498      7473 00
 1499               	.LASF0:
 1500 01c7 7369 676E 		.string	"signed char"
 1500      6564 2063 
 1500      6861 7200 
 1501               	.LASF29:
 1502 01d3 665F 5343 		.string	"f_SCard_MatchID"
 1502      6172 645F 
 1502      4D61 7463 
 1502      6849 4400 
 1503               	.global __do_copy_data
 1504               	.global __do_clear_bss
GAS LISTING C:\users\mohammadreza\Temp/ccJZKoYb.s 			page 30


DEFINED SYMBOLS
                            *ABS*:00000000 scard.c
C:\users\mohammadreza\Temp/ccJZKoYb.s:2      *ABS*:0000003f __SREG__
C:\users\mohammadreza\Temp/ccJZKoYb.s:3      *ABS*:0000003e __SP_H__
C:\users\mohammadreza\Temp/ccJZKoYb.s:4      *ABS*:0000003d __SP_L__
C:\users\mohammadreza\Temp/ccJZKoYb.s:5      *ABS*:00000034 __CCP__
C:\users\mohammadreza\Temp/ccJZKoYb.s:6      *ABS*:00000000 __tmp_reg__
C:\users\mohammadreza\Temp/ccJZKoYb.s:7      *ABS*:00000001 __zero_reg__
C:\users\mohammadreza\Temp/ccJZKoYb.s:18     .text:00000000 f_Init_SCard
                            *COM*:00000001 v_CardStatus
C:\users\mohammadreza\Temp/ccJZKoYb.s:45     .text:00000018 f_SCard_CCLK
C:\users\mohammadreza\Temp/ccJZKoYb.s:67     .text:0000002a f_SCard_RstCard
C:\users\mohammadreza\Temp/ccJZKoYb.s:88     .text:0000003a f_SCard_Read
C:\users\mohammadreza\Temp/ccJZKoYb.s:185    .text:000000be f_SCard_MatchID
C:\users\mohammadreza\Temp/ccJZKoYb.s:340    .progmem.data:00000000 lut_SCARDID
C:\users\mohammadreza\Temp/ccJZKoYb.s:288    .text:0000014a f_SCard_CheckCardIn

UNDEFINED SYMBOLS
f_Delay_us
f_BinHex
f_Uart_PutStr
__do_copy_data
__do_clear_bss
