GAS LISTING C:\users\mohammadreza\Temp/ccQh4Z7m.s 			page 1


   1               		.file	"Timer0.c"
   2               	__SREG__ = 0x3f
   3               	__SP_H__ = 0x3e
   4               	__SP_L__ = 0x3d
   5               	__CCP__  = 0x34
   6               	__tmp_reg__ = 0
   7               	__zero_reg__ = 1
   8               		.section	.debug_abbrev,"",@progbits
   9               	.Ldebug_abbrev0:
  10               		.section	.debug_info,"",@progbits
  11               	.Ldebug_info0:
  12               		.section	.debug_line,"",@progbits
  13               	.Ldebug_line0:
  14               		.text
  15               	.Ltext0:
  16               	.global	f_InitSysTimer
  17               		.type	f_InitSysTimer, @function
  18               	f_InitSysTimer:
  19               	.LFB2:
  20               	.LM1:
  21               	/* prologue: function */
  22               	/* frame size = 0 */
  23               	.LM2:
  24 0000 13BE      		out 83-32,__zero_reg__
  25               	.LM3:
  26 0002 83E8      		ldi r24,lo8(-125)
  27 0004 82BF      		out 82-32,r24
  28               	.LM4:
  29 0006 88B7      		in r24,88-32
  30 0008 8160      		ori r24,lo8(1)
  31 000a 88BF      		out 88-32,r24
  32               	.LM5:
  33 000c 89B7      		in r24,89-32
  34 000e 8160      		ori r24,lo8(1)
  35 0010 89BF      		out 89-32,r24
  36               	.LM6:
  37 0012 1092 0000 		sts (v_SwTimer_mS)+1,__zero_reg__
  38 0016 1092 0000 		sts v_SwTimer_mS,__zero_reg__
  39 001a 1092 0000 		sts (v_SwTimer_mS+2)+1,__zero_reg__
  40 001e 1092 0000 		sts v_SwTimer_mS+2,__zero_reg__
  41 0022 1092 0000 		sts (v_SwTimer_mS+4)+1,__zero_reg__
  42 0026 1092 0000 		sts v_SwTimer_mS+4,__zero_reg__
  43 002a 1092 0000 		sts (v_SwTimer_mS+6)+1,__zero_reg__
  44 002e 1092 0000 		sts v_SwTimer_mS+6,__zero_reg__
  45               	.LM7:
  46 0032 1092 0000 		sts (v_SysTimer)+1,__zero_reg__
  47 0036 1092 0000 		sts v_SysTimer,__zero_reg__
  48               	.LM8:
  49 003a 80E0      		ldi r24,lo8(256)
  50 003c 91E0      		ldi r25,hi8(256)
  51 003e 9093 0000 		sts (v_ErrLevel)+1,r25
  52 0042 8093 0000 		sts v_ErrLevel,r24
  53               	.LM9:
  54 0046 83E0      		ldi r24,lo8(3)
  55 0048 83BF      		out 83-32,r24
  56               	.LM10:
  57 004a BC9A      		sbi 55-32,4
GAS LISTING C:\users\mohammadreza\Temp/ccQh4Z7m.s 			page 2


  58               	.LM11:
  59 004c C49A      		sbi 56-32,4
  60               	/* epilogue start */
  61               	.LM12:
  62 004e 0895      		ret
  63               	.LFE2:
  64               		.size	f_InitSysTimer, .-f_InitSysTimer
  65               	.global	f_flashled
  66               		.type	f_flashled, @function
  67               	f_flashled:
  68               	.LFB4:
  69               	.LM13:
  70               	/* prologue: function */
  71               	/* frame size = 0 */
  72               	.LM14:
  73 0050 88B3      		in r24,56-32
  74               	.LVL0:
  75               	.LM15:
  76 0052 90E1      		ldi r25,lo8(16)
  77 0054 8927      		eor r24,r25
  78               	.LM16:
  79 0056 88BB      		out 56-32,r24
  80               	/* epilogue start */
  81               	.LM17:
  82 0058 0895      		ret
  83               	.LFE4:
  84               		.size	f_flashled, .-f_flashled
  85               	.global	f_SwTimerKey
  86               		.type	f_SwTimerKey, @function
  87               	f_SwTimerKey:
  88               	.LFB5:
  89               	.LM18:
  90               	/* prologue: function */
  91               	/* frame size = 0 */
  92               	/* epilogue start */
  93               	.LM19:
  94 005a 0895      		ret
  95               	.LFE5:
  96               		.size	f_SwTimerKey, .-f_SwTimerKey
  97               	.global	f_SwTimerLCM
  98               		.type	f_SwTimerLCM, @function
  99               	f_SwTimerLCM:
 100               	.LFB6:
 101               	.LM20:
 102               	/* prologue: function */
 103               	/* frame size = 0 */
 104               	/* epilogue start */
 105               	.LM21:
 106 005c 0895      		ret
 107               	.LFE6:
 108               		.size	f_SwTimerLCM, .-f_SwTimerLCM
 109               	.global	f_SystickSetErrLevel
 110               		.type	f_SystickSetErrLevel, @function
 111               	f_SystickSetErrLevel:
 112               	.LFB7:
 113               	.LM22:
 114               	.LVL1:
GAS LISTING C:\users\mohammadreza\Temp/ccQh4Z7m.s 			page 3


 115               	/* prologue: function */
 116               	/* frame size = 0 */
 117               	.LM23:
 118 005e 9093 0000 		sts (v_ErrLevel)+1,r25
 119 0062 8093 0000 		sts v_ErrLevel,r24
 120               	/* epilogue start */
 121               	.LM24:
 122 0066 0895      		ret
 123               	.LFE7:
 124               		.size	f_SystickSetErrLevel, .-f_SystickSetErrLevel
 125               	.global	__vector_9
 126               		.type	__vector_9, @function
 127               	__vector_9:
 128               	.LFB8:
 129               	.LM25:
 130 0068 1F92      		push __zero_reg__
 131 006a 0F92      		push r0
 132 006c 0FB6      		in r0,__SREG__
 133 006e 0F92      		push r0
 134 0070 1124      		clr __zero_reg__
 135 0072 8F93      		push r24
 136               	/* prologue: Signal */
 137               	/* frame size = 0 */
 138               	.LM26:
 139 0074 8091 0000 		lds r24,v_SysStat
 140 0078 8160      		ori r24,lo8(1)
 141 007a 8093 0000 		sts v_SysStat,r24
 142               	.LM27:
 143 007e 83E8      		ldi r24,lo8(-125)
 144 0080 82BF      		out 82-32,r24
 145               	/* epilogue start */
 146               	.LM28:
 147 0082 8F91      		pop r24
 148 0084 0F90      		pop r0
 149 0086 0FBE      		out __SREG__,r0
 150 0088 0F90      		pop r0
 151 008a 1F90      		pop __zero_reg__
 152 008c 1895      		reti
 153               	.LFE8:
 154               		.size	__vector_9, .-__vector_9
 155               		.data
 156               	.LC0:
 157 0000 0A63 6F64 		.string	"\ncode 177t\n"
 157      6520 3137 
 157      3774 0A00 
 158               		.text
 159               	.global	f_SysTick
 160               		.type	f_SysTick, @function
 161               	f_SysTick:
 162               	.LFB3:
 163               	.LM29:
 164 008e 0F93      		push r16
 165 0090 1F93      		push r17
 166 0092 CF93      		push r28
 167 0094 DF93      		push r29
 168               	/* prologue: function */
 169               	/* frame size = 0 */
GAS LISTING C:\users\mohammadreza\Temp/ccQh4Z7m.s 			page 4


 170               	.LM30:
 171 0096 8091 0000 		lds r24,v_SysStat
 172 009a 80FF      		sbrs r24,0
 173 009c 00C0      		rjmp .L21
 174               	.LM31:
 175 009e 282F      		mov r18,r24
 176               	.LVL2:
 177 00a0 2E7F      		andi r18,lo8(-2)
 178 00a2 2093 0000 		sts v_SysStat,r18
 179               	.LM32:
 180 00a6 8091 0000 		lds r24,v_SysTimer
 181 00aa 9091 0000 		lds r25,(v_SysTimer)+1
 182 00ae 0196      		adiw r24,1
 183 00b0 9093 0000 		sts (v_SysTimer)+1,r25
 184 00b4 8093 0000 		sts v_SysTimer,r24
 185               	.LM33:
 186 00b8 8091 0000 		lds r24,v_SysTimer
 187 00bc 9091 0000 		lds r25,(v_SysTimer)+1
 188 00c0 845F      		subi r24,lo8(500)
 189 00c2 9140      		sbci r25,hi8(500)
 190 00c4 01F4      		brne .+2
 191 00c6 00C0      		rjmp .L24
 192               	.L15:
 193               	.LM34:
 194 00c8 8091 0000 		lds r24,v_SysTimer
 195 00cc 9091 0000 		lds r25,(v_SysTimer)+1
 196 00d0 6091 0000 		lds r22,v_ErrLevel
 197 00d4 7091 0000 		lds r23,(v_ErrLevel)+1
 198 00d8 0E94 0000 		call __udivmodhi4
 199 00dc 892B      		or r24,r25
 200 00de 01F4      		brne .L16
 201               	.LBB4:
 202               	.LBB5:
 203               	.LM35:
 204 00e0 88B3      		in r24,56-32
 205               	.LVL3:
 206               	.LM36:
 207 00e2 90E1      		ldi r25,lo8(16)
 208 00e4 8927      		eor r24,r25
 209               	.LM37:
 210 00e6 88BB      		out 56-32,r24
 211               	.L16:
 212               	.LBE5:
 213               	.LBE4:
 214               	.LM38:
 215 00e8 8091 0000 		lds r24,v_SysTimer
 216 00ec 9091 0000 		lds r25,(v_SysTimer)+1
 217               	.LVL4:
 218 00f0 6FEF      		ldi r22,lo8(255)
 219 00f2 70E0      		ldi r23,hi8(255)
 220 00f4 0E94 0000 		call __udivmodhi4
 221 00f8 892B      		or r24,r25
 222 00fa 01F4      		brne .L17
 223               	.LM39:
 224 00fc 2460      		ori r18,lo8(4)
 225 00fe 2093 0000 		sts v_SysStat,r18
 226               	.L17:
GAS LISTING C:\users\mohammadreza\Temp/ccQh4Z7m.s 			page 5


 227               	.LM40:
 228 0102 8091 0000 		lds r24,v_SysTimer
 229 0106 9091 0000 		lds r25,(v_SysTimer)+1
 230 010a 6FEF      		ldi r22,lo8(255)
 231 010c 70E0      		ldi r23,hi8(255)
 232 010e 0E94 0000 		call __udivmodhi4
 233 0112 892B      		or r24,r25
 234 0114 01F0      		breq .L25
 235               	.L18:
 236               	.LM41:
 237 0116 00E0      		ldi r16,lo8(0)
 238 0118 10E0      		ldi r17,hi8(0)
 239               	.L20:
 240               	.LM42:
 241 011a E801      		movw r28,r16
 242 011c CC0F      		lsl r28
 243 011e DD1F      		rol r29
 244 0120 C050      		subi r28,lo8(-(v_SwTimer_mS))
 245 0122 D040      		sbci r29,hi8(-(v_SwTimer_mS))
 246 0124 8881      		ld r24,Y
 247 0126 9981      		ldd r25,Y+1
 248 0128 892B      		or r24,r25
 249 012a 01F4      		brne .L26
 250               	.L19:
 251               	.LM43:
 252 012c 0F5F      		subi r16,lo8(-(1))
 253 012e 1F4F      		sbci r17,hi8(-(1))
 254               	.LM44:
 255 0130 0430      		cpi r16,4
 256 0132 1105      		cpc r17,__zero_reg__
 257 0134 01F4      		brne .L20
 258               	.L21:
 259               	/* epilogue start */
 260               	.LM45:
 261 0136 DF91      		pop r29
 262 0138 CF91      		pop r28
 263 013a 1F91      		pop r17
 264 013c 0F91      		pop r16
 265 013e 0895      		ret
 266               	.L26:
 267               	.LM46:
 268 0140 80E0      		ldi r24,lo8(.LC0)
 269 0142 90E0      		ldi r25,hi8(.LC0)
 270 0144 0E94 0000 		call f_Uart_PutStr
 271               	.LVL5:
 272               	.LM47:
 273 0148 8881      		ld r24,Y
 274 014a 9981      		ldd r25,Y+1
 275 014c 0197      		sbiw r24,1
 276 014e 9983      		std Y+1,r25
 277 0150 8883      		st Y,r24
 278 0152 00C0      		rjmp .L19
 279               	.LVL6:
 280               	.L25:
 281               	.LM48:
 282 0154 8091 0000 		lds r24,v_SysStat
 283               	.LVL7:
GAS LISTING C:\users\mohammadreza\Temp/ccQh4Z7m.s 			page 6


 284 0158 8860      		ori r24,lo8(8)
 285 015a 8093 0000 		sts v_SysStat,r24
 286 015e 00C0      		rjmp .L18
 287               	.LVL8:
 288               	.L24:
 289               	.LM49:
 290 0160 1092 0000 		sts (v_SysTimer)+1,__zero_reg__
 291 0164 1092 0000 		sts v_SysTimer,__zero_reg__
 292 0168 00C0      		rjmp .L15
 293               	.LFE3:
 294               		.size	f_SysTick, .-f_SysTick
 295               		.comm v_SysTimer,2,1
 296               		.comm v_ErrLevel,2,1
 297               		.comm v_SwTimer_mS,8,1
 298               		.section	.debug_frame,"",@progbits
 299               	.Lframe0:
 300 0000 0C00 0000 		.long	.LECIE0-.LSCIE0
 301               	.LSCIE0:
 302 0004 FFFF FFFF 		.long	0xffffffff
 303 0008 01        		.byte	0x1
 304 0009 00        		.string	""
 305 000a 01        		.uleb128 0x1
 306 000b 7F        		.sleb128 -1
 307 000c 24        		.byte	0x24
 308 000d 0C        		.byte	0xc
 309 000e 20        		.uleb128 0x20
 310 000f 00        		.uleb128 0x0
 311               		.p2align	2
 312               	.LECIE0:
 313               	.LSFDE0:
 314 0010 0C00 0000 		.long	.LEFDE0-.LASFDE0
 315               	.LASFDE0:
 316 0014 0000 0000 		.long	.Lframe0
 317 0018 0000 0000 		.long	.LFB2
 318 001c 5000 0000 		.long	.LFE2-.LFB2
 319               		.p2align	2
 320               	.LEFDE0:
 321               	.LSFDE2:
 322 0020 0C00 0000 		.long	.LEFDE2-.LASFDE2
 323               	.LASFDE2:
 324 0024 0000 0000 		.long	.Lframe0
 325 0028 0000 0000 		.long	.LFB4
 326 002c 0A00 0000 		.long	.LFE4-.LFB4
 327               		.p2align	2
 328               	.LEFDE2:
 329               	.LSFDE4:
 330 0030 0C00 0000 		.long	.LEFDE4-.LASFDE4
 331               	.LASFDE4:
 332 0034 0000 0000 		.long	.Lframe0
 333 0038 0000 0000 		.long	.LFB5
 334 003c 0200 0000 		.long	.LFE5-.LFB5
 335               		.p2align	2
 336               	.LEFDE4:
 337               	.LSFDE6:
 338 0040 0C00 0000 		.long	.LEFDE6-.LASFDE6
 339               	.LASFDE6:
 340 0044 0000 0000 		.long	.Lframe0
GAS LISTING C:\users\mohammadreza\Temp/ccQh4Z7m.s 			page 7


 341 0048 0000 0000 		.long	.LFB6
 342 004c 0200 0000 		.long	.LFE6-.LFB6
 343               		.p2align	2
 344               	.LEFDE6:
 345               	.LSFDE8:
 346 0050 0C00 0000 		.long	.LEFDE8-.LASFDE8
 347               	.LASFDE8:
 348 0054 0000 0000 		.long	.Lframe0
 349 0058 0000 0000 		.long	.LFB7
 350 005c 0A00 0000 		.long	.LFE7-.LFB7
 351               		.p2align	2
 352               	.LEFDE8:
 353               	.LSFDE10:
 354 0060 0C00 0000 		.long	.LEFDE10-.LASFDE10
 355               	.LASFDE10:
 356 0064 0000 0000 		.long	.Lframe0
 357 0068 0000 0000 		.long	.LFB8
 358 006c 2600 0000 		.long	.LFE8-.LFB8
 359               		.p2align	2
 360               	.LEFDE10:
 361               	.LSFDE12:
 362 0070 0C00 0000 		.long	.LEFDE12-.LASFDE12
 363               	.LASFDE12:
 364 0074 0000 0000 		.long	.Lframe0
 365 0078 0000 0000 		.long	.LFB3
 366 007c DC00 0000 		.long	.LFE3-.LFB3
 367               		.p2align	2
 368               	.LEFDE12:
 369               		.text
 370               	.Letext0:
 371               		.section	.debug_loc,"",@progbits
 372               	.Ldebug_loc0:
 373               	.LLST7:
 374 0000 E200 0000 		.long	.LVL3-.Ltext0
 375 0004 F000 0000 		.long	.LVL4-.Ltext0
 376 0008 0100      		.word	0x1
 377 000a 68        		.byte	0x68
 378 000b 0000 0000 		.long	0x0
 379 000f 0000 0000 		.long	0x0
 380               		.section	.debug_info
 381 0000 ED01 0000 		.long	0x1ed
 382 0004 0200      		.word	0x2
 383 0006 0000 0000 		.long	.Ldebug_abbrev0
 384 000a 04        		.byte	0x4
 385 000b 01        		.uleb128 0x1
 386 000c 0000 0000 		.long	.LASF24
 387 0010 01        		.byte	0x1
 388 0011 0000 0000 		.long	.LASF25
 389 0015 0000 0000 		.long	.LASF26
 390 0019 0000 0000 		.long	.Ltext0
 391 001d 0000 0000 		.long	.Letext0
 392 0021 0000 0000 		.long	.Ldebug_line0
 393 0025 02        		.uleb128 0x2
 394 0026 01        		.byte	0x1
 395 0027 06        		.byte	0x6
 396 0028 0000 0000 		.long	.LASF0
 397 002c 02        		.uleb128 0x2
GAS LISTING C:\users\mohammadreza\Temp/ccQh4Z7m.s 			page 8


 398 002d 01        		.byte	0x1
 399 002e 08        		.byte	0x8
 400 002f 0000 0000 		.long	.LASF1
 401 0033 03        		.uleb128 0x3
 402 0034 02        		.byte	0x2
 403 0035 05        		.byte	0x5
 404 0036 696E 7400 		.string	"int"
 405 003a 02        		.uleb128 0x2
 406 003b 02        		.byte	0x2
 407 003c 07        		.byte	0x7
 408 003d 0000 0000 		.long	.LASF2
 409 0041 02        		.uleb128 0x2
 410 0042 04        		.byte	0x4
 411 0043 05        		.byte	0x5
 412 0044 0000 0000 		.long	.LASF3
 413 0048 02        		.uleb128 0x2
 414 0049 04        		.byte	0x4
 415 004a 07        		.byte	0x7
 416 004b 0000 0000 		.long	.LASF4
 417 004f 02        		.uleb128 0x2
 418 0050 08        		.byte	0x8
 419 0051 05        		.byte	0x5
 420 0052 0000 0000 		.long	.LASF5
 421 0056 02        		.uleb128 0x2
 422 0057 08        		.byte	0x8
 423 0058 07        		.byte	0x7
 424 0059 0000 0000 		.long	.LASF6
 425 005d 02        		.uleb128 0x2
 426 005e 01        		.byte	0x1
 427 005f 06        		.byte	0x6
 428 0060 0000 0000 		.long	.LASF7
 429 0064 02        		.uleb128 0x2
 430 0065 02        		.byte	0x2
 431 0066 07        		.byte	0x7
 432 0067 0000 0000 		.long	.LASF8
 433 006b 02        		.uleb128 0x2
 434 006c 02        		.byte	0x2
 435 006d 05        		.byte	0x5
 436 006e 0000 0000 		.long	.LASF9
 437 0072 04        		.uleb128 0x4
 438 0073 0000 0000 		.long	.LASF10
 439 0077 02        		.byte	0x2
 440 0078 0D        		.byte	0xd
 441 0079 2C00 0000 		.long	0x2c
 442 007d 04        		.uleb128 0x4
 443 007e 0000 0000 		.long	.LASF11
 444 0082 02        		.byte	0x2
 445 0083 0F        		.byte	0xf
 446 0084 6400 0000 		.long	0x64
 447 0088 05        		.uleb128 0x5
 448 0089 01        		.byte	0x1
 449 008a 0000 0000 		.long	.LASF27
 450 008e 01        		.byte	0x1
 451 008f C2        		.byte	0xc2
 452 0090 01        		.byte	0x1
 453 0091 00        		.byte	0x0
 454 0092 A200 0000 		.long	0xa2
GAS LISTING C:\users\mohammadreza\Temp/ccQh4Z7m.s 			page 9


 455 0096 06        		.uleb128 0x6
 456 0097 0000 0000 		.long	.LASF12
 457 009b 01        		.byte	0x1
 458 009c C3        		.byte	0xc3
 459 009d 7200 0000 		.long	0x72
 460 00a1 00        		.byte	0x0
 461 00a2 07        		.uleb128 0x7
 462 00a3 01        		.byte	0x1
 463 00a4 0000 0000 		.long	.LASF15
 464 00a8 01        		.byte	0x1
 465 00a9 42        		.byte	0x42
 466 00aa 01        		.byte	0x1
 467 00ab 0000 0000 		.long	.LFB2
 468 00af 0000 0000 		.long	.LFE2
 469 00b3 02        		.byte	0x2
 470 00b4 90        		.byte	0x90
 471 00b5 20        		.uleb128 0x20
 472 00b6 C600 0000 		.long	0xc6
 473 00ba 06        		.uleb128 0x6
 474 00bb 0000 0000 		.long	.LASF12
 475 00bf 01        		.byte	0x1
 476 00c0 43        		.byte	0x43
 477 00c1 7200 0000 		.long	0x72
 478 00c5 00        		.byte	0x0
 479 00c6 08        		.uleb128 0x8
 480 00c7 8800 0000 		.long	0x88
 481 00cb 0000 0000 		.long	.LFB4
 482 00cf 0000 0000 		.long	.LFE4
 483 00d3 02        		.byte	0x2
 484 00d4 90        		.byte	0x90
 485 00d5 20        		.uleb128 0x20
 486 00d6 E200 0000 		.long	0xe2
 487 00da 09        		.uleb128 0x9
 488 00db 9600 0000 		.long	0x96
 489 00df 01        		.byte	0x1
 490 00e0 68        		.byte	0x68
 491 00e1 00        		.byte	0x0
 492 00e2 0A        		.uleb128 0xa
 493 00e3 01        		.byte	0x1
 494 00e4 0000 0000 		.long	.LASF13
 495 00e8 01        		.byte	0x1
 496 00e9 CB        		.byte	0xcb
 497 00ea 01        		.byte	0x1
 498 00eb 0000 0000 		.long	.LFB5
 499 00ef 0000 0000 		.long	.LFE5
 500 00f3 02        		.byte	0x2
 501 00f4 90        		.byte	0x90
 502 00f5 20        		.uleb128 0x20
 503 00f6 0A        		.uleb128 0xa
 504 00f7 01        		.byte	0x1
 505 00f8 0000 0000 		.long	.LASF14
 506 00fc 01        		.byte	0x1
 507 00fd D4        		.byte	0xd4
 508 00fe 01        		.byte	0x1
 509 00ff 0000 0000 		.long	.LFB6
 510 0103 0000 0000 		.long	.LFE6
 511 0107 02        		.byte	0x2
GAS LISTING C:\users\mohammadreza\Temp/ccQh4Z7m.s 			page 10


 512 0108 90        		.byte	0x90
 513 0109 20        		.uleb128 0x20
 514 010a 07        		.uleb128 0x7
 515 010b 01        		.byte	0x1
 516 010c 0000 0000 		.long	.LASF16
 517 0110 01        		.byte	0x1
 518 0111 DF        		.byte	0xdf
 519 0112 01        		.byte	0x1
 520 0113 0000 0000 		.long	.LFB7
 521 0117 0000 0000 		.long	.LFE7
 522 011b 02        		.byte	0x2
 523 011c 90        		.byte	0x90
 524 011d 20        		.uleb128 0x20
 525 011e 3501 0000 		.long	0x135
 526 0122 0B        		.uleb128 0xb
 527 0123 0000 0000 		.long	.LASF28
 528 0127 01        		.byte	0x1
 529 0128 DE        		.byte	0xde
 530 0129 7D00 0000 		.long	0x7d
 531 012d 06        		.byte	0x6
 532 012e 68        		.byte	0x68
 533 012f 93        		.byte	0x93
 534 0130 01        		.uleb128 0x1
 535 0131 69        		.byte	0x69
 536 0132 93        		.byte	0x93
 537 0133 01        		.uleb128 0x1
 538 0134 00        		.byte	0x0
 539 0135 0A        		.uleb128 0xa
 540 0136 01        		.byte	0x1
 541 0137 0000 0000 		.long	.LASF17
 542 013b 01        		.byte	0x1
 543 013c E5        		.byte	0xe5
 544 013d 01        		.byte	0x1
 545 013e 0000 0000 		.long	.LFB8
 546 0142 0000 0000 		.long	.LFE8
 547 0146 02        		.byte	0x2
 548 0147 90        		.byte	0x90
 549 0148 20        		.uleb128 0x20
 550 0149 07        		.uleb128 0x7
 551 014a 01        		.byte	0x1
 552 014b 0000 0000 		.long	.LASF18
 553 014f 01        		.byte	0x1
 554 0150 8B        		.byte	0x8b
 555 0151 01        		.byte	0x1
 556 0152 0000 0000 		.long	.LFB3
 557 0156 0000 0000 		.long	.LFE3
 558 015a 02        		.byte	0x2
 559 015b 90        		.byte	0x90
 560 015c 20        		.uleb128 0x20
 561 015d 9001 0000 		.long	0x190
 562 0161 06        		.uleb128 0x6
 563 0162 0000 0000 		.long	.LASF19
 564 0166 01        		.byte	0x1
 565 0167 8C        		.byte	0x8c
 566 0168 7200 0000 		.long	0x72
 567 016c 0C        		.uleb128 0xc
 568 016d 8800 0000 		.long	0x88
GAS LISTING C:\users\mohammadreza\Temp/ccQh4Z7m.s 			page 11


 569 0171 0000 0000 		.long	.LBB4
 570 0175 0000 0000 		.long	.LBE4
 571 0179 01        		.byte	0x1
 572 017a 9B        		.byte	0x9b
 573 017b 0D        		.uleb128 0xd
 574 017c 0000 0000 		.long	.LBB5
 575 0180 0000 0000 		.long	.LBE5
 576 0184 0E        		.uleb128 0xe
 577 0185 9600 0000 		.long	0x96
 578 0189 0000 0000 		.long	.LLST7
 579 018d 00        		.byte	0x0
 580 018e 00        		.byte	0x0
 581 018f 00        		.byte	0x0
 582 0190 0F        		.uleb128 0xf
 583 0191 0000 0000 		.long	.LASF20
 584 0195 01        		.byte	0x1
 585 0196 34        		.byte	0x34
 586 0197 A201 0000 		.long	0x1a2
 587 019b 01        		.byte	0x1
 588 019c 05        		.byte	0x5
 589 019d 03        		.byte	0x3
 590 019e 0000 0000 		.long	v_SysTimer
 591 01a2 10        		.uleb128 0x10
 592 01a3 7D00 0000 		.long	0x7d
 593 01a7 0F        		.uleb128 0xf
 594 01a8 0000 0000 		.long	.LASF21
 595 01ac 01        		.byte	0x1
 596 01ad 35        		.byte	0x35
 597 01ae A201 0000 		.long	0x1a2
 598 01b2 01        		.byte	0x1
 599 01b3 05        		.byte	0x5
 600 01b4 03        		.byte	0x3
 601 01b5 0000 0000 		.long	v_ErrLevel
 602 01b9 11        		.uleb128 0x11
 603 01ba 7D00 0000 		.long	0x7d
 604 01be C901 0000 		.long	0x1c9
 605 01c2 12        		.uleb128 0x12
 606 01c3 C901 0000 		.long	0x1c9
 607 01c7 03        		.byte	0x3
 608 01c8 00        		.byte	0x0
 609 01c9 13        		.uleb128 0x13
 610 01ca 02        		.byte	0x2
 611 01cb 07        		.byte	0x7
 612 01cc 0F        		.uleb128 0xf
 613 01cd 0000 0000 		.long	.LASF22
 614 01d1 01        		.byte	0x1
 615 01d2 36        		.byte	0x36
 616 01d3 DE01 0000 		.long	0x1de
 617 01d7 01        		.byte	0x1
 618 01d8 05        		.byte	0x5
 619 01d9 03        		.byte	0x3
 620 01da 0000 0000 		.long	v_SwTimer_mS
 621 01de 10        		.uleb128 0x10
 622 01df B901 0000 		.long	0x1b9
 623 01e3 14        		.uleb128 0x14
 624 01e4 0000 0000 		.long	.LASF23
 625 01e8 01        		.byte	0x1
GAS LISTING C:\users\mohammadreza\Temp/ccQh4Z7m.s 			page 12


 626 01e9 38        		.byte	0x38
 627 01ea 7200 0000 		.long	0x72
 628 01ee 01        		.byte	0x1
 629 01ef 01        		.byte	0x1
 630 01f0 00        		.byte	0x0
 631               		.section	.debug_abbrev
 632 0000 01        		.uleb128 0x1
 633 0001 11        		.uleb128 0x11
 634 0002 01        		.byte	0x1
 635 0003 25        		.uleb128 0x25
 636 0004 0E        		.uleb128 0xe
 637 0005 13        		.uleb128 0x13
 638 0006 0B        		.uleb128 0xb
 639 0007 03        		.uleb128 0x3
 640 0008 0E        		.uleb128 0xe
 641 0009 1B        		.uleb128 0x1b
 642 000a 0E        		.uleb128 0xe
 643 000b 11        		.uleb128 0x11
 644 000c 01        		.uleb128 0x1
 645 000d 12        		.uleb128 0x12
 646 000e 01        		.uleb128 0x1
 647 000f 10        		.uleb128 0x10
 648 0010 06        		.uleb128 0x6
 649 0011 00        		.byte	0x0
 650 0012 00        		.byte	0x0
 651 0013 02        		.uleb128 0x2
 652 0014 24        		.uleb128 0x24
 653 0015 00        		.byte	0x0
 654 0016 0B        		.uleb128 0xb
 655 0017 0B        		.uleb128 0xb
 656 0018 3E        		.uleb128 0x3e
 657 0019 0B        		.uleb128 0xb
 658 001a 03        		.uleb128 0x3
 659 001b 0E        		.uleb128 0xe
 660 001c 00        		.byte	0x0
 661 001d 00        		.byte	0x0
 662 001e 03        		.uleb128 0x3
 663 001f 24        		.uleb128 0x24
 664 0020 00        		.byte	0x0
 665 0021 0B        		.uleb128 0xb
 666 0022 0B        		.uleb128 0xb
 667 0023 3E        		.uleb128 0x3e
 668 0024 0B        		.uleb128 0xb
 669 0025 03        		.uleb128 0x3
 670 0026 08        		.uleb128 0x8
 671 0027 00        		.byte	0x0
 672 0028 00        		.byte	0x0
 673 0029 04        		.uleb128 0x4
 674 002a 16        		.uleb128 0x16
 675 002b 00        		.byte	0x0
 676 002c 03        		.uleb128 0x3
 677 002d 0E        		.uleb128 0xe
 678 002e 3A        		.uleb128 0x3a
 679 002f 0B        		.uleb128 0xb
 680 0030 3B        		.uleb128 0x3b
 681 0031 0B        		.uleb128 0xb
 682 0032 49        		.uleb128 0x49
GAS LISTING C:\users\mohammadreza\Temp/ccQh4Z7m.s 			page 13


 683 0033 13        		.uleb128 0x13
 684 0034 00        		.byte	0x0
 685 0035 00        		.byte	0x0
 686 0036 05        		.uleb128 0x5
 687 0037 2E        		.uleb128 0x2e
 688 0038 01        		.byte	0x1
 689 0039 3F        		.uleb128 0x3f
 690 003a 0C        		.uleb128 0xc
 691 003b 03        		.uleb128 0x3
 692 003c 0E        		.uleb128 0xe
 693 003d 3A        		.uleb128 0x3a
 694 003e 0B        		.uleb128 0xb
 695 003f 3B        		.uleb128 0x3b
 696 0040 0B        		.uleb128 0xb
 697 0041 27        		.uleb128 0x27
 698 0042 0C        		.uleb128 0xc
 699 0043 20        		.uleb128 0x20
 700 0044 0B        		.uleb128 0xb
 701 0045 01        		.uleb128 0x1
 702 0046 13        		.uleb128 0x13
 703 0047 00        		.byte	0x0
 704 0048 00        		.byte	0x0
 705 0049 06        		.uleb128 0x6
 706 004a 34        		.uleb128 0x34
 707 004b 00        		.byte	0x0
 708 004c 03        		.uleb128 0x3
 709 004d 0E        		.uleb128 0xe
 710 004e 3A        		.uleb128 0x3a
 711 004f 0B        		.uleb128 0xb
 712 0050 3B        		.uleb128 0x3b
 713 0051 0B        		.uleb128 0xb
 714 0052 49        		.uleb128 0x49
 715 0053 13        		.uleb128 0x13
 716 0054 00        		.byte	0x0
 717 0055 00        		.byte	0x0
 718 0056 07        		.uleb128 0x7
 719 0057 2E        		.uleb128 0x2e
 720 0058 01        		.byte	0x1
 721 0059 3F        		.uleb128 0x3f
 722 005a 0C        		.uleb128 0xc
 723 005b 03        		.uleb128 0x3
 724 005c 0E        		.uleb128 0xe
 725 005d 3A        		.uleb128 0x3a
 726 005e 0B        		.uleb128 0xb
 727 005f 3B        		.uleb128 0x3b
 728 0060 0B        		.uleb128 0xb
 729 0061 27        		.uleb128 0x27
 730 0062 0C        		.uleb128 0xc
 731 0063 11        		.uleb128 0x11
 732 0064 01        		.uleb128 0x1
 733 0065 12        		.uleb128 0x12
 734 0066 01        		.uleb128 0x1
 735 0067 40        		.uleb128 0x40
 736 0068 0A        		.uleb128 0xa
 737 0069 01        		.uleb128 0x1
 738 006a 13        		.uleb128 0x13
 739 006b 00        		.byte	0x0
GAS LISTING C:\users\mohammadreza\Temp/ccQh4Z7m.s 			page 14


 740 006c 00        		.byte	0x0
 741 006d 08        		.uleb128 0x8
 742 006e 2E        		.uleb128 0x2e
 743 006f 01        		.byte	0x1
 744 0070 31        		.uleb128 0x31
 745 0071 13        		.uleb128 0x13
 746 0072 11        		.uleb128 0x11
 747 0073 01        		.uleb128 0x1
 748 0074 12        		.uleb128 0x12
 749 0075 01        		.uleb128 0x1
 750 0076 40        		.uleb128 0x40
 751 0077 0A        		.uleb128 0xa
 752 0078 01        		.uleb128 0x1
 753 0079 13        		.uleb128 0x13
 754 007a 00        		.byte	0x0
 755 007b 00        		.byte	0x0
 756 007c 09        		.uleb128 0x9
 757 007d 34        		.uleb128 0x34
 758 007e 00        		.byte	0x0
 759 007f 31        		.uleb128 0x31
 760 0080 13        		.uleb128 0x13
 761 0081 02        		.uleb128 0x2
 762 0082 0A        		.uleb128 0xa
 763 0083 00        		.byte	0x0
 764 0084 00        		.byte	0x0
 765 0085 0A        		.uleb128 0xa
 766 0086 2E        		.uleb128 0x2e
 767 0087 00        		.byte	0x0
 768 0088 3F        		.uleb128 0x3f
 769 0089 0C        		.uleb128 0xc
 770 008a 03        		.uleb128 0x3
 771 008b 0E        		.uleb128 0xe
 772 008c 3A        		.uleb128 0x3a
 773 008d 0B        		.uleb128 0xb
 774 008e 3B        		.uleb128 0x3b
 775 008f 0B        		.uleb128 0xb
 776 0090 27        		.uleb128 0x27
 777 0091 0C        		.uleb128 0xc
 778 0092 11        		.uleb128 0x11
 779 0093 01        		.uleb128 0x1
 780 0094 12        		.uleb128 0x12
 781 0095 01        		.uleb128 0x1
 782 0096 40        		.uleb128 0x40
 783 0097 0A        		.uleb128 0xa
 784 0098 00        		.byte	0x0
 785 0099 00        		.byte	0x0
 786 009a 0B        		.uleb128 0xb
 787 009b 05        		.uleb128 0x5
 788 009c 00        		.byte	0x0
 789 009d 03        		.uleb128 0x3
 790 009e 0E        		.uleb128 0xe
 791 009f 3A        		.uleb128 0x3a
 792 00a0 0B        		.uleb128 0xb
 793 00a1 3B        		.uleb128 0x3b
 794 00a2 0B        		.uleb128 0xb
 795 00a3 49        		.uleb128 0x49
 796 00a4 13        		.uleb128 0x13
GAS LISTING C:\users\mohammadreza\Temp/ccQh4Z7m.s 			page 15


 797 00a5 02        		.uleb128 0x2
 798 00a6 0A        		.uleb128 0xa
 799 00a7 00        		.byte	0x0
 800 00a8 00        		.byte	0x0
 801 00a9 0C        		.uleb128 0xc
 802 00aa 1D        		.uleb128 0x1d
 803 00ab 01        		.byte	0x1
 804 00ac 31        		.uleb128 0x31
 805 00ad 13        		.uleb128 0x13
 806 00ae 11        		.uleb128 0x11
 807 00af 01        		.uleb128 0x1
 808 00b0 12        		.uleb128 0x12
 809 00b1 01        		.uleb128 0x1
 810 00b2 58        		.uleb128 0x58
 811 00b3 0B        		.uleb128 0xb
 812 00b4 59        		.uleb128 0x59
 813 00b5 0B        		.uleb128 0xb
 814 00b6 00        		.byte	0x0
 815 00b7 00        		.byte	0x0
 816 00b8 0D        		.uleb128 0xd
 817 00b9 0B        		.uleb128 0xb
 818 00ba 01        		.byte	0x1
 819 00bb 11        		.uleb128 0x11
 820 00bc 01        		.uleb128 0x1
 821 00bd 12        		.uleb128 0x12
 822 00be 01        		.uleb128 0x1
 823 00bf 00        		.byte	0x0
 824 00c0 00        		.byte	0x0
 825 00c1 0E        		.uleb128 0xe
 826 00c2 34        		.uleb128 0x34
 827 00c3 00        		.byte	0x0
 828 00c4 31        		.uleb128 0x31
 829 00c5 13        		.uleb128 0x13
 830 00c6 02        		.uleb128 0x2
 831 00c7 06        		.uleb128 0x6
 832 00c8 00        		.byte	0x0
 833 00c9 00        		.byte	0x0
 834 00ca 0F        		.uleb128 0xf
 835 00cb 34        		.uleb128 0x34
 836 00cc 00        		.byte	0x0
 837 00cd 03        		.uleb128 0x3
 838 00ce 0E        		.uleb128 0xe
 839 00cf 3A        		.uleb128 0x3a
 840 00d0 0B        		.uleb128 0xb
 841 00d1 3B        		.uleb128 0x3b
 842 00d2 0B        		.uleb128 0xb
 843 00d3 49        		.uleb128 0x49
 844 00d4 13        		.uleb128 0x13
 845 00d5 3F        		.uleb128 0x3f
 846 00d6 0C        		.uleb128 0xc
 847 00d7 02        		.uleb128 0x2
 848 00d8 0A        		.uleb128 0xa
 849 00d9 00        		.byte	0x0
 850 00da 00        		.byte	0x0
 851 00db 10        		.uleb128 0x10
 852 00dc 35        		.uleb128 0x35
 853 00dd 00        		.byte	0x0
GAS LISTING C:\users\mohammadreza\Temp/ccQh4Z7m.s 			page 16


 854 00de 49        		.uleb128 0x49
 855 00df 13        		.uleb128 0x13
 856 00e0 00        		.byte	0x0
 857 00e1 00        		.byte	0x0
 858 00e2 11        		.uleb128 0x11
 859 00e3 01        		.uleb128 0x1
 860 00e4 01        		.byte	0x1
 861 00e5 49        		.uleb128 0x49
 862 00e6 13        		.uleb128 0x13
 863 00e7 01        		.uleb128 0x1
 864 00e8 13        		.uleb128 0x13
 865 00e9 00        		.byte	0x0
 866 00ea 00        		.byte	0x0
 867 00eb 12        		.uleb128 0x12
 868 00ec 21        		.uleb128 0x21
 869 00ed 00        		.byte	0x0
 870 00ee 49        		.uleb128 0x49
 871 00ef 13        		.uleb128 0x13
 872 00f0 2F        		.uleb128 0x2f
 873 00f1 0B        		.uleb128 0xb
 874 00f2 00        		.byte	0x0
 875 00f3 00        		.byte	0x0
 876 00f4 13        		.uleb128 0x13
 877 00f5 24        		.uleb128 0x24
 878 00f6 00        		.byte	0x0
 879 00f7 0B        		.uleb128 0xb
 880 00f8 0B        		.uleb128 0xb
 881 00f9 3E        		.uleb128 0x3e
 882 00fa 0B        		.uleb128 0xb
 883 00fb 00        		.byte	0x0
 884 00fc 00        		.byte	0x0
 885 00fd 14        		.uleb128 0x14
 886 00fe 34        		.uleb128 0x34
 887 00ff 00        		.byte	0x0
 888 0100 03        		.uleb128 0x3
 889 0101 0E        		.uleb128 0xe
 890 0102 3A        		.uleb128 0x3a
 891 0103 0B        		.uleb128 0xb
 892 0104 3B        		.uleb128 0x3b
 893 0105 0B        		.uleb128 0xb
 894 0106 49        		.uleb128 0x49
 895 0107 13        		.uleb128 0x13
 896 0108 3F        		.uleb128 0x3f
 897 0109 0C        		.uleb128 0xc
 898 010a 3C        		.uleb128 0x3c
 899 010b 0C        		.uleb128 0xc
 900 010c 00        		.byte	0x0
 901 010d 00        		.byte	0x0
 902 010e 00        		.byte	0x0
 903               		.section	.debug_pubnames,"",@progbits
 904 0000 B700 0000 		.long	0xb7
 905 0004 0200      		.word	0x2
 906 0006 0000 0000 		.long	.Ldebug_info0
 907 000a F101 0000 		.long	0x1f1
 908 000e A200 0000 		.long	0xa2
 909 0012 665F 496E 		.string	"f_InitSysTimer"
 909      6974 5379 
GAS LISTING C:\users\mohammadreza\Temp/ccQh4Z7m.s 			page 17


 909      7354 696D 
 909      6572 00
 910 0021 C600 0000 		.long	0xc6
 911 0025 665F 666C 		.string	"f_flashled"
 911      6173 686C 
 911      6564 00
 912 0030 E200 0000 		.long	0xe2
 913 0034 665F 5377 		.string	"f_SwTimerKey"
 913      5469 6D65 
 913      724B 6579 
 913      00
 914 0041 F600 0000 		.long	0xf6
 915 0045 665F 5377 		.string	"f_SwTimerLCM"
 915      5469 6D65 
 915      724C 434D 
 915      00
 916 0052 0A01 0000 		.long	0x10a
 917 0056 665F 5379 		.string	"f_SystickSetErrLevel"
 917      7374 6963 
 917      6B53 6574 
 917      4572 724C 
 917      6576 656C 
 918 006b 3501 0000 		.long	0x135
 919 006f 5F5F 7665 		.string	"__vector_9"
 919      6374 6F72 
 919      5F39 00
 920 007a 4901 0000 		.long	0x149
 921 007e 665F 5379 		.string	"f_SysTick"
 921      7354 6963 
 921      6B00 
 922 0088 9001 0000 		.long	0x190
 923 008c 765F 5379 		.string	"v_SysTimer"
 923      7354 696D 
 923      6572 00
 924 0097 A701 0000 		.long	0x1a7
 925 009b 765F 4572 		.string	"v_ErrLevel"
 925      724C 6576 
 925      656C 00
 926 00a6 CC01 0000 		.long	0x1cc
 927 00aa 765F 5377 		.string	"v_SwTimer_mS"
 927      5469 6D65 
 927      725F 6D53 
 927      00
 928 00b7 0000 0000 		.long	0x0
 929               		.section	.debug_aranges,"",@progbits
 930 0000 1C00 0000 		.long	0x1c
 931 0004 0200      		.word	0x2
 932 0006 0000 0000 		.long	.Ldebug_info0
 933 000a 04        		.byte	0x4
 934 000b 00        		.byte	0x0
 935 000c 0000      		.word	0x0
 936 000e 0000      		.word	0x0
 937 0010 0000 0000 		.long	.Ltext0
 938 0014 6A01 0000 		.long	.Letext0-.Ltext0
 939 0018 0000 0000 		.long	0x0
 940 001c 0000 0000 		.long	0x0
 941               		.section	.debug_line
GAS LISTING C:\users\mohammadreza\Temp/ccQh4Z7m.s 			page 18


 942 0000 FC01 0000 		.long	.LELT0-.LSLT0
 943               	.LSLT0:
 944 0004 0200      		.word	0x2
 945 0006 5B00 0000 		.long	.LELTP0-.LASLTP0
 946               	.LASLTP0:
 947 000a 01        		.byte	0x1
 948 000b 01        		.byte	0x1
 949 000c F6        		.byte	0xf6
 950 000d F5        		.byte	0xf5
 951 000e 0A        		.byte	0xa
 952 000f 00        		.byte	0x0
 953 0010 01        		.byte	0x1
 954 0011 01        		.byte	0x1
 955 0012 01        		.byte	0x1
 956 0013 01        		.byte	0x1
 957 0014 00        		.byte	0x0
 958 0015 00        		.byte	0x0
 959 0016 00        		.byte	0x0
 960 0017 01        		.byte	0x1
 961 0018 7372 632F 		.ascii	"src/periphint"
 961      7065 7269 
 961      7068 696E 
 961      74
 962 0025 00        		.byte	0
 963 0026 7372 632F 		.ascii	"src/periphint/../includes"
 963      7065 7269 
 963      7068 696E 
 963      742F 2E2E 
 963      2F69 6E63 
 964 003f 00        		.byte	0
 965 0040 00        		.byte	0x0
 966 0041 5469 6D65 		.string	"Timer0.c"
 966      7230 2E63 
 966      00
 967 004a 01        		.uleb128 0x1
 968 004b 00        		.uleb128 0x0
 969 004c 00        		.uleb128 0x0
 970 004d 2E2E 2F69 		.string	"../includes/types.h"
 970      6E63 6C75 
 970      6465 732F 
 970      7479 7065 
 970      732E 6800 
 971 0061 01        		.uleb128 0x1
 972 0062 00        		.uleb128 0x0
 973 0063 00        		.uleb128 0x0
 974 0064 00        		.byte	0x0
 975               	.LELTP0:
 976 0065 00        		.byte	0x0
 977 0066 05        		.uleb128 0x5
 978 0067 02        		.byte	0x2
 979 0068 0000 0000 		.long	.LM1
 980 006c 55        		.byte	0x55
 981 006d 00        		.byte	0x0
 982 006e 05        		.uleb128 0x5
 983 006f 02        		.byte	0x2
 984 0070 0000 0000 		.long	.LM2
 985 0074 19        		.byte	0x19
GAS LISTING C:\users\mohammadreza\Temp/ccQh4Z7m.s 			page 19


 986 0075 00        		.byte	0x0
 987 0076 05        		.uleb128 0x5
 988 0077 02        		.byte	0x2
 989 0078 0000 0000 		.long	.LM3
 990 007c 15        		.byte	0x15
 991 007d 00        		.byte	0x0
 992 007e 05        		.uleb128 0x5
 993 007f 02        		.byte	0x2
 994 0080 0000 0000 		.long	.LM4
 995 0084 15        		.byte	0x15
 996 0085 00        		.byte	0x0
 997 0086 05        		.uleb128 0x5
 998 0087 02        		.byte	0x2
 999 0088 0000 0000 		.long	.LM5
 1000 008c 15        		.byte	0x15
 1001 008d 00        		.byte	0x0
 1002 008e 05        		.uleb128 0x5
 1003 008f 02        		.byte	0x2
 1004 0090 0000 0000 		.long	.LM6
 1005 0094 1F        		.byte	0x1f
 1006 0095 00        		.byte	0x0
 1007 0096 05        		.uleb128 0x5
 1008 0097 02        		.byte	0x2
 1009 0098 0000 0000 		.long	.LM7
 1010 009c 16        		.byte	0x16
 1011 009d 00        		.byte	0x0
 1012 009e 05        		.uleb128 0x5
 1013 009f 02        		.byte	0x2
 1014 00a0 0000 0000 		.long	.LM8
 1015 00a4 15        		.byte	0x15
 1016 00a5 00        		.byte	0x0
 1017 00a6 05        		.uleb128 0x5
 1018 00a7 02        		.byte	0x2
 1019 00a8 0000 0000 		.long	.LM9
 1020 00ac 21        		.byte	0x21
 1021 00ad 00        		.byte	0x0
 1022 00ae 05        		.uleb128 0x5
 1023 00af 02        		.byte	0x2
 1024 00b0 0000 0000 		.long	.LM10
 1025 00b4 19        		.byte	0x19
 1026 00b5 00        		.byte	0x0
 1027 00b6 05        		.uleb128 0x5
 1028 00b7 02        		.byte	0x2
 1029 00b8 0000 0000 		.long	.LM11
 1030 00bc 18        		.byte	0x18
 1031 00bd 00        		.byte	0x0
 1032 00be 05        		.uleb128 0x5
 1033 00bf 02        		.byte	0x2
 1034 00c0 0000 0000 		.long	.LM12
 1035 00c4 16        		.byte	0x16
 1036 00c5 00        		.byte	0x0
 1037 00c6 05        		.uleb128 0x5
 1038 00c7 02        		.byte	0x2
 1039 00c8 0000 0000 		.long	.LM13
 1040 00cc 66        		.byte	0x66
 1041 00cd 00        		.byte	0x0
 1042 00ce 05        		.uleb128 0x5
GAS LISTING C:\users\mohammadreza\Temp/ccQh4Z7m.s 			page 20


 1043 00cf 02        		.byte	0x2
 1044 00d0 0000 0000 		.long	.LM14
 1045 00d4 16        		.byte	0x16
 1046 00d5 00        		.byte	0x0
 1047 00d6 05        		.uleb128 0x5
 1048 00d7 02        		.byte	0x2
 1049 00d8 0000 0000 		.long	.LM15
 1050 00dc 15        		.byte	0x15
 1051 00dd 00        		.byte	0x0
 1052 00de 05        		.uleb128 0x5
 1053 00df 02        		.byte	0x2
 1054 00e0 0000 0000 		.long	.LM16
 1055 00e4 15        		.byte	0x15
 1056 00e5 00        		.byte	0x0
 1057 00e6 05        		.uleb128 0x5
 1058 00e7 02        		.byte	0x2
 1059 00e8 0000 0000 		.long	.LM17
 1060 00ec 15        		.byte	0x15
 1061 00ed 00        		.byte	0x0
 1062 00ee 05        		.uleb128 0x5
 1063 00ef 02        		.byte	0x2
 1064 00f0 0000 0000 		.long	.LM18
 1065 00f4 18        		.byte	0x18
 1066 00f5 00        		.byte	0x0
 1067 00f6 05        		.uleb128 0x5
 1068 00f7 02        		.byte	0x2
 1069 00f8 0000 0000 		.long	.LM19
 1070 00fc 18        		.byte	0x18
 1071 00fd 00        		.byte	0x0
 1072 00fe 05        		.uleb128 0x5
 1073 00ff 02        		.byte	0x2
 1074 0100 0000 0000 		.long	.LM20
 1075 0104 19        		.byte	0x19
 1076 0105 00        		.byte	0x0
 1077 0106 05        		.uleb128 0x5
 1078 0107 02        		.byte	0x2
 1079 0108 0000 0000 		.long	.LM21
 1080 010c 1C        		.byte	0x1c
 1081 010d 00        		.byte	0x0
 1082 010e 05        		.uleb128 0x5
 1083 010f 02        		.byte	0x2
 1084 0110 0000 0000 		.long	.LM22
 1085 0114 17        		.byte	0x17
 1086 0115 00        		.byte	0x0
 1087 0116 05        		.uleb128 0x5
 1088 0117 02        		.byte	0x2
 1089 0118 0000 0000 		.long	.LM23
 1090 011c 15        		.byte	0x15
 1091 011d 00        		.byte	0x0
 1092 011e 05        		.uleb128 0x5
 1093 011f 02        		.byte	0x2
 1094 0120 0000 0000 		.long	.LM24
 1095 0124 15        		.byte	0x15
 1096 0125 00        		.byte	0x0
 1097 0126 05        		.uleb128 0x5
 1098 0127 02        		.byte	0x2
 1099 0128 0000 0000 		.long	.LM25
GAS LISTING C:\users\mohammadreza\Temp/ccQh4Z7m.s 			page 21


 1100 012c 18        		.byte	0x18
 1101 012d 00        		.byte	0x0
 1102 012e 05        		.uleb128 0x5
 1103 012f 02        		.byte	0x2
 1104 0130 0000 0000 		.long	.LM26
 1105 0134 15        		.byte	0x15
 1106 0135 00        		.byte	0x0
 1107 0136 05        		.uleb128 0x5
 1108 0137 02        		.byte	0x2
 1109 0138 0000 0000 		.long	.LM27
 1110 013c 16        		.byte	0x16
 1111 013d 00        		.byte	0x0
 1112 013e 05        		.uleb128 0x5
 1113 013f 02        		.byte	0x2
 1114 0140 0000 0000 		.long	.LM28
 1115 0144 16        		.byte	0x16
 1116 0145 00        		.byte	0x0
 1117 0146 05        		.uleb128 0x5
 1118 0147 02        		.byte	0x2
 1119 0148 0000 0000 		.long	.LM29
 1120 014c 03        		.byte	0x3
 1121 014d A17F      		.sleb128 -95
 1122 014f 01        		.byte	0x1
 1123 0150 00        		.byte	0x0
 1124 0151 05        		.uleb128 0x5
 1125 0152 02        		.byte	0x2
 1126 0153 0000 0000 		.long	.LM30
 1127 0157 17        		.byte	0x17
 1128 0158 00        		.byte	0x0
 1129 0159 05        		.uleb128 0x5
 1130 015a 02        		.byte	0x2
 1131 015b 0000 0000 		.long	.LM31
 1132 015f 16        		.byte	0x16
 1133 0160 00        		.byte	0x0
 1134 0161 05        		.uleb128 0x5
 1135 0162 02        		.byte	0x2
 1136 0163 0000 0000 		.long	.LM32
 1137 0167 15        		.byte	0x15
 1138 0168 00        		.byte	0x0
 1139 0169 05        		.uleb128 0x5
 1140 016a 02        		.byte	0x2
 1141 016b 0000 0000 		.long	.LM33
 1142 016f 18        		.byte	0x18
 1143 0170 00        		.byte	0x0
 1144 0171 05        		.uleb128 0x5
 1145 0172 02        		.byte	0x2
 1146 0173 0000 0000 		.long	.LM34
 1147 0177 18        		.byte	0x18
 1148 0178 00        		.byte	0x0
 1149 0179 05        		.uleb128 0x5
 1150 017a 02        		.byte	0x2
 1151 017b 0000 0000 		.long	.LM35
 1152 017f 3F        		.byte	0x3f
 1153 0180 00        		.byte	0x0
 1154 0181 05        		.uleb128 0x5
 1155 0182 02        		.byte	0x2
 1156 0183 0000 0000 		.long	.LM36
GAS LISTING C:\users\mohammadreza\Temp/ccQh4Z7m.s 			page 22


 1157 0187 15        		.byte	0x15
 1158 0188 00        		.byte	0x0
 1159 0189 05        		.uleb128 0x5
 1160 018a 02        		.byte	0x2
 1161 018b 0000 0000 		.long	.LM37
 1162 018f 15        		.byte	0x15
 1163 0190 00        		.byte	0x0
 1164 0191 05        		.uleb128 0x5
 1165 0192 02        		.byte	0x2
 1166 0193 0000 0000 		.long	.LM38
 1167 0197 03        		.byte	0x3
 1168 0198 58        		.sleb128 -40
 1169 0199 01        		.byte	0x1
 1170 019a 00        		.byte	0x0
 1171 019b 05        		.uleb128 0x5
 1172 019c 02        		.byte	0x2
 1173 019d 0000 0000 		.long	.LM39
 1174 01a1 16        		.byte	0x16
 1175 01a2 00        		.byte	0x0
 1176 01a3 05        		.uleb128 0x5
 1177 01a4 02        		.byte	0x2
 1178 01a5 0000 0000 		.long	.LM40
 1179 01a9 17        		.byte	0x17
 1180 01aa 00        		.byte	0x0
 1181 01ab 05        		.uleb128 0x5
 1182 01ac 02        		.byte	0x2
 1183 01ad 0000 0000 		.long	.LM41
 1184 01b1 16        		.byte	0x16
 1185 01b2 00        		.byte	0x0
 1186 01b3 05        		.uleb128 0x5
 1187 01b4 02        		.byte	0x2
 1188 01b5 0000 0000 		.long	.LM42
 1189 01b9 19        		.byte	0x19
 1190 01ba 00        		.byte	0x0
 1191 01bb 05        		.uleb128 0x5
 1192 01bc 02        		.byte	0x2
 1193 01bd 0000 0000 		.long	.LM43
 1194 01c1 17        		.byte	0x17
 1195 01c2 00        		.byte	0x0
 1196 01c3 05        		.uleb128 0x5
 1197 01c4 02        		.byte	0x2
 1198 01c5 0000 0000 		.long	.LM44
 1199 01c9 0F        		.byte	0xf
 1200 01ca 00        		.byte	0x0
 1201 01cb 05        		.uleb128 0x5
 1202 01cc 02        		.byte	0x2
 1203 01cd 0000 0000 		.long	.LM45
 1204 01d1 29        		.byte	0x29
 1205 01d2 00        		.byte	0x0
 1206 01d3 05        		.uleb128 0x5
 1207 01d4 02        		.byte	0x2
 1208 01d5 0000 0000 		.long	.LM46
 1209 01d9 03        		.byte	0x3
 1210 01da 6F        		.sleb128 -17
 1211 01db 01        		.byte	0x1
 1212 01dc 00        		.byte	0x0
 1213 01dd 05        		.uleb128 0x5
GAS LISTING C:\users\mohammadreza\Temp/ccQh4Z7m.s 			page 23


 1214 01de 02        		.byte	0x2
 1215 01df 0000 0000 		.long	.LM47
 1216 01e3 15        		.byte	0x15
 1217 01e4 00        		.byte	0x0
 1218 01e5 05        		.uleb128 0x5
 1219 01e6 02        		.byte	0x2
 1220 01e7 0000 0000 		.long	.LM48
 1221 01eb 0C        		.byte	0xc
 1222 01ec 00        		.byte	0x0
 1223 01ed 05        		.uleb128 0x5
 1224 01ee 02        		.byte	0x2
 1225 01ef 0000 0000 		.long	.LM49
 1226 01f3 03        		.byte	0x3
 1227 01f4 70        		.sleb128 -16
 1228 01f5 01        		.byte	0x1
 1229 01f6 00        		.byte	0x0
 1230 01f7 05        		.uleb128 0x5
 1231 01f8 02        		.byte	0x2
 1232 01f9 0000 0000 		.long	.Letext0
 1233 01fd 00        		.byte	0x0
 1234 01fe 01        		.uleb128 0x1
 1235 01ff 01        		.byte	0x1
 1236               	.LELT0:
 1237 0200 1600 0000 		.section	.debug_str,"MS",@progbits,1
 1237      0200 1000 
 1237      0000 0101 
 1237      FB0E 0A00 
 1237      0101 0101 
 1238               	.LASF23:
 1239 0000 765F 5379 		.string	"v_SysStat"
 1239      7353 7461 
 1239      7400 
 1240               	.LASF28:
 1241 000a 765F 6572 		.string	"v_errorlevel"
 1241      726F 726C 
 1241      6576 656C 
 1241      00
 1242               	.LASF11:
 1243 0017 494E 5431 		.string	"INT16U"
 1243      3655 00
 1244               	.LASF18:
 1245 001e 665F 5379 		.string	"f_SysTick"
 1245      7354 6963 
 1245      6B00 
 1246               	.LASF1:
 1247 0028 756E 7369 		.string	"unsigned char"
 1247      676E 6564 
 1247      2063 6861 
 1247      7200 
 1248               	.LASF26:
 1249 0036 5A3A 5C68 		.string	"Z:\\home\\mohammadreza\\temo\\Simple-AVR-OS-plus-some-improvement-"
 1249      6F6D 655C 
 1249      6D6F 6861 
 1249      6D6D 6164 
 1249      7265 7A61 
 1250               	.LASF4:
 1251 0075 6C6F 6E67 		.string	"long unsigned int"
GAS LISTING C:\users\mohammadreza\Temp/ccQh4Z7m.s 			page 24


 1251      2075 6E73 
 1251      6967 6E65 
 1251      6420 696E 
 1251      7400 
 1252               	.LASF8:
 1253 0087 7368 6F72 		.string	"short unsigned int"
 1253      7420 756E 
 1253      7369 676E 
 1253      6564 2069 
 1253      6E74 00
 1254               	.LASF24:
 1255 009a 474E 5520 		.string	"GNU C 4.3.3"
 1255      4320 342E 
 1255      332E 3300 
 1256               	.LASF13:
 1257 00a6 665F 5377 		.string	"f_SwTimerKey"
 1257      5469 6D65 
 1257      724B 6579 
 1257      00
 1258               	.LASF22:
 1259 00b3 765F 5377 		.string	"v_SwTimer_mS"
 1259      5469 6D65 
 1259      725F 6D53 
 1259      00
 1260               	.LASF2:
 1261 00c0 756E 7369 		.string	"unsigned int"
 1261      676E 6564 
 1261      2069 6E74 
 1261      00
 1262               	.LASF10:
 1263 00cd 494E 5438 		.string	"INT8U"
 1263      5500 
 1264               	.LASF6:
 1265 00d3 6C6F 6E67 		.string	"long long unsigned int"
 1265      206C 6F6E 
 1265      6720 756E 
 1265      7369 676E 
 1265      6564 2069 
 1266               	.LASF12:
 1267 00ea 765F 7465 		.string	"v_temp"
 1267      6D70 00
 1268               	.LASF27:
 1269 00f1 665F 666C 		.string	"f_flashled"
 1269      6173 686C 
 1269      6564 00
 1270               	.LASF16:
 1271 00fc 665F 5379 		.string	"f_SystickSetErrLevel"
 1271      7374 6963 
 1271      6B53 6574 
 1271      4572 724C 
 1271      6576 656C 
 1272               	.LASF14:
 1273 0111 665F 5377 		.string	"f_SwTimerLCM"
 1273      5469 6D65 
 1273      724C 434D 
 1273      00
 1274               	.LASF5:
GAS LISTING C:\users\mohammadreza\Temp/ccQh4Z7m.s 			page 25


 1275 011e 6C6F 6E67 		.string	"long long int"
 1275      206C 6F6E 
 1275      6720 696E 
 1275      7400 
 1276               	.LASF7:
 1277 012c 6368 6172 		.string	"char"
 1277      00
 1278               	.LASF9:
 1279 0131 7368 6F72 		.string	"short int"
 1279      7420 696E 
 1279      7400 
 1280               	.LASF19:
 1281 013b 765F 6964 		.string	"v_idx"
 1281      7800 
 1282               	.LASF25:
 1283 0141 7372 632F 		.string	"src/periphint/Timer0.c"
 1283      7065 7269 
 1283      7068 696E 
 1283      742F 5469 
 1283      6D65 7230 
 1284               	.LASF15:
 1285 0158 665F 496E 		.string	"f_InitSysTimer"
 1285      6974 5379 
 1285      7354 696D 
 1285      6572 00
 1286               	.LASF20:
 1287 0167 765F 5379 		.string	"v_SysTimer"
 1287      7354 696D 
 1287      6572 00
 1288               	.LASF3:
 1289 0172 6C6F 6E67 		.string	"long int"
 1289      2069 6E74 
 1289      00
 1290               	.LASF17:
 1291 017b 5F5F 7665 		.string	"__vector_9"
 1291      6374 6F72 
 1291      5F39 00
 1292               	.LASF21:
 1293 0186 765F 4572 		.string	"v_ErrLevel"
 1293      724C 6576 
 1293      656C 00
 1294               	.LASF0:
 1295 0191 7369 676E 		.string	"signed char"
 1295      6564 2063 
 1295      6861 7200 
 1296               	.global __do_copy_data
 1297               	.global __do_clear_bss
GAS LISTING C:\users\mohammadreza\Temp/ccQh4Z7m.s 			page 26


DEFINED SYMBOLS
                            *ABS*:00000000 Timer0.c
C:\users\mohammadreza\Temp/ccQh4Z7m.s:2      *ABS*:0000003f __SREG__
C:\users\mohammadreza\Temp/ccQh4Z7m.s:3      *ABS*:0000003e __SP_H__
C:\users\mohammadreza\Temp/ccQh4Z7m.s:4      *ABS*:0000003d __SP_L__
C:\users\mohammadreza\Temp/ccQh4Z7m.s:5      *ABS*:00000034 __CCP__
C:\users\mohammadreza\Temp/ccQh4Z7m.s:6      *ABS*:00000000 __tmp_reg__
C:\users\mohammadreza\Temp/ccQh4Z7m.s:7      *ABS*:00000001 __zero_reg__
C:\users\mohammadreza\Temp/ccQh4Z7m.s:18     .text:00000000 f_InitSysTimer
                            *COM*:00000008 v_SwTimer_mS
                            *COM*:00000002 v_SysTimer
                            *COM*:00000002 v_ErrLevel
C:\users\mohammadreza\Temp/ccQh4Z7m.s:67     .text:00000050 f_flashled
C:\users\mohammadreza\Temp/ccQh4Z7m.s:87     .text:0000005a f_SwTimerKey
C:\users\mohammadreza\Temp/ccQh4Z7m.s:99     .text:0000005c f_SwTimerLCM
C:\users\mohammadreza\Temp/ccQh4Z7m.s:111    .text:0000005e f_SystickSetErrLevel
C:\users\mohammadreza\Temp/ccQh4Z7m.s:127    .text:00000068 __vector_9
C:\users\mohammadreza\Temp/ccQh4Z7m.s:161    .text:0000008e f_SysTick

UNDEFINED SYMBOLS
v_SysStat
__udivmodhi4
f_Uart_PutStr
__do_copy_data
__do_clear_bss
