GAS LISTING C:\users\mohammadreza\Temp/cc792Pks.s 			page 1


   1               		.file	"Timer1.c"
   2               	__SREG__ = 0x3f
   3               	__SP_H__ = 0x3e
   4               	__SP_L__ = 0x3d
   5               	__CCP__  = 0x34
   6               	__tmp_reg__ = 0
   7               	__zero_reg__ = 1
   8               		.section	.debug_abbrev,"",@progbits
   9               	.Ldebug_abbrev0:
  10               		.section	.debug_info,"",@progbits
  11               	.Ldebug_info0:
  12               		.section	.debug_line,"",@progbits
  13               	.Ldebug_line0:
  14               		.text
  15               	.Ltext0:
  16               	.global	f_PWM1Enable
  17               		.type	f_PWM1Enable, @function
  18               	f_PWM1Enable:
  19               	.LFB3:
  20               	.LM1:
  21               	.LVL0:
  22               	/* prologue: function */
  23               	/* frame size = 0 */
  24               	.LM2:
  25 0000 8823      		tst r24
  26 0002 01F0      		breq .L6
  27               	.LM3:
  28 0004 8130      		cpi r24,lo8(1)
  29 0006 01F0      		breq .L7
  30 0008 0895      		ret
  31               	.L6:
  32               	.LM4:
  33 000a 8C9A      		sbi 49-32,4
  34 000c 0895      		ret
  35               	.L7:
  36               	.LM5:
  37 000e 8D9A      		sbi 49-32,5
  38 0010 0895      		ret
  39               	.LFE3:
  40               		.size	f_PWM1Enable, .-f_PWM1Enable
  41               	.global	f_PWM1Disable
  42               		.type	f_PWM1Disable, @function
  43               	f_PWM1Disable:
  44               	.LFB4:
  45               	.LM6:
  46               	.LVL1:
  47               	/* prologue: function */
  48               	/* frame size = 0 */
  49               	.LM7:
  50 0012 8823      		tst r24
  51 0014 01F0      		breq .L12
  52               	.LM8:
  53 0016 8130      		cpi r24,lo8(1)
  54 0018 01F0      		breq .L13
  55 001a 0895      		ret
  56               	.L12:
  57               	.LM9:
GAS LISTING C:\users\mohammadreza\Temp/cc792Pks.s 			page 2


  58 001c 8C98      		cbi 49-32,4
  59 001e 0895      		ret
  60               	.L13:
  61               	.LM10:
  62 0020 8D98      		cbi 49-32,5
  63 0022 0895      		ret
  64               	.LFE4:
  65               		.size	f_PWM1Disable, .-f_PWM1Disable
  66               	.global	f_InitPWM1
  67               		.type	f_InitPWM1, @function
  68               	f_InitPWM1:
  69               	.LFB2:
  70               	.LM11:
  71               	/* prologue: function */
  72               	/* frame size = 0 */
  73               	.LM12:
  74 0024 83EA      		ldi r24,lo8(-93)
  75 0026 8FBD      		out 79-32,r24
  76               	.LM13:
  77 0028 8CE0      		ldi r24,lo8(12)
  78 002a 8EBD      		out 78-32,r24
  79               	.LM14:
  80 002c 80E0      		ldi r24,lo8(0)
  81 002e 0E94 0000 		call f_PWM1Disable
  82               	.LM15:
  83 0032 81E0      		ldi r24,lo8(1)
  84 0034 0E94 0000 		call f_PWM1Disable
  85               	/* epilogue start */
  86               	.LM16:
  87 0038 0895      		ret
  88               	.LFE2:
  89               		.size	f_InitPWM1, .-f_InitPWM1
  90               	.global	f_PWM1Set
  91               		.type	f_PWM1Set, @function
  92               	f_PWM1Set:
  93               	.LFB5:
  94               	.LM17:
  95               	.LVL2:
  96               	/* prologue: function */
  97               	/* frame size = 0 */
  98               	.LM18:
  99 003a 8823      		tst r24
 100 003c 01F0      		breq .L20
 101               	.LM19:
 102 003e 8130      		cpi r24,lo8(1)
 103 0040 01F0      		breq .L21
 104 0042 0895      		ret
 105               	.L20:
 106               	.LM20:
 107 0044 1BBC      		out 75-32,__zero_reg__
 108               	.LM21:
 109 0046 6ABD      		out 74-32,r22
 110 0048 0895      		ret
 111               	.L21:
 112               	.LM22:
 113 004a 19BC      		out 73-32,__zero_reg__
 114               	.LM23:
GAS LISTING C:\users\mohammadreza\Temp/cc792Pks.s 			page 3


 115 004c 68BD      		out 72-32,r22
 116 004e 0895      		ret
 117               	.LFE5:
 118               		.size	f_PWM1Set, .-f_PWM1Set
 119               		.section	.debug_frame,"",@progbits
 120               	.Lframe0:
 121 0000 0C00 0000 		.long	.LECIE0-.LSCIE0
 122               	.LSCIE0:
 123 0004 FFFF FFFF 		.long	0xffffffff
 124 0008 01        		.byte	0x1
 125 0009 00        		.string	""
 126 000a 01        		.uleb128 0x1
 127 000b 7F        		.sleb128 -1
 128 000c 24        		.byte	0x24
 129 000d 0C        		.byte	0xc
 130 000e 20        		.uleb128 0x20
 131 000f 00        		.uleb128 0x0
 132               		.p2align	2
 133               	.LECIE0:
 134               	.LSFDE0:
 135 0010 0C00 0000 		.long	.LEFDE0-.LASFDE0
 136               	.LASFDE0:
 137 0014 0000 0000 		.long	.Lframe0
 138 0018 0000 0000 		.long	.LFB3
 139 001c 1200 0000 		.long	.LFE3-.LFB3
 140               		.p2align	2
 141               	.LEFDE0:
 142               	.LSFDE2:
 143 0020 0C00 0000 		.long	.LEFDE2-.LASFDE2
 144               	.LASFDE2:
 145 0024 0000 0000 		.long	.Lframe0
 146 0028 0000 0000 		.long	.LFB4
 147 002c 1200 0000 		.long	.LFE4-.LFB4
 148               		.p2align	2
 149               	.LEFDE2:
 150               	.LSFDE4:
 151 0030 0C00 0000 		.long	.LEFDE4-.LASFDE4
 152               	.LASFDE4:
 153 0034 0000 0000 		.long	.Lframe0
 154 0038 0000 0000 		.long	.LFB2
 155 003c 1600 0000 		.long	.LFE2-.LFB2
 156               		.p2align	2
 157               	.LEFDE4:
 158               	.LSFDE6:
 159 0040 0C00 0000 		.long	.LEFDE6-.LASFDE6
 160               	.LASFDE6:
 161 0044 0000 0000 		.long	.Lframe0
 162 0048 0000 0000 		.long	.LFB5
 163 004c 1600 0000 		.long	.LFE5-.LFB5
 164               		.p2align	2
 165               	.LEFDE6:
 166               		.text
 167               	.Letext0:
 168               		.section	.debug_info
 169 0000 0901 0000 		.long	0x109
 170 0004 0200      		.word	0x2
 171 0006 0000 0000 		.long	.Ldebug_abbrev0
GAS LISTING C:\users\mohammadreza\Temp/cc792Pks.s 			page 4


 172 000a 04        		.byte	0x4
 173 000b 01        		.uleb128 0x1
 174 000c 0000 0000 		.long	.LASF14
 175 0010 01        		.byte	0x1
 176 0011 0000 0000 		.long	.LASF15
 177 0015 0000 0000 		.long	.LASF16
 178 0019 0000 0000 		.long	.Ltext0
 179 001d 0000 0000 		.long	.Letext0
 180 0021 0000 0000 		.long	.Ldebug_line0
 181 0025 02        		.uleb128 0x2
 182 0026 01        		.byte	0x1
 183 0027 06        		.byte	0x6
 184 0028 0000 0000 		.long	.LASF0
 185 002c 02        		.uleb128 0x2
 186 002d 01        		.byte	0x1
 187 002e 08        		.byte	0x8
 188 002f 0000 0000 		.long	.LASF1
 189 0033 03        		.uleb128 0x3
 190 0034 02        		.byte	0x2
 191 0035 05        		.byte	0x5
 192 0036 696E 7400 		.string	"int"
 193 003a 02        		.uleb128 0x2
 194 003b 02        		.byte	0x2
 195 003c 07        		.byte	0x7
 196 003d 0000 0000 		.long	.LASF2
 197 0041 02        		.uleb128 0x2
 198 0042 04        		.byte	0x4
 199 0043 05        		.byte	0x5
 200 0044 0000 0000 		.long	.LASF3
 201 0048 02        		.uleb128 0x2
 202 0049 04        		.byte	0x4
 203 004a 07        		.byte	0x7
 204 004b 0000 0000 		.long	.LASF4
 205 004f 02        		.uleb128 0x2
 206 0050 08        		.byte	0x8
 207 0051 05        		.byte	0x5
 208 0052 0000 0000 		.long	.LASF5
 209 0056 02        		.uleb128 0x2
 210 0057 08        		.byte	0x8
 211 0058 07        		.byte	0x7
 212 0059 0000 0000 		.long	.LASF6
 213 005d 02        		.uleb128 0x2
 214 005e 01        		.byte	0x1
 215 005f 06        		.byte	0x6
 216 0060 0000 0000 		.long	.LASF7
 217 0064 02        		.uleb128 0x2
 218 0065 02        		.byte	0x2
 219 0066 07        		.byte	0x7
 220 0067 0000 0000 		.long	.LASF8
 221 006b 02        		.uleb128 0x2
 222 006c 02        		.byte	0x2
 223 006d 05        		.byte	0x5
 224 006e 0000 0000 		.long	.LASF9
 225 0072 04        		.uleb128 0x4
 226 0073 0000 0000 		.long	.LASF17
 227 0077 02        		.byte	0x2
 228 0078 0D        		.byte	0xd
GAS LISTING C:\users\mohammadreza\Temp/cc792Pks.s 			page 5


 229 0079 2C00 0000 		.long	0x2c
 230 007d 05        		.uleb128 0x5
 231 007e 01        		.byte	0x1
 232 007f 0000 0000 		.long	.LASF10
 233 0083 01        		.byte	0x1
 234 0084 39        		.byte	0x39
 235 0085 01        		.byte	0x1
 236 0086 0000 0000 		.long	.LFB3
 237 008a 0000 0000 		.long	.LFE3
 238 008e 02        		.byte	0x2
 239 008f 90        		.byte	0x90
 240 0090 20        		.uleb128 0x20
 241 0091 A300 0000 		.long	0xa3
 242 0095 06        		.uleb128 0x6
 243 0096 0000 0000 		.long	.LASF12
 244 009a 01        		.byte	0x1
 245 009b 38        		.byte	0x38
 246 009c 7200 0000 		.long	0x72
 247 00a0 01        		.byte	0x1
 248 00a1 68        		.byte	0x68
 249 00a2 00        		.byte	0x0
 250 00a3 05        		.uleb128 0x5
 251 00a4 01        		.byte	0x1
 252 00a5 0000 0000 		.long	.LASF11
 253 00a9 01        		.byte	0x1
 254 00aa 4A        		.byte	0x4a
 255 00ab 01        		.byte	0x1
 256 00ac 0000 0000 		.long	.LFB4
 257 00b0 0000 0000 		.long	.LFE4
 258 00b4 02        		.byte	0x2
 259 00b5 90        		.byte	0x90
 260 00b6 20        		.uleb128 0x20
 261 00b7 C900 0000 		.long	0xc9
 262 00bb 06        		.uleb128 0x6
 263 00bc 0000 0000 		.long	.LASF12
 264 00c0 01        		.byte	0x1
 265 00c1 49        		.byte	0x49
 266 00c2 7200 0000 		.long	0x72
 267 00c6 01        		.byte	0x1
 268 00c7 68        		.byte	0x68
 269 00c8 00        		.byte	0x0
 270 00c9 07        		.uleb128 0x7
 271 00ca 01        		.byte	0x1
 272 00cb 0000 0000 		.long	.LASF18
 273 00cf 01        		.byte	0x1
 274 00d0 2C        		.byte	0x2c
 275 00d1 01        		.byte	0x1
 276 00d2 0000 0000 		.long	.LFB2
 277 00d6 0000 0000 		.long	.LFE2
 278 00da 02        		.byte	0x2
 279 00db 90        		.byte	0x90
 280 00dc 20        		.uleb128 0x20
 281 00dd 08        		.uleb128 0x8
 282 00de 01        		.byte	0x1
 283 00df 0000 0000 		.long	.LASF19
 284 00e3 01        		.byte	0x1
 285 00e4 5C        		.byte	0x5c
GAS LISTING C:\users\mohammadreza\Temp/cc792Pks.s 			page 6


 286 00e5 01        		.byte	0x1
 287 00e6 0000 0000 		.long	.LFB5
 288 00ea 0000 0000 		.long	.LFE5
 289 00ee 02        		.byte	0x2
 290 00ef 90        		.byte	0x90
 291 00f0 20        		.uleb128 0x20
 292 00f1 06        		.uleb128 0x6
 293 00f2 0000 0000 		.long	.LASF12
 294 00f6 01        		.byte	0x1
 295 00f7 5B        		.byte	0x5b
 296 00f8 7200 0000 		.long	0x72
 297 00fc 01        		.byte	0x1
 298 00fd 68        		.byte	0x68
 299 00fe 06        		.uleb128 0x6
 300 00ff 0000 0000 		.long	.LASF13
 301 0103 01        		.byte	0x1
 302 0104 5B        		.byte	0x5b
 303 0105 7200 0000 		.long	0x72
 304 0109 01        		.byte	0x1
 305 010a 66        		.byte	0x66
 306 010b 00        		.byte	0x0
 307 010c 00        		.byte	0x0
 308               		.section	.debug_abbrev
 309 0000 01        		.uleb128 0x1
 310 0001 11        		.uleb128 0x11
 311 0002 01        		.byte	0x1
 312 0003 25        		.uleb128 0x25
 313 0004 0E        		.uleb128 0xe
 314 0005 13        		.uleb128 0x13
 315 0006 0B        		.uleb128 0xb
 316 0007 03        		.uleb128 0x3
 317 0008 0E        		.uleb128 0xe
 318 0009 1B        		.uleb128 0x1b
 319 000a 0E        		.uleb128 0xe
 320 000b 11        		.uleb128 0x11
 321 000c 01        		.uleb128 0x1
 322 000d 12        		.uleb128 0x12
 323 000e 01        		.uleb128 0x1
 324 000f 10        		.uleb128 0x10
 325 0010 06        		.uleb128 0x6
 326 0011 00        		.byte	0x0
 327 0012 00        		.byte	0x0
 328 0013 02        		.uleb128 0x2
 329 0014 24        		.uleb128 0x24
 330 0015 00        		.byte	0x0
 331 0016 0B        		.uleb128 0xb
 332 0017 0B        		.uleb128 0xb
 333 0018 3E        		.uleb128 0x3e
 334 0019 0B        		.uleb128 0xb
 335 001a 03        		.uleb128 0x3
 336 001b 0E        		.uleb128 0xe
 337 001c 00        		.byte	0x0
 338 001d 00        		.byte	0x0
 339 001e 03        		.uleb128 0x3
 340 001f 24        		.uleb128 0x24
 341 0020 00        		.byte	0x0
 342 0021 0B        		.uleb128 0xb
GAS LISTING C:\users\mohammadreza\Temp/cc792Pks.s 			page 7


 343 0022 0B        		.uleb128 0xb
 344 0023 3E        		.uleb128 0x3e
 345 0024 0B        		.uleb128 0xb
 346 0025 03        		.uleb128 0x3
 347 0026 08        		.uleb128 0x8
 348 0027 00        		.byte	0x0
 349 0028 00        		.byte	0x0
 350 0029 04        		.uleb128 0x4
 351 002a 16        		.uleb128 0x16
 352 002b 00        		.byte	0x0
 353 002c 03        		.uleb128 0x3
 354 002d 0E        		.uleb128 0xe
 355 002e 3A        		.uleb128 0x3a
 356 002f 0B        		.uleb128 0xb
 357 0030 3B        		.uleb128 0x3b
 358 0031 0B        		.uleb128 0xb
 359 0032 49        		.uleb128 0x49
 360 0033 13        		.uleb128 0x13
 361 0034 00        		.byte	0x0
 362 0035 00        		.byte	0x0
 363 0036 05        		.uleb128 0x5
 364 0037 2E        		.uleb128 0x2e
 365 0038 01        		.byte	0x1
 366 0039 3F        		.uleb128 0x3f
 367 003a 0C        		.uleb128 0xc
 368 003b 03        		.uleb128 0x3
 369 003c 0E        		.uleb128 0xe
 370 003d 3A        		.uleb128 0x3a
 371 003e 0B        		.uleb128 0xb
 372 003f 3B        		.uleb128 0x3b
 373 0040 0B        		.uleb128 0xb
 374 0041 27        		.uleb128 0x27
 375 0042 0C        		.uleb128 0xc
 376 0043 11        		.uleb128 0x11
 377 0044 01        		.uleb128 0x1
 378 0045 12        		.uleb128 0x12
 379 0046 01        		.uleb128 0x1
 380 0047 40        		.uleb128 0x40
 381 0048 0A        		.uleb128 0xa
 382 0049 01        		.uleb128 0x1
 383 004a 13        		.uleb128 0x13
 384 004b 00        		.byte	0x0
 385 004c 00        		.byte	0x0
 386 004d 06        		.uleb128 0x6
 387 004e 05        		.uleb128 0x5
 388 004f 00        		.byte	0x0
 389 0050 03        		.uleb128 0x3
 390 0051 0E        		.uleb128 0xe
 391 0052 3A        		.uleb128 0x3a
 392 0053 0B        		.uleb128 0xb
 393 0054 3B        		.uleb128 0x3b
 394 0055 0B        		.uleb128 0xb
 395 0056 49        		.uleb128 0x49
 396 0057 13        		.uleb128 0x13
 397 0058 02        		.uleb128 0x2
 398 0059 0A        		.uleb128 0xa
 399 005a 00        		.byte	0x0
GAS LISTING C:\users\mohammadreza\Temp/cc792Pks.s 			page 8


 400 005b 00        		.byte	0x0
 401 005c 07        		.uleb128 0x7
 402 005d 2E        		.uleb128 0x2e
 403 005e 00        		.byte	0x0
 404 005f 3F        		.uleb128 0x3f
 405 0060 0C        		.uleb128 0xc
 406 0061 03        		.uleb128 0x3
 407 0062 0E        		.uleb128 0xe
 408 0063 3A        		.uleb128 0x3a
 409 0064 0B        		.uleb128 0xb
 410 0065 3B        		.uleb128 0x3b
 411 0066 0B        		.uleb128 0xb
 412 0067 27        		.uleb128 0x27
 413 0068 0C        		.uleb128 0xc
 414 0069 11        		.uleb128 0x11
 415 006a 01        		.uleb128 0x1
 416 006b 12        		.uleb128 0x12
 417 006c 01        		.uleb128 0x1
 418 006d 40        		.uleb128 0x40
 419 006e 0A        		.uleb128 0xa
 420 006f 00        		.byte	0x0
 421 0070 00        		.byte	0x0
 422 0071 08        		.uleb128 0x8
 423 0072 2E        		.uleb128 0x2e
 424 0073 01        		.byte	0x1
 425 0074 3F        		.uleb128 0x3f
 426 0075 0C        		.uleb128 0xc
 427 0076 03        		.uleb128 0x3
 428 0077 0E        		.uleb128 0xe
 429 0078 3A        		.uleb128 0x3a
 430 0079 0B        		.uleb128 0xb
 431 007a 3B        		.uleb128 0x3b
 432 007b 0B        		.uleb128 0xb
 433 007c 27        		.uleb128 0x27
 434 007d 0C        		.uleb128 0xc
 435 007e 11        		.uleb128 0x11
 436 007f 01        		.uleb128 0x1
 437 0080 12        		.uleb128 0x12
 438 0081 01        		.uleb128 0x1
 439 0082 40        		.uleb128 0x40
 440 0083 0A        		.uleb128 0xa
 441 0084 00        		.byte	0x0
 442 0085 00        		.byte	0x0
 443 0086 00        		.byte	0x0
 444               		.section	.debug_pubnames,"",@progbits
 445 0000 4E00 0000 		.long	0x4e
 446 0004 0200      		.word	0x2
 447 0006 0000 0000 		.long	.Ldebug_info0
 448 000a 0D01 0000 		.long	0x10d
 449 000e 7D00 0000 		.long	0x7d
 450 0012 665F 5057 		.string	"f_PWM1Enable"
 450      4D31 456E 
 450      6162 6C65 
 450      00
 451 001f A300 0000 		.long	0xa3
 452 0023 665F 5057 		.string	"f_PWM1Disable"
 452      4D31 4469 
GAS LISTING C:\users\mohammadreza\Temp/cc792Pks.s 			page 9


 452      7361 626C 
 452      6500 
 453 0031 C900 0000 		.long	0xc9
 454 0035 665F 496E 		.string	"f_InitPWM1"
 454      6974 5057 
 454      4D31 00
 455 0040 DD00 0000 		.long	0xdd
 456 0044 665F 5057 		.string	"f_PWM1Set"
 456      4D31 5365 
 456      7400 
 457 004e 0000 0000 		.long	0x0
 458               		.section	.debug_aranges,"",@progbits
 459 0000 1C00 0000 		.long	0x1c
 460 0004 0200      		.word	0x2
 461 0006 0000 0000 		.long	.Ldebug_info0
 462 000a 04        		.byte	0x4
 463 000b 00        		.byte	0x0
 464 000c 0000      		.word	0x0
 465 000e 0000      		.word	0x0
 466 0010 0000 0000 		.long	.Ltext0
 467 0014 5000 0000 		.long	.Letext0-.Ltext0
 468 0018 0000 0000 		.long	0x0
 469 001c 0000 0000 		.long	0x0
 470               		.section	.debug_line
 471 0000 2501 0000 		.long	.LELT0-.LSLT0
 472               	.LSLT0:
 473 0004 0200      		.word	0x2
 474 0006 5B00 0000 		.long	.LELTP0-.LASLTP0
 475               	.LASLTP0:
 476 000a 01        		.byte	0x1
 477 000b 01        		.byte	0x1
 478 000c F6        		.byte	0xf6
 479 000d F5        		.byte	0xf5
 480 000e 0A        		.byte	0xa
 481 000f 00        		.byte	0x0
 482 0010 01        		.byte	0x1
 483 0011 01        		.byte	0x1
 484 0012 01        		.byte	0x1
 485 0013 01        		.byte	0x1
 486 0014 00        		.byte	0x0
 487 0015 00        		.byte	0x0
 488 0016 00        		.byte	0x0
 489 0017 01        		.byte	0x1
 490 0018 7372 632F 		.ascii	"src/periphint"
 490      7065 7269 
 490      7068 696E 
 490      74
 491 0025 00        		.byte	0
 492 0026 7372 632F 		.ascii	"src/periphint/../includes"
 492      7065 7269 
 492      7068 696E 
 492      742F 2E2E 
 492      2F69 6E63 
 493 003f 00        		.byte	0
 494 0040 00        		.byte	0x0
 495 0041 5469 6D65 		.string	"Timer1.c"
 495      7231 2E63 
GAS LISTING C:\users\mohammadreza\Temp/cc792Pks.s 			page 10


 495      00
 496 004a 01        		.uleb128 0x1
 497 004b 00        		.uleb128 0x0
 498 004c 00        		.uleb128 0x0
 499 004d 2E2E 2F69 		.string	"../includes/types.h"
 499      6E63 6C75 
 499      6465 732F 
 499      7479 7065 
 499      732E 6800 
 500 0061 01        		.uleb128 0x1
 501 0062 00        		.uleb128 0x0
 502 0063 00        		.uleb128 0x0
 503 0064 00        		.byte	0x0
 504               	.LELTP0:
 505 0065 00        		.byte	0x0
 506 0066 05        		.uleb128 0x5
 507 0067 02        		.byte	0x2
 508 0068 0000 0000 		.long	.LM1
 509 006c 4C        		.byte	0x4c
 510 006d 00        		.byte	0x0
 511 006e 05        		.uleb128 0x5
 512 006f 02        		.byte	0x2
 513 0070 0000 0000 		.long	.LM2
 514 0074 16        		.byte	0x16
 515 0075 00        		.byte	0x0
 516 0076 05        		.uleb128 0x5
 517 0077 02        		.byte	0x2
 518 0078 0000 0000 		.long	.LM3
 519 007c 18        		.byte	0x18
 520 007d 00        		.byte	0x0
 521 007e 05        		.uleb128 0x5
 522 007f 02        		.byte	0x2
 523 0080 0000 0000 		.long	.LM4
 524 0084 12        		.byte	0x12
 525 0085 00        		.byte	0x0
 526 0086 05        		.uleb128 0x5
 527 0087 02        		.byte	0x2
 528 0088 0000 0000 		.long	.LM5
 529 008c 18        		.byte	0x18
 530 008d 00        		.byte	0x0
 531 008e 05        		.uleb128 0x5
 532 008f 02        		.byte	0x2
 533 0090 0000 0000 		.long	.LM6
 534 0094 1D        		.byte	0x1d
 535 0095 00        		.byte	0x0
 536 0096 05        		.uleb128 0x5
 537 0097 02        		.byte	0x2
 538 0098 0000 0000 		.long	.LM7
 539 009c 16        		.byte	0x16
 540 009d 00        		.byte	0x0
 541 009e 05        		.uleb128 0x5
 542 009f 02        		.byte	0x2
 543 00a0 0000 0000 		.long	.LM8
 544 00a4 18        		.byte	0x18
 545 00a5 00        		.byte	0x0
 546 00a6 05        		.uleb128 0x5
 547 00a7 02        		.byte	0x2
GAS LISTING C:\users\mohammadreza\Temp/cc792Pks.s 			page 11


 548 00a8 0000 0000 		.long	.LM9
 549 00ac 12        		.byte	0x12
 550 00ad 00        		.byte	0x0
 551 00ae 05        		.uleb128 0x5
 552 00af 02        		.byte	0x2
 553 00b0 0000 0000 		.long	.LM10
 554 00b4 18        		.byte	0x18
 555 00b5 00        		.byte	0x0
 556 00b6 05        		.uleb128 0x5
 557 00b7 02        		.byte	0x2
 558 00b8 0000 0000 		.long	.LM11
 559 00bc 03        		.byte	0x3
 560 00bd 5A        		.sleb128 -38
 561 00be 01        		.byte	0x1
 562 00bf 00        		.byte	0x0
 563 00c0 05        		.uleb128 0x5
 564 00c1 02        		.byte	0x2
 565 00c2 0000 0000 		.long	.LM12
 566 00c6 17        		.byte	0x17
 567 00c7 00        		.byte	0x0
 568 00c8 05        		.uleb128 0x5
 569 00c9 02        		.byte	0x2
 570 00ca 0000 0000 		.long	.LM13
 571 00ce 15        		.byte	0x15
 572 00cf 00        		.byte	0x0
 573 00d0 05        		.uleb128 0x5
 574 00d1 02        		.byte	0x2
 575 00d2 0000 0000 		.long	.LM14
 576 00d6 17        		.byte	0x17
 577 00d7 00        		.byte	0x0
 578 00d8 05        		.uleb128 0x5
 579 00d9 02        		.byte	0x2
 580 00da 0000 0000 		.long	.LM15
 581 00de 15        		.byte	0x15
 582 00df 00        		.byte	0x0
 583 00e0 05        		.uleb128 0x5
 584 00e1 02        		.byte	0x2
 585 00e2 0000 0000 		.long	.LM16
 586 00e6 16        		.byte	0x16
 587 00e7 00        		.byte	0x0
 588 00e8 05        		.uleb128 0x5
 589 00e9 02        		.byte	0x2
 590 00ea 0000 0000 		.long	.LM17
 591 00ee 3A        		.byte	0x3a
 592 00ef 00        		.byte	0x0
 593 00f0 05        		.uleb128 0x5
 594 00f1 02        		.byte	0x2
 595 00f2 0000 0000 		.long	.LM18
 596 00f6 15        		.byte	0x15
 597 00f7 00        		.byte	0x0
 598 00f8 05        		.uleb128 0x5
 599 00f9 02        		.byte	0x2
 600 00fa 0000 0000 		.long	.LM19
 601 00fe 19        		.byte	0x19
 602 00ff 00        		.byte	0x0
 603 0100 05        		.uleb128 0x5
 604 0101 02        		.byte	0x2
GAS LISTING C:\users\mohammadreza\Temp/cc792Pks.s 			page 12


 605 0102 0000 0000 		.long	.LM20
 606 0106 11        		.byte	0x11
 607 0107 00        		.byte	0x0
 608 0108 05        		.uleb128 0x5
 609 0109 02        		.byte	0x2
 610 010a 0000 0000 		.long	.LM21
 611 010e 15        		.byte	0x15
 612 010f 00        		.byte	0x0
 613 0110 05        		.uleb128 0x5
 614 0111 02        		.byte	0x2
 615 0112 0000 0000 		.long	.LM22
 616 0116 18        		.byte	0x18
 617 0117 00        		.byte	0x0
 618 0118 05        		.uleb128 0x5
 619 0119 02        		.byte	0x2
 620 011a 0000 0000 		.long	.LM23
 621 011e 15        		.byte	0x15
 622 011f 00        		.byte	0x0
 623 0120 05        		.uleb128 0x5
 624 0121 02        		.byte	0x2
 625 0122 0000 0000 		.long	.Letext0
 626 0126 00        		.byte	0x0
 627 0127 01        		.uleb128 0x1
 628 0128 01        		.byte	0x1
 629               	.LELT0:
 630 0129 1600 0000 		.section	.debug_str,"MS",@progbits,1
 630      0200 1000 
 630      0000 0101 
 630      FB0E 0A00 
 630      0101 0101 
 631               	.LASF19:
 632 0000 665F 5057 		.string	"f_PWM1Set"
 632      4D31 5365 
 632      7400 
 633               	.LASF15:
 634 000a 7372 632F 		.string	"src/periphint/Timer1.c"
 634      7065 7269 
 634      7068 696E 
 634      742F 5469 
 634      6D65 7231 
 635               	.LASF11:
 636 0021 665F 5057 		.string	"f_PWM1Disable"
 636      4D31 4469 
 636      7361 626C 
 636      6500 
 637               	.LASF1:
 638 002f 756E 7369 		.string	"unsigned char"
 638      676E 6564 
 638      2063 6861 
 638      7200 
 639               	.LASF16:
 640 003d 5A3A 5C68 		.string	"Z:\\home\\mohammadreza\\temo\\Simple-AVR-OS-plus-some-improvement-"
 640      6F6D 655C 
 640      6D6F 6861 
 640      6D6D 6164 
 640      7265 7A61 
 641               	.LASF12:
GAS LISTING C:\users\mohammadreza\Temp/cc792Pks.s 			page 13


 642 007c 765F 6368 		.string	"v_channel"
 642      616E 6E65 
 642      6C00 
 643               	.LASF4:
 644 0086 6C6F 6E67 		.string	"long unsigned int"
 644      2075 6E73 
 644      6967 6E65 
 644      6420 696E 
 644      7400 
 645               	.LASF8:
 646 0098 7368 6F72 		.string	"short unsigned int"
 646      7420 756E 
 646      7369 676E 
 646      6564 2069 
 646      6E74 00
 647               	.LASF14:
 648 00ab 474E 5520 		.string	"GNU C 4.3.3"
 648      4320 342E 
 648      332E 3300 
 649               	.LASF2:
 650 00b7 756E 7369 		.string	"unsigned int"
 650      676E 6564 
 650      2069 6E74 
 650      00
 651               	.LASF17:
 652 00c4 494E 5438 		.string	"INT8U"
 652      5500 
 653               	.LASF6:
 654 00ca 6C6F 6E67 		.string	"long long unsigned int"
 654      206C 6F6E 
 654      6720 756E 
 654      7369 676E 
 654      6564 2069 
 655               	.LASF18:
 656 00e1 665F 496E 		.string	"f_InitPWM1"
 656      6974 5057 
 656      4D31 00
 657               	.LASF5:
 658 00ec 6C6F 6E67 		.string	"long long int"
 658      206C 6F6E 
 658      6720 696E 
 658      7400 
 659               	.LASF7:
 660 00fa 6368 6172 		.string	"char"
 660      00
 661               	.LASF9:
 662 00ff 7368 6F72 		.string	"short int"
 662      7420 696E 
 662      7400 
 663               	.LASF3:
 664 0109 6C6F 6E67 		.string	"long int"
 664      2069 6E74 
 664      00
 665               	.LASF13:
 666 0112 765F 7365 		.string	"v_setpoint"
 666      7470 6F69 
 666      6E74 00
GAS LISTING C:\users\mohammadreza\Temp/cc792Pks.s 			page 14


 667               	.LASF10:
 668 011d 665F 5057 		.string	"f_PWM1Enable"
 668      4D31 456E 
 668      6162 6C65 
 668      00
 669               	.LASF0:
 670 012a 7369 676E 		.string	"signed char"
 670      6564 2063 
 670      6861 7200 
GAS LISTING C:\users\mohammadreza\Temp/cc792Pks.s 			page 15


DEFINED SYMBOLS
                            *ABS*:00000000 Timer1.c
C:\users\mohammadreza\Temp/cc792Pks.s:2      *ABS*:0000003f __SREG__
C:\users\mohammadreza\Temp/cc792Pks.s:3      *ABS*:0000003e __SP_H__
C:\users\mohammadreza\Temp/cc792Pks.s:4      *ABS*:0000003d __SP_L__
C:\users\mohammadreza\Temp/cc792Pks.s:5      *ABS*:00000034 __CCP__
C:\users\mohammadreza\Temp/cc792Pks.s:6      *ABS*:00000000 __tmp_reg__
C:\users\mohammadreza\Temp/cc792Pks.s:7      *ABS*:00000001 __zero_reg__
C:\users\mohammadreza\Temp/cc792Pks.s:18     .text:00000000 f_PWM1Enable
C:\users\mohammadreza\Temp/cc792Pks.s:43     .text:00000012 f_PWM1Disable
C:\users\mohammadreza\Temp/cc792Pks.s:68     .text:00000024 f_InitPWM1
C:\users\mohammadreza\Temp/cc792Pks.s:92     .text:0000003a f_PWM1Set

NO UNDEFINED SYMBOLS
